2057509 2057509 crimson-osd       0	pid 2057509's current affinity list: 0
2057509 2057515 reactor-1         1	pid 2057515's current affinity list: 1
2057509 2057516 reactor-2         2	pid 2057516's current affinity list: 2
2057509 2057517 reactor-3         3	pid 2057517's current affinity list: 3
2057509 2057518 reactor-4         4	pid 2057518's current affinity list: 4
2057509 2057519 reactor-5         5	pid 2057519's current affinity list: 5
2057509 2057520 reactor-6         6	pid 2057520's current affinity list: 6
2057509 2057521 reactor-7         7	pid 2057521's current affinity list: 7
2057509 2057522 reactor-8         8	pid 2057522's current affinity list: 8
2057509 2057523 reactor-9         9	pid 2057523's current affinity list: 9
2057509 2057524 reactor-10       10	pid 2057524's current affinity list: 10
2057509 2057525 reactor-11       11	pid 2057525's current affinity list: 11
2057509 2057526 reactor-12       12	pid 2057526's current affinity list: 12
2057509 2057527 reactor-13       13	pid 2057527's current affinity list: 13
2057509 2057528 reactor-14       14	pid 2057528's current affinity list: 14
2057509 2057529 reactor-15       15	pid 2057529's current affinity list: 15
2057509 2057530 reactor-16       16	pid 2057530's current affinity list: 16
2057509 2057531 reactor-17       17	pid 2057531's current affinity list: 17
2057509 2057532 reactor-18       18	pid 2057532's current affinity list: 18
2057509 2057533 reactor-19       19	pid 2057533's current affinity list: 19
2057509 2057534 reactor-20       20	pid 2057534's current affinity list: 20
2057509 2057535 reactor-21       21	pid 2057535's current affinity list: 21
2057509 2057536 reactor-22       22	pid 2057536's current affinity list: 22
2057509 2057537 reactor-23       23	pid 2057537's current affinity list: 23
2057509 2057538 reactor-24       24	pid 2057538's current affinity list: 24
2057509 2057539 reactor-25       25	pid 2057539's current affinity list: 25
2057509 2057540 reactor-26       26	pid 2057540's current affinity list: 26
2057509 2057541 reactor-27       27	pid 2057541's current affinity list: 27
2057509 2057542 syscall-0         0	pid 2057542's current affinity list: 0
2057509 2057543 syscall-7         7	pid 2057543's current affinity list: 7
2057509 2057544 syscall-4         4	pid 2057544's current affinity list: 4
2057509 2057545 syscall-6         6	pid 2057545's current affinity list: 6
2057509 2057546 syscall-5         5	pid 2057546's current affinity list: 5
2057509 2057547 syscall-9         9	pid 2057547's current affinity list: 9
2057509 2057548 syscall-8         8	pid 2057548's current affinity list: 8
2057509 2057549 syscall-14       14	pid 2057549's current affinity list: 14
2057509 2057550 syscall-11       11	pid 2057550's current affinity list: 11
2057509 2057551 syscall-1         1	pid 2057551's current affinity list: 1
2057509 2057552 syscall-10       10	pid 2057552's current affinity list: 10
2057509 2057553 syscall-18       18	pid 2057553's current affinity list: 18
2057509 2057554 syscall-3         3	pid 2057554's current affinity list: 3
2057509 2057555 syscall-16       16	pid 2057555's current affinity list: 16
2057509 2057556 syscall-12       12	pid 2057556's current affinity list: 12
2057509 2057557 syscall-2         2	pid 2057557's current affinity list: 2
2057509 2057558 syscall-17       17	pid 2057558's current affinity list: 17
2057509 2057559 syscall-21       21	pid 2057559's current affinity list: 21
2057509 2057560 syscall-19       19	pid 2057560's current affinity list: 19
2057509 2057561 syscall-15       15	pid 2057561's current affinity list: 15
2057509 2057562 syscall-13       13	pid 2057562's current affinity list: 13
2057509 2057563 syscall-24       24	pid 2057563's current affinity list: 24
2057509 2057564 syscall-20       20	pid 2057564's current affinity list: 20
2057509 2057565 syscall-27       27	pid 2057565's current affinity list: 27
2057509 2057566 syscall-23       23	pid 2057566's current affinity list: 23
2057509 2057567 syscall-22       22	pid 2057567's current affinity list: 22
2057509 2057568 syscall-25       25	pid 2057568's current affinity list: 25
2057509 2057569 syscall-26       26	pid 2057569's current affinity list: 26
2057509 2057570 crimson-osd       0	pid 2057570's current affinity list: 0
2057509 2057571 reactor-10       10	pid 2057571's current affinity list: 10
2057509 2057572 reactor-3         3	pid 2057572's current affinity list: 3
2057509 2057573 reactor-6         6	pid 2057573's current affinity list: 6
2057509 2057574 reactor-7         7	pid 2057574's current affinity list: 7
2057509 2057575 reactor-26       26	pid 2057575's current affinity list: 26
2057509 2057576 reactor-14       14	pid 2057576's current affinity list: 14
2057509 2057577 reactor-15       15	pid 2057577's current affinity list: 15
2057509 2057578 reactor-19       19	pid 2057578's current affinity list: 19
2057509 2057579 reactor-18       18	pid 2057579's current affinity list: 18
2057509 2057580 reactor-1         1	pid 2057580's current affinity list: 1
2057509 2057581 reactor-17       17	pid 2057581's current affinity list: 17
2057509 2057582 reactor-23       23	pid 2057582's current affinity list: 23
2057509 2057583 reactor-25       25	pid 2057583's current affinity list: 25
2057509 2057584 reactor-12       12	pid 2057584's current affinity list: 12
2057509 2057585 reactor-11       11	pid 2057585's current affinity list: 11
2057509 2057586 reactor-13       13	pid 2057586's current affinity list: 13
2057509 2057587 reactor-16       16	pid 2057587's current affinity list: 16
2057509 2057588 reactor-21       21	pid 2057588's current affinity list: 21
2057509 2057589 reactor-20       20	pid 2057589's current affinity list: 20
2057509 2057590 reactor-5         5	pid 2057590's current affinity list: 5
2057509 2057591 reactor-4         4	pid 2057591's current affinity list: 4
2057509 2057592 reactor-22       22	pid 2057592's current affinity list: 22
2057509 2057593 reactor-24       24	pid 2057593's current affinity list: 24
2057509 2057594 reactor-27       27	pid 2057594's current affinity list: 27
2057509 2057595 reactor-2         2	pid 2057595's current affinity list: 2
2057509 2057596 reactor-8         8	pid 2057596's current affinity list: 8
2057509 2057597 reactor-9         9	pid 2057597's current affinity list: 9
2057509 2057509 crimson-osd       0	pid 2057509's current affinity list: 0
2057509 2057515 reactor-1         1	pid 2057515's current affinity list: 1
2057509 2057516 reactor-2         2	pid 2057516's current affinity list: 2
2057509 2057517 reactor-3         3	pid 2057517's current affinity list: 3
2057509 2057518 reactor-4         4	pid 2057518's current affinity list: 4
2057509 2057519 reactor-5         5	pid 2057519's current affinity list: 5
2057509 2057520 reactor-6         6	pid 2057520's current affinity list: 6
2057509 2057521 reactor-7         7	pid 2057521's current affinity list: 7
2057509 2057522 reactor-8         8	pid 2057522's current affinity list: 8
2057509 2057523 reactor-9         9	pid 2057523's current affinity list: 9
2057509 2057524 reactor-10       10	pid 2057524's current affinity list: 10
2057509 2057525 reactor-11       11	pid 2057525's current affinity list: 11
2057509 2057526 reactor-12       12	pid 2057526's current affinity list: 12
2057509 2057527 reactor-13       13	pid 2057527's current affinity list: 13
2057509 2057528 reactor-14       14	pid 2057528's current affinity list: 14
2057509 2057529 reactor-15       15	pid 2057529's current affinity list: 15
2057509 2057530 reactor-16       16	pid 2057530's current affinity list: 16
2057509 2057531 reactor-17       17	pid 2057531's current affinity list: 17
2057509 2057532 reactor-18       18	pid 2057532's current affinity list: 18
2057509 2057533 reactor-19       19	pid 2057533's current affinity list: 19
2057509 2057534 reactor-20       20	pid 2057534's current affinity list: 20
2057509 2057535 reactor-21       21	pid 2057535's current affinity list: 21
2057509 2057536 reactor-22       22	pid 2057536's current affinity list: 22
2057509 2057537 reactor-23       23	pid 2057537's current affinity list: 23
2057509 2057538 reactor-24       24	pid 2057538's current affinity list: 24
2057509 2057539 reactor-25       25	pid 2057539's current affinity list: 25
2057509 2057540 reactor-26       26	pid 2057540's current affinity list: 26
2057509 2057541 reactor-27       27	pid 2057541's current affinity list: 27
2057509 2057542 syscall-0         0	pid 2057542's current affinity list: 0
2057509 2057543 syscall-7         7	pid 2057543's current affinity list: 7
2057509 2057544 syscall-4         4	pid 2057544's current affinity list: 4
2057509 2057545 syscall-6         6	pid 2057545's current affinity list: 6
2057509 2057546 syscall-5         5	pid 2057546's current affinity list: 5
2057509 2057547 syscall-9         9	pid 2057547's current affinity list: 9
2057509 2057548 syscall-8         8	pid 2057548's current affinity list: 8
2057509 2057549 syscall-14       14	pid 2057549's current affinity list: 14
2057509 2057550 syscall-11       11	pid 2057550's current affinity list: 11
2057509 2057551 syscall-1         1	pid 2057551's current affinity list: 1
2057509 2057552 syscall-10       10	pid 2057552's current affinity list: 10
2057509 2057553 syscall-18       18	pid 2057553's current affinity list: 18
2057509 2057554 syscall-3         3	pid 2057554's current affinity list: 3
2057509 2057555 syscall-16       16	pid 2057555's current affinity list: 16
2057509 2057556 syscall-12       12	pid 2057556's current affinity list: 12
2057509 2057557 syscall-2         2	pid 2057557's current affinity list: 2
2057509 2057558 syscall-17       17	pid 2057558's current affinity list: 17
2057509 2057559 syscall-21       21	pid 2057559's current affinity list: 21
2057509 2057560 syscall-19       19	pid 2057560's current affinity list: 19
2057509 2057561 syscall-15       15	pid 2057561's current affinity list: 15
2057509 2057562 syscall-13       13	pid 2057562's current affinity list: 13
2057509 2057563 syscall-24       24	pid 2057563's current affinity list: 24
2057509 2057564 syscall-20       20	pid 2057564's current affinity list: 20
2057509 2057565 syscall-27       27	pid 2057565's current affinity list: 27
2057509 2057566 syscall-23       23	pid 2057566's current affinity list: 23
2057509 2057567 syscall-22       22	pid 2057567's current affinity list: 22
2057509 2057568 syscall-25       25	pid 2057568's current affinity list: 25
2057509 2057569 syscall-26       26	pid 2057569's current affinity list: 26
2057509 2057570 crimson-osd       0	pid 2057570's current affinity list: 0
2057509 2057571 reactor-10       10	pid 2057571's current affinity list: 10
2057509 2057572 reactor-3         3	pid 2057572's current affinity list: 3
2057509 2057573 reactor-6         6	pid 2057573's current affinity list: 6
2057509 2057574 reactor-7         7	pid 2057574's current affinity list: 7
2057509 2057575 reactor-26       26	pid 2057575's current affinity list: 26
2057509 2057576 reactor-14       14	pid 2057576's current affinity list: 14
2057509 2057577 reactor-15       15	pid 2057577's current affinity list: 15
2057509 2057578 reactor-19       19	pid 2057578's current affinity list: 19
2057509 2057579 reactor-18       18	pid 2057579's current affinity list: 18
2057509 2057580 reactor-1         1	pid 2057580's current affinity list: 1
2057509 2057581 reactor-17       17	pid 2057581's current affinity list: 17
2057509 2057582 reactor-23       23	pid 2057582's current affinity list: 23
2057509 2057583 reactor-25       25	pid 2057583's current affinity list: 25
2057509 2057584 reactor-12       12	pid 2057584's current affinity list: 12
2057509 2057585 reactor-11       11	pid 2057585's current affinity list: 11
2057509 2057586 reactor-13       13	pid 2057586's current affinity list: 13
2057509 2057587 reactor-16       16	pid 2057587's current affinity list: 16
2057509 2057588 reactor-21       21	pid 2057588's current affinity list: 21
2057509 2057589 reactor-20       20	pid 2057589's current affinity list: 20
2057509 2057590 reactor-5         5	pid 2057590's current affinity list: 5
2057509 2057591 reactor-4         4	pid 2057591's current affinity list: 4
2057509 2057592 reactor-22       22	pid 2057592's current affinity list: 22
2057509 2057593 reactor-24       24	pid 2057593's current affinity list: 24
2057509 2057594 reactor-27       27	pid 2057594's current affinity list: 27
2057509 2057595 reactor-2         2	pid 2057595's current affinity list: 2
2057509 2057596 reactor-8         8	pid 2057596's current affinity list: 8
2057509 2057597 reactor-9         9	pid 2057597's current affinity list: 9
