['fio_sea_1osd_28reactor_32fio_bal_osd_rc_1job_1io_4k_randread_p0.json', 'fio_sea_1osd_28reactor_32fio_bal_osd_rc_1job_2io_4k_randread_p0.json', 'fio_sea_1osd_28reactor_32fio_bal_osd_rc_1job_4io_4k_randread_p0.json', 'fio_sea_1osd_28reactor_32fio_bal_osd_rc_1job_8io_4k_randread_p0.json', 'fio_sea_1osd_28reactor_32fio_bal_osd_rc_1job_16io_4k_randread_p0.json', 'fio_sea_1osd_28reactor_32fio_bal_osd_rc_1job_24io_4k_randread_p0.json', 'fio_sea_1osd_28reactor_32fio_bal_osd_rc_1job_32io_4k_randread_p0.json', 'fio_sea_1osd_28reactor_32fio_bal_osd_rc_1job_40io_4k_randread_p0.json', 'fio_sea_1osd_28reactor_32fio_bal_osd_rc_1job_52io_4k_randread_p0.json', 'fio_sea_1osd_28reactor_32fio_bal_osd_rc_1job_64io_4k_randread_p0.json']
loading 10 .json files ...
Num jobs: 1
== fio_sea_1osd_28reactor_32fio_bal_osd_rc_1job_1io_4k_randread_p0.json ==
{'clat_ms': 0.453813406907,
 'clat_stdev': 74.712328572391,
 'iodepth': '1',
 'iops': 69601.459883,
 'jobname': 'randread',
 'sys_cpu': 0.853921,
 'timestamp': '1747129599',
 'total_ios': 3470816,
 'usr_cpu': 1.048043}
Num jobs: 1
== fio_sea_1osd_28reactor_32fio_bal_osd_rc_1job_2io_4k_randread_p0.json ==
{'clat_ms': 1.579024247431,
 'clat_stdev': 168.812924605773,
 'iodepth': '2',
 'iops': 40152.736347,
 'jobname': 'randread',
 'sys_cpu': 0.4943,
 'timestamp': '1747129762',
 'total_ios': 1399885,
 'usr_cpu': 0.567119}
Num jobs: 1
== fio_sea_1osd_28reactor_32fio_bal_osd_rc_1job_4io_4k_randread_p0.json ==
{'clat_ms': 5.19529443114,
 'clat_stdev': 368.62625768337705,
 'iodepth': '4',
 'iops': 24441.493633,
 'jobname': 'randread',
 'sys_cpu': 0.278436,
 'timestamp': '1747129942',
 'total_ios': 852226,
 'usr_cpu': 0.341343}
Num jobs: 1
== fio_sea_1osd_28reactor_32fio_bal_osd_rc_1job_8io_4k_randread_p0.json ==
{'clat_ms': 8.524970935518,
 'clat_stdev': 472.16377076833203,
 'iodepth': '8',
 'iops': 29791.137244,
 'jobname': 'randread',
 'sys_cpu': 0.301141,
 'timestamp': '1747130121',
 'total_ios': 1038668,
 'usr_cpu': 0.396917}
Num jobs: 1
== fio_sea_1osd_28reactor_32fio_bal_osd_rc_1job_16io_4k_randread_p0.json ==
{'clat_ms': 17.458955738358,
 'clat_stdev': 771.222440334847,
 'iodepth': '16',
 'iops': 21280.945883,
 'jobname': 'randread',
 'sys_cpu': 0.255981,
 'timestamp': '1747130321',
 'total_ios': 1185221,
 'usr_cpu': 0.337861}
Num jobs: 1
== fio_sea_1osd_28reactor_32fio_bal_osd_rc_1job_24io_4k_randread_p0.json ==
{'clat_ms': 10.942832361374,
 'clat_stdev': 494.88048593404903,
 'iodepth': '24',
 'iops': 69517.647059,
 'jobname': 'randread',
 'sys_cpu': 0.606422,
 'timestamp': '1747130504',
 'total_ios': 2771321,
 'usr_cpu': 0.823153}
Num jobs: 1
== fio_sea_1osd_28reactor_32fio_bal_osd_rc_1job_32io_4k_randread_p0.json ==
{'clat_ms': 6.2315706206799995,
 'clat_stdev': 267.53495227960303,
 'iodepth': '32',
 'iops': 162733.145299,
 'jobname': 'randread',
 'sys_cpu': 1.350394,
 'timestamp': '1747130744',
 'total_ios': 15462578,
 'usr_cpu': 1.955093}
Num jobs: 1
== fio_sea_1osd_28reactor_32fio_bal_osd_rc_1job_40io_4k_randread_p0.json ==
{'clat_ms': 11.248559709685999,
 'clat_stdev': 493.068303527037,
 'iodepth': '40',
 'iops': 112628.714572,
 'jobname': 'randread',
 'sys_cpu': 0.882754,
 'timestamp': '1747130901',
 'total_ios': 7868242,
 'usr_cpu': 1.280819}
Num jobs: 1
== fio_sea_1osd_28reactor_32fio_bal_osd_rc_1job_52io_4k_randread_p0.json ==
{'clat_ms': 46.35716890409,
 'clat_stdev': 1097.899447473102,
 'iodepth': '52',
 'iops': 34984.85761,
 'jobname': 'randread',
 'sys_cpu': 0.283467,
 'timestamp': '1747131059',
 'total_ios': 1219887,
 'usr_cpu': 0.400518}
Num jobs: 1
== fio_sea_1osd_28reactor_32fio_bal_osd_rc_1job_64io_4k_randread_p0.json ==
{'clat_ms': 14.394446326157,
 'clat_stdev': 455.17904964144805,
 'iodepth': '64',
 'iops': 139924.422463,
 'jobname': 'randread',
 'sys_cpu': 1.140821,
 'timestamp': '1747131287',
 'total_ios': 11175064,
 'usr_cpu': 1.667179}
Note: clat_ns has been converted to milliseconds
Note: bw has been converted to MiBs
 avg_cpu list has: 1 items
Table (after aggregating OSD CPU avg data):
{'OSD_cpu': [850.0266666666696, 0.0, 0.0,
             0.0, 0.0, 0.0, 0.0, 0.0,
             0.0, 0.0],
 'OSD_mem': [632.7799999999992, 0.0, 0.0,
             0.0, 0.0, 0.0, 0.0, 0.0,
             0.0, 0.0],
 'clat_ms': [0.453813406907,
             1.579024247431,
             5.19529443114,
             8.524970935518,
             17.458955738358,
             10.942832361374,
             6.2315706206799995,
             11.248559709685999,
             46.35716890409,
             14.394446326157],
 'clat_stdev': [74.712328572391,
                168.812924605773,
                368.62625768337705,
                472.16377076833203,
                771.222440334847,
                494.88048593404903,
                267.53495227960303,
                493.068303527037,
                1097.899447473102,
                455.17904964144805],
 'iodepth': ['1', '2', '4', '8', '16',
             '24', '32', '40', '52',
             '64'],
 'iops': [69601.459883, 40152.736347,
          24441.493633, 29791.137244,
          21280.945883, 69517.647059,
          162733.145299, 112628.714572,
          34984.85761, 139924.422463],
 'sys_cpu': [0.853921, 0.4943, 0.278436,
             0.301141, 0.255981,
             0.606422, 1.350394,
             0.882754, 0.283467,
             1.140821],
 'total_ios': [3470816, 1399885, 852226,
               1038668, 1185221, 2771321,
               15462578, 7868242,
               1219887, 11175064],
 'usr_cpu': [1.048043, 0.567119,
             0.341343, 0.396917,
             0.337861, 0.823153,
             1.955093, 1.280819,
             0.400518, 1.667179]}
 avg_cpu list has: 1 items
Table (after aggregating FIO CPU avg data):
{'FIO_cpu': [247.00000000000225,
             127.0333333333332,
             101.70000000000022,
             109.96000000000036,
             111.47666666666696,
             197.18000000000066,
             854.0233333333163,
             434.9266666666651,
             110.94333333333365,
             632.249999999993],
 'FIO_mem': [42.02000000000484,
             16.500000000001467,
             16.500000000001467,
             16.500000000001467,
             19.486666666668814,
             36.00000000000356,
             322.50000000002336,
             190.72000000002345,
             16.500000000001467,
             265.49999999995424],
 'OSD_cpu': [850.0266666666696, 0.0, 0.0,
             0.0, 0.0, 0.0, 0.0, 0.0,
             0.0, 0.0],
 'OSD_mem': [632.7799999999992, 0.0, 0.0,
             0.0, 0.0, 0.0, 0.0, 0.0,
             0.0, 0.0],
 'clat_ms': [0.453813406907,
             1.579024247431,
             5.19529443114,
             8.524970935518,
             17.458955738358,
             10.942832361374,
             6.2315706206799995,
             11.248559709685999,
             46.35716890409,
             14.394446326157],
 'clat_stdev': [74.712328572391,
                168.812924605773,
                368.62625768337705,
                472.16377076833203,
                771.222440334847,
                494.88048593404903,
                267.53495227960303,
                493.068303527037,
                1097.899447473102,
                455.17904964144805],
 'iodepth': ['1', '2', '4', '8', '16',
             '24', '32', '40', '52',
             '64'],
 'iops': [69601.459883, 40152.736347,
          24441.493633, 29791.137244,
          21280.945883, 69517.647059,
          162733.145299, 112628.714572,
          34984.85761, 139924.422463],
 'sys_cpu': [0.853921, 0.4943, 0.278436,
             0.301141, 0.255981,
             0.606422, 1.350394,
             0.882754, 0.283467,
             1.140821],
 'total_ios': [3470816, 1399885, 852226,
               1038668, 1185221, 2771321,
               15462578, 7868242,
               1219887, 11175064],
 'usr_cpu': [1.048043, 0.567119,
             0.341343, 0.396917,
             0.337861, 0.823153,
             1.955093, 1.280819,
             0.400518, 1.667179]}
 Wiki table: sea_1osd_28reactor_32fio_bal_osd_rc_1procs_randread
{| class="wikitable"
|- 
 ! colspan="11"  | 
        sea_1osd_28reactor_32fio_bal_osd_rc_1procs_randread
|-
! iodepth !! iops !! total_ios !! clat_ms !! clat_stdev !! usr_cpu !! sys_cpu !! OSD_cpu !! OSD_mem !! FIO_cpu !! FIO_mem
|-
 | 1  || 69601.46  || 3470816.00  || 0.45  || 74.71  || 1.05  || 0.85  || 850.03  || 632.78  || 247.00  || 42.02 
|-
 | 2  || 40152.74  || 1399885.00  || 1.58  || 168.81  || 0.57  || 0.49  || 0.00  || 0.00  || 127.03  || 16.50 
|-
 | 4  || 24441.49  || 852226.00  || 5.20  || 368.63  || 0.34  || 0.28  || 0.00  || 0.00  || 101.70  || 16.50 
|-
 | 8  || 29791.14  || 1038668.00  || 8.52  || 472.16  || 0.40  || 0.30  || 0.00  || 0.00  || 109.96  || 16.50 
|-
 | 16  || 21280.95  || 1185221.00  || 17.46  || 771.22  || 0.34  || 0.26  || 0.00  || 0.00  || 111.48  || 19.49 
|-
 | 24  || 69517.65  || 2771321.00  || 10.94  || 494.88  || 0.82  || 0.61  || 0.00  || 0.00  || 197.18  || 36.00 
|-
 | 32  || 162733.15  || 15462578.00  || 6.23  || 267.53  || 1.96  || 1.35  || 0.00  || 0.00  || 854.02  || 322.50 
|-
 | 40  || 112628.71  || 7868242.00  || 11.25  || 493.07  || 1.28  || 0.88  || 0.00  || 0.00  || 434.93  || 190.72 
|-
 | 52  || 34984.86  || 1219887.00  || 46.36  || 1097.90  || 0.40  || 0.28  || 0.00  || 0.00  || 110.94  || 16.50 
|-
 | 64  || 139924.42  || 11175064.00  || 14.39  || 455.18  || 1.67  || 1.14  || 0.00  || 0.00  || 632.25  || 265.50 
|-
|}


\begin{table}[h!]
\centering
\begin{tabular}[t]{*{11 }{|c|}}
\hline 
iodepth & iops & total\_ios & clat\_ms & clat\_stdev & usr\_cpu & sys\_cpu & OSD\_cpu & OSD\_mem & FIO\_cpu & FIO\_mem\\
\hline
1  & 69601.46  & 3470816.00  & 0.45  & 74.71  & 1.05  & 0.85  & 850.03  & 632.78  & 247.00  & 42.02 \\
\hline
2  & 40152.74  & 1399885.00  & 1.58  & 168.81  & 0.57  & 0.49  & 0.00  & 0.00  & 127.03  & 16.50 \\
\hline
4  & 24441.49  & 852226.00  & 5.20  & 368.63  & 0.34  & 0.28  & 0.00  & 0.00  & 101.70  & 16.50 \\
\hline
8  & 29791.14  & 1038668.00  & 8.52  & 472.16  & 0.40  & 0.30  & 0.00  & 0.00  & 109.96  & 16.50 \\
\hline
16  & 21280.95  & 1185221.00  & 17.46  & 771.22  & 0.34  & 0.26  & 0.00  & 0.00  & 111.48  & 19.49 \\
\hline
24  & 69517.65  & 2771321.00  & 10.94  & 494.88  & 0.82  & 0.61  & 0.00  & 0.00  & 197.18  & 36.00 \\
\hline
32  & 162733.15  & 15462578.00  & 6.23  & 267.53  & 1.96  & 1.35  & 0.00  & 0.00  & 854.02  & 322.50 \\
\hline
40  & 112628.71  & 7868242.00  & 11.25  & 493.07  & 1.28  & 0.88  & 0.00  & 0.00  & 434.93  & 190.72 \\
\hline
52  & 34984.86  & 1219887.00  & 46.36  & 1097.90  & 0.40  & 0.28  & 0.00  & 0.00  & 110.94  & 16.50 \\
\hline
64  & 139924.42  & 11175064.00  & 14.39  & 455.18  & 1.67  & 1.14  & 0.00  & 0.00  & 632.25  & 265.50 \\
\hline

\hline
\end{tabular}
\caption{Performance Throughput vs Latency vs CPU util: sea_1osd_28reactor_32fio_bal_osd_rc_1procs_randread.}
\label{table:iops-lat-cpu-sea_1osd_28reactor_32fio_bal_osd_rc_1procs_randread}
\end{table}

Done
