 674890  674890 crimson-osd       0	pid 674890's current affinity list: 0
 674890  674897 reactor-1        56	pid 674897's current affinity list: 56
 674890  674898 reactor-2         1	pid 674898's current affinity list: 1
 674890  674899 reactor-3        57	pid 674899's current affinity list: 57
 674890  674900 syscall-0         0	pid 674900's current affinity list: 0
 674890  674901 syscall-1        56	pid 674901's current affinity list: 56
 674890  674902 syscall-3        57	pid 674902's current affinity list: 57
 674890  674903 syscall-2         1	pid 674903's current affinity list: 1
 674890  674904 crimson-osd       0	pid 674904's current affinity list: 0
 674890  674905 reactor-2         1	pid 674905's current affinity list: 1
 674890  674906 reactor-3        57	pid 674906's current affinity list: 57
 674890  674907 reactor-1        56	pid 674907's current affinity list: 56
 674890  674890 crimson-osd       0	pid 674890's current affinity list: 0
 674890  674897 reactor-1        56	pid 674897's current affinity list: 56
 674890  674898 reactor-2         1	pid 674898's current affinity list: 1
 674890  674899 reactor-3        57	pid 674899's current affinity list: 57
 674890  674900 syscall-0         0	pid 674900's current affinity list: 0
 674890  674901 syscall-1        56	pid 674901's current affinity list: 56
 674890  674902 syscall-3        57	pid 674902's current affinity list: 57
 674890  674903 syscall-2         1	pid 674903's current affinity list: 1
 674890  674904 crimson-osd       0	pid 674904's current affinity list: 0
 674890  674905 reactor-2         1	pid 674905's current affinity list: 1
 674890  674906 reactor-3        57	pid 674906's current affinity list: 57
 674890  674907 reactor-1        56	pid 674907's current affinity list: 56
