1267974 1267974 perf-crimson-ms   8	pid 1267974's current affinity list: 8
1267974 1267976 reactor-1         9	pid 1267976's current affinity list: 9
1267974 1267977 reactor-2        10	pid 1267977's current affinity list: 10
1267974 1267978 reactor-3        11	pid 1267978's current affinity list: 11
1267974 1267979 reactor-4        12	pid 1267979's current affinity list: 12
1267974 1267980 reactor-5        13	pid 1267980's current affinity list: 13
1267974 1267981 reactor-6        14	pid 1267981's current affinity list: 14
1267974 1267982 reactor-7        15	pid 1267982's current affinity list: 15
1267974 1267983 reactor-8        36	pid 1267983's current affinity list: 36
1267974 1267984 reactor-9        37	pid 1267984's current affinity list: 37
1267974 1267985 reactor-10       38	pid 1267985's current affinity list: 38
1267974 1267986 reactor-11       39	pid 1267986's current affinity list: 39
1267974 1267987 reactor-12       40	pid 1267987's current affinity list: 40
1267974 1267988 reactor-13       41	pid 1267988's current affinity list: 41
1267974 1267989 reactor-14       42	pid 1267989's current affinity list: 42
1267974 1267990 reactor-15       43	pid 1267990's current affinity list: 43
1267974 1267991 reactor-16       64	pid 1267991's current affinity list: 64
1267974 1267992 reactor-17       65	pid 1267992's current affinity list: 65
1267974 1267993 reactor-18       66	pid 1267993's current affinity list: 66
1267974 1267994 reactor-19       67	pid 1267994's current affinity list: 67
1267974 1267995 reactor-20       68	pid 1267995's current affinity list: 68
1267974 1267996 reactor-21       69	pid 1267996's current affinity list: 69
1267974 1267997 reactor-22       70	pid 1267997's current affinity list: 70
1267974 1267998 reactor-23       71	pid 1267998's current affinity list: 71
1267974 1267999 reactor-24       92	pid 1267999's current affinity list: 92
1267974 1268000 reactor-25       93	pid 1268000's current affinity list: 93
1267974 1268001 reactor-26       94	pid 1268001's current affinity list: 94
1267974 1268002 reactor-27       95	pid 1268002's current affinity list: 95
1267974 1268003 reactor-28       96	pid 1268003's current affinity list: 96
1267974 1268004 reactor-29       97	pid 1268004's current affinity list: 97
1267974 1268005 reactor-30       98	pid 1268005's current affinity list: 98
1267974 1268006 reactor-31       99	pid 1268006's current affinity list: 99
1267974 1268007 syscall-0         8	pid 1268007's current affinity list: 8
1267974 1268008 syscall-16       64	pid 1268008's current affinity list: 64
1267974 1268009 syscall-10       38	pid 1268009's current affinity list: 38
1267974 1268010 syscall-8        36	pid 1268010's current affinity list: 36
1267974 1268011 syscall-21       69	pid 1268011's current affinity list: 69
1267974 1268012 syscall-15       43	pid 1268012's current affinity list: 43
1267974 1268013 syscall-26       94	pid 1268013's current affinity list: 94
1267974 1268014 syscall-2        10	pid 1268014's current affinity list: 10
1267974 1268015 syscall-11       39	pid 1268015's current affinity list: 39
1267974 1268016 syscall-24       92	pid 1268016's current affinity list: 92
1267974 1268017 syscall-14       42	pid 1268017's current affinity list: 42
1267974 1268018 syscall-27       95	pid 1268018's current affinity list: 95
1267974 1268019 syscall-9        37	pid 1268019's current affinity list: 37
1267974 1268020 syscall-13       41	pid 1268020's current affinity list: 41
1267974 1268021 syscall-6        14	pid 1268021's current affinity list: 14
1267974 1268022 syscall-18       66	pid 1268022's current affinity list: 66
1267974 1268023 syscall-22       70	pid 1268023's current affinity list: 70
1267974 1268024 syscall-17       65	pid 1268024's current affinity list: 65
1267974 1268025 syscall-4        12	pid 1268025's current affinity list: 12
1267974 1268026 syscall-3        11	pid 1268026's current affinity list: 11
1267974 1268027 syscall-5        13	pid 1268027's current affinity list: 13
1267974 1268028 syscall-23       71	pid 1268028's current affinity list: 71
1267974 1268029 syscall-25       93	pid 1268029's current affinity list: 93
1267974 1268030 syscall-7        15	pid 1268030's current affinity list: 15
1267974 1268031 syscall-28       96	pid 1268031's current affinity list: 96
1267974 1268032 syscall-30       98	pid 1268032's current affinity list: 98
1267974 1268033 syscall-29       97	pid 1268033's current affinity list: 97
1267974 1268034 syscall-19       67	pid 1268034's current affinity list: 67
1267974 1268035 syscall-31       99	pid 1268035's current affinity list: 99
1267974 1268036 syscall-1         9	pid 1268036's current affinity list: 9
1267974 1268037 syscall-20       68	pid 1268037's current affinity list: 68
1267974 1268038 syscall-12       40	pid 1268038's current affinity list: 40
