4(2.00005)         0IOPS       -1MiB/s 36(0) 27(0) 23(0) 26(0) 23(0) 32(0) 24(0) 26(0) 32(0) 31(0) 24(0) 21(0) 28(0) 29(0) 30(0) 20(0) 34(0) 23(0) 22(0) 28(0) 23(0) 23(0) 27(0) 23(0) 27(0) 29(0) 24(0) 22(0) 25(0) 26(0) 33(0) 23(0) 
6(2.00014)         0IOPS       -1MiB/s 0(2) 0(2) 0(2) 0(2) 0(2) 0(2) 0(2) 0(2) 0(2) 0(2) 0(2) 0(2) 0(2) 0(2) 0(2) 0(2) 0(2) 0(2) 0(2) 0(2) 0(2) 0(2) 0(2) 0(2) 0(2) 0(2) 0(2) 0(2) 0(2) 0(2) 0(2) 0(2) 
8(2.00321) 2.69704e+06IOPS  10535.3MiB/s 23(2) 33(2) 36(2) 34(2) 36(2) 28(2) 35(2) 34(2) 28(2) 29(2) 35(2) 39(2) 32(2) 31(2) 30(2) 40(2) 26(2) 37(2) 38(2) 32(2) 36(2) 36(2) 33(2) 36(2) 33(2) 30(2) 36(2) 38(2) 35(2) 34(2) 27(2) 37(2) 
10(2.00402) 2.71129e+06IOPS    10591MiB/s 63(2) 73(2) 76(2) 74(2) 76(2) 68(2) 75(2) 74(2) 68(2) 69(2) 75(2) 79(2) 72(2) 71(2) 70(2) 80(2) 66(2) 77(2) 78(2) 72(2) 76(2) 76(2) 73(2) 76(2) 73(2) 70(2) 76(2) 78(2) 75(2) 74(2) 67(2) 77(2) 
12(2.00397) 2.68692e+06IOPS  10495.8MiB/s 100(2) 100(2) 100(2) 100(2) 100(2) 100(2) 100(2) 100(2) 100(2) 100(2) 100(2) 100(2) 100(2) 100(2) 100(2) 100(2) 100(2) 100(2) 100(2) 100(2) 100(2) 100(2) 100(2) 100(2) 100(2) 100(2) 100(2) 100(2) 100(2) 100(2) 100(2) 100(2) 
14(2.004) 2.68461e+06IOPS  10486.8MiB/s 100(2) 100(2) 100(2) 100(2) 100(2) 100(2) 100(2) 100(2) 100(2) 100(2) 100(2) 100(2) 100(2) 100(2) 100(2) 100(2) 100(2) 100(2) 100(2) 100(2) 100(2) 100(2) 100(2) 100(2) 100(2) 100(2) 100(2) 100(2) 100(2) 100(2) 100(2) 100(2) 
16(2.0035) 2.68687e+06IOPS  10495.6MiB/s 100(2) 100(2) 100(2) 100(2) 100(2) 100(2) 100(2) 100(2) 100(2) 100(2) 100(2) 100(2) 100(2) 100(2) 100(2) 100(2) 100(2) 100(2) 100(2) 100(2) 100(2) 100(2) 100(2) 100(2) 100(2) 100(2) 100(2) 100(2) 100(2) 100(2) 100(2) 100(2) 
18(2.00501) 2.68348e+06IOPS  10482.3MiB/s 100(2) 100(2) 100(2) 100(2) 100(2) 100(2) 100(2) 100(2) 100(2) 100(2) 100(2) 100(2) 100(2) 100(2) 100(2) 100(2) 100(2) 100(2) 100(2) 100(2) 100(2) 100(2) 100(2) 100(2) 100(2) 100(2) 100(2) 100(2) 100(2) 100(2) 100(2) 100(2) 
20(2.00451) 2.6851e+06IOPS  10488.7MiB/s 100(2) 100(2) 100(2) 100(2) 100(2) 100(2) 100(2) 100(2) 100(2) 100(2) 100(2) 100(2) 100(2) 100(2) 100(2) 100(2) 100(2) 100(2) 100(2) 100(2) 100(2) 100(2) 100(2) 100(2) 100(2) 100(2) 100(2) 100(2) 100(2) 100(2) 100(2) 100(2) 
22(2.00348) 2.68333e+06IOPS  10481.8MiB/s 100(2) 100(2) 100(2) 100(2) 100(2) 100(2) 100(2) 100(2) 100(2) 100(2) 100(2) 100(2) 100(2) 100(2) 100(2) 100(2) 100(2) 100(2) 100(2) 100(2) 100(2) 100(2) 100(2) 100(2) 100(2) 100(2) 100(2) 100(2) 100(2) 100(2) 100(2) 100(2) 
24(2.00399) 2.68169e+06IOPS  10475.4MiB/s 100(2) 100(2) 100(2) 100(2) 100(2) 100(2) 100(2) 100(2) 100(2) 100(2) 100(2) 100(2) 100(2) 100(2) 100(2) 100(2) 100(2) 100(2) 100(2) 100(2) 100(2) 100(2) 100(2) 100(2) 100(2) 100(2) 100(2) 100(2) 100(2) 100(2) 100(2) 100(2) 
26(2.00352) 2.68155e+06IOPS  10474.8MiB/s 100(2) 100(2) 100(2) 100(2) 100(2) 100(2) 100(2) 100(2) 100(2) 100(2) 100(2) 100(2) 100(2) 100(2) 100(2) 100(2) 100(2) 100(2) 100(2) 100(2) 100(2) 100(2) 100(2) 100(2) 100(2) 100(2) 100(2) 100(2) 100(2) 100(2) 100(2) 100(2) 
28(2.005) 2.6833e+06IOPS  10481.6MiB/s 100(2) 100(2) 100(2) 100(2) 100(2) 100(2) 100(2) 100(2) 100(2) 100(2) 100(2) 100(2) 100(2) 100(2) 100(2) 100(2) 100(2) 100(2) 100(2) 100(2) 100(2) 100(2) 100(2) 100(2) 100(2) 100(2) 100(2) 100(2) 100(2) 100(2) 100(2) 100(2) 
30(2.00547) 2.68028e+06IOPS  10469.9MiB/s 100(2) 100(2) 100(2) 100(2) 100(2) 100(2) 100(2) 100(2) 100(2) 100(2) 100(2) 100(2) 100(2) 100(2) 100(2) 100(2) 100(2) 100(2) 100(2) 100(2) 100(2) 100(2) 100(2) 100(2) 100(2) 100(2) 100(2) 100(2) 100(2) 100(2) 100(2) 100(2) 
32(2.00454) 2.68452e+06IOPS  10486.4MiB/s 100(2) 100(2) 100(2) 100(2) 100(2) 100(2) 100(2) 100(2) 100(2) 100(2) 100(2) 100(2) 100(2) 100(2) 100(2) 100(2) 100(2) 100(2) 100(2) 100(2) 100(2) 100(2) 100(2) 100(2) 100(2) 100(2) 100(2) 100(2) 100(2) 100(2) 100(2) 100(2) 
34(2.00447) 2.68205e+06IOPS  10476.7MiB/s 100(2) 100(2) 100(2) 100(2) 100(2) 100(2) 100(2) 100(2) 100(2) 100(2) 100(2) 100(2) 100(2) 100(2) 100(2) 100(2) 100(2) 100(2) 100(2) 100(2) 100(2) 100(2) 100(2) 100(2) 100(2) 100(2) 100(2) 100(2) 100(2) 100(2) 100(2) 100(2) 
36(2.00449) 2.68733e+06IOPS  10497.4MiB/s 100(2) 100(2) 100(2) 100(2) 100(2) 100(2) 100(2) 100(2) 100(2) 100(2) 100(2) 100(2) 100(2) 100(2) 100(2) 100(2) 100(2) 100(2) 100(2) 100(2) 100(2) 100(2) 100(2) 100(2) 100(2) 100(2) 100(2) 100(2) 100(2) 100(2) 100(2) 100(2) 
38(2.00452) 2.69437e+06IOPS  10524.9MiB/s 100(2) 100(2) 100(2) 100(2) 100(2) 100(2) 100(2) 100(2) 100(2) 100(2) 100(2) 100(2) 100(2) 100(2) 100(2) 100(2) 100(2) 100(2) 100(2) 100(2) 100(2) 100(2) 100(2) 100(2) 100(2) 100(2) 100(2) 100(2) 100(2) 100(2) 100(2) 100(2) 
40(2.004) 2.68491e+06IOPS  10487.9MiB/s 100(2) 100(2) 100(2) 100(2) 100(2) 100(2) 100(2) 100(2) 100(2) 100(2) 100(2) 100(2) 100(2) 100(2) 100(2) 100(2) 100(2) 100(2) 100(2) 100(2) 100(2) 100(2) 100(2) 100(2) 100(2) 100(2) 100(2) 100(2) 100(2) 100(2) 100(2) 100(2) 
42(2.004) 2.68158e+06IOPS  10474.9MiB/s 100(2) 100(2) 100(2) 100(2) 100(2) 100(2) 100(2) 100(2) 100(2) 100(2) 100(2) 100(2) 100(2) 100(2) 100(2) 100(2) 100(2) 100(2) 100(2) 100(2) 100(2) 100(2) 100(2) 100(2) 100(2) 100(2) 100(2) 100(2) 100(2) 100(2) 100(2) 100(2) 
44(2.0035) 2.68192e+06IOPS  10476.2MiB/s 100(2) 100(2) 100(2) 100(2) 100(2) 100(2) 100(2) 100(2) 100(2) 100(2) 100(2) 100(2) 100(2) 100(2) 100(2) 100(2) 100(2) 100(2) 100(2) 100(2) 100(2) 100(2) 100(2) 100(2) 100(2) 100(2) 100(2) 100(2) 100(2) 100(2) 100(2) 100(2) 
46(2.00449) 2.6808e+06IOPS  10471.9MiB/s 100(2) 100(2) 100(2) 100(2) 100(2) 100(2) 100(2) 100(2) 100(2) 100(2) 100(2) 100(2) 100(2) 100(2) 100(2) 100(2) 100(2) 100(2) 100(2) 100(2) 100(2) 100(2) 100(2) 100(2) 100(2) 100(2) 100(2) 100(2) 100(2) 100(2) 100(2) 100(2) 
48(2.00599) 2.687e+06IOPS  10496.1MiB/s 100(2) 100(2) 100(2) 100(2) 100(2) 100(2) 100(2) 100(2) 100(2) 100(2) 100(2) 100(2) 100(2) 100(2) 100(2) 100(2) 100(2) 100(2) 100(2) 100(2) 100(2) 100(2) 100(2) 100(2) 100(2) 100(2) 100(2) 100(2) 100(2) 100(2) 100(2) 100(2) 
50(2.00501) 2.68607e+06IOPS  10492.5MiB/s 100(2) 100(2) 100(2) 100(2) 100(2) 100(2) 100(2) 100(2) 100(2) 100(2) 100(2) 100(2) 100(2) 100(2) 100(2) 100(2) 100(2) 100(2) 100(2) 100(2) 100(2) 100(2) 100(2) 100(2) 100(2) 100(2) 100(2) 100(2) 100(2) 100(2) 100(2) 100(2) 
52(2.00549) 2.6849e+06IOPS  10487.9MiB/s 100(2) 100(2) 100(2) 100(2) 100(2) 100(2) 100(2) 100(2) 100(2) 100(2) 100(2) 100(2) 100(2) 100(2) 100(2) 100(2) 100(2) 100(2) 100(2) 100(2) 100(2) 100(2) 100(2) 100(2) 100(2) 100(2) 100(2) 100(2) 100(2) 100(2) 100(2) 100(2) 
54(2.0045) 2.68536e+06IOPS  10489.7MiB/s 100(2) 100(2) 100(2) 100(2) 100(2) 100(2) 100(2) 100(2) 100(2) 100(2) 100(2) 100(2) 100(2) 100(2) 100(2) 100(2) 100(2) 100(2) 100(2) 100(2) 100(2) 100(2) 100(2) 100(2) 100(2) 100(2) 100(2) 100(2) 100(2) 100(2) 100(2) 100(2) 
56(2.005) 2.68904e+06IOPS  10504.1MiB/s 100(2) 100(2) 100(2) 100(2) 100(2) 100(2) 100(2) 100(2) 100(2) 100(2) 100(2) 100(2) 100(2) 100(2) 100(2) 100(2) 100(2) 100(2) 100(2) 100(2) 100(2) 100(2) 100(2) 100(2) 100(2) 100(2) 100(2) 100(2) 100(2) 100(2) 100(2) 100(2) 
58(2.00401) 2.68376e+06IOPS  10483.4MiB/s 100(2) 100(2) 100(2) 100(2) 100(2) 100(2) 100(2) 100(2) 100(2) 100(2) 100(2) 100(2) 100(2) 100(2) 100(2) 100(2) 100(2) 100(2) 100(2) 100(2) 100(2) 100(2) 100(2) 100(2) 100(2) 100(2) 100(2) 100(2) 100(2) 100(2) 100(2) 100(2) 
60(2.0045) 2.67952e+06IOPS  10466.9MiB/s 100(2) 100(2) 100(2) 100(2) 100(2) 100(2) 100(2) 100(2) 100(2) 100(2) 100(2) 100(2) 100(2) 100(2) 100(2) 100(2) 100(2) 100(2) 100(2) 100(2) 100(2) 100(2) 100(2) 100(2) 100(2) 100(2) 100(2) 100(2) 100(2) 100(2) 100(2) 100(2) 
62(2.004) 2.68251e+06IOPS  10478.6MiB/s 100(2) 100(2) 100(2) 100(2) 100(2) 100(2) 100(2) 100(2) 100(2) 100(2) 100(2) 100(2) 100(2) 100(2) 100(2) 100(2) 100(2) 100(2) 100(2) 100(2) 100(2) 100(2) 100(2) 100(2) 100(2) 100(2) 100(2) 100(2) 100(2) 100(2) 100(2) 100(2) 
64(2.004) 2.68069e+06IOPS  10471.5MiB/s 100(2) 100(2) 100(2) 100(2) 100(2) 100(2) 100(2) 100(2) 100(2) 100(2) 100(2) 100(2) 100(2) 100(2) 100(2) 100(2) 100(2) 100(2) 100(2) 100(2) 100(2) 100(2) 100(2) 100(2) 100(2) 100(2) 100(2) 100(2) 100(2) 100(2) 100(2) 100(2) 
66(2.00502) 2.67982e+06IOPS    10468MiB/s 100(2) 100(2) 100(2) 100(2) 100(2) 100(2) 100(2) 100(2) 100(2) 100(2) 100(2) 100(2) 100(2) 100(2) 100(2) 100(2) 100(2) 100(2) 100(2) 100(2) 100(2) 100(2) 100(2) 100(2) 100(2) 100(2) 100(2) 100(2) 100(2) 100(2) 100(2) 100(2) 
68(2.00498) 2.68101e+06IOPS  10472.7MiB/s 100(2) 100(2) 100(2) 100(2) 100(2) 100(2) 100(2) 100(2) 100(2) 100(2) 100(2) 100(2) 100(2) 100(2) 100(2) 100(2) 100(2) 100(2) 100(2) 100(2) 100(2) 100(2) 100(2) 100(2) 100(2) 100(2) 100(2) 100(2) 100(2) 100(2) 100(2) 100(2) 
70(2.00399) 2.68081e+06IOPS  10471.9MiB/s 100(2) 100(2) 100(2) 100(2) 100(2) 100(2) 100(2) 100(2) 100(2) 100(2) 100(2) 100(2) 100(2) 100(2) 100(2) 100(2) 100(2) 100(2) 100(2) 100(2) 100(2) 100(2) 100(2) 100(2) 100(2) 100(2) 100(2) 100(2) 100(2) 100(2) 100(2) 100(2) 
