   sec  depth      IOPS     MB/s  lat(ms)
1.00244  32377 2.68778e+06  10499.2  11.7853 -- 84,94,95,99,95,88,89,92,92,89,98,89,98,92,85,94,93,94,94,99,90,97,97,100,96,75,90,86,90,82,88,90,
1.0021  32076 2.68522e+06  10489.1  11.8024 -- 83,93,94,99,96,87,89,92,91,89,98,89,98,91,85,94,92,92,93,99,90,97,96,99,96,75,89,85,90,82,88,91,
1.00243  32236 2.68479e+06  10487.5  11.8012 -- 82,92,94,98,97,87,89,93,90,88,97,90,97,90,86,94,91,91,92,99,89,97,95,99,96,75,89,85,90,81,88,91,
1.00294  32168 2.68538e+06  10489.7   11.821 -- 83,92,94,98,97,87,88,93,89,88,97,90,97,90,85,93,90,91,91,99,89,97,94,98,95,75,88,84,90,81,87,91,
1.00209  32185 2.68764e+06  10498.6   11.803 -- 84,92,94,98,97,87,88,93,89,88,97,89,97,89,85,93,90,91,91,99,88,98,94,98,95,75,88,84,90,80,87,91,
1.00153  32209 2.68411e+06  10484.8  11.8076 -- 84,91,94,98,97,86,88,93,89,88,97,89,98,89,85,92,90,91,90,99,88,97,94,98,95,75,87,83,90,79,87,91,
1.00247  32341 2.68498e+06  10488.2  11.8113 -- 83,91,93,98,97,86,88,94,89,88,97,90,98,90,85,92,90,91,91,99,88,97,93,98,95,76,87,84,89,79,87,91,
1.00354  32341 2.6826e+06  10478.9  11.8189 -- 84,91,94,98,96,86,88,94,89,88,97,90,98,90,85,92,90,91,91,99,88,97,93,98,95,76,87,83,89,79,87,91,
1.00296  32173 2.68526e+06  10489.3  11.7892 -- 84,90,93,98,96,86,88,94,89,88,97,90,98,90,85,92,90,91,91,100,88,97,93,98,95,76,87,84,89,79,87,91,
1.00247  32280 2.68234e+06  10477.9  11.8317 -- 83,89,93,98,96,86,88,94,88,88,97,90,98,89,86,93,90,90,91,100,89,97,93,98,95,76,87,83,90,79,88,91,
-------------- summary --------------
10.0275     -2.685e+06 10488.3  11.807

1.00605  32127 2.68263e+06    10479  11.8177 -- 83,89,93,98,96,86,88,94,88,88,97,89,97,89,85,93,90,90,92,100,89,97,93,98,95,75,87,83,89,79,88,91,
1.00291  32470 2.68254e+06  10478.7  11.8298 -- 83,89,93,98,96,85,88,93,88,88,96,89,97,89,85,93,90,90,91,99,90,98,93,98,95,75,87,83,89,79,88,91,
1.0031  31995 2.6834e+06    10482  11.8387 -- 82,89,93,98,96,86,87,93,89,88,96,90,97,89,85,94,90,90,91,99,90,97,93,98,95,75,87,84,89,79,88,91,
1.00245  32182 2.68264e+06  10479.1  11.8153 -- 82,89,94,97,97,86,87,93,88,88,97,90,97,89,85,93,90,90,91,99,89,97,93,98,95,75,86,84,89,79,88,91,
1.00305  32209 2.68112e+06  10473.1  11.8342 -- 82,90,93,98,97,86,88,93,88,88,97,90,97,89,85,93,90,90,91,99,89,97,93,98,95,75,87,83,89,79,88,91,
1.00293  32507 2.68389e+06  10483.9   11.806 -- 81,90,93,98,97,86,88,93,88,88,97,90,97,89,85,93,91,90,90,99,89,97,93,98,95,76,87,84,89,79,88,91,
1.00159  31882 2.68237e+06    10478  11.8086 -- 81,90,93,98,96,86,88,93,88,88,97,90,97,90,85,93,91,90,90,100,88,97,93,98,95,75,87,83,90,79,88,91,
1.00243  32338 2.6807e+06  10471.5  11.8364 -- 82,90,93,98,96,86,88,93,88,88,97,89,98,90,85,92,91,90,90,99,88,97,93,98,95,75,87,83,90,79,88,91,
1.00258  32146 2.68101e+06  10472.7   11.827 -- 82,90,93,98,96,86,88,93,88,89,97,89,97,90,85,93,91,89,91,99,88,97,93,98,95,75,87,83,90,79,87,91,
1.00301  31954 2.68489e+06  10487.8   11.759 -- 82,90,93,98,96,86,88,93,88,88,97,89,97,89,85,93,91,90,91,100,88,97,93,98,95,75,87,83,90,79,87,92,
-------------- summary --------------
 20.057     -2.68375e+06 10483.4 11.8122

1.00397  32335 2.68037e+06  10470.2  11.8325 -- 84,90,94,98,96,87,88,93,88,88,96,89,97,89,85,93,91,91,91,99,87,97,93,98,95,75,88,84,90,79,87,91,
1.0029  32292 2.6831e+06  10480.9   11.804 -- 84,91,93,98,96,87,88,93,88,88,97,89,97,89,85,93,90,91,91,99,88,97,93,98,95,75,88,84,90,79,87,91,
1.00209  32235 2.68257e+06  10478.8  11.8318 -- 85,91,94,98,97,87,89,93,88,88,97,90,97,89,85,93,90,91,91,99,88,97,93,98,95,75,87,84,90,79,87,91,
1.00198  31929 2.6828e+06  10479.7  11.8259 -- 85,90,94,98,97,87,89,93,89,88,97,90,97,89,85,93,90,91,91,100,89,97,94,98,95,76,87,84,90,79,87,91,
1.00258  31646 2.69202e+06  10515.7  11.7699 -- 84,90,94,98,96,87,89,93,88,88,97,90,98,90,85,93,90,90,92,99,88,97,94,98,95,75,87,84,90,80,87,91,
1.00187  32424 2.69718e+06  10535.9  11.7356 -- 83,90,94,97,96,87,89,93,88,88,97,89,98,90,85,93,91,91,92,100,89,97,95,98,95,76,87,84,90,81,87,91,
1.002  32441 2.69375e+06  10522.5  11.7698 -- 83,90,94,96,96,87,90,94,88,88,97,90,98,91,85,92,91,91,92,100,88,96,94,98,95,75,87,84,90,82,88,92,
1.00251  31866 2.68419e+06  10485.1  11.7978 -- 82,90,94,97,96,87,89,95,89,88,97,90,98,91,86,92,91,91,92,100,88,97,94,98,95,75,87,84,89,83,88,92,
1.00251  32314 2.68159e+06    10475  11.8241 -- 82,91,94,97,95,87,89,95,88,87,98,89,97,91,86,92,90,92,91,100,88,97,94,98,95,75,87,83,89,83,88,92,
1.00158  31769 2.68185e+06    10476  11.8235 -- 82,91,95,97,96,87,89,95,89,88,98,89,97,91,86,91,90,91,91,100,89,97,94,98,95,75,87,83,89,82,88,92,
-------------- summary --------------
30.0816     -2.68448e+06 10486.3 11.8086

1.00441  32029 2.68153e+06  10474.7  11.8142 -- 82,91,94,97,96,87,89,95,89,88,98,89,97,90,86,91,90,91,91,100,89,97,94,97,95,75,87,83,89,81,88,92,
1.00302  32050 2.68235e+06  10477.9  11.8195 -- 82,91,94,98,97,87,89,94,89,87,98,89,97,89,85,92,90,91,91,100,88,97,94,98,95,75,87,83,89,79,88,92,
1.00248  31960 2.68148e+06  10474.5  11.8245 -- 82,91,94,98,96,87,89,93,88,87,97,89,97,90,85,92,90,91,91,99,88,97,94,98,95,75,87,83,89,79,87,92,
1.0025  32331 2.68258e+06  10478.8  11.8201 -- 83,90,94,98,97,87,88,94,88,88,97,89,97,90,85,92,91,91,91,100,88,98,94,98,95,75,87,83,89,79,88,92,
1.00146  32329 2.68162e+06  10475.1  11.8328 -- 84,90,94,98,97,88,88,93,88,88,96,90,97,90,85,92,91,91,91,99,88,98,94,98,95,75,87,83,89,79,87,91,
1.00203  32028 2.68374e+06  10483.3  11.8149 -- 84,91,94,97,97,87,88,93,88,88,96,90,97,90,85,93,91,91,91,99,88,98,93,98,95,75,88,84,89,79,87,91,
1.00252  32174 2.6928e+06  10518.8  11.7599 -- 84,91,94,98,97,88,88,94,88,88,96,90,97,90,85,92,90,91,92,99,88,98,94,98,95,76,87,84,89,80,87,91,
1.00254  32129 2.68845e+06  10501.7  11.7726 -- 84,91,94,98,97,88,88,94,88,88,96,89,97,90,85,92,90,91,92,99,88,98,93,98,95,76,87,84,89,81,87,91,
1.003  32110 2.68208e+06  10476.9  11.8149 -- 84,91,94,97,97,87,88,94,88,88,97,89,97,90,85,92,90,91,91,99,88,97,93,98,95,76,87,84,90,81,87,91,
1.00253  32386 2.68609e+06  10492.6  11.7925 -- 83,91,94,98,97,87,89,95,88,88,97,89,97,89,85,92,90,91,91,100,89,97,93,98,95,76,87,84,89,81,88,91,
-------------- summary --------------
40.1069     -2.68444e+06 10486.1 11.8081

1.00341  32261 2.68427e+06  10485.4  11.7869 -- 83,91,94,98,98,87,89,94,88,87,97,89,98,89,85,92,91,91,91,100,89,97,93,98,95,76,87,84,90,81,88,91,
1.002  32082 2.68525e+06  10489.3  11.8082 -- 84,90,94,97,97,87,89,94,88,87,97,89,98,88,85,92,91,91,91,100,89,97,93,98,95,75,87,85,90,79,88,91,
1.0026  32024 2.68189e+06  10476.2  11.8247 -- 84,90,94,98,97,86,89,93,88,87,96,89,98,88,85,92,91,90,91,100,89,97,94,98,95,75,87,84,90,78,88,91,
1.00247  32047 2.69784e+06  10538.4  11.6457 -- 84,91,94,98,97,86,90,94,88,87,96,89,98,88,85,92,91,91,91,100,89,97,94,98,95,75,88,84,89,79,88,91,
1.005  32024 2.68257e+06  10478.8  11.7851 -- 87,91,95,98,97,86,90,94,89,87,96,89,98,89,86,92,90,91,91,100,89,97,95,98,96,75,88,85,90,80,89,91,
1.00503  31741 2.68461e+06  10486.7  11.7743 -- 88,91,95,98,97,86,89,94,89,87,95,89,98,89,85,93,90,91,91,100,89,97,95,98,96,75,88,85,90,79,89,91,
1.0024  32171 2.6813e+06  10473.8  11.8148 -- 88,92,95,98,98,86,89,94,88,87,96,89,98,89,85,93,90,92,91,100,89,97,95,98,95,76,88,84,89,80,88,91,
1.003  32012 2.6811e+06    10473  11.8219 -- 88,92,95,98,97,87,89,95,88,87,96,89,98,89,85,93,90,92,91,100,89,97,94,98,95,75,88,84,89,80,88,91,
1.00259  32286 2.68018e+06  10469.5  11.8282 -- 88,92,95,99,97,87,89,94,87,87,96,89,98,89,85,93,90,92,91,100,88,97,94,98,95,75,88,84,89,79,88,91,
1.00184  32342 2.68194e+06  10476.3  11.8194 -- 85,91,94,98,96,87,89,94,87,87,96,89,98,89,85,93,90,92,91,100,88,97,93,98,95,75,88,84,89,79,87,91,
-------------- summary --------------
50.1376     -2.68436e+06 10485.8 11.8046

1.00411  32174 2.68103e+06  10472.8  11.8261 -- 84,91,93,98,97,87,89,94,87,87,96,90,97,89,85,93,90,92,91,100,88,97,93,98,95,76,88,83,89,79,87,91,
1.00237  32186 2.68066e+06  10471.3  11.8142 -- 83,90,93,98,97,87,89,94,88,87,96,90,97,89,85,92,90,92,91,100,88,97,93,98,95,76,88,83,89,79,87,91,
1.00211  32077 2.68239e+06  10478.1   11.827 -- 83,91,93,98,97,87,89,93,88,87,96,90,97,89,84,93,90,91,91,100,88,97,93,98,95,76,87,84,89,78,88,90,
1.00253  32229 2.67887e+06  10464.3  11.8416 -- 83,90,93,98,97,87,89,94,89,87,96,90,97,89,84,93,90,92,91,100,89,97,93,98,95,75,87,84,89,78,87,90,
1.00204  31672 2.6799e+06  10468.4  11.8255 -- 82,91,93,98,98,87,89,94,89,87,96,90,96,89,84,93,90,92,91,100,89,97,93,98,95,76,87,83,89,79,87,91,
1.00242  32423 2.67994e+06  10468.5  11.8217 -- 83,91,94,99,97,87,88,94,89,87,97,89,96,89,84,93,90,92,91,100,88,98,93,98,95,75,87,83,89,79,87,91,
1.00256  31996 2.68086e+06  10472.1  11.8152 -- 82,91,94,99,96,87,88,93,89,87,96,89,96,89,84,93,90,92,91,100,88,98,93,98,95,75,87,83,89,79,87,91,
1.00317  32058 2.68123e+06  10473.6  11.8213 -- 82,91,95,98,96,87,88,94,89,88,96,89,97,89,84,92,90,92,91,100,88,97,93,98,95,75,87,83,89,79,87,91,
1.00384  32320 2.68199e+06  10476.5    11.78 -- 82,91,95,98,96,87,88,94,88,88,96,90,97,89,84,92,90,91,91,100,88,97,93,98,95,75,87,83,90,79,87,92,
1.00242  32375 2.68059e+06    10471  11.8251 -- 83,91,95,99,96,87,88,93,88,87,96,90,97,89,85,92,90,91,92,100,88,97,93,98,95,75,88,84,90,79,87,91,
-------------- summary --------------
60.1661     -2.68377e+06 10483.5 11.8072

client0Conn0@0(depth=512):
  connect time: 0.005258s
  messages received: 1986954
  messaging time: 60.169483s
  latency: 15.173167ms
  IOPS: 33022.620288
  out throughput: 128.994610MB/s
client0Conn1@0(depth=512):
  connect time: 0.002196s
  messages received: 2414610
  messaging time: 60.169026s
  latency: 12.488557ms
  IOPS: 40130.448468
  out throughput: 156.759564MB/s
client1Conn0@1(depth=512):
  connect time: 0.006227s
  messages received: 2383334
  messaging time: 60.168862s
  latency: 12.604349ms
  IOPS: 39610.753826
  out throughput: 154.729507MB/s
client1Conn1@1(depth=512):
  connect time: 0.005869s
  messages received: 2409002
  messaging time: 60.168676s
  latency: 12.431880ms
  IOPS: 40037.477152
  out throughput: 156.396395MB/s
client2Conn0@2(depth=512):
  connect time: 0.006658s
  messages received: 2517814
  messaging time: 60.169997s
  latency: 11.830994ms
  IOPS: 41845.008147
  out throughput: 163.457063MB/s
client2Conn1@2(depth=512):
  connect time: 0.006002s
  messages received: 2555394
  messaging time: 60.170278s
  latency: 11.630954ms
  IOPS: 42469.373144
  out throughput: 165.895989MB/s
client3Conn0@3(depth=512):
  connect time: 0.005897s
  messages received: 2469324
  messaging time: 60.169033s
  latency: 11.725136ms
  IOPS: 41039.781886
  out throughput: 160.311648MB/s
client3Conn1@3(depth=512):
  connect time: 0.005921s
  messages received: 2697466
  messaging time: 60.169181s
  latency: 10.651926ms
  IOPS: 44831.356077
  out throughput: 175.122485MB/s
client4Conn0@4(depth=512):
  connect time: 0.005336s
  messages received: 3067127
  messaging time: 60.168682s
  latency: 9.386380ms
  IOPS: 50975.472253
  out throughput: 199.122938MB/s
client4Conn1@4(depth=512):
  connect time: 0.006428s
  messages received: 2549993
  messaging time: 60.169412s
  latency: 11.489090ms
  IOPS: 42380.221415
  out throughput: 165.547740MB/s
client5Conn0@5(depth=512):
  connect time: 0.006265s
  messages received: 2391474
  messaging time: 60.168852s
  latency: 12.605146ms
  IOPS: 39746.046549
  out throughput: 155.257994MB/s
client5Conn1@5(depth=512):
  connect time: 0.004932s
  messages received: 2430398
  messaging time: 60.168918s
  latency: 12.427857ms
  IOPS: 40392.914978
  out throughput: 157.784824MB/s
client6Conn0@6(depth=512):
  connect time: 0.005290s
  messages received: 2773856
  messaging time: 60.169220s
  latency: 10.802196ms
  IOPS: 46100.913160
  out throughput: 180.081692MB/s
client6Conn1@6(depth=512):
  connect time: 0.002228s
  messages received: 2386389
  messaging time: 60.169002s
  latency: 12.584792ms
  IOPS: 39661.435582
  out throughput: 154.927483MB/s
client7Conn0@7(depth=512):
  connect time: 0.005274s
  messages received: 3066403
  messaging time: 60.168891s
  latency: 9.604492ms
  IOPS: 50963.263125
  out throughput: 199.075247MB/s
client7Conn1@7(depth=512):
  connect time: 0.005236s
  messages received: 2451556
  messaging time: 60.169192s
  latency: 12.158411ms
  IOPS: 40744.373062
  out throughput: 159.157707MB/s
client8Conn0@8(depth=512):
  connect time: 0.006643s
  messages received: 2534391
  messaging time: 60.169108s
  latency: 11.896276ms
  IOPS: 42121.133262
  out throughput: 164.535677MB/s
client8Conn1@8(depth=512):
  connect time: 0.005804s
  messages received: 2501621
  messaging time: 60.169122s
  latency: 12.000248ms
  IOPS: 41576.491772
  out throughput: 162.408171MB/s
client9Conn0@9(depth=512):
  connect time: 0.005911s
  messages received: 2322579
  messaging time: 60.168923s
  latency: 13.003146ms
  IOPS: 38600.973696
  out throughput: 150.785053MB/s
client9Conn1@9(depth=512):
  connect time: 0.005690s
  messages received: 2651739
  messaging time: 60.168895s
  latency: 11.330356ms
  IOPS: 44071.591824
  out throughput: 172.154656MB/s
client10Conn0@10(depth=512):
  connect time: 0.005711s
  messages received: 3014905
  messaging time: 60.170376s
  latency: 9.601783ms
  IOPS: 50106.135062
  out throughput: 195.727090MB/s
client10Conn1@10(depth=512):
  connect time: 0.005913s
  messages received: 2521125
  messaging time: 60.170568s
  latency: 11.676654ms
  IOPS: 41899.637718
  out throughput: 163.670460MB/s
client11Conn0@11(depth=512):
  connect time: 0.005802s
  messages received: 2489114
  messaging time: 60.168751s
  latency: 12.056003ms
  IOPS: 41368.882647
  out throughput: 161.597198MB/s
client11Conn1@11(depth=512):
  connect time: 0.005587s
  messages received: 2398974
  messaging time: 60.168883s
  latency: 12.521237ms
  IOPS: 39870.675478
  out throughput: 155.744826MB/s
client12Conn0@12(depth=512):
  connect time: 0.006254s
  messages received: 3056371
  messaging time: 60.169696s
  latency: 9.415378ms
  IOPS: 50795.852276
  out throughput: 198.421298MB/s
client12Conn1@12(depth=512):
  connect time: 0.005925s
  messages received: 2509251
  messaging time: 60.169762s
  latency: 11.659720ms
  IOPS: 41702.857145
  out throughput: 162.901786MB/s
client13Conn0@13(depth=512):
  connect time: 0.005861s
  messages received: 2349390
  messaging time: 60.169103s
  latency: 12.770148ms
  IOPS: 39046.452076
  out throughput: 152.525203MB/s
client13Conn1@13(depth=512):
  connect time: 0.005436s
  messages received: 2653820
  messaging time: 60.169271s
  latency: 11.256324ms
  IOPS: 44105.902738
  out throughput: 172.288683MB/s
client14Conn0@14(depth=512):
  connect time: 0.005950s
  messages received: 2257783
  messaging time: 60.169253s
  latency: 13.400568ms
  IOPS: 37523.866217
  out throughput: 146.577602MB/s
client14Conn1@14(depth=512):
  connect time: 0.005709s
  messages received: 2331216
  messaging time: 60.169317s
  latency: 12.941723ms
  IOPS: 38744.265708
  out throughput: 151.344788MB/s
client15Conn0@15(depth=512):
  connect time: 0.005965s
  messages received: 2347092
  messaging time: 60.168901s
  latency: 12.683235ms
  IOPS: 39008.390515
  out throughput: 152.376525MB/s
client15Conn1@15(depth=512):
  connect time: 0.005495s
  messages received: 2658845
  messaging time: 60.168865s
  latency: 11.136555ms
  IOPS: 44189.714792
  out throughput: 172.616073MB/s
client16Conn0@16(depth=512):
  connect time: 0.005277s
  messages received: 2440303
  messaging time: 60.168920s
  latency: 12.322592ms
  IOPS: 40557.533447
  out throughput: 158.427865MB/s
client16Conn1@16(depth=512):
  connect time: 0.006207s
  messages received: 2433603
  messaging time: 60.169120s
  latency: 12.324066ms
  IOPS: 40446.046120
  out throughput: 157.992368MB/s
client17Conn0@17(depth=512):
  connect time: 0.005324s
  messages received: 2466831
  messaging time: 60.169486s
  latency: 12.167688ms
  IOPS: 40998.039933
  out throughput: 160.148593MB/s
client17Conn1@17(depth=512):
  connect time: 0.005546s
  messages received: 2389953
  messaging time: 60.169369s
  latency: 12.535228ms
  IOPS: 39720.426603
  out throughput: 155.157916MB/s
client18Conn0@18(depth=512):
  connect time: 0.005716s
  messages received: 2434577
  messaging time: 60.169668s
  latency: 12.326036ms
  IOPS: 40461.865164
  out throughput: 158.054161MB/s
client18Conn1@18(depth=512):
  connect time: 0.005689s
  messages received: 2363699
  messaging time: 60.169685s
  latency: 12.662904ms
  IOPS: 39283.885426
  out throughput: 153.452677MB/s
client19Conn0@19(depth=512):
  connect time: 0.005257s
  messages received: 2918620
  messaging time: 60.169455s
  latency: 9.341055ms
  IOPS: 48506.671356
  out throughput: 189.479185MB/s
client19Conn1@19(depth=512):
  connect time: 0.005545s
  messages received: 2451555
  messaging time: 60.169144s
  latency: 11.435623ms
  IOPS: 40744.389065
  out throughput: 159.157770MB/s
client20Conn0@20(depth=512):
  connect time: 0.005357s
  messages received: 2425867
  messaging time: 60.168402s
  latency: 12.420627ms
  IOPS: 40317.956159
  out throughput: 157.492016MB/s
client20Conn1@20(depth=512):
  connect time: 0.005288s
  messages received: 2279039
  messaging time: 60.168907s
  latency: 13.206328ms
  IOPS: 37877.354476
  out throughput: 147.958416MB/s
client21Conn0@21(depth=512):
  connect time: 0.005311s
  messages received: 2757969
  messaging time: 60.169835s
  latency: 10.517148ms
  IOPS: 45836.406411
  out throughput: 179.048463MB/s
client21Conn1@21(depth=512):
  connect time: 0.006021s
  messages received: 2600124
  messaging time: 60.169752s
  latency: 11.222269ms
  IOPS: 43213.141564
  out throughput: 168.801334MB/s
client22Conn0@22(depth=512):
  connect time: 0.005919s
  messages received: 2482839
  messaging time: 60.168546s
  latency: 12.000609ms
  IOPS: 41264.733431
  out throughput: 161.190365MB/s
client22Conn1@22(depth=512):
  connect time: 0.006032s
  messages received: 2405855
  messaging time: 60.168566s
  latency: 12.443536ms
  IOPS: 39985.247273
  out throughput: 156.192372MB/s
client23Conn0@23(depth=512):
  connect time: 0.006619s
  messages received: 2796044
  messaging time: 60.170069s
  latency: 10.228291ms
  IOPS: 46469.017650
  out throughput: 181.519600MB/s
client23Conn1@23(depth=512):
  connect time: 0.005827s
  messages received: 2414197
  messaging time: 60.169663s
  latency: 12.002792ms
  IOPS: 40123.159612
  out throughput: 156.731092MB/s
client24Conn0@24(depth=512):
  connect time: 0.005765s
  messages received: 3004161
  messaging time: 60.169273s
  latency: 10.226482ms
  IOPS: 49928.491036
  out throughput: 195.033168MB/s
client24Conn1@24(depth=512):
  connect time: 0.006171s
  messages received: 3020804
  messaging time: 60.169488s
  latency: 10.170313ms
  IOPS: 50204.914142
  out throughput: 196.112946MB/s
client25Conn0@25(depth=512):
  connect time: 0.005807s
  messages received: 2255470
  messaging time: 60.169127s
  latency: 13.510775ms
  IOPS: 37485.503122
  out throughput: 146.427747MB/s
client25Conn1@25(depth=512):
  connect time: 0.006314s
  messages received: 2373346
  messaging time: 60.169648s
  latency: 12.840889ms
  IOPS: 39444.239163
  out throughput: 154.079059MB/s
client26Conn0@26(depth=512):
  connect time: 0.005844s
  messages received: 2513927
  messaging time: 60.169235s
  latency: 11.956247ms
  IOPS: 41780.936727
  out throughput: 163.206784MB/s
client26Conn1@26(depth=512):
  connect time: 0.006025s
  messages received: 2942144
  messaging time: 60.169261s
  latency: 10.216357ms
  IOPS: 48897.791470
  out throughput: 191.006998MB/s
client27Conn0@27(depth=512):
  connect time: 0.005862s
  messages received: 2479543
  messaging time: 60.169669s
  latency: 12.184003ms
  IOPS: 41209.184617
  out throughput: 160.973377MB/s
client27Conn1@27(depth=512):
  connect time: 0.006027s
  messages received: 2714300
  messaging time: 60.169640s
  latency: 11.107699ms
  IOPS: 45110.789876
  out throughput: 176.214023MB/s
client28Conn0@28(depth=512):
  connect time: 0.005792s
  messages received: 2354716
  messaging time: 60.169109s
  latency: 12.790642ms
  IOPS: 39134.965283
  out throughput: 152.870958MB/s
client28Conn1@28(depth=512):
  connect time: 0.005611s
  messages received: 2514095
  messaging time: 60.169076s
  latency: 11.941700ms
  IOPS: 41783.839060
  out throughput: 163.218121MB/s
client29Conn0@29(depth=512):
  connect time: 0.005298s
  messages received: 1857929
  messaging time: 60.169358s
  latency: 16.371420ms
  IOPS: 30878.325036
  out throughput: 120.618457MB/s
client29Conn1@29(depth=512):
  connect time: 0.006111s
  messages received: 2394732
  messaging time: 60.169331s
  latency: 12.658820ms
  IOPS: 39799.877155
  out throughput: 155.468270MB/s
client30Conn0@30(depth=512):
  connect time: 0.006277s
  messages received: 2530353
  messaging time: 60.169103s
  latency: 11.902881ms
  IOPS: 42054.025840
  out throughput: 164.273538MB/s
client30Conn1@30(depth=512):
  connect time: 0.006215s
  messages received: 2331181
  messaging time: 60.169148s
  latency: 12.962728ms
  IOPS: 38743.792549
  out throughput: 151.342940MB/s
client31Conn0@31(depth=512):
  connect time: 0.005742s
  messages received: 2239297
  messaging time: 60.169225s
  latency: 13.406619ms
  IOPS: 37216.650053
  out throughput: 145.377539MB/s
client31Conn1@31(depth=512):
  connect time: 0.005473s
  messages received: 2742396
  messaging time: 60.169254s
  latency: 10.854693ms
  IOPS: 45578.029143
  out throughput: 178.039176MB/s

per client:
client0(depth=1024):
  connect time: 0.003727s
  messages received: 4401564
  messaging time: 60.169255s
  latency: 13.830862ms
  IOPS: 73153.068756
  out throughput: 285.754175MB/s
client1(depth=1024):
  connect time: 0.006048s
  messages received: 4792336
  messaging time: 60.168769s
  latency: 12.518114ms
  IOPS: 79648.230978
  out throughput: 311.125902MB/s
client2(depth=1024):
  connect time: 0.006330s
  messages received: 5073208
  messaging time: 60.170137s
  latency: 11.730974ms
  IOPS: 84314.381291
  out throughput: 329.353052MB/s
client3(depth=1024):
  connect time: 0.005909s
  messages received: 5166790
  messaging time: 60.169107s
  latency: 11.188531ms
  IOPS: 85871.137963
  out throughput: 335.434133MB/s
client4(depth=1024):
  connect time: 0.005882s
  messages received: 5617120
  messaging time: 60.169047s
  latency: 10.437735ms
  IOPS: 93355.693668
  out throughput: 364.670678MB/s
client5(depth=1024):
  connect time: 0.005598s
  messages received: 4821872
  messaging time: 60.168885s
  latency: 12.516502ms
  IOPS: 80138.961527
  out throughput: 313.042818MB/s
client6(depth=1024):
  connect time: 0.003759s
  messages received: 5160245
  messaging time: 60.169111s
  latency: 11.693494ms
  IOPS: 85762.348741
  out throughput: 335.009175MB/s
client7(depth=1024):
  connect time: 0.005255s
  messages received: 5517959
  messaging time: 60.169041s
  latency: 10.881451ms
  IOPS: 91707.636186
  out throughput: 358.232954MB/s
client8(depth=1024):
  connect time: 0.006224s
  messages received: 5036012
  messaging time: 60.169115s
  latency: 11.948262ms
  IOPS: 83697.625034
  out throughput: 326.943848MB/s
client9(depth=1024):
  connect time: 0.005800s
  messages received: 4974318
  messaging time: 60.168909s
  latency: 12.166751ms
  IOPS: 82672.565519
  out throughput: 322.939709MB/s
client10(depth=1024):
  connect time: 0.005812s
  messages received: 5536030
  messaging time: 60.170472s
  latency: 10.639218ms
  IOPS: 92005.772780
  out throughput: 359.397550MB/s
client11(depth=1024):
  connect time: 0.005695s
  messages received: 4888088
  messaging time: 60.168817s
  latency: 12.288620ms
  IOPS: 81239.558125
  out throughput: 317.342024MB/s
client12(depth=1024):
  connect time: 0.006090s
  messages received: 5565622
  messaging time: 60.169729s
  latency: 10.537549ms
  IOPS: 92498.709420
  out throughput: 361.323084MB/s
client13(depth=1024):
  connect time: 0.005649s
  messages received: 5003210
  messaging time: 60.169187s
  latency: 12.013236ms
  IOPS: 83152.354814
  out throughput: 324.813886MB/s
client14(depth=1024):
  connect time: 0.005829s
  messages received: 4588999
  messaging time: 60.169285s
  latency: 13.171145ms
  IOPS: 76268.131925
  out throughput: 297.922390MB/s
client15(depth=1024):
  connect time: 0.005730s
  messages received: 5005937
  messaging time: 60.168883s
  latency: 11.909895ms
  IOPS: 83198.105308
  out throughput: 324.992599MB/s
client16(depth=1024):
  connect time: 0.005742s
  messages received: 4873906
  messaging time: 60.169020s
  latency: 12.323329ms
  IOPS: 81003.579567
  out throughput: 316.420233MB/s
client17(depth=1024):
  connect time: 0.005435s
  messages received: 4856784
  messaging time: 60.169428s
  latency: 12.351458ms
  IOPS: 80718.466536
  out throughput: 315.306510MB/s
client18(depth=1024):
  connect time: 0.005703s
  messages received: 4798276
  messaging time: 60.169676s
  latency: 12.494470ms
  IOPS: 79745.750590
  out throughput: 311.506838MB/s
client19(depth=1024):
  connect time: 0.005401s
  messages received: 5370175
  messaging time: 60.169300s
  latency: 10.388339ms
  IOPS: 89251.060421
  out throughput: 348.636955MB/s
client20(depth=1024):
  connect time: 0.005323s
  messages received: 4704906
  messaging time: 60.168654s
  latency: 12.813477ms
  IOPS: 78195.310635
  out throughput: 305.450432MB/s
client21(depth=1024):
  connect time: 0.005666s
  messages received: 5358093
  messaging time: 60.169793s
  latency: 10.869708ms
  IOPS: 89049.547974
  out throughput: 347.849797MB/s
client22(depth=1024):
  connect time: 0.005976s
  messages received: 4888694
  messaging time: 60.168556s
  latency: 12.222073ms
  IOPS: 81249.980703
  out throughput: 317.382737MB/s
client23(depth=1024):
  connect time: 0.006223s
  messages received: 5210241
  messaging time: 60.169866s
  latency: 11.115542ms
  IOPS: 86592.177262
  out throughput: 338.250692MB/s
client24(depth=1024):
  connect time: 0.005968s
  messages received: 6024965
  messaging time: 60.169381s
  latency: 10.198398ms
  IOPS: 100133.405178
  out throughput: 391.146114MB/s
client25(depth=1024):
  connect time: 0.006061s
  messages received: 4628816
  messaging time: 60.169388s
  latency: 13.175832ms
  IOPS: 76929.742285
  out throughput: 300.506806MB/s
client26(depth=1024):
  connect time: 0.005934s
  messages received: 5456071
  messaging time: 60.169248s
  latency: 11.086302ms
  IOPS: 90678.728196
  out throughput: 354.213782MB/s
client27(depth=1024):
  connect time: 0.005944s
  messages received: 5193843
  messaging time: 60.169655s
  latency: 11.645851ms
  IOPS: 86319.974494
  out throughput: 337.187400MB/s
client28(depth=1024):
  connect time: 0.005701s
  messages received: 4868811
  messaging time: 60.169093s
  latency: 12.366171ms
  IOPS: 80918.804343
  out throughput: 316.089079MB/s
client29(depth=1024):
  connect time: 0.005704s
  messages received: 4252661
  messaging time: 60.169345s
  latency: 14.515120ms
  IOPS: 70678.202191
  out throughput: 276.086727MB/s
client30(depth=1024):
  connect time: 0.006246s
  messages received: 4861534
  messaging time: 60.169126s
  latency: 12.432804ms
  IOPS: 80797.818389
  out throughput: 315.616478MB/s
client31(depth=1024):
  connect time: 0.005608s
  messages received: 4981693
  messaging time: 60.169239s
  latency: 12.130656ms
  IOPS: 82794.679196
  out throughput: 323.416716MB/s

all(depth=32768):
  connect time: 0.005687s
  messages received: 161478779
  messaging time: 60.169266s
  latency: 11.925058ms
  IOPS: 2683741.509996
  out throughput: 10483.365273MB/s
