1267900 1267900 perf-crimson-ms   0	pid 1267900's current affinity list: 0
1267900 1267902 reactor-1         1	pid 1267902's current affinity list: 1
1267900 1267903 reactor-2         2	pid 1267903's current affinity list: 2
1267900 1267904 reactor-3         3	pid 1267904's current affinity list: 3
1267900 1267905 reactor-4         4	pid 1267905's current affinity list: 4
1267900 1267906 reactor-5         5	pid 1267906's current affinity list: 5
1267900 1267907 reactor-6         6	pid 1267907's current affinity list: 6
1267900 1267908 reactor-7         7	pid 1267908's current affinity list: 7
1267900 1267909 reactor-8        28	pid 1267909's current affinity list: 28
1267900 1267910 reactor-9        29	pid 1267910's current affinity list: 29
1267900 1267911 reactor-10       30	pid 1267911's current affinity list: 30
1267900 1267912 reactor-11       31	pid 1267912's current affinity list: 31
1267900 1267913 reactor-12       32	pid 1267913's current affinity list: 32
1267900 1267914 reactor-13       33	pid 1267914's current affinity list: 33
1267900 1267915 reactor-14       34	pid 1267915's current affinity list: 34
1267900 1267916 reactor-15       35	pid 1267916's current affinity list: 35
1267900 1267917 reactor-16       56	pid 1267917's current affinity list: 56
1267900 1267918 reactor-17       57	pid 1267918's current affinity list: 57
1267900 1267919 reactor-18       58	pid 1267919's current affinity list: 58
1267900 1267920 reactor-19       59	pid 1267920's current affinity list: 59
1267900 1267921 reactor-20       60	pid 1267921's current affinity list: 60
1267900 1267922 reactor-21       61	pid 1267922's current affinity list: 61
1267900 1267923 reactor-22       62	pid 1267923's current affinity list: 62
1267900 1267924 reactor-23       63	pid 1267924's current affinity list: 63
1267900 1267925 reactor-24       84	pid 1267925's current affinity list: 84
1267900 1267926 reactor-25       85	pid 1267926's current affinity list: 85
1267900 1267927 reactor-26       86	pid 1267927's current affinity list: 86
1267900 1267928 reactor-27       87	pid 1267928's current affinity list: 87
1267900 1267929 reactor-28       88	pid 1267929's current affinity list: 88
1267900 1267930 reactor-29       89	pid 1267930's current affinity list: 89
1267900 1267931 reactor-30       90	pid 1267931's current affinity list: 90
1267900 1267932 reactor-31       91	pid 1267932's current affinity list: 91
1267900 1267933 syscall-0         0	pid 1267933's current affinity list: 0
1267900 1267934 syscall-16       56	pid 1267934's current affinity list: 56
1267900 1267935 syscall-30       90	pid 1267935's current affinity list: 90
1267900 1267936 syscall-5         5	pid 1267936's current affinity list: 5
1267900 1267937 syscall-8        28	pid 1267937's current affinity list: 28
1267900 1267938 syscall-9        29	pid 1267938's current affinity list: 29
1267900 1267939 syscall-14       34	pid 1267939's current affinity list: 34
1267900 1267940 syscall-25       85	pid 1267940's current affinity list: 85
1267900 1267941 syscall-13       33	pid 1267941's current affinity list: 33
1267900 1267942 syscall-12       32	pid 1267942's current affinity list: 32
1267900 1267943 syscall-19       59	pid 1267943's current affinity list: 59
1267900 1267944 syscall-24       84	pid 1267944's current affinity list: 84
1267900 1267945 syscall-1         1	pid 1267945's current affinity list: 1
1267900 1267946 syscall-22       62	pid 1267946's current affinity list: 62
1267900 1267947 syscall-29       89	pid 1267947's current affinity list: 89
1267900 1267948 syscall-28       88	pid 1267948's current affinity list: 88
1267900 1267949 syscall-3         3	pid 1267949's current affinity list: 3
1267900 1267950 syscall-7         7	pid 1267950's current affinity list: 7
1267900 1267951 syscall-10       30	pid 1267951's current affinity list: 30
1267900 1267952 syscall-26       86	pid 1267952's current affinity list: 86
1267900 1267953 syscall-6         6	pid 1267953's current affinity list: 6
1267900 1267954 syscall-21       61	pid 1267954's current affinity list: 61
1267900 1267955 syscall-2         2	pid 1267955's current affinity list: 2
1267900 1267956 syscall-23       63	pid 1267956's current affinity list: 63
1267900 1267957 syscall-4         4	pid 1267957's current affinity list: 4
1267900 1267958 syscall-20       60	pid 1267958's current affinity list: 60
1267900 1267959 syscall-31       91	pid 1267959's current affinity list: 91
1267900 1267960 syscall-17       57	pid 1267960's current affinity list: 57
1267900 1267961 syscall-27       87	pid 1267961's current affinity list: 87
1267900 1267962 syscall-18       58	pid 1267962's current affinity list: 58
1267900 1267963 syscall-11       31	pid 1267963's current affinity list: 31
1267900 1267964 syscall-15       35	pid 1267964's current affinity list: 35
