['fio_classic_1osd_32fio_rc_1job_1io_4k_randwrite_p0.json', 'fio_classic_1osd_32fio_rc_1job_2io_4k_randwrite_p0.json', 'fio_classic_1osd_32fio_rc_1job_4io_4k_randwrite_p0.json', 'fio_classic_1osd_32fio_rc_1job_8io_4k_randwrite_p0.json', 'fio_classic_1osd_32fio_rc_1job_16io_4k_randwrite_p0.json', 'fio_classic_1osd_32fio_rc_1job_24io_4k_randwrite_p0.json', 'fio_classic_1osd_32fio_rc_1job_32io_4k_randwrite_p0.json', 'fio_classic_1osd_32fio_rc_1job_40io_4k_randwrite_p0.json', 'fio_classic_1osd_32fio_rc_1job_52io_4k_randwrite_p0.json', 'fio_classic_1osd_32fio_rc_1job_64io_4k_randwrite_p0.json']
loading 10 .json files ...
Num jobs: 1
== fio_classic_1osd_32fio_rc_1job_1io_4k_randwrite_p0.json ==
{'clat_ms': 0.521257085556,
 'clat_stdev': 1.0215395822789999,
 'iodepth': '1',
 'iops': 60708.635276,
 'jobname': 'randwrite',
 'sys_cpu': 0.876948,
 'timestamp': '1747200548',
 'total_ios': 18212712,
 'usr_cpu': 1.25251}
Num jobs: 1
== fio_classic_1osd_32fio_rc_1job_2io_4k_randwrite_p0.json ==
{'clat_ms': 0.7571382778160001,
 'clat_stdev': 0.6014871907620001,
 'iodepth': '2',
 'iops': 83892.960357,
 'jobname': 'randwrite',
 'sys_cpu': 1.142531,
 'timestamp': '1747200890',
 'total_ios': 25167972,
 'usr_cpu': 1.654552}
Num jobs: 1
== fio_classic_1osd_32fio_rc_1job_4io_4k_randwrite_p0.json ==
{'clat_ms': 1.297528996552,
 'clat_stdev': 0.803567026354,
 'iodepth': '4',
 'iops': 98191.891414,
 'jobname': 'randwrite',
 'sys_cpu': 1.363172,
 'timestamp': '1747201233',
 'total_ios': 29457862,
 'usr_cpu': 1.978295}
Num jobs: 1
== fio_classic_1osd_32fio_rc_1job_8io_4k_randwrite_p0.json ==
{'clat_ms': 2.3768476149269997,
 'clat_stdev': 1.187895862595,
 'iodepth': '8',
 'iops': 107379.844935,
 'jobname': 'randwrite',
 'sys_cpu': 1.668148,
 'timestamp': '1747201578',
 'total_ios': 32214383,
 'usr_cpu': 2.461956}
Num jobs: 1
== fio_classic_1osd_32fio_rc_1job_16io_4k_randwrite_p0.json ==
{'clat_ms': 4.723944431433,
 'clat_stdev': 7.939891665718999,
 'iodepth': '16',
 'iops': 108182.427252,
 'jobname': 'randwrite',
 'sys_cpu': 1.302136,
 'timestamp': '1747201923',
 'total_ios': 32455810,
 'usr_cpu': 2.053854}
Num jobs: 1
== fio_classic_1osd_32fio_rc_1job_24io_4k_randwrite_p0.json ==
{'clat_ms': 7.05037089436,
 'clat_stdev': 17.024974052237,
 'iodepth': '24',
 'iops': 108715.129456,
 'jobname': 'randwrite',
 'sys_cpu': 1.207682,
 'timestamp': '1747202268',
 'total_ios': 32617148,
 'usr_cpu': 1.902161}
Num jobs: 1
== fio_classic_1osd_32fio_rc_1job_32io_4k_randwrite_p0.json ==
{'clat_ms': 9.40571699285,
 'clat_stdev': 26.701688981075,
 'iodepth': '32',
 'iops': 108621.021582,
 'jobname': 'randwrite',
 'sys_cpu': 1.138217,
 'timestamp': '1747202614',
 'total_ios': 32589022,
 'usr_cpu': 1.863148}
Num jobs: 1
== fio_classic_1osd_32fio_rc_1job_40io_4k_randwrite_p0.json ==
{'clat_ms': 11.371264042026,
 'clat_stdev': 35.166691753524,
 'iodepth': '40',
 'iops': 108804.312255,
 'jobname': 'randwrite',
 'sys_cpu': 1.135572,
 'timestamp': '1747202959',
 'total_ios': 32649454,
 'usr_cpu': 1.859158}
Num jobs: 1
== fio_classic_1osd_32fio_rc_1job_52io_4k_randwrite_p0.json ==
{'clat_ms': 11.459078458239,
 'clat_stdev': 36.693532786045,
 'iodepth': '52',
 'iops': 109352.180361,
 'jobname': 'randwrite',
 'sys_cpu': 1.401485,
 'timestamp': '1747203304',
 'total_ios': 32812762,
 'usr_cpu': 2.290787}
Num jobs: 1
== fio_classic_1osd_32fio_rc_1job_64io_4k_randwrite_p0.json ==
{'clat_ms': 11.763377061196,
 'clat_stdev': 38.184948602152,
 'iodepth': '64',
 'iops': 108639.519577,
 'jobname': 'randwrite',
 'sys_cpu': 1.600862,
 'timestamp': '1747203648',
 'total_ios': 32599352,
 'usr_cpu': 2.738423}
Note: clat_ns has been converted to milliseconds
Note: bw has been converted to MiBs
 avg_cpu list has: 1 items
Table (after aggregating OSD CPU avg data):
{'OSD_cpu': [744.0933333333354,
             1004.0766666666647,
             1155.326666666662,
             1238.7133333333352,
             1246.0800000000002,
             1245.0399999999988,
             1241.2033333333322,
             1229.1866666666654,
             1225.2433333333315,
             1209.3366666666639],
 'OSD_mem': [70.41000000000001,
             50.073333333334986,
             62.16000000000038,
             73.25999999999961,
             76.46666666666559,
             75.72666666666558,
             75.97333333333219,
             75.47999999999921,
             76.4666666666657,
             74.73999999999981],
 'clat_ms': [0.521257085556,
             0.7571382778160001,
             1.297528996552,
             2.3768476149269997,
             4.723944431433,
             7.05037089436,
             9.40571699285,
             11.371264042026,
             11.459078458239,
             11.763377061196],
 'clat_stdev': [1.0215395822789999,
                0.6014871907620001,
                0.803567026354,
                1.187895862595,
                7.939891665718999,
                17.024974052237,
                26.701688981075,
                35.166691753524,
                36.693532786045,
                38.184948602152],
 'iodepth': ['1', '2', '4', '8', '16',
             '24', '32', '40', '52',
             '64'],
 'iops': [60708.635276, 83892.960357,
          98191.891414, 107379.844935,
          108182.427252, 108715.129456,
          108621.021582, 108804.312255,
          109352.180361, 108639.519577],
 'sys_cpu': [0.876948, 1.142531,
             1.363172, 1.668148,
             1.302136, 1.207682,
             1.138217, 1.135572,
             1.401485, 1.600862],
 'total_ios': [18212712, 25167972,
               29457862, 32214383,
               32455810, 32617148,
               32589022, 32649454,
               32812762, 32599352],
 'usr_cpu': [1.25251, 1.654552, 1.978295,
             2.461956, 2.053854,
             1.902161, 1.863148,
             1.859158, 2.290787,
             2.738423]}
 avg_cpu list has: 1 items
Table (after aggregating FIO CPU avg data):
{'FIO_cpu': [427.3799999999971,
             578.0499999999873,
             689.2366666666486,
             838.6199999999806,
             708.3166666666506,
             653.7699999999833,
             622.3066666666564,
             601.0566666666581,
             571.4599999999969,
             557.5833333333306],
 'FIO_mem': [116.99999999999403,
             145.49999999999696,
             154.49999999999733,
             179.99999999999173,
             181.49999999999716,
             183.00000000000094,
             181.50000000001083,
             173.64666666667605,
             143.71999999999642,
             128.18666666666073],
 'OSD_cpu': [744.0933333333354,
             1004.0766666666647,
             1155.326666666662,
             1238.7133333333352,
             1246.0800000000002,
             1245.0399999999988,
             1241.2033333333322,
             1229.1866666666654,
             1225.2433333333315,
             1209.3366666666639],
 'OSD_mem': [70.41000000000001,
             50.073333333334986,
             62.16000000000038,
             73.25999999999961,
             76.46666666666559,
             75.72666666666558,
             75.97333333333219,
             75.47999999999921,
             76.4666666666657,
             74.73999999999981],
 'clat_ms': [0.521257085556,
             0.7571382778160001,
             1.297528996552,
             2.3768476149269997,
             4.723944431433,
             7.05037089436,
             9.40571699285,
             11.371264042026,
             11.459078458239,
             11.763377061196],
 'clat_stdev': [1.0215395822789999,
                0.6014871907620001,
                0.803567026354,
                1.187895862595,
                7.939891665718999,
                17.024974052237,
                26.701688981075,
                35.166691753524,
                36.693532786045,
                38.184948602152],
 'iodepth': ['1', '2', '4', '8', '16',
             '24', '32', '40', '52',
             '64'],
 'iops': [60708.635276, 83892.960357,
          98191.891414, 107379.844935,
          108182.427252, 108715.129456,
          108621.021582, 108804.312255,
          109352.180361, 108639.519577],
 'sys_cpu': [0.876948, 1.142531,
             1.363172, 1.668148,
             1.302136, 1.207682,
             1.138217, 1.135572,
             1.401485, 1.600862],
 'total_ios': [18212712, 25167972,
               29457862, 32214383,
               32455810, 32617148,
               32589022, 32649454,
               32812762, 32599352],
 'usr_cpu': [1.25251, 1.654552, 1.978295,
             2.461956, 2.053854,
             1.902161, 1.863148,
             1.859158, 2.290787,
             2.738423]}
 Wiki table: classic_1osd_32fio_rc_1procs_randwrite
{| class="wikitable"
|- 
 ! colspan="11"  | 
        classic_1osd_32fio_rc_1procs_randwrite
|-
! iodepth !! iops !! total_ios !! clat_ms !! clat_stdev !! usr_cpu !! sys_cpu !! OSD_cpu !! OSD_mem !! FIO_cpu !! FIO_mem
|-
 | 1  || 60708.64  || 18212712.00  || 0.52  || 1.02  || 1.25  || 0.88  || 744.09  || 70.41  || 427.38  || 117.00 
|-
 | 2  || 83892.96  || 25167972.00  || 0.76  || 0.60  || 1.65  || 1.14  || 1004.08  || 50.07  || 578.05  || 145.50 
|-
 | 4  || 98191.89  || 29457862.00  || 1.30  || 0.80  || 1.98  || 1.36  || 1155.33  || 62.16  || 689.24  || 154.50 
|-
 | 8  || 107379.84  || 32214383.00  || 2.38  || 1.19  || 2.46  || 1.67  || 1238.71  || 73.26  || 838.62  || 180.00 
|-
 | 16  || 108182.43  || 32455810.00  || 4.72  || 7.94  || 2.05  || 1.30  || 1246.08  || 76.47  || 708.32  || 181.50 
|-
 | 24  || 108715.13  || 32617148.00  || 7.05  || 17.02  || 1.90  || 1.21  || 1245.04  || 75.73  || 653.77  || 183.00 
|-
 | 32  || 108621.02  || 32589022.00  || 9.41  || 26.70  || 1.86  || 1.14  || 1241.20  || 75.97  || 622.31  || 181.50 
|-
 | 40  || 108804.31  || 32649454.00  || 11.37  || 35.17  || 1.86  || 1.14  || 1229.19  || 75.48  || 601.06  || 173.65 
|-
 | 52  || 109352.18  || 32812762.00  || 11.46  || 36.69  || 2.29  || 1.40  || 1225.24  || 76.47  || 571.46  || 143.72 
|-
 | 64  || 108639.52  || 32599352.00  || 11.76  || 38.18  || 2.74  || 1.60  || 1209.34  || 74.74  || 557.58  || 128.19 
|-
|}


\begin{table}[h!]
\centering
\begin{tabular}[t]{*{11 }{|c|}}
\hline 
iodepth & iops & total\_ios & clat\_ms & clat\_stdev & usr\_cpu & sys\_cpu & OSD\_cpu & OSD\_mem & FIO\_cpu & FIO\_mem\\
\hline
1  & 60708.64  & 18212712.00  & 0.52  & 1.02  & 1.25  & 0.88  & 744.09  & 70.41  & 427.38  & 117.00 \\
\hline
2  & 83892.96  & 25167972.00  & 0.76  & 0.60  & 1.65  & 1.14  & 1004.08  & 50.07  & 578.05  & 145.50 \\
\hline
4  & 98191.89  & 29457862.00  & 1.30  & 0.80  & 1.98  & 1.36  & 1155.33  & 62.16  & 689.24  & 154.50 \\
\hline
8  & 107379.84  & 32214383.00  & 2.38  & 1.19  & 2.46  & 1.67  & 1238.71  & 73.26  & 838.62  & 180.00 \\
\hline
16  & 108182.43  & 32455810.00  & 4.72  & 7.94  & 2.05  & 1.30  & 1246.08  & 76.47  & 708.32  & 181.50 \\
\hline
24  & 108715.13  & 32617148.00  & 7.05  & 17.02  & 1.90  & 1.21  & 1245.04  & 75.73  & 653.77  & 183.00 \\
\hline
32  & 108621.02  & 32589022.00  & 9.41  & 26.70  & 1.86  & 1.14  & 1241.20  & 75.97  & 622.31  & 181.50 \\
\hline
40  & 108804.31  & 32649454.00  & 11.37  & 35.17  & 1.86  & 1.14  & 1229.19  & 75.48  & 601.06  & 173.65 \\
\hline
52  & 109352.18  & 32812762.00  & 11.46  & 36.69  & 2.29  & 1.40  & 1225.24  & 76.47  & 571.46  & 143.72 \\
\hline
64  & 108639.52  & 32599352.00  & 11.76  & 38.18  & 2.74  & 1.60  & 1209.34  & 74.74  & 557.58  & 128.19 \\
\hline

\hline
\end{tabular}
\caption{Performance Throughput vs Latency vs CPU util: classic_1osd_32fio_rc_1procs_randwrite.}
\label{table:iops-lat-cpu-classic_1osd_32fio_rc_1procs_randwrite}
\end{table}

Done
