   sec  depth      IOPS     MB/s  lat(ms)
1.004   3260    858888  3355.03  3.75697 -- 100,100,100,100,
1.00344   3781    859150  3356.05  3.75806 -- 100,100,100,100,
1.00451   3343    860013  3359.42  3.75235 -- 100,100,100,100,
1.00408   3383    860007   3359.4   3.7548 -- 100,100,100,100,
1.00606   3789    859707  3358.23  3.76982 -- 100,100,100,100,
1.00387   3594    860990  3363.24  3.74377 -- 100,100,100,100,
1.00462   2673    860725  3362.21  3.76135 -- 100,100,100,100,
1.00291   3358    860341  3360.71  3.75672 -- 100,100,100,100,
1.00459   3495    860172  3360.05  3.75308 -- 100,100,100,100,
1.00426   3581    861227  3364.17  3.76163 -- 100,100,100,100,
-------------- summary --------------
10.0455     -  860101 3359.77 3.75679

1.00797   3969    859223  3356.34  3.74941 -- 100,100,100,100,
1.0041   3653    860262   3360.4  3.76444 -- 100,100,100,100,
1.00352   3247    861120  3363.75  3.77664 -- 100,100,100,100,
1.00507   3589    859814  3358.65  3.75826 -- 100,100,100,100,
1.00543   3732    859996  3359.36  3.76292 -- 100,100,100,100,
1.00394   3533    859956   3359.2  3.76456 -- 100,100,100,100,
1.00496   3906    859931  3359.11  3.74329 -- 100,100,100,100,
1.00318   3456    861306  3364.48  3.76008 -- 100,100,100,100,
1.00354   3200    860432  3361.06  3.77783 -- 100,100,100,100,
1.00454   3089    861007  3363.31  3.75718 -- 100,100,100,100,
-------------- summary --------------
20.0923     -  860181 3360.08 3.75915

1.00742   2849    859639  3357.97  3.74702 -- 100,100,100,100,
1.00344   3542    859696  3358.19  3.75451 -- 100,100,100,100,
1.00256   3442    860779  3362.42  3.75555 -- 100,100,100,100,
1.00295   3447    860763  3362.35  3.75152 -- 100,100,100,100,
1.00443   3823    859611  3357.86  3.75308 -- 100,100,100,100,
1.00338   3999    860653  3361.92  3.76646 -- 100,100,100,100,
1.00426   3789    859633  3357.94  3.75399 -- 100,100,100,100,
1.00279   3761    860630  3361.84   3.7601 -- 100,100,100,100,
1.00319   3740    859366   3356.9  3.76314 -- 100,100,100,100,
1.00368   3188    861840  3366.56  3.77992 -- 100,100,100,100,
-------------- summary --------------
30.1291     -  860223 3360.25 3.75894

1.00774   3741    858762  3354.54  3.78416 -- 100,100,100,100,
1.00514   3820    859616  3357.87  3.75051 -- 100,100,100,100,
1.00392   3559    859889  3358.94   3.7879 -- 100,100,100,100,
1.00357   3008    861331  3364.57  3.76986 -- 100,100,100,100,
1.00552   3782    858745  3354.47  3.74651 -- 100,100,100,100,
1.00382   3668    860762  3362.35  3.75618 -- 100,100,100,100,
1.00346   3625    861369  3364.72  3.78352 -- 100,100,100,100,
1.00436   2901    861529  3365.35  3.75914 -- 100,100,100,100,
1.0052   3045    858450  3353.32  3.75938 -- 100,100,100,100,
1.00389   3492    860244  3360.33  3.75553 -- 100,100,100,100,
-------------- summary --------------
40.1769     -  860188 3360.11 3.76051

1.00765   3433    859271  3356.53  3.77597 -- 100,100,100,100,
1.00324   3955    859625  3357.91  3.77859 -- 100,100,100,100,
1.00428   3980    859535  3357.56  3.77701 -- 100,100,100,100,
1.00454   3653    860730  3362.23  3.77153 -- 100,100,100,100,
1.00387   3801    860298  3360.54   3.7536 -- 100,100,100,100,
1.00331   3326    860538  3361.48  3.78371 -- 100,100,100,100,
1.00418   3674    858588  3353.86  3.76736 -- 100,100,100,100,
1.00351   3065    861250  3364.26   3.7503 -- 100,100,100,100,
1.0034   3793    861044  3363.45  3.76379 -- 100,100,100,100,
1.00373   3831    861473  3365.13  3.76049 -- 100,100,100,100,
-------------- summary --------------
50.2184     -  860202 3360.17 3.76205

1.00635   3661    859437  3357.18   3.7645 -- 100,100,100,100,
1.00352   3220    861366  3364.71  3.74966 -- 100,100,100,100,
1.00407   2952    860486  3361.27  3.78573 -- 100,100,100,100,
1.00442   3691    858927  3355.18  3.77219 -- 100,100,100,100,
1.00457   3697    859525  3357.52  3.77441 -- 100,100,100,100,
1.00518   2704    860440  3361.09   3.7688 -- 100,100,100,100,
1.00393   3449    859144  3356.03   3.7746 -- 100,100,100,100,
1.00338   3754    860804  3362.52  3.76274 -- 100,100,100,100,
1.00319   3166    859976  3359.28  3.73813 -- 100,100,100,100,
1.00334   3574    859298  3356.63  3.75476 -- 100,100,100,100,
-------------- summary --------------
60.2607     -  860165 3360.02 3.76245

client0Conn0@0(depth=512):
  connect time: 0.000869s
  messages received: 6381795
  messaging time: 60.264028s
  latency: 3.908346ms
  IOPS: 105897.253234
  out throughput: 413.661145MB/s
client0Conn1@0(depth=512):
  connect time: 0.000501s
  messages received: 6598781
  messaging time: 60.263530s
  latency: 3.733969ms
  IOPS: 109498.746211
  out throughput: 427.729477MB/s
client1Conn0@1(depth=512):
  connect time: 0.000689s
  messages received: 6481098
  messaging time: 60.263577s
  latency: 3.596810ms
  IOPS: 107545.857005
  out throughput: 420.101004MB/s
client1Conn1@1(depth=512):
  connect time: 0.000655s
  messages received: 6460054
  messaging time: 60.263582s
  latency: 3.620408ms
  IOPS: 107196.648764
  out throughput: 418.736909MB/s
client2Conn0@2(depth=512):
  connect time: 0.000681s
  messages received: 6463474
  messaging time: 60.262529s
  latency: 3.806279ms
  IOPS: 107255.272596
  out throughput: 418.965909MB/s
client2Conn1@2(depth=512):
  connect time: 0.000415s
  messages received: 6484295
  messaging time: 60.262534s
  latency: 3.787902ms
  IOPS: 107600.768343
  out throughput: 420.315501MB/s
client3Conn0@3(depth=512):
  connect time: 0.000734s
  messages received: 6391567
  messaging time: 60.262671s
  latency: 3.894348ms
  IOPS: 106061.793779
  out throughput: 414.303882MB/s
client3Conn1@3(depth=512):
  connect time: 0.000667s
  messages received: 6574791
  messaging time: 60.262680s
  latency: 3.755978ms
  IOPS: 109102.200405
  out throughput: 426.180470MB/s

per client:
client0(depth=1024):
  connect time: 0.000685s
  messages received: 12980576
  messaging time: 60.263779s
  latency: 3.821158ms
  IOPS: 215395.999444
  out throughput: 841.390623MB/s
client1(depth=1024):
  connect time: 0.000672s
  messages received: 12941152
  messaging time: 60.263579s
  latency: 3.608609ms
  IOPS: 214742.505769
  out throughput: 838.837913MB/s
client2(depth=1024):
  connect time: 0.000548s
  messages received: 12947769
  messaging time: 60.262532s
  latency: 3.797091ms
  IOPS: 214856.040940
  out throughput: 839.281410MB/s
client3(depth=1024):
  connect time: 0.000700s
  messages received: 12966358
  messaging time: 60.262676s
  latency: 3.825163ms
  IOPS: 215163.994184
  out throughput: 840.484352MB/s

all(depth=4096):
  connect time: 0.000651s
  messages received: 51835855
  messaging time: 60.263141s
  latency: 3.763005ms
  IOPS: 860158.540336
  out throughput: 3359.994298MB/s
