4(2.00002)         0IOPS       -1MiB/s 23(0) 20(0) 20(0) 20(0) 
6(2.00009)         0IOPS       -1MiB/s 0(2) 0(2) 0(2) 0(2) 
8(2.00448)    627749IOPS  2452.15MiB/s 27(2) 29(2) 29(2) 29(2) 
10(2.00199)    861046IOPS  3363.46MiB/s 66(2) 69(2) 69(2) 68(2) 
12(2.00297)    858178IOPS  3352.26MiB/s 100(2) 99(2) 99(2) 99(2) 
14(2.00305)    859859IOPS  3358.82MiB/s 100(2) 99(2) 99(2) 99(2) 
16(2.00332)    859626IOPS  3357.91MiB/s 100(2) 99(2) 99(2) 99(2) 
18(2.00315)    860824IOPS  3362.59MiB/s 100(2) 99(2) 99(2) 99(2) 
20(2.00202)    860540IOPS  3361.48MiB/s 100(2) 99(2) 99(2) 99(2) 
22(2.00141)    861001IOPS  3363.29MiB/s 100(2) 99(2) 100(2) 99(2) 
24(2.00354)    859187IOPS   3356.2MiB/s 100(2) 99(2) 100(2) 99(2) 
26(2.00449)    860564IOPS  3361.58MiB/s 100(2) 99(2) 99(2) 99(2) 
28(2.00353)    859609IOPS  3357.85MiB/s 100(2) 99(2) 99(2) 99(2) 
30(2.00447)    860740IOPS  3362.27MiB/s 100(2) 99(2) 99(2) 99(2) 
32(2.00255)    860752IOPS  3362.31MiB/s 100(2) 99(2) 99(2) 99(2) 
34(2.00296)    859935IOPS  3359.12MiB/s 100(2) 99(2) 99(2) 99(2) 
36(2.00201)    861007IOPS  3363.31MiB/s 100(2) 99(2) 99(2) 99(2) 
38(2.00351)    859842IOPS  3358.76MiB/s 100(2) 99(2) 99(2) 99(2) 
40(2.00299)    860259IOPS  3360.39MiB/s 100(2) 99(2) 99(2) 98(2) 
42(2.00497)    859620IOPS  3357.89MiB/s 100(2) 99(2) 99(2) 99(2) 
44(2.00255)    860317IOPS  3360.61MiB/s 100(2) 99(2) 99(2) 98(2) 
46(2.00445)    859601IOPS  3357.82MiB/s 100(2) 99(2) 99(2) 98(2) 
48(2.00198)    861086IOPS  3363.62MiB/s 100(2) 99(2) 99(2) 98(2) 
50(2.00302)    860512IOPS  3361.38MiB/s 100(2) 99(2) 99(2) 99(2) 
52(2.00253)    860023IOPS  3359.46MiB/s 100(2) 99(2) 99(2) 99(2) 
54(2.00213)    859412IOPS  3357.08MiB/s 100(2) 99(2) 99(2) 99(2) 
56(2.00237)    859822IOPS  3358.68MiB/s 100(2) 99(2) 99(2) 99(2) 
58(2.00297)    860161IOPS  3360.01MiB/s 100(2) 99(2) 99(2) 99(2) 
60(2.00353)    860231IOPS  3360.28MiB/s 100(2) 99(2) 99(2) 99(2) 
62(2.00251)    861388IOPS   3364.8MiB/s 100(2) 99(2) 99(2) 99(2) 
64(2.00415)    859844IOPS  3358.76MiB/s 100(2) 99(2) 99(2) 99(2) 
66(2.00283)    860116IOPS  3359.83MiB/s 100(2) 100(2) 99(2) 99(2) 
68(2.00202)    859463IOPS  3357.28MiB/s 100(2) 99(2) 99(2) 99(2) 
70(2.00247)    860647IOPS   3361.9MiB/s 100(2) 99(2) 99(2) 99(2) 
72(2.0005)    735139IOPS  2871.64MiB/s 98(0) 95(0) 95(0) 95(0) 
