1269109 1269109 perf-crimson-ms  28	pid 1269109's current affinity list: 28
1269109 1269111 reactor-1        29	pid 1269111's current affinity list: 29
1269109 1269112 reactor-2        30	pid 1269112's current affinity list: 30
1269109 1269113 reactor-3        31	pid 1269113's current affinity list: 31
1269109 1269114 reactor-4        32	pid 1269114's current affinity list: 32
1269109 1269115 reactor-5        33	pid 1269115's current affinity list: 33
1269109 1269116 reactor-6        34	pid 1269116's current affinity list: 34
1269109 1269117 reactor-7        35	pid 1269117's current affinity list: 35
1269109 1269118 reactor-8        36	pid 1269118's current affinity list: 36
1269109 1269119 reactor-9        37	pid 1269119's current affinity list: 37
1269109 1269120 reactor-10       38	pid 1269120's current affinity list: 38
1269109 1269121 reactor-11       39	pid 1269121's current affinity list: 39
1269109 1269122 reactor-12       40	pid 1269122's current affinity list: 40
1269109 1269123 reactor-13       41	pid 1269123's current affinity list: 41
1269109 1269124 reactor-14       42	pid 1269124's current affinity list: 42
1269109 1269125 reactor-15       43	pid 1269125's current affinity list: 43
1269109 1269126 reactor-16       44	pid 1269126's current affinity list: 44
1269109 1269127 reactor-17       45	pid 1269127's current affinity list: 45
1269109 1269128 reactor-18       46	pid 1269128's current affinity list: 46
1269109 1269129 reactor-19       47	pid 1269129's current affinity list: 47
1269109 1269130 reactor-20       48	pid 1269130's current affinity list: 48
1269109 1269131 reactor-21       49	pid 1269131's current affinity list: 49
1269109 1269132 reactor-22       50	pid 1269132's current affinity list: 50
1269109 1269133 reactor-23       51	pid 1269133's current affinity list: 51
1269109 1269134 reactor-24       52	pid 1269134's current affinity list: 52
1269109 1269135 reactor-25       53	pid 1269135's current affinity list: 53
1269109 1269136 reactor-26       54	pid 1269136's current affinity list: 54
1269109 1269137 reactor-27       55	pid 1269137's current affinity list: 55
1269109 1269138 syscall-0        28	pid 1269138's current affinity list: 28
1269109 1269139 syscall-25       53	pid 1269139's current affinity list: 53
1269109 1269140 syscall-22       50	pid 1269140's current affinity list: 50
1269109 1269141 syscall-12       40	pid 1269141's current affinity list: 40
1269109 1269142 syscall-13       41	pid 1269142's current affinity list: 41
1269109 1269143 syscall-2        30	pid 1269143's current affinity list: 30
1269109 1269144 syscall-8        36	pid 1269144's current affinity list: 36
1269109 1269145 syscall-3        31	pid 1269145's current affinity list: 31
1269109 1269146 syscall-15       43	pid 1269146's current affinity list: 43
1269109 1269147 syscall-9        37	pid 1269147's current affinity list: 37
1269109 1269148 syscall-21       49	pid 1269148's current affinity list: 49
1269109 1269149 syscall-19       47	pid 1269149's current affinity list: 47
1269109 1269150 syscall-7        35	pid 1269150's current affinity list: 35
1269109 1269151 syscall-11       39	pid 1269151's current affinity list: 39
1269109 1269152 syscall-17       45	pid 1269152's current affinity list: 45
1269109 1269153 syscall-10       38	pid 1269153's current affinity list: 38
1269109 1269154 syscall-18       46	pid 1269154's current affinity list: 46
1269109 1269155 syscall-14       42	pid 1269155's current affinity list: 42
1269109 1269156 syscall-5        33	pid 1269156's current affinity list: 33
1269109 1269157 syscall-27       55	pid 1269157's current affinity list: 55
1269109 1269158 syscall-4        32	pid 1269158's current affinity list: 32
1269109 1269159 syscall-20       48	pid 1269159's current affinity list: 48
1269109 1269160 syscall-24       52	pid 1269160's current affinity list: 52
1269109 1269161 syscall-23       51	pid 1269161's current affinity list: 51
1269109 1269162 syscall-26       54	pid 1269162's current affinity list: 54
1269109 1269163 syscall-1        29	pid 1269163's current affinity list: 29
1269109 1269164 syscall-16       44	pid 1269164's current affinity list: 44
1269109 1269165 syscall-6        34	pid 1269165's current affinity list: 34
