4(2.00003)         0IOPS       -1MiB/s 25(0) 20(0) 20(0) 20(0) 20(0) 20(0) 20(0) 20(0) 20(0) 20(0) 20(0) 20(0) 20(0) 20(0) 20(0) 21(0) 21(0) 21(0) 21(0) 21(0) 21(0) 21(0) 21(0) 22(0) 21(0) 21(0) 21(0) 21(0) 
6(2.00015)         0IOPS       -1MiB/s 0(0) 0(0) 0(0) 0(0) 0(0) 0(0) 0(0) 0(0) 0(0) 0(0) 0(0) 0(0) 0(0) 0(0) 0(0) 0(0) 0(0) 0(0) 0(0) 0(0) 0(0) 0(0) 0(0) 0(0) 0(0) 0(0) 0(0) 0(0) 
8(2.00356) 1.12409e+06IOPS  4390.97MiB/s 10(2) 14(2) 14(2) 14(2) 14(2) 14(2) 14(2) 14(2) 14(2) 14(2) 14(2) 14(2) 14(2) 14(2) 14(2) 14(2) 13(2) 13(2) 13(2) 13(2) 13(2) 13(2) 13(2) 12(2) 13(2) 13(2) 13(2) 13(2) 
10(2.00499) 3.17233e+06IOPS  12391.9MiB/s 50(2) 54(2) 54(2) 54(2) 54(2) 54(2) 54(2) 54(2) 54(2) 54(2) 54(2) 54(2) 54(2) 54(2) 54(2) 54(2) 53(2) 53(2) 53(2) 53(2) 53(2) 53(2) 53(2) 52(2) 53(2) 53(2) 53(2) 53(2) 
12(2.00501) 3.18603e+06IOPS  12445.4MiB/s 90(2) 94(2) 94(2) 94(2) 94(2) 94(2) 94(2) 94(2) 94(2) 94(2) 94(2) 94(2) 94(2) 94(2) 94(2) 94(2) 93(2) 93(2) 93(2) 93(2) 93(2) 93(2) 93(2) 92(2) 93(2) 93(2) 93(2) 93(2) 
14(2.00348) 3.17373e+06IOPS  12397.4MiB/s 100(2) 100(2) 100(2) 100(2) 100(2) 100(2) 100(2) 100(2) 100(2) 100(2) 100(2) 100(2) 100(2) 100(2) 100(2) 100(2) 100(2) 100(2) 100(2) 100(2) 100(2) 100(2) 100(2) 100(2) 100(2) 100(2) 100(2) 100(2) 
16(2.00401) 3.17963e+06IOPS  12420.4MiB/s 100(2) 100(2) 100(2) 100(2) 100(2) 100(2) 100(2) 100(2) 100(2) 100(2) 100(2) 100(2) 100(2) 100(2) 100(2) 100(2) 100(2) 100(2) 100(2) 100(2) 100(2) 100(2) 100(2) 100(2) 100(2) 100(2) 100(2) 100(2) 
18(2.0045) 3.17563e+06IOPS  12404.8MiB/s 100(2) 100(2) 100(2) 100(2) 100(2) 100(2) 100(2) 100(2) 100(2) 100(2) 100(2) 100(2) 100(2) 100(2) 100(2) 100(2) 100(2) 100(2) 100(2) 100(2) 100(2) 100(2) 100(2) 100(2) 100(2) 100(2) 100(2) 100(2) 
20(2.00499) 3.17918e+06IOPS  12418.7MiB/s 100(2) 100(2) 100(2) 100(2) 100(2) 100(2) 100(2) 100(2) 100(2) 100(2) 100(2) 100(2) 100(2) 100(2) 100(2) 100(2) 100(2) 100(2) 100(2) 100(2) 100(2) 100(2) 100(2) 100(2) 100(2) 100(2) 100(2) 100(2) 
22(2.00499) 3.1719e+06IOPS  12390.2MiB/s 100(2) 100(2) 100(2) 100(2) 100(2) 100(2) 100(2) 100(2) 100(2) 100(2) 100(2) 100(2) 100(2) 100(2) 100(2) 100(2) 100(2) 100(2) 100(2) 100(2) 100(2) 100(2) 100(2) 100(2) 100(2) 100(2) 100(2) 100(2) 
24(2.0055) 3.1826e+06IOPS    12432MiB/s 100(2) 100(2) 100(2) 100(2) 100(2) 100(2) 100(2) 100(2) 100(2) 100(2) 100(2) 100(2) 100(2) 100(2) 100(2) 100(2) 100(2) 100(2) 100(2) 100(2) 100(2) 100(2) 100(2) 100(2) 100(2) 100(2) 100(2) 100(2) 
26(2.0065) 3.17788e+06IOPS  12413.6MiB/s 100(2) 100(2) 100(2) 100(2) 100(2) 100(2) 100(2) 100(2) 100(2) 100(2) 100(2) 100(2) 100(2) 100(2) 100(2) 100(2) 100(2) 100(2) 100(2) 100(2) 100(2) 100(2) 100(2) 100(2) 100(2) 100(2) 100(2) 100(2) 
28(2.0045) 3.17411e+06IOPS  12398.9MiB/s 100(2) 100(2) 100(2) 100(2) 100(2) 100(2) 100(2) 100(2) 100(2) 100(2) 100(2) 100(2) 100(2) 100(2) 100(2) 100(2) 100(2) 100(2) 100(2) 100(2) 100(2) 100(2) 100(2) 100(2) 100(2) 100(2) 100(2) 100(2) 
30(2.00552) 3.16949e+06IOPS  12380.8MiB/s 100(2) 100(2) 100(2) 100(2) 100(2) 100(2) 100(2) 100(2) 100(2) 100(2) 100(2) 100(2) 100(2) 100(2) 100(2) 100(2) 100(2) 100(2) 100(2) 100(2) 100(2) 100(2) 100(2) 100(2) 100(2) 100(2) 100(2) 100(2) 
32(2.00302) 3.19141e+06IOPS  12466.5MiB/s 100(2) 100(2) 100(2) 100(2) 100(2) 100(2) 100(2) 100(2) 100(2) 100(2) 100(2) 100(2) 100(2) 100(2) 100(2) 100(2) 100(2) 100(2) 100(2) 100(2) 100(2) 100(2) 100(2) 100(2) 100(2) 100(2) 100(2) 100(2) 
34(2.00445) 3.18132e+06IOPS    12427MiB/s 100(2) 100(2) 100(2) 100(2) 100(2) 100(2) 100(2) 100(2) 100(2) 100(2) 100(2) 100(2) 100(2) 100(2) 100(2) 100(2) 100(2) 100(2) 100(2) 100(2) 100(2) 100(2) 100(2) 100(2) 100(2) 100(2) 100(2) 100(2) 
36(2.00501) 3.17425e+06IOPS  12399.4MiB/s 100(2) 100(2) 100(2) 100(2) 100(2) 100(2) 100(2) 100(2) 100(2) 100(2) 100(2) 100(2) 100(2) 100(2) 100(2) 100(2) 100(2) 100(2) 100(2) 100(2) 100(2) 100(2) 100(2) 100(2) 100(2) 100(2) 100(2) 100(2) 
38(2.00448) 3.19792e+06IOPS  12491.9MiB/s 100(2) 100(2) 100(2) 100(2) 100(2) 100(2) 100(2) 100(2) 100(2) 100(2) 100(2) 100(2) 100(2) 100(2) 100(2) 100(2) 100(2) 100(2) 100(2) 100(2) 100(2) 100(2) 100(2) 100(2) 100(2) 100(2) 100(2) 100(2) 
40(2.00401) 3.18917e+06IOPS  12457.7MiB/s 100(2) 100(2) 100(2) 100(2) 100(2) 100(2) 100(2) 100(2) 100(2) 100(2) 100(2) 100(2) 100(2) 100(2) 100(2) 100(2) 100(2) 100(2) 100(2) 100(2) 100(2) 100(2) 100(2) 100(2) 100(2) 100(2) 100(2) 100(2) 
42(2.0045) 3.18527e+06IOPS  12442.5MiB/s 100(2) 100(2) 100(2) 100(2) 100(2) 100(2) 100(2) 100(2) 100(2) 100(2) 100(2) 100(2) 100(2) 100(2) 100(2) 100(2) 100(2) 100(2) 100(2) 100(2) 100(2) 100(2) 100(2) 100(2) 100(2) 100(2) 100(2) 100(2) 
44(2.00401) 3.17275e+06IOPS  12393.6MiB/s 100(2) 100(2) 100(2) 100(2) 100(2) 100(2) 100(2) 100(2) 100(2) 100(2) 100(2) 100(2) 100(2) 100(2) 100(2) 100(2) 100(2) 100(2) 100(2) 100(2) 100(2) 100(2) 100(2) 100(2) 100(2) 100(2) 100(2) 100(2) 
46(2.004) 3.17097e+06IOPS  12386.6MiB/s 100(2) 100(2) 100(2) 100(2) 100(2) 100(2) 100(2) 100(2) 100(2) 100(2) 100(2) 100(2) 100(2) 100(2) 100(2) 100(2) 100(2) 100(2) 100(2) 100(2) 100(2) 100(2) 100(2) 100(2) 100(2) 100(2) 100(2) 100(2) 
48(2.0035) 3.17382e+06IOPS  12397.7MiB/s 100(2) 100(2) 100(2) 100(2) 100(2) 100(2) 100(2) 100(2) 100(2) 100(2) 100(2) 100(2) 100(2) 100(2) 100(2) 100(2) 100(2) 100(2) 100(2) 100(2) 100(2) 100(2) 100(2) 100(2) 100(2) 100(2) 100(2) 100(2) 
50(2.00458) 3.16826e+06IOPS    12376MiB/s 100(2) 100(2) 100(2) 100(2) 100(2) 100(2) 100(2) 100(2) 100(2) 100(2) 100(2) 100(2) 100(2) 100(2) 100(2) 100(2) 100(2) 100(2) 100(2) 100(2) 100(2) 100(2) 100(2) 100(2) 100(2) 100(2) 100(2) 100(2) 
52(2.00491) 3.16657e+06IOPS  12369.4MiB/s 100(2) 100(2) 100(2) 100(2) 100(2) 100(2) 100(2) 100(2) 100(2) 100(2) 100(2) 100(2) 100(2) 100(2) 100(2) 100(2) 100(2) 100(2) 100(2) 100(2) 100(2) 100(2) 100(2) 100(2) 100(2) 100(2) 100(2) 100(2) 
54(2.00451) 3.16934e+06IOPS  12380.2MiB/s 100(2) 100(2) 100(2) 100(2) 100(2) 100(2) 100(2) 100(2) 100(2) 100(2) 100(2) 100(2) 100(2) 100(2) 100(2) 100(2) 100(2) 100(2) 100(2) 100(2) 100(2) 100(2) 100(2) 100(2) 100(2) 100(2) 100(2) 100(2) 
56(2.005) 3.17308e+06IOPS  12394.9MiB/s 100(2) 100(2) 100(2) 100(2) 100(2) 100(2) 100(2) 100(2) 100(2) 100(2) 100(2) 100(2) 100(2) 100(2) 100(2) 100(2) 100(2) 100(2) 100(2) 100(2) 100(2) 100(2) 100(2) 100(2) 100(2) 100(2) 100(2) 100(2) 
58(2.006) 3.17159e+06IOPS    12389MiB/s 100(2) 100(2) 100(2) 100(2) 100(2) 100(2) 100(2) 100(2) 100(2) 100(2) 100(2) 100(2) 100(2) 100(2) 100(2) 100(2) 100(2) 100(2) 100(2) 100(2) 100(2) 100(2) 100(2) 100(2) 100(2) 100(2) 100(2) 100(2) 
60(2.006) 3.16975e+06IOPS  12381.8MiB/s 100(2) 100(2) 100(2) 100(2) 100(2) 100(2) 100(2) 100(2) 100(2) 100(2) 100(2) 100(2) 100(2) 100(2) 100(2) 100(2) 100(2) 100(2) 100(2) 100(2) 100(2) 100(2) 100(2) 100(2) 100(2) 100(2) 100(2) 100(2) 
62(2.00549) 3.17016e+06IOPS  12383.4MiB/s 100(2) 100(2) 100(2) 100(2) 100(2) 100(2) 100(2) 100(2) 100(2) 100(2) 100(2) 100(2) 100(2) 100(2) 100(2) 100(2) 100(2) 100(2) 100(2) 100(2) 100(2) 100(2) 100(2) 100(2) 100(2) 100(2) 100(2) 100(2) 
64(2.00403) 3.17159e+06IOPS    12389MiB/s 100(2) 100(2) 100(2) 100(2) 100(2) 100(2) 100(2) 100(2) 100(2) 100(2) 100(2) 100(2) 100(2) 100(2) 100(2) 100(2) 100(2) 100(2) 100(2) 100(2) 100(2) 100(2) 100(2) 100(2) 100(2) 100(2) 100(2) 100(2) 
66(2.00398) 3.17293e+06IOPS  12394.2MiB/s 100(2) 100(2) 100(2) 100(2) 100(2) 100(2) 100(2) 100(2) 100(2) 100(2) 100(2) 100(2) 100(2) 100(2) 100(2) 100(2) 100(2) 100(2) 100(2) 100(2) 100(2) 100(2) 100(2) 100(2) 100(2) 100(2) 100(2) 100(2) 
68(2.0055) 3.17555e+06IOPS  12404.5MiB/s 100(2) 100(2) 100(2) 100(2) 100(2) 100(2) 100(2) 100(2) 100(2) 100(2) 100(2) 100(2) 100(2) 100(2) 100(2) 100(2) 100(2) 100(2) 100(2) 100(2) 100(2) 100(2) 100(2) 100(2) 100(2) 100(2) 100(2) 100(2) 
70(2.005) 3.17036e+06IOPS  12384.2MiB/s 100(2) 100(2) 100(2) 100(2) 100(2) 100(2) 100(2) 100(2) 100(2) 100(2) 100(2) 100(2) 100(2) 100(2) 100(2) 100(2) 100(2) 100(2) 100(2) 100(2) 100(2) 100(2) 100(2) 100(2) 100(2) 100(2) 100(2) 100(2) 
72(2.0045) 3.16463e+06IOPS  12361.8MiB/s 100(2) 100(2) 100(2) 100(2) 100(2) 100(2) 100(2) 100(2) 100(2) 100(2) 100(2) 100(2) 100(2) 100(2) 100(2) 100(2) 100(2) 100(2) 100(2) 100(2) 100(2) 100(2) 100(2) 100(2) 100(2) 100(2) 100(2) 100(2) 
