   sec  depth      IOPS     MB/s  lat(ms)
1.00352  27024 3.1724e+06  12392.2  8.39913 -- 86,94,96,93,95,94,85,93,93,94,96,94,94,95,94,94,95,93,94,94,97,94,94,94,96,96,95,96,
1.00298  27106 3.17507e+06  12402.6  8.36272 -- 85,94,96,95,95,94,86,94,94,94,96,95,95,95,93,95,95,94,95,95,96,95,94,95,96,95,95,96,
1.00301  26907 3.18317e+06  12434.3  8.33936 -- 86,94,96,94,94,94,86,93,94,94,95,95,94,95,93,95,95,94,95,95,96,94,94,94,95,95,94,95,
1.0046  27240 3.17836e+06  12415.5  8.36996 -- 86,94,95,94,94,93,84,93,95,94,95,95,94,95,94,95,94,94,95,96,96,95,94,94,95,95,94,96,
1.00303  28092 3.1765e+06  12408.2  8.37932 -- 86,94,95,94,94,93,84,93,95,94,95,95,93,95,93,95,95,94,95,96,95,94,94,95,95,95,95,96,
1.00246  27342 3.1727e+06  12393.4  8.41066 -- 86,94,95,93,94,93,83,93,94,94,95,95,93,95,94,94,95,94,95,96,94,95,93,94,95,95,95,96,
1.0027  28058 3.18378e+06  12436.7  8.35047 -- 87,94,95,93,94,92,83,94,94,94,94,95,93,95,94,94,95,94,94,97,95,95,93,94,95,95,95,96,
1.00194  26846 3.1747e+06  12401.2  8.40451 -- 86,94,95,94,94,93,82,94,94,94,95,95,94,95,94,94,95,94,94,96,95,95,93,93,96,95,94,95,
1.00382  27663 3.17455e+06  12400.6  8.38593 -- 86,94,95,94,94,94,81,94,93,94,95,95,93,95,93,95,95,94,94,96,94,94,93,93,96,95,95,95,
1.00289  27422 3.17219e+06  12391.4  8.41236 -- 85,94,95,94,94,94,82,94,94,94,95,96,94,94,94,96,94,94,93,96,95,94,94,93,96,94,94,95,
-------------- summary --------------
10.0339     -3.17631e+06 12407.4  8.3814

1.00601  28137 3.17501e+06  12402.4  8.36716 -- 85,94,95,94,94,94,82,94,94,94,95,95,94,94,94,96,94,94,93,96,95,94,94,94,95,93,93,94,
1.00311  26506 3.19645e+06  12486.2  8.29967 -- 86,94,95,94,95,94,83,94,94,94,95,95,94,94,94,96,94,95,94,95,95,94,94,94,95,94,94,95,
1.00282  26997 3.17968e+06  12420.6  8.37218 -- 87,94,95,93,95,94,84,93,94,94,95,95,93,94,94,96,94,95,94,95,96,94,95,94,95,93,94,95,
1.00296  26975 3.16932e+06  12380.2   8.4181 -- 88,95,95,94,95,94,84,93,94,94,95,95,94,94,94,95,94,95,94,95,96,94,95,94,95,93,94,95,
1.00291  27150 3.17171e+06  12389.5  8.40473 -- 87,95,95,93,95,94,84,93,94,94,95,95,94,94,94,95,94,95,95,94,96,95,94,94,95,94,94,95,
1.00186  26693 3.17123e+06  12387.6  8.39149 -- 87,95,96,93,95,93,84,92,94,95,95,95,94,94,94,95,93,95,95,94,96,94,94,93,95,95,95,96,
1.00288  27383 3.17212e+06  12391.1  8.39207 -- 85,96,96,94,95,93,84,92,94,95,95,94,93,94,94,96,93,95,95,94,96,93,94,94,95,94,95,95,
1.00298  27343 3.17308e+06  12394.8  8.33977 -- 85,96,95,94,94,93,83,92,94,95,95,94,93,94,94,95,93,94,95,94,96,94,94,94,95,94,95,96,
1.00305  26946 3.18782e+06  12452.4   8.3312 -- 85,95,96,93,94,94,84,93,94,95,95,95,93,94,93,95,93,94,94,95,96,94,94,94,95,94,95,96,
1.00289  27035 3.19716e+06  12488.9  8.29847 -- 86,96,96,94,93,93,86,93,94,95,96,95,93,95,93,95,94,95,95,95,96,95,95,94,95,94,95,96,
-------------- summary --------------
20.0655     -3.17784e+06 12413.4 8.37133

1.00585  26808 3.18512e+06  12441.9  8.32912 -- 86,95,96,94,93,94,87,94,94,95,95,95,93,95,94,95,94,95,95,95,96,95,95,94,96,94,94,96,
1.00374  27070 3.17282e+06  12393.8  8.34412 -- 87,95,96,93,94,94,87,95,94,95,96,95,93,95,94,94,95,95,95,95,96,95,95,94,95,94,94,96,
1.004  27031 3.1732e+06  12395.3  8.40393 -- 86,95,96,94,94,94,88,95,95,95,95,95,94,95,94,94,95,95,94,95,96,94,95,94,96,94,94,96,
1.00501  26761 3.17873e+06  12416.9  8.37652 -- 87,94,96,94,95,94,87,94,94,94,95,94,94,95,94,95,95,94,95,95,96,94,95,94,96,93,94,96,
1.00445  27073 3.19839e+06  12493.7  8.26392 -- 88,94,95,94,95,94,85,94,94,94,95,94,94,94,94,95,95,94,95,95,96,94,95,95,96,94,94,96,
1.00351  27416 3.20004e+06  12500.1  8.25317 -- 90,95,95,94,96,94,84,94,95,94,94,94,94,95,94,95,95,94,95,95,96,93,94,94,96,94,94,96,
1.00302  26859 3.19906e+06  12496.3  8.26865 -- 92,95,95,94,96,94,84,94,94,95,94,95,94,95,95,95,95,95,95,95,96,94,94,95,96,94,94,96,
1.00393  27052 3.17111e+06  12387.2  8.41988 -- 91,95,95,94,95,94,84,93,94,94,94,95,94,94,95,95,95,94,95,95,96,94,94,95,96,95,95,96,
1.00561  27070 3.19212e+06  12469.2  8.29751 -- 93,95,95,94,95,95,83,94,95,94,94,96,94,95,95,94,95,94,94,96,96,94,94,95,95,95,95,96,
1.00224  26897 3.18008e+06  12422.2  8.37433 -- 92,95,96,94,95,95,83,95,95,95,94,96,94,94,95,94,95,94,94,96,96,95,94,95,95,95,95,96,
-------------- summary --------------
30.1065     -3.18027e+06 12422.9 8.35853

1.00516  27043 3.17101e+06  12386.7  8.41057 -- 89,95,95,94,94,95,83,95,95,94,95,96,93,94,95,95,95,94,94,96,96,95,94,95,95,95,95,96,
1.00233  26903 3.17437e+06  12399.9  8.41014 -- 88,95,95,94,94,94,83,94,94,94,95,95,94,94,94,95,94,93,94,96,96,95,94,95,95,95,94,95,
1.00368  26989 3.16918e+06  12379.6  8.39509 -- 89,95,95,93,94,93,83,94,94,94,94,94,94,94,94,94,94,93,94,95,96,95,94,95,95,95,94,95,
1.00298  26925 3.17407e+06  12398.7  8.37066 -- 87,95,95,94,94,93,83,94,94,94,95,94,94,94,95,95,94,94,94,95,96,94,94,95,95,94,94,95,
1.00247  27358 3.17295e+06  12394.3  8.40587 -- 86,95,95,94,94,93,83,93,93,94,94,94,95,95,94,95,94,94,94,95,96,94,94,95,95,94,95,96,
1.00475  26056 3.16877e+06    12378   8.4279 -- 86,94,96,93,94,93,83,93,93,94,94,94,95,94,94,94,93,94,94,95,96,93,94,95,94,94,94,96,
1.00432  27238 3.16835e+06  12376.4  8.37966 -- 86,94,96,93,94,93,83,93,94,94,94,95,95,94,94,95,93,94,94,95,96,93,94,95,94,94,94,96,
1.00265  27260 3.16951e+06  12380.9  8.43864 -- 87,94,97,94,94,93,82,93,94,94,95,95,95,94,94,95,93,94,94,95,96,93,94,94,95,94,95,96,
1.00237  27751 3.17079e+06  12385.9  8.42701 -- 87,95,96,93,93,93,82,93,93,94,95,95,94,94,94,95,93,93,93,94,95,93,94,94,95,95,95,96,
1.00198  27185 3.16717e+06  12371.7  8.41751 -- 87,95,96,93,93,93,82,92,94,94,95,95,94,94,94,96,93,93,94,95,95,93,94,94,95,95,95,96,
-------------- summary --------------
40.1393     -3.17785e+06 12413.5 8.37097

1.00523  27131 3.16793e+06  12374.7  8.42411 -- 88,95,95,94,94,93,82,92,94,94,95,95,95,94,94,95,93,93,94,95,96,93,94,94,95,95,95,96,
1.00271  27229 3.16894e+06  12378.7  8.44837 -- 86,94,95,93,94,93,82,92,93,95,95,94,94,94,94,95,93,93,94,94,96,94,94,94,95,94,95,95,
1.00267  27552 3.17175e+06  12389.6  8.40828 -- 86,94,95,94,94,93,82,92,93,94,94,94,95,94,94,95,94,94,94,95,95,93,94,94,94,93,95,95,
1.00338  27226 3.17634e+06  12407.6  8.40483 -- 85,93,95,93,94,92,83,93,93,94,94,95,95,94,94,95,93,95,94,95,96,93,94,95,94,93,95,95,
1.00312  27064 3.17422e+06  12399.3  8.40534 -- 85,94,95,94,94,93,83,93,93,94,95,95,94,94,94,95,94,94,94,95,96,94,94,94,94,93,94,94,
1.00213  27227 3.16813e+06  12375.5  8.42366 -- 84,94,96,94,94,93,83,94,93,93,95,95,94,94,93,95,94,95,94,95,96,94,93,94,95,93,95,94,
1.00203  27471 3.16913e+06  12379.4  8.42633 -- 84,93,96,94,93,93,83,94,93,94,95,95,94,94,94,94,94,95,94,95,96,93,93,94,95,93,95,95,
1.00237  26843 3.1735e+06  12396.5  8.41879 -- 84,94,96,93,93,93,83,93,94,94,94,95,94,93,94,94,94,95,94,95,96,94,93,94,95,94,95,95,
1.00222  26557 3.16913e+06  12379.4  8.44802 -- 85,94,95,94,93,94,83,94,94,95,94,95,93,93,94,95,95,94,94,94,95,94,94,93,95,93,94,95,
1.00238  26284 3.1656e+06  12365.6  8.44623 -- 85,94,95,93,94,94,83,93,93,95,94,95,94,93,93,95,94,95,94,94,95,94,94,93,94,93,94,96,
-------------- summary --------------
50.1671     -3.17636e+06 12407.6 8.38181

1.00404  27670 3.16511e+06  12363.7  8.42287 -- 85,94,95,94,94,94,84,93,93,95,94,95,93,93,94,95,94,95,93,94,95,94,94,93,94,93,93,95,
1.00278  27085 3.18347e+06  12435.4  8.32219 -- 86,94,95,94,95,94,85,93,93,95,94,94,94,94,94,95,94,94,93,94,95,94,94,93,94,94,93,95,
1.00284  27228 3.16967e+06  12381.5  8.43055 -- 86,94,95,93,95,94,84,93,93,95,94,94,94,94,94,96,94,95,94,94,95,94,94,94,95,94,93,95,
1.00245  27761 3.17238e+06  12392.1   8.4163 -- 86,95,95,93,94,94,84,93,93,95,95,94,94,94,94,95,93,95,95,95,95,94,93,94,95,95,94,95,
1.00219  27664 3.16749e+06    12373  8.42411 -- 87,95,95,93,94,93,84,94,94,94,94,94,94,94,94,95,94,95,94,95,95,94,93,94,95,95,95,95,
1.00302  27190 3.18614e+06  12445.8  8.32521 -- 88,95,95,94,94,94,84,94,94,94,95,93,94,95,94,95,94,95,95,95,95,94,93,94,95,95,95,95,
1.00293  26933 3.16909e+06  12379.3  8.43522 -- 88,95,94,94,94,94,83,93,94,94,95,93,93,95,94,95,94,95,95,95,95,95,93,94,95,95,96,95,
1.00307  27716 3.16839e+06  12376.5   8.4317 -- 88,95,95,94,94,93,83,92,94,94,95,93,93,95,94,95,94,94,94,95,95,94,93,94,96,95,96,96,
1.00206  27552 3.16481e+06  12362.6  8.45795 -- 88,94,95,94,95,93,83,93,94,94,95,93,93,95,94,94,94,94,94,95,95,94,93,94,95,94,95,96,
1.00208  27136 3.16437e+06  12360.8   8.4476 -- 87,94,95,94,94,94,82,93,94,94,95,93,93,94,94,94,94,94,94,94,95,94,93,94,95,94,95,96,
-------------- summary --------------
60.1943     -3.17549e+06 12404.2 8.38672

client0Conn0@0(depth=512):
  connect time: 0.003454s
  messages received: 2445642
  messaging time: 60.196448s
  latency: 12.269751ms
  IOPS: 40627.679580
  out throughput: 158.701873MB/s
client0Conn1@0(depth=512):
  connect time: 0.001707s
  messages received: 3564852
  messaging time: 60.196439s
  latency: 8.236612ms
  IOPS: 59220.313500
  out throughput: 231.329350MB/s
client1Conn0@1(depth=512):
  connect time: 0.003899s
  messages received: 3434355
  messaging time: 60.196520s
  latency: 8.274323ms
  IOPS: 57052.384307
  out throughput: 222.860876MB/s
client1Conn1@1(depth=512):
  connect time: 0.003593s
  messages received: 3506251
  messaging time: 60.196547s
  latency: 8.084726ms
  IOPS: 58246.712842
  out throughput: 227.526222MB/s
client2Conn0@2(depth=512):
  connect time: 0.004442s
  messages received: 3554590
  messaging time: 60.195909s
  latency: 7.920050ms
  IOPS: 59050.358053
  out throughput: 230.665461MB/s
client2Conn1@2(depth=512):
  connect time: 0.004015s
  messages received: 3446271
  messaging time: 60.195960s
  latency: 8.183866ms
  IOPS: 57250.869009
  out throughput: 223.636207MB/s
client3Conn0@3(depth=512):
  connect time: 0.004031s
  messages received: 3373072
  messaging time: 60.197864s
  latency: 8.577234ms
  IOPS: 56033.084545
  out throughput: 218.879237MB/s
client3Conn1@3(depth=512):
  connect time: 0.003791s
  messages received: 3477849
  messaging time: 60.197928s
  latency: 8.275209ms
  IOPS: 57773.567002
  out throughput: 225.677996MB/s
client4Conn0@4(depth=512):
  connect time: 0.003372s
  messages received: 3436730
  messaging time: 60.197755s
  latency: 8.306549ms
  IOPS: 57090.667007
  out throughput: 223.010418MB/s
client4Conn1@4(depth=512):
  connect time: 0.003978s
  messages received: 3391082
  messaging time: 60.197727s
  latency: 8.422575ms
  IOPS: 56332.392438
  out throughput: 220.048408MB/s
client5Conn0@5(depth=512):
  connect time: 0.001983s
  messages received: 3421474
  messaging time: 60.196265s
  latency: 8.334063ms
  IOPS: 56838.642380
  out throughput: 222.025947MB/s
client5Conn1@5(depth=512):
  connect time: 0.003612s
  messages received: 3397228
  messaging time: 60.196317s
  latency: 8.402375ms
  IOPS: 56435.811812
  out throughput: 220.452390MB/s
client6Conn0@6(depth=512):
  connect time: 0.003381s
  messages received: 3529800
  messaging time: 60.196232s
  latency: 8.457708ms
  IOPS: 58638.221793
  out throughput: 229.055554MB/s
client6Conn1@6(depth=512):
  connect time: 0.003414s
  messages received: 2427142
  messaging time: 60.196249s
  latency: 12.497357ms
  IOPS: 40320.485943
  out throughput: 157.501898MB/s
client7Conn0@7(depth=512):
  connect time: 0.003871s
  messages received: 3403760
  messaging time: 60.196756s
  latency: 8.430743ms
  IOPS: 56543.911039
  out throughput: 220.874652MB/s
client7Conn1@7(depth=512):
  connect time: 0.003652s
  messages received: 3433596
  messaging time: 60.196672s
  latency: 8.368516ms
  IOPS: 57039.631505
  out throughput: 222.811061MB/s
client8Conn0@8(depth=512):
  connect time: 0.003377s
  messages received: 3439378
  messaging time: 60.197084s
  latency: 8.365280ms
  IOPS: 57135.292715
  out throughput: 223.184737MB/s
client8Conn1@8(depth=512):
  connect time: 0.004000s
  messages received: 3424627
  messaging time: 60.197191s
  latency: 8.401971ms
  IOPS: 56890.146517
  out throughput: 222.227135MB/s
client9Conn0@9(depth=512):
  connect time: 0.004185s
  messages received: 3436797
  messaging time: 60.196987s
  latency: 8.288444ms
  IOPS: 57092.508278
  out throughput: 223.017610MB/s
client9Conn1@9(depth=512):
  connect time: 0.003587s
  messages received: 3476242
  messaging time: 60.197274s
  latency: 8.185960ms
  IOPS: 57747.498919
  out throughput: 225.576168MB/s
client10Conn0@10(depth=512):
  connect time: 0.003912s
  messages received: 3431158
  messaging time: 60.197106s
  latency: 8.318360ms
  IOPS: 56998.720000
  out throughput: 222.651250MB/s
client10Conn1@10(depth=512):
  connect time: 0.003495s
  messages received: 3475366
  messaging time: 60.197131s
  latency: 8.213066ms
  IOPS: 57733.083644
  out throughput: 225.519858MB/s
client11Conn0@11(depth=512):
  connect time: 0.003795s
  messages received: 3495491
  messaging time: 60.197160s
  latency: 8.095563ms
  IOPS: 58067.373641
  out throughput: 226.825678MB/s
client11Conn1@11(depth=512):
  connect time: 0.003697s
  messages received: 3463329
  messaging time: 60.197131s
  latency: 8.200680ms
  IOPS: 57533.124006
  out throughput: 224.738766MB/s
client12Conn0@12(depth=512):
  connect time: 0.003784s
  messages received: 3441243
  messaging time: 60.195649s
  latency: 8.368775ms
  IOPS: 57167.637045
  out throughput: 223.311082MB/s
client12Conn1@12(depth=512):
  connect time: 0.003697s
  messages received: 3378780
  messaging time: 60.195664s
  latency: 8.539691ms
  IOPS: 56129.956668
  out throughput: 219.257643MB/s
client13Conn0@13(depth=512):
  connect time: 0.004011s
  messages received: 3402716
  messaging time: 60.196383s
  latency: 8.447773ms
  IOPS: 56526.917688
  out throughput: 220.808272MB/s
client13Conn1@13(depth=512):
  connect time: 0.003819s
  messages received: 3454397
  messaging time: 60.196418s
  latency: 8.293217ms
  IOPS: 57385.424151
  out throughput: 224.161813MB/s
client14Conn0@14(depth=512):
  connect time: 0.004086s
  messages received: 3452002
  messaging time: 60.195753s
  latency: 8.314275ms
  IOPS: 57346.271350
  out throughput: 224.008872MB/s
client14Conn1@14(depth=512):
  connect time: 0.003653s
  messages received: 3413925
  messaging time: 60.195791s
  latency: 8.439723ms
  IOPS: 56713.682478
  out throughput: 221.537822MB/s
client15Conn0@15(depth=512):
  connect time: 0.003391s
  messages received: 3469634
  messaging time: 60.196646s
  latency: 8.157682ms
  IOPS: 57638.327964
  out throughput: 225.149719MB/s
client15Conn1@15(depth=512):
  connect time: 0.004052s
  messages received: 3470124
  messaging time: 60.196713s
  latency: 8.161862ms
  IOPS: 57646.403273
  out throughput: 225.181263MB/s
client16Conn0@16(depth=512):
  connect time: 0.003972s
  messages received: 3399036
  messaging time: 60.196577s
  latency: 8.400883ms
  IOPS: 56465.602711
  out throughput: 220.568761MB/s
client16Conn1@16(depth=512):
  connect time: 0.003900s
  messages received: 3491779
  messaging time: 60.196650s
  latency: 8.146818ms
  IOPS: 58006.201731
  out throughput: 226.586726MB/s
client17Conn0@17(depth=512):
  connect time: 0.003924s
  messages received: 3496393
  messaging time: 60.196587s
  latency: 8.169179ms
  IOPS: 58082.910436
  out throughput: 226.886369MB/s
client17Conn1@17(depth=512):
  connect time: 0.003772s
  messages received: 3408705
  messaging time: 60.196601s
  latency: 8.419522ms
  IOPS: 56626.203644
  out throughput: 221.196108MB/s
client18Conn0@18(depth=512):
  connect time: 0.003963s
  messages received: 3433002
  messaging time: 60.196661s
  latency: 8.269126ms
  IOPS: 57029.774547
  out throughput: 222.772557MB/s
client18Conn1@18(depth=512):
  connect time: 0.004174s
  messages received: 3470784
  messaging time: 60.196696s
  latency: 8.188416ms
  IOPS: 57657.383804
  out throughput: 225.224155MB/s
client19Conn0@19(depth=512):
  connect time: 0.004157s
  messages received: 3449836
  messaging time: 60.197628s
  latency: 8.237312ms
  IOPS: 57308.504034
  out throughput: 223.861344MB/s
client19Conn1@19(depth=512):
  connect time: 0.003805s
  messages received: 3492416
  messaging time: 60.197677s
  latency: 8.130656ms
  IOPS: 58015.793264
  out throughput: 226.624192MB/s
client20Conn0@20(depth=512):
  connect time: 0.003760s
  messages received: 3512187
  messaging time: 60.195701s
  latency: 8.007396ms
  IOPS: 58346.143081
  out throughput: 227.914621MB/s
client20Conn1@20(depth=512):
  connect time: 0.003405s
  messages received: 3438435
  messaging time: 60.195751s
  latency: 8.193664ms
  IOPS: 57120.892299
  out throughput: 223.128486MB/s
client21Conn0@21(depth=512):
  connect time: 0.003846s
  messages received: 3377770
  messaging time: 60.196899s
  latency: 8.558994ms
  IOPS: 56112.027056
  out throughput: 219.187606MB/s
client21Conn1@21(depth=512):
  connect time: 0.003635s
  messages received: 3458263
  messaging time: 60.196753s
  latency: 8.312169ms
  IOPS: 57449.327671
  out throughput: 224.411436MB/s
client22Conn0@22(depth=512):
  connect time: 0.004161s
  messages received: 3414026
  messaging time: 60.197018s
  latency: 8.413599ms
  IOPS: 56714.204806
  out throughput: 221.539863MB/s
client22Conn1@22(depth=512):
  connect time: 0.003493s
  messages received: 3462940
  messaging time: 60.196960s
  latency: 8.282045ms
  IOPS: 57526.825128
  out throughput: 224.714161MB/s
client23Conn0@23(depth=512):
  connect time: 0.003884s
  messages received: 3454852
  messaging time: 60.196387s
  latency: 8.278818ms
  IOPS: 57393.012373
  out throughput: 224.191455MB/s
client23Conn1@23(depth=512):
  connect time: 0.004220s
  messages received: 3429192
  messaging time: 60.196336s
  latency: 8.339382ms
  IOPS: 56966.789053
  out throughput: 222.526520MB/s
client24Conn0@24(depth=512):
  connect time: 0.003767s
  messages received: 3500107
  messaging time: 60.197200s
  latency: 8.077505ms
  IOPS: 58144.016511
  out throughput: 227.125064MB/s
client24Conn1@24(depth=512):
  connect time: 0.003907s
  messages received: 3442253
  messaging time: 60.197229s
  latency: 8.230114ms
  IOPS: 57182.914380
  out throughput: 223.370759MB/s
client25Conn0@25(depth=512):
  connect time: 0.003981s
  messages received: 3456251
  messaging time: 60.197419s
  latency: 8.278677ms
  IOPS: 57415.268751
  out throughput: 224.278394MB/s
client25Conn1@25(depth=512):
  connect time: 0.003534s
  messages received: 3355089
  messaging time: 60.197445s
  latency: 8.583496ms
  IOPS: 55734.740730
  out throughput: 217.713831MB/s
client26Conn0@26(depth=512):
  connect time: 0.003943s
  messages received: 3397774
  messaging time: 60.197061s
  latency: 8.368674ms
  IOPS: 56444.184013
  out throughput: 220.485094MB/s
client26Conn1@26(depth=512):
  connect time: 0.004002s
  messages received: 3483412
  messaging time: 60.197081s
  latency: 8.155086ms
  IOPS: 57866.792691
  out throughput: 226.042159MB/s
client27Conn0@27(depth=512):
  connect time: 0.003938s
  messages received: 3515936
  messaging time: 60.196753s
  latency: 8.017368ms
  IOPS: 58407.402408
  out throughput: 228.153916MB/s
client27Conn1@27(depth=512):
  connect time: 0.003996s
  messages received: 3444955
  messaging time: 60.196849s
  latency: 8.191242ms
  IOPS: 57228.161113
  out throughput: 223.547504MB/s

per client:
client0(depth=1024):
  connect time: 0.002581s
  messages received: 6010494
  messaging time: 60.196444s
  latency: 10.253182ms
  IOPS: 99847.993080
  out throughput: 390.031223MB/s
client1(depth=1024):
  connect time: 0.003746s
  messages received: 6940606
  messaging time: 60.196534s
  latency: 8.179525ms
  IOPS: 115299.097149
  out throughput: 450.387098MB/s
client2(depth=1024):
  connect time: 0.004228s
  messages received: 7000861
  messaging time: 60.195934s
  latency: 8.051958ms
  IOPS: 116301.227062
  out throughput: 454.301668MB/s
client3(depth=1024):
  connect time: 0.003911s
  messages received: 6850921
  messaging time: 60.197896s
  latency: 8.426221ms
  IOPS: 113806.651547
  out throughput: 444.557233MB/s
client4(depth=1024):
  connect time: 0.003675s
  messages received: 6827812
  messaging time: 60.197741s
  latency: 8.364562ms
  IOPS: 113423.059445
  out throughput: 443.058826MB/s
client5(depth=1024):
  connect time: 0.002798s
  messages received: 6818702
  messaging time: 60.196291s
  latency: 8.368219ms
  IOPS: 113274.454193
  out throughput: 442.478337MB/s
client6(depth=1024):
  connect time: 0.003397s
  messages received: 5956942
  messaging time: 60.196240s
  latency: 10.477533ms
  IOPS: 98958.707736
  out throughput: 386.557452MB/s
client7(depth=1024):
  connect time: 0.003762s
  messages received: 6837356
  messaging time: 60.196714s
  latency: 8.399629ms
  IOPS: 113583.542544
  out throughput: 443.685713MB/s
client8(depth=1024):
  connect time: 0.003688s
  messages received: 6864005
  messaging time: 60.197137s
  latency: 8.383625ms
  IOPS: 114025.439232
  out throughput: 445.411872MB/s
client9(depth=1024):
  connect time: 0.003886s
  messages received: 6913039
  messaging time: 60.197131s
  latency: 8.237202ms
  IOPS: 114840.007197
  out throughput: 448.593778MB/s
client10(depth=1024):
  connect time: 0.003703s
  messages received: 6906524
  messaging time: 60.197119s
  latency: 8.265713ms
  IOPS: 114731.803643
  out throughput: 448.171108MB/s
client11(depth=1024):
  connect time: 0.003746s
  messages received: 6958820
  messaging time: 60.197146s
  latency: 8.148121ms
  IOPS: 115600.497647
  out throughput: 451.564444MB/s
client12(depth=1024):
  connect time: 0.003741s
  messages received: 6820023
  messaging time: 60.195656s
  latency: 8.454233ms
  IOPS: 113297.593713
  out throughput: 442.568725MB/s
client13(depth=1024):
  connect time: 0.003915s
  messages received: 6857113
  messaging time: 60.196401s
  latency: 8.370495ms
  IOPS: 113912.341838
  out throughput: 444.970085MB/s
client14(depth=1024):
  connect time: 0.003870s
  messages received: 6865927
  messaging time: 60.195772s
  latency: 8.376999ms
  IOPS: 114059.953829
  out throughput: 445.546695MB/s
client15(depth=1024):
  connect time: 0.003721s
  messages received: 6939758
  messaging time: 60.196679s
  latency: 8.159772ms
  IOPS: 115284.731237
  out throughput: 450.330981MB/s
client16(depth=1024):
  connect time: 0.003936s
  messages received: 6890815
  messaging time: 60.196613s
  latency: 8.273850ms
  IOPS: 114471.804442
  out throughput: 447.155486MB/s
client17(depth=1024):
  connect time: 0.003848s
  messages received: 6905098
  messaging time: 60.196594s
  latency: 8.294351ms
  IOPS: 114709.114080
  out throughput: 448.082477MB/s
client18(depth=1024):
  connect time: 0.004069s
  messages received: 6903786
  messaging time: 60.196678s
  latency: 8.228771ms
  IOPS: 114687.158351
  out throughput: 447.996712MB/s
client19(depth=1024):
  connect time: 0.003981s
  messages received: 6942252
  messaging time: 60.197653s
  latency: 8.183984ms
  IOPS: 115324.297298
  out throughput: 450.485536MB/s
client20(depth=1024):
  connect time: 0.003582s
  messages received: 6950622
  messaging time: 60.195726s
  latency: 8.100530ms
  IOPS: 115467.035380
  out throughput: 451.043107MB/s
client21(depth=1024):
  connect time: 0.003741s
  messages received: 6836033
  messaging time: 60.196826s
  latency: 8.435581ms
  IOPS: 113561.354727
  out throughput: 443.599042MB/s
client22(depth=1024):
  connect time: 0.003827s
  messages received: 6876966
  messaging time: 60.196989s
  latency: 8.347822ms
  IOPS: 114241.029933
  out throughput: 446.254023MB/s
client23(depth=1024):
  connect time: 0.004052s
  messages received: 6884044
  messaging time: 60.196362s
  latency: 8.309100ms
  IOPS: 114359.801426
  out throughput: 446.717974MB/s
client24(depth=1024):
  connect time: 0.003837s
  messages received: 6942360
  messaging time: 60.197215s
  latency: 8.153809ms
  IOPS: 115326.930891
  out throughput: 450.495824MB/s
client25(depth=1024):
  connect time: 0.003757s
  messages received: 6811340
  messaging time: 60.197432s
  latency: 8.431087ms
  IOPS: 113150.009481
  out throughput: 441.992225MB/s
client26(depth=1024):
  connect time: 0.003973s
  messages received: 6881186
  messaging time: 60.197071s
  latency: 8.261880ms
  IOPS: 114310.976704
  out throughput: 446.527253MB/s
client27(depth=1024):
  connect time: 0.003967s
  messages received: 6960891
  messaging time: 60.196801s
  latency: 8.104305ms
  IOPS: 115635.563520
  out throughput: 451.701420MB/s

all(depth=28672):
  connect time: 0.003748s
  messages received: 191154296
  messaging time: 60.196743s
  latency: 8.430074ms
  IOPS: 3175492.177325
  out throughput: 12404.266318MB/s
