1269043 1269043 perf-crimson-ms   0	pid 1269043's current affinity list: 0
1269043 1269045 reactor-1         1	pid 1269045's current affinity list: 1
1269043 1269046 reactor-2         2	pid 1269046's current affinity list: 2
1269043 1269047 reactor-3         3	pid 1269047's current affinity list: 3
1269043 1269048 reactor-4         4	pid 1269048's current affinity list: 4
1269043 1269049 reactor-5         5	pid 1269049's current affinity list: 5
1269043 1269050 reactor-6         6	pid 1269050's current affinity list: 6
1269043 1269051 reactor-7         7	pid 1269051's current affinity list: 7
1269043 1269052 reactor-8         8	pid 1269052's current affinity list: 8
1269043 1269053 reactor-9         9	pid 1269053's current affinity list: 9
1269043 1269054 reactor-10       10	pid 1269054's current affinity list: 10
1269043 1269055 reactor-11       11	pid 1269055's current affinity list: 11
1269043 1269056 reactor-12       12	pid 1269056's current affinity list: 12
1269043 1269057 reactor-13       13	pid 1269057's current affinity list: 13
1269043 1269058 reactor-14       14	pid 1269058's current affinity list: 14
1269043 1269059 reactor-15       15	pid 1269059's current affinity list: 15
1269043 1269060 reactor-16       16	pid 1269060's current affinity list: 16
1269043 1269061 reactor-17       17	pid 1269061's current affinity list: 17
1269043 1269062 reactor-18       18	pid 1269062's current affinity list: 18
1269043 1269063 reactor-19       19	pid 1269063's current affinity list: 19
1269043 1269064 reactor-20       20	pid 1269064's current affinity list: 20
1269043 1269065 reactor-21       21	pid 1269065's current affinity list: 21
1269043 1269066 reactor-22       22	pid 1269066's current affinity list: 22
1269043 1269067 reactor-23       23	pid 1269067's current affinity list: 23
1269043 1269068 reactor-24       24	pid 1269068's current affinity list: 24
1269043 1269069 reactor-25       25	pid 1269069's current affinity list: 25
1269043 1269070 reactor-26       26	pid 1269070's current affinity list: 26
1269043 1269071 reactor-27       27	pid 1269071's current affinity list: 27
1269043 1269072 syscall-0         0	pid 1269072's current affinity list: 0
1269043 1269073 syscall-23       23	pid 1269073's current affinity list: 23
1269043 1269074 syscall-22       22	pid 1269074's current affinity list: 22
1269043 1269075 syscall-19       19	pid 1269075's current affinity list: 19
1269043 1269076 syscall-24       24	pid 1269076's current affinity list: 24
1269043 1269077 syscall-20       20	pid 1269077's current affinity list: 20
1269043 1269078 syscall-16       16	pid 1269078's current affinity list: 16
1269043 1269079 syscall-21       21	pid 1269079's current affinity list: 21
1269043 1269080 syscall-17       17	pid 1269080's current affinity list: 17
1269043 1269081 syscall-27       27	pid 1269081's current affinity list: 27
1269043 1269082 syscall-18       18	pid 1269082's current affinity list: 18
1269043 1269083 syscall-26       26	pid 1269083's current affinity list: 26
1269043 1269084 syscall-25       25	pid 1269084's current affinity list: 25
1269043 1269085 syscall-14       14	pid 1269085's current affinity list: 14
1269043 1269086 syscall-15       15	pid 1269086's current affinity list: 15
1269043 1269087 syscall-7         7	pid 1269087's current affinity list: 7
1269043 1269088 syscall-1         1	pid 1269088's current affinity list: 1
1269043 1269089 syscall-13       13	pid 1269089's current affinity list: 13
1269043 1269090 syscall-4         4	pid 1269090's current affinity list: 4
1269043 1269091 syscall-3         3	pid 1269091's current affinity list: 3
1269043 1269092 syscall-10       10	pid 1269092's current affinity list: 10
1269043 1269093 syscall-9         9	pid 1269093's current affinity list: 9
1269043 1269094 syscall-11       11	pid 1269094's current affinity list: 11
1269043 1269095 syscall-12       12	pid 1269095's current affinity list: 12
1269043 1269096 syscall-2         2	pid 1269096's current affinity list: 2
1269043 1269097 syscall-5         5	pid 1269097's current affinity list: 5
1269043 1269098 syscall-6         6	pid 1269098's current affinity list: 6
1269043 1269099 syscall-8         8	pid 1269099's current affinity list: 8
