   sec  depth      IOPS     MB/s  lat(ms)
1.00244   2020    455349  1778.71  3.68115 -- 100,100,
1.00297   1962    456386  1782.76  3.76756 -- 100,100,
1.00377   1543    456964  1785.02  3.80013 -- 100,100,
1.00317   1956    455644  1779.86  3.70035 -- 100,100,
1.00467   1861    456642  1783.76  3.75784 -- 100,100,
1.00294   2048    456922  1784.85  3.79321 -- 100,100,
1.00343   2048    456498  1783.19  3.77277 -- 100,100,
1.0024   1576    456920  1784.85  3.74174 -- 100,100,
1.00327   2012    456637  1783.74  3.80547 -- 100,100,
1.00365   2048    456345   1782.6  3.78524 -- 100,100,
-------------- summary --------------
10.0347     -  456429 1782.92 3.76068

1.00484   1917    456935   1784.9  3.74933 -- 100,100,
1.0036   2048    456380  1782.73  3.74674 -- 100,100,
1.00283   1814    456631  1783.72  3.76079 -- 100,100,
1.00278   1730    457191   1785.9  3.78099 -- 100,100,
1.00264   1769    456601   1783.6  3.78972 -- 100,100,
1.00431   1964    456612  1783.64  3.74704 -- 100,100,
1.00364   1881    456723  1784.08  3.80288 -- 100,100,
1.00275   1812    456378  1782.72   3.8042 -- 100,100,
1.00284   1878    456739  1784.14  3.74626 -- 100,100,
1.00362   1884    456850  1784.57  3.74198 -- 100,100,
-------------- summary --------------
20.0686     -  456562 1783.44  3.7638

1.00467   1810    456695  1783.97  3.79636 -- 100,100,
1.00279   1909    456197  1782.02  3.76849 -- 100,100,
1.00331   1852    456851  1784.57  3.78167 -- 100,100,
1.00325   1945    456671  1783.87  3.74657 -- 100,100,
1.0042   1805    456489  1783.16  3.76654 -- 100,100,
1.00404   2036    456425  1782.91  3.73168 -- 100,100,
1.0032   1976    456730   1784.1  3.77724 -- 100,100,
1.00362   1669    457058  1785.38   3.7305 -- 100,100,
1.00183   2048    456675  1783.89  3.74625 -- 100,100,
1.00316   1879    456840  1784.53  3.73926 -- 100,100,
-------------- summary --------------
30.1031     -  456602  1783.6 3.76202

1.00499   1909    456751  1784.18  3.75115 -- 100,100,
1.00384   1862    456730   1784.1  3.74208 -- 100,100,
1.00359   1927    456992  1785.13  3.77819 -- 100,100,
1.00415   2048    456884   1784.7  3.76978 -- 100,100,
1.00259   1954    456925  1784.86  3.77209 -- 100,100,
1.00332   2048    456626   1783.7  3.76004 -- 100,100,
1.00221   1867    456965  1785.02  3.79507 -- 100,100,
1.00454   1643    456972  1785.05  3.73233 -- 100,100,
1.00445   1973    456359  1782.65  3.75935 -- 100,100,
1.0033   1791    456983  1785.09  3.70862 -- 100,100,
-------------- summary --------------
40.1398     -  456654 1783.81  3.7607

1.00557   2019    456923  1784.86  3.75727 -- 100,100,
1.00281   2048    456549  1783.39  3.81077 -- 100,100,
1.00376   1982    456819  1784.45  3.79144 -- 100,100,
1.00394   2013    456617  1783.66  3.75568 -- 100,100,
1.0026   2048    456926  1784.87  3.81464 -- 100,100,
1.00225   1840    457064  1785.41  3.82192 -- 100,100,
1.00158   1841    456387  1782.76  3.78054 -- 100,100,
1.00321   2048    456291  1782.39  3.73176 -- 100,100,
1.00274   1945    457328  1786.44  3.79912 -- 100,100,
1.0029   1977    457049  1785.35  3.78615 -- 100,100,
-------------- summary --------------
50.1711     -  456692 1783.95 3.76554

1.00557   2048    456812  1784.42   3.7643 -- 100,100,
1.00238   2048    456823  1784.46  3.80388 -- 100,100,
1.00232   1899    457187  1785.89   3.7812 -- 100,100,
1.00217   2009    456795  1784.35    3.792 -- 100,100,
1.00258   1838    456524   1783.3   3.7704 -- 100,100,
1.00295   2048    456537  1783.35  3.74922 -- 100,100,
1.00329   1920    457179  1785.85  3.75352 -- 100,100,
1.00379   2048    457329  1786.44  3.78803 -- 100,100,
1.00154   2048    456290  1782.38  3.78058 -- 100,100,
1.00168   1876    457064  1785.41  3.76091 -- 100,100,
-------------- summary --------------
60.1996     -  456709 1784.02 3.76703

client0Conn0@0(depth=512):
  connect time: 0.000748s
  messages received: 6883198
  messaging time: 60.202343s
  latency: 3.773447ms
  IOPS: 114334.386607
  out throughput: 446.618698MB/s
client0Conn1@0(depth=512):
  connect time: 0.000442s
  messages received: 6874440
  messaging time: 60.202321s
  latency: 3.772256ms
  IOPS: 114188.952435
  out throughput: 446.050595MB/s
client1Conn0@1(depth=512):
  connect time: 0.000587s
  messages received: 6828606
  messaging time: 60.201523s
  latency: 3.787544ms
  IOPS: 113429.122977
  out throughput: 443.082512MB/s
client1Conn1@1(depth=512):
  connect time: 0.000370s
  messages received: 6908839
  messaging time: 60.201532s
  latency: 3.735201ms
  IOPS: 114761.847035
  out throughput: 448.288465MB/s

per client:
client0(depth=1024):
  connect time: 0.000595s
  messages received: 13757638
  messaging time: 60.202332s
  latency: 3.772852ms
  IOPS: 228523.339042
  out throughput: 892.669293MB/s
client1(depth=1024):
  connect time: 0.000478s
  messages received: 13737445
  messaging time: 60.201528s
  latency: 3.761372ms
  IOPS: 228190.970012
  out throughput: 891.370977MB/s

all(depth=2048):
  connect time: 0.000537s
  messages received: 27495083
  messaging time: 60.201930s
  latency: 3.767112ms
  IOPS: 456714.309054
  out throughput: 1784.040270MB/s
