4(2.00001)         0IOPS       -1MiB/s 22(0) 20(0) 
6(2.00007)         0IOPS       -1MiB/s 0(2) 0(2) 
8(2.00562)    384899IOPS  1503.51MiB/s 31(2) 34(2) 
10(2.00305)    456625IOPS  1783.69MiB/s 71(2) 74(2) 
12(2.00296)    454895IOPS  1776.93MiB/s 100(2) 100(2) 
14(2.00449)    455958IOPS  1781.08MiB/s 100(2) 100(2) 
16(2.0035)    456487IOPS  1783.15MiB/s 100(2) 100(2) 
18(2.00252)    457236IOPS  1786.08MiB/s 100(2) 100(2) 
20(2.003)    456417IOPS  1782.88MiB/s 100(2) 100(2) 
22(2.00348)    456548IOPS  1783.39MiB/s 100(2) 100(2) 
24(2.003)    456632IOPS  1783.72MiB/s 100(2) 100(2) 
26(2.00271)    456770IOPS  1784.26MiB/s 100(2) 100(2) 
28(2.00229)    456817IOPS  1784.44MiB/s 100(2) 100(2) 
30(2.00352)    456551IOPS   1783.4MiB/s 100(2) 100(2) 
32(2.00304)    456749IOPS  1784.18MiB/s 100(2) 100(2) 
34(2.00344)    456365IOPS  1782.67MiB/s 100(2) 100(2) 
36(2.00351)    456743IOPS  1784.15MiB/s 100(2) 100(2) 
38(2.00499)    456494IOPS  1783.18MiB/s 100(2) 100(2) 
40(2.00205)    457081IOPS  1785.47MiB/s 100(2) 100(2) 
42(2.00295)    456542IOPS  1783.37MiB/s 100(2) 100(2) 
44(2.00351)    456800IOPS  1784.38MiB/s 100(2) 100(2) 
46(2.00277)    457124IOPS  1785.64MiB/s 100(2) 100(2) 
48(2.00272)    456637IOPS  1783.74MiB/s 100(2) 100(2) 
50(2.00449)    456592IOPS  1783.56MiB/s 100(2) 100(2) 
52(2.00401)    457106IOPS  1785.57MiB/s 100(2) 100(2) 
54(2.0035)    456671IOPS  1783.87MiB/s 100(2) 100(2) 
56(2.00301)    456709IOPS  1784.02MiB/s 100(2) 100(2) 
58(2.00351)    457016IOPS  1785.22MiB/s 100(2) 100(2) 
60(2.00301)    456443IOPS  1782.98MiB/s 100(2) 100(2) 
62(2.00247)    457084IOPS  1785.48MiB/s 100(2) 100(2) 
64(2.0025)    456946IOPS  1784.94MiB/s 100(2) 100(2) 
66(2.00302)    456657IOPS  1783.82MiB/s 100(2) 100(2) 
68(2.00298)    456803IOPS  1784.39MiB/s 100(2) 100(2) 
70(2.00299)    457279IOPS  1786.25MiB/s 100(2) 100(2) 
