1046032 1046032 crimson-osd       0	pid 1046032's current affinity list: 0
1046032 1046039 reactor-1        56	pid 1046039's current affinity list: 56
1046032 1046040 reactor-2         1	pid 1046040's current affinity list: 1
1046032 1046041 reactor-3        57	pid 1046041's current affinity list: 57
1046032 1046042 syscall-0         0	pid 1046042's current affinity list: 0
1046032 1046043 syscall-1        56	pid 1046043's current affinity list: 56
1046032 1046044 syscall-3        57	pid 1046044's current affinity list: 57
1046032 1046045 syscall-2         1	pid 1046045's current affinity list: 1
1046032 1046046 crimson-osd       0	pid 1046046's current affinity list: 0
1046032 1046047 reactor-1        56	pid 1046047's current affinity list: 56
1046032 1046048 reactor-2         1	pid 1046048's current affinity list: 1
1046032 1046049 reactor-3        57	pid 1046049's current affinity list: 57
1046032 1046032 crimson-osd       0	pid 1046032's current affinity list: 0
1046032 1046039 reactor-1        56	pid 1046039's current affinity list: 56
1046032 1046040 reactor-2         1	pid 1046040's current affinity list: 1
1046032 1046041 reactor-3        57	pid 1046041's current affinity list: 57
1046032 1046042 syscall-0         0	pid 1046042's current affinity list: 0
1046032 1046043 syscall-1        56	pid 1046043's current affinity list: 56
1046032 1046044 syscall-3        57	pid 1046044's current affinity list: 57
1046032 1046045 syscall-2         1	pid 1046045's current affinity list: 1
1046032 1046046 crimson-osd       0	pid 1046046's current affinity list: 0
1046032 1046047 reactor-1        56	pid 1046047's current affinity list: 56
1046032 1046048 reactor-2         1	pid 1046048's current affinity list: 1
1046032 1046049 reactor-3        57	pid 1046049's current affinity list: 57
