1268456 1268456 perf-crimson-ms  14	pid 1268456's current affinity list: 14
1268456 1268458 reactor-1        15	pid 1268458's current affinity list: 15
1268456 1268459 reactor-2        16	pid 1268459's current affinity list: 16
1268456 1268460 reactor-3        17	pid 1268460's current affinity list: 17
1268456 1268461 reactor-4        18	pid 1268461's current affinity list: 18
1268456 1268462 reactor-5        19	pid 1268462's current affinity list: 19
1268456 1268463 reactor-6        20	pid 1268463's current affinity list: 20
1268456 1268464 reactor-7        21	pid 1268464's current affinity list: 21
1268456 1268465 reactor-8        22	pid 1268465's current affinity list: 22
1268456 1268466 reactor-9        23	pid 1268466's current affinity list: 23
1268456 1268467 reactor-10       24	pid 1268467's current affinity list: 24
1268456 1268468 reactor-11       25	pid 1268468's current affinity list: 25
1268456 1268469 reactor-12       26	pid 1268469's current affinity list: 26
1268456 1268470 reactor-13       27	pid 1268470's current affinity list: 27
1268456 1268471 reactor-14       42	pid 1268471's current affinity list: 42
1268456 1268472 reactor-15       43	pid 1268472's current affinity list: 43
1268456 1268473 reactor-16       44	pid 1268473's current affinity list: 44
1268456 1268474 reactor-17       45	pid 1268474's current affinity list: 45
1268456 1268475 reactor-18       46	pid 1268475's current affinity list: 46
1268456 1268476 reactor-19       47	pid 1268476's current affinity list: 47
1268456 1268477 reactor-20       48	pid 1268477's current affinity list: 48
1268456 1268478 reactor-21       49	pid 1268478's current affinity list: 49
1268456 1268479 reactor-22       50	pid 1268479's current affinity list: 50
1268456 1268480 reactor-23       51	pid 1268480's current affinity list: 51
1268456 1268481 reactor-24       52	pid 1268481's current affinity list: 52
1268456 1268482 reactor-25       53	pid 1268482's current affinity list: 53
1268456 1268483 reactor-26       54	pid 1268483's current affinity list: 54
1268456 1268484 reactor-27       55	pid 1268484's current affinity list: 55
1268456 1268485 reactor-28       70	pid 1268485's current affinity list: 70
1268456 1268486 reactor-29       71	pid 1268486's current affinity list: 71
1268456 1268487 reactor-30       72	pid 1268487's current affinity list: 72
1268456 1268488 reactor-31       73	pid 1268488's current affinity list: 73
1268456 1268489 reactor-32       74	pid 1268489's current affinity list: 74
1268456 1268490 reactor-33       75	pid 1268490's current affinity list: 75
1268456 1268491 reactor-34       76	pid 1268491's current affinity list: 76
1268456 1268492 reactor-35       77	pid 1268492's current affinity list: 77
1268456 1268493 reactor-36       78	pid 1268493's current affinity list: 78
1268456 1268494 reactor-37       79	pid 1268494's current affinity list: 79
1268456 1268495 reactor-38       80	pid 1268495's current affinity list: 80
1268456 1268496 reactor-39       81	pid 1268496's current affinity list: 81
1268456 1268497 reactor-40       82	pid 1268497's current affinity list: 82
1268456 1268498 reactor-41       83	pid 1268498's current affinity list: 83
1268456 1268499 reactor-42       98	pid 1268499's current affinity list: 98
1268456 1268500 reactor-43       99	pid 1268500's current affinity list: 99
1268456 1268501 reactor-44      100	pid 1268501's current affinity list: 100
1268456 1268502 reactor-45      101	pid 1268502's current affinity list: 101
1268456 1268503 reactor-46      102	pid 1268503's current affinity list: 102
1268456 1268504 reactor-47      103	pid 1268504's current affinity list: 103
1268456 1268505 reactor-48      104	pid 1268505's current affinity list: 104
1268456 1268506 reactor-49      105	pid 1268506's current affinity list: 105
1268456 1268507 reactor-50      106	pid 1268507's current affinity list: 106
1268456 1268508 reactor-51      107	pid 1268508's current affinity list: 107
1268456 1268509 reactor-52      108	pid 1268509's current affinity list: 108
1268456 1268510 reactor-53      109	pid 1268510's current affinity list: 109
1268456 1268511 reactor-54      110	pid 1268511's current affinity list: 110
1268456 1268512 reactor-55      111	pid 1268512's current affinity list: 111
1268456 1268513 syscall-0        14	pid 1268513's current affinity list: 14
1268456 1268514 syscall-28       70	pid 1268514's current affinity list: 70
1268456 1268515 syscall-47      103	pid 1268515's current affinity list: 103
1268456 1268516 syscall-19       47	pid 1268516's current affinity list: 47
1268456 1268517 syscall-23       51	pid 1268517's current affinity list: 51
1268456 1268518 syscall-15       43	pid 1268518's current affinity list: 43
1268456 1268519 syscall-27       55	pid 1268519's current affinity list: 55
1268456 1268520 syscall-26       54	pid 1268520's current affinity list: 54
1268456 1268521 syscall-25       53	pid 1268521's current affinity list: 53
1268456 1268522 syscall-22       50	pid 1268522's current affinity list: 50
1268456 1268523 syscall-14       42	pid 1268523's current affinity list: 42
1268456 1268524 syscall-4        18	pid 1268524's current affinity list: 18
1268456 1268525 syscall-32       74	pid 1268525's current affinity list: 74
1268456 1268526 syscall-30       72	pid 1268526's current affinity list: 72
1268456 1268527 syscall-9        23	pid 1268527's current affinity list: 23
1268456 1268528 syscall-2        16	pid 1268528's current affinity list: 16
1268456 1268529 syscall-37       79	pid 1268529's current affinity list: 79
1268456 1268530 syscall-5        19	pid 1268530's current affinity list: 19
1268456 1268531 syscall-24       52	pid 1268531's current affinity list: 52
1268456 1268532 syscall-39       81	pid 1268532's current affinity list: 81
1268456 1268533 syscall-6        20	pid 1268533's current affinity list: 20
1268456 1268534 syscall-21       49	pid 1268534's current affinity list: 49
1268456 1268535 syscall-36       78	pid 1268535's current affinity list: 78
1268456 1268536 syscall-18       46	pid 1268536's current affinity list: 46
1268456 1268537 syscall-7        21	pid 1268537's current affinity list: 21
1268456 1268538 syscall-1        15	pid 1268538's current affinity list: 15
1268456 1268539 syscall-29       71	pid 1268539's current affinity list: 71
1268456 1268540 syscall-3        17	pid 1268540's current affinity list: 17
1268456 1268541 syscall-34       76	pid 1268541's current affinity list: 76
1268456 1268542 syscall-11       25	pid 1268542's current affinity list: 25
1268456 1268543 syscall-13       27	pid 1268543's current affinity list: 27
1268456 1268544 syscall-43       99	pid 1268544's current affinity list: 99
1268456 1268545 syscall-8        22	pid 1268545's current affinity list: 22
1268456 1268546 syscall-38       80	pid 1268546's current affinity list: 80
1268456 1268547 syscall-20       48	pid 1268547's current affinity list: 48
1268456 1268548 syscall-35       77	pid 1268548's current affinity list: 77
1268456 1268549 syscall-33       75	pid 1268549's current affinity list: 75
1268456 1268550 syscall-16       44	pid 1268550's current affinity list: 44
1268456 1268551 syscall-41       83	pid 1268551's current affinity list: 83
1268456 1268552 syscall-10       24	pid 1268552's current affinity list: 24
1268456 1268553 syscall-31       73	pid 1268553's current affinity list: 73
1268456 1268554 syscall-42       98	pid 1268554's current affinity list: 98
1268456 1268555 syscall-12       26	pid 1268555's current affinity list: 26
1268456 1268556 syscall-17       45	pid 1268556's current affinity list: 45
1268456 1268557 syscall-49      105	pid 1268557's current affinity list: 105
1268456 1268558 syscall-50      106	pid 1268558's current affinity list: 106
1268456 1268559 syscall-52      108	pid 1268559's current affinity list: 108
1268456 1268560 syscall-51      107	pid 1268560's current affinity list: 107
1268456 1268561 syscall-45      101	pid 1268561's current affinity list: 101
1268456 1268562 syscall-53      109	pid 1268562's current affinity list: 109
1268456 1268563 syscall-48      104	pid 1268563's current affinity list: 104
1268456 1268564 syscall-55      111	pid 1268564's current affinity list: 111
1268456 1268565 syscall-54      110	pid 1268565's current affinity list: 110
1268456 1268566 syscall-44      100	pid 1268566's current affinity list: 100
1268456 1268567 syscall-46      102	pid 1268567's current affinity list: 102
1268456 1268568 syscall-40       82	pid 1268568's current affinity list: 82
