   sec  depth      IOPS     MB/s  lat(ms)
1.00693  55263 2.85599e+06  11156.2  18.9724 -- 100,100,100,100,100,100,100,95,100,100,100,100,100,100,85,86,100,89,98,92,95,86,86,92,83,91,91,84,96,100,100,100,100,100,100,97,100,100,100,100,100,100,75,77,86,81,89,83,83,90,83,97,97,84,93,93,
1.00804  54683 2.85651e+06  11158.3  19.1175 -- 100,100,100,100,100,100,100,94,100,100,100,100,100,100,84,84,100,87,98,92,94,86,86,90,82,91,92,84,96,100,100,100,100,100,100,97,100,100,100,100,100,100,74,76,85,80,89,82,82,90,84,97,95,83,93,93,
1.00541  55320 2.85556e+06  11154.5  19.1533 -- 100,100,100,100,100,100,100,93,99,100,100,100,99,100,83,83,100,85,98,92,94,85,86,87,81,90,92,84,97,100,100,100,100,100,100,96,100,100,100,100,100,100,73,75,85,79,89,82,81,89,84,96,95,82,94,93,
1.00649  55069 2.85271e+06  11143.4  19.1843 -- 100,100,100,100,100,100,100,92,99,100,100,99,99,100,83,82,99,84,98,92,93,84,86,86,80,89,92,83,96,100,100,100,100,100,100,95,100,100,100,100,100,100,72,75,84,78,89,81,80,88,84,96,94,82,93,93,
1.00804  54432 2.85354e+06  11146.7  19.1609 -- 100,100,99,100,100,100,100,92,98,99,100,99,99,100,83,82,99,82,98,92,93,84,86,84,80,89,91,83,97,100,100,100,100,100,100,95,100,100,100,100,100,100,72,75,84,78,89,81,79,88,84,95,94,81,93,93,
1.007  54682 2.85524e+06  11153.3   19.111 -- 100,100,99,100,100,100,100,91,98,99,100,99,99,100,82,82,99,81,98,92,93,84,86,83,80,89,91,82,97,100,100,100,100,100,100,94,100,100,100,100,100,100,71,75,84,78,89,81,80,88,83,95,94,81,93,93,
1.00542  55126 2.85893e+06  11167.7  19.1114 -- 100,100,99,100,100,100,100,91,98,99,100,99,99,100,82,82,98,80,98,92,93,84,86,82,80,89,91,82,97,100,100,100,100,100,100,93,100,100,100,100,100,100,71,75,84,78,89,80,80,88,83,95,93,81,93,93,
1.00819  54659 2.85356e+06  11146.7  19.1454 -- 100,100,99,100,100,100,100,91,98,99,100,99,99,100,82,82,98,80,98,92,92,84,86,82,80,89,90,82,97,100,100,100,100,100,100,94,100,100,100,99,100,100,71,74,84,78,89,80,80,88,84,95,94,81,93,93,
1.00647  55042 2.85761e+06  11162.6  19.0594 -- 100,100,99,100,100,100,100,92,98,99,100,99,99,100,82,82,99,81,98,92,92,84,85,83,80,90,90,83,97,100,100,100,100,100,100,94,100,100,100,99,100,100,72,74,84,78,89,80,80,88,83,95,94,81,94,93,
1.00753  54466 2.8561e+06  11156.6  19.0508 -- 100,100,99,100,100,100,100,92,98,99,100,99,99,100,82,82,99,81,99,93,93,84,85,83,80,90,91,83,97,100,100,100,100,100,100,94,100,100,100,99,100,100,72,75,84,78,89,80,81,88,83,95,94,81,94,93,
-------------- summary --------------
10.0759     -2.85557e+06 11154.6 19.1068

1.01443  54906 2.86255e+06  11181.8  18.9899 -- 100,100,99,100,100,100,100,92,99,99,100,99,99,100,82,82,99,81,98,93,93,84,85,84,80,89,91,83,97,100,100,100,100,100,100,95,100,100,100,99,100,100,72,74,84,79,89,80,80,88,83,95,94,81,94,93,
1.00762  53859 2.86459e+06  11189.8  18.9835 -- 100,100,99,100,100,100,100,92,98,99,100,99,99,100,82,82,100,82,98,93,93,84,85,84,80,90,91,84,97,100,100,100,100,100,100,95,100,100,100,100,100,100,72,75,84,79,89,80,80,88,83,95,95,81,94,93,
1.00907  53690 2.87157e+06  11217.1  18.7299 -- 100,100,100,100,100,100,100,94,99,99,100,100,99,100,83,82,100,83,98,93,94,84,85,84,80,90,92,84,98,100,100,100,100,100,100,96,100,100,100,100,100,100,73,76,84,79,89,80,80,89,83,96,95,82,94,93,
1.01035  54193 2.8759e+06    11234  18.6005 -- 100,100,100,100,100,100,100,95,99,100,100,100,100,100,83,83,100,85,99,94,95,85,86,86,81,91,92,83,98,100,100,100,100,100,100,97,100,100,100,100,100,100,73,77,86,80,89,81,81,90,83,96,96,83,94,93,
1.00853  54325 2.86061e+06  11174.3  18.7627 -- 100,100,100,100,100,100,100,97,99,100,100,100,100,100,84,84,100,87,99,94,95,85,86,87,81,91,93,83,98,100,100,100,100,100,100,98,100,100,100,100,100,100,73,77,86,81,90,82,81,90,83,97,97,83,94,93,
1.00977  55085 2.86353e+06  11185.7  18.9985 -- 100,100,100,100,100,100,100,96,99,100,100,100,100,100,84,84,100,87,99,94,95,85,86,88,81,91,94,84,99,100,100,100,100,100,100,98,100,100,100,100,100,100,73,77,86,81,90,82,81,90,84,97,96,83,94,93,
1.00576  54431 2.86433e+06  11188.8  18.9454 -- 100,100,100,100,100,100,100,96,99,100,100,100,100,100,83,84,100,86,100,95,95,85,85,87,81,90,93,83,98,100,100,100,100,100,100,98,100,100,100,100,100,100,73,77,87,81,91,82,81,90,83,98,96,83,95,93,
1.00932  54632 2.86055e+06    11174  18.9317 -- 100,100,100,100,100,100,100,96,99,100,100,100,100,100,82,84,99,86,100,95,94,85,86,87,81,90,93,83,98,100,100,100,100,100,100,98,100,100,100,100,100,100,73,76,87,80,91,82,81,89,83,97,96,82,94,94,
1.0096  54579 2.86829e+06  11204.2   18.902 -- 100,100,100,100,100,100,100,94,99,100,100,100,100,100,81,83,99,83,100,94,93,85,86,86,81,89,93,84,97,100,100,100,100,100,100,97,100,100,100,100,100,100,72,75,87,80,90,81,81,89,83,96,95,81,94,95,
1.00759  54237 2.87122e+06  11215.7  18.7488 -- 100,100,100,100,99,100,100,94,99,100,100,100,100,100,80,82,99,82,100,95,93,84,86,84,81,89,92,83,96,100,100,100,100,100,100,97,100,100,100,100,100,100,72,75,87,79,91,81,80,89,83,96,94,81,95,95,
-------------- summary --------------
20.1686     -2.86098e+06 11175.7 18.9825

1.01808  53632 2.87029e+06  11212.1  18.7144 -- 100,100,100,100,99,100,100,95,99,100,100,100,100,100,80,82,99,82,100,95,93,85,86,84,81,90,91,83,96,100,100,100,100,100,100,98,100,100,100,100,100,100,72,75,87,80,92,81,80,90,83,96,95,81,95,96,
1.00836  54165 2.85864e+06  11166.6  18.7821 -- 100,100,100,100,99,100,100,96,99,100,100,100,100,100,80,82,100,84,100,95,93,85,87,86,81,91,91,83,96,100,100,100,100,100,100,98,100,100,100,100,100,100,72,75,88,80,92,81,80,90,84,97,95,82,95,97,
1.01099  54372 2.8609e+06  11175.4  18.9366 -- 100,100,100,100,99,100,100,96,99,100,100,100,100,100,80,82,100,85,100,95,93,85,86,88,81,91,91,83,97,100,100,100,100,100,100,98,100,100,100,100,100,100,72,75,88,81,92,82,80,90,84,97,95,82,94,96,
1.00591  54998 2.85655e+06  11158.4  19.0689 -- 100,100,100,100,100,100,100,96,99,100,100,100,100,100,80,82,100,85,100,96,93,85,86,88,81,91,90,83,96,100,100,100,100,100,100,99,100,100,100,100,100,100,72,75,88,80,92,82,80,90,84,97,95,82,93,95,
1.00554  54352 2.84732e+06  11122.3  19.0996 -- 100,100,100,100,100,100,100,95,99,100,100,100,100,100,80,82,100,85,100,96,92,85,87,87,81,91,90,83,96,100,100,100,100,100,100,98,100,100,100,100,100,100,72,75,88,80,92,81,80,89,83,97,94,82,93,94,
1.00805  54294 2.85361e+06  11146.9  18.9821 -- 100,100,100,100,100,100,100,94,99,99,100,100,100,100,80,82,99,85,100,96,92,84,86,87,80,90,90,83,95,100,100,100,100,100,100,98,100,100,100,100,100,100,71,74,87,80,91,81,80,89,83,97,94,82,93,94,
1.0059  55032 2.8599e+06  11171.5   19.033 -- 100,100,100,100,100,100,100,92,98,99,100,100,100,100,80,82,99,83,100,96,93,84,86,86,80,89,90,82,94,100,100,100,100,100,100,97,100,100,100,100,100,100,71,74,87,80,89,80,80,88,82,96,94,81,93,93,
1.00548  55195 2.85605e+06  11156.4  19.1295 -- 99,100,100,100,100,100,100,92,98,99,100,100,100,100,80,82,99,81,100,96,92,84,85,84,80,88,90,83,94,100,100,100,100,100,100,97,100,100,100,100,100,100,71,74,86,79,89,80,80,88,82,95,93,81,93,94,
1.00703  54936 2.85572e+06  11155.2  19.1156 -- 99,100,100,100,99,100,100,91,98,99,100,100,100,100,80,82,99,81,99,95,92,84,85,83,80,88,90,82,95,100,100,100,100,100,100,96,100,100,100,100,100,100,71,74,86,79,88,80,80,88,82,95,93,81,93,93,
1.00557  54336 2.8565e+06  11158.2  19.0869 -- 99,100,100,100,99,100,100,91,98,99,100,99,100,100,80,82,99,81,99,95,92,84,85,83,80,88,90,82,95,100,100,100,100,100,100,96,100,100,100,99,100,100,71,74,86,79,88,80,80,88,81,95,93,81,93,93,
-------------- summary --------------
30.2464     -2.85981e+06 11171.1 18.9865

1.00997  54908 2.85767e+06  11162.8  19.0379 -- 99,100,100,100,99,100,100,90,98,99,100,99,100,100,79,81,99,80,99,95,92,84,85,82,80,88,90,82,96,100,100,100,100,100,100,96,100,100,100,100,100,100,71,74,86,79,88,80,80,89,81,95,93,80,93,93,
1.00401  54874 2.85863e+06  11166.5  19.0974 -- 99,100,100,100,99,100,100,90,98,99,100,99,100,100,80,81,99,80,99,95,91,84,85,82,80,88,90,82,96,100,100,100,100,100,100,96,100,100,100,99,100,100,71,74,86,78,89,80,80,89,82,95,93,80,93,93,
1.00547  54637 2.85572e+06  11155.2  19.0955 -- 99,100,100,100,99,100,100,90,98,99,100,99,100,100,80,81,99,81,99,95,92,84,85,82,80,88,90,82,96,100,100,100,100,100,100,96,100,100,100,99,100,100,71,74,86,79,89,80,81,89,81,95,93,80,93,93,
1.00491  55290 2.85753e+06  11162.2  19.1545 -- 99,100,100,100,99,100,100,90,98,99,100,99,100,100,80,81,99,81,100,95,92,84,85,82,80,88,90,82,96,100,100,100,100,100,100,96,100,100,100,100,100,100,71,74,86,79,88,80,80,89,81,95,93,80,94,94,
1.0051  55117 2.85644e+06    11158  19.1386 -- 99,100,100,100,99,100,100,90,98,99,100,100,100,100,79,81,99,80,99,94,93,84,85,82,80,87,90,82,96,100,100,100,100,100,100,96,100,100,100,100,100,100,71,74,85,78,88,79,80,89,81,95,93,80,94,94,
1.00701  54776 2.85573e+06  11155.2  19.1554 -- 98,100,100,100,99,100,99,90,98,99,100,100,100,100,80,82,99,80,99,94,93,83,85,82,80,87,91,82,96,100,100,100,100,100,100,95,100,100,100,99,100,100,71,73,85,78,89,79,80,89,81,94,93,80,94,94,
1.00792  54965 2.85675e+06  11159.2  19.1441 -- 98,100,100,100,99,100,99,90,97,99,100,99,100,100,80,81,99,80,99,95,93,83,85,82,80,87,91,82,96,100,100,100,100,100,100,95,100,100,100,99,100,100,71,73,85,78,89,80,80,89,81,94,92,80,94,93,
1.00605  54610 2.86689e+06  11198.8  18.9584 -- 98,100,99,100,99,100,99,90,97,99,100,99,100,100,80,81,99,79,99,94,93,84,84,82,80,87,91,82,96,100,100,100,100,100,100,94,100,100,100,99,100,100,71,74,85,78,90,80,80,89,81,94,92,80,94,93,
1.00654  54048 2.85335e+06  11145.9  19.1287 -- 98,100,100,100,99,100,100,91,98,99,100,99,100,100,80,81,99,79,99,95,93,84,84,82,79,88,91,82,96,100,100,100,100,100,100,95,100,100,100,99,100,100,71,74,85,78,90,80,80,89,81,95,93,81,94,93,
1.00655  55161 2.8559e+06  11155.9  19.0579 -- 99,100,100,100,99,100,100,92,98,99,100,99,100,100,80,81,99,79,100,95,92,83,85,82,80,88,90,82,96,100,100,100,100,100,100,95,100,100,100,99,100,100,71,74,85,78,90,80,80,89,82,95,93,80,93,93,
-------------- summary --------------
 40.314     -2.85924e+06 11168.9  19.014

1.01538  55255 2.85285e+06  11143.9   19.101 -- 99,100,100,100,99,100,100,93,98,99,100,99,100,100,80,81,98,80,100,95,92,84,85,82,80,89,90,82,95,100,100,100,100,100,100,95,100,100,100,100,100,100,71,74,86,79,90,80,80,89,82,95,93,81,93,94,
1.00812  55066 2.85362e+06    11147  19.0284 -- 99,100,100,100,99,100,100,94,98,99,100,99,100,100,80,81,98,81,100,94,92,84,85,83,80,89,91,82,95,100,100,100,100,100,100,96,100,100,100,100,100,100,71,74,86,79,89,80,80,89,82,95,93,81,93,94,
1.00588  55388 2.85413e+06    11149  19.0689 -- 100,100,100,100,99,100,100,94,98,100,100,100,100,100,80,81,98,81,100,94,92,83,85,83,81,89,90,82,95,100,100,100,100,100,100,96,100,100,100,99,100,100,71,74,85,78,88,80,80,89,82,95,93,81,93,94,
1.00759  54658 2.85279e+06  11143.7  19.1252 -- 100,100,100,100,99,100,100,94,99,100,100,99,100,100,80,81,98,80,100,94,92,83,85,83,81,89,90,82,94,100,100,100,100,100,100,96,100,100,100,99,100,100,71,74,85,79,87,80,79,88,82,95,93,80,93,95,
1.00955  54422 2.85122e+06  11137.6  18.9677 -- 100,100,100,100,99,100,100,95,99,99,100,99,100,100,80,81,98,82,99,94,92,83,85,84,81,89,90,83,94,100,100,100,100,100,100,96,100,100,100,99,100,100,71,74,85,78,87,80,79,88,82,95,94,81,94,95,
1.0075  54153 2.85512e+06  11152.8  18.8716 -- 100,100,100,100,99,100,100,95,99,100,100,99,100,100,81,82,99,82,100,94,92,83,85,85,81,88,91,82,94,100,100,100,100,100,100,96,100,100,100,99,100,100,72,74,85,79,88,80,80,89,82,96,94,81,94,95,
1.01101  53856 2.85387e+06  11147.9   18.912 -- 100,100,100,100,99,100,100,94,99,100,100,100,100,100,81,82,99,84,100,95,92,83,85,87,81,89,90,82,95,100,100,100,100,100,100,96,100,100,100,99,100,100,72,75,86,79,89,80,80,89,82,96,94,81,94,95,
1.01245  53862 2.85163e+06  11139.2  18.9952 -- 100,100,100,100,99,100,100,94,99,100,100,100,100,100,81,82,99,85,100,96,93,84,85,88,81,88,91,82,95,100,100,100,100,100,100,97,100,100,100,100,100,100,72,74,86,79,89,81,80,89,83,96,95,81,94,95,
1.009  54268 2.85372e+06  11147.3  18.9483 -- 100,100,100,100,99,100,100,93,99,99,100,100,100,100,81,82,99,87,100,96,93,84,85,90,81,88,91,82,95,100,100,100,100,100,100,97,100,100,100,100,100,100,72,74,87,80,90,81,81,90,83,97,94,81,94,94,
1.00904  54108 2.85413e+06    11149  18.9649 -- 100,100,100,100,99,100,100,93,99,99,100,100,100,100,80,82,99,86,100,96,93,84,85,90,80,88,91,82,95,100,100,100,100,100,100,97,100,100,100,100,100,100,72,74,87,80,90,81,81,90,83,97,94,81,94,94,
-------------- summary --------------
50.4076     -2.85804e+06 11164.2 19.0109

1.01353  54182 2.85853e+06  11166.1  18.9251 -- 100,100,100,100,100,100,100,92,99,99,100,100,100,100,80,82,100,86,100,96,93,84,85,90,80,88,92,82,95,100,100,100,100,100,100,97,100,100,100,100,100,100,72,74,87,79,90,81,81,90,83,97,95,82,94,93,
1.00733  54948 2.86552e+06  11193.4  18.9168 -- 100,100,100,100,99,100,100,93,99,99,100,100,100,100,80,82,100,85,100,97,93,84,85,89,80,88,92,82,94,100,100,100,100,100,100,98,100,100,100,100,100,100,72,74,87,79,90,80,80,90,83,96,95,82,94,93,
1.00958  54484 2.84723e+06    11122  19.0094 -- 100,100,100,100,99,100,100,93,99,99,100,100,100,100,80,82,100,83,100,96,93,84,85,88,80,89,92,82,95,100,100,100,100,100,100,97,100,100,100,100,100,100,72,75,87,79,90,80,80,89,82,96,94,82,94,93,
1.00942  55214 2.85213e+06  11141.1  19.0661 -- 100,100,100,100,99,100,100,93,99,100,100,100,100,100,80,82,100,83,100,96,93,84,85,88,80,88,92,82,95,100,100,100,100,100,100,96,100,100,100,100,100,100,72,75,87,79,90,80,80,89,83,96,94,82,94,93,
1.00607  55235 2.85171e+06  11139.5  19.1615 -- 99,100,100,100,99,100,100,92,98,100,100,100,100,100,80,82,99,82,100,96,93,84,85,87,80,89,91,82,95,100,100,100,100,100,100,96,100,100,100,100,100,100,72,75,87,79,89,80,80,89,82,96,94,81,94,93,
1.00493  55010 2.85426e+06  11149.4  19.2023 -- 99,100,100,100,99,100,100,92,98,99,100,100,100,100,80,82,99,81,100,96,93,84,85,86,80,89,91,82,95,100,100,100,100,100,100,96,100,100,100,99,100,100,71,75,86,79,89,80,80,88,82,95,93,81,93,94,
1.00802  54884 2.85154e+06  11138.8  19.1019 -- 99,100,100,100,99,100,99,90,97,99,100,99,99,100,80,81,98,81,99,95,92,84,85,85,80,88,91,82,95,100,100,100,100,100,100,95,100,100,100,99,100,100,72,74,86,78,90,80,80,88,82,95,93,81,93,94,
1.00749  54865 2.85678e+06  11159.3  19.1122 -- 99,100,100,100,99,100,99,90,97,99,100,99,99,100,80,82,98,81,99,95,92,84,85,84,80,88,91,82,95,100,100,100,100,100,100,94,100,100,100,99,100,100,72,74,86,78,90,80,80,88,82,95,93,80,94,93,
1.00463  54259 2.85336e+06  11145.9  18.9663 -- 98,100,99,100,99,100,99,89,97,99,100,99,99,100,80,82,98,80,99,95,92,83,85,82,80,88,91,81,95,100,100,100,100,100,100,94,100,100,100,99,100,100,72,74,86,78,90,80,79,88,82,95,93,80,93,94,
1.00594  55110 2.85625e+06  11157.2  18.8022 -- 99,100,99,100,99,100,99,90,97,99,100,99,100,100,80,82,98,82,99,95,92,84,85,84,80,87,92,81,95,100,100,100,100,100,100,95,100,100,100,99,100,100,72,74,86,79,90,80,80,89,82,96,93,81,93,94,
-------------- summary --------------
60.4845     -2.8575e+06 11162.1 19.0134

client0Conn0@0(depth=512):
  connect time: 0.009867s
  messages received: 1333805
  messaging time: 60.493344s
  latency: 20.749494ms
  IOPS: 22048.789516
  out throughput: 86.128084MB/s
client0Conn1@0(depth=512):
  connect time: 0.003871s
  messages received: 1329956
  messaging time: 60.492827s
  latency: 20.775488ms
  IOPS: 21985.350383
  out throughput: 85.880275MB/s
client1Conn0@1(depth=512):
  connect time: 0.016859s
  messages received: 1371637
  messaging time: 60.495426s
  latency: 20.549454ms
  IOPS: 22673.400255
  out throughput: 88.567970MB/s
client1Conn1@1(depth=512):
  connect time: 0.013180s
  messages received: 1578200
  messaging time: 60.494927s
  latency: 17.225511ms
  IOPS: 26088.138102
  out throughput: 101.906789MB/s
client2Conn0@2(depth=512):
  connect time: 0.016429s
  messages received: 1608581
  messaging time: 60.495909s
  latency: 17.793899ms
  IOPS: 26589.913729
  out throughput: 103.866851MB/s
client2Conn1@2(depth=512):
  connect time: 0.012604s
  messages received: 1438771
  messaging time: 60.493510s
  latency: 20.167181ms
  IOPS: 23783.890061
  out throughput: 92.905821MB/s
client3Conn0@3(depth=512):
  connect time: 0.014181s
  messages received: 1562020
  messaging time: 60.494001s
  latency: 17.357321ms
  IOPS: 25821.072772
  out throughput: 100.863566MB/s
client3Conn1@3(depth=512):
  connect time: 0.010702s
  messages received: 1477084
  messaging time: 60.493492s
  latency: 18.693338ms
  IOPS: 24417.238066
  out throughput: 95.379836MB/s
client4Conn0@4(depth=512):
  connect time: 0.017200s
  messages received: 1536763
  messaging time: 60.495839s
  latency: 18.986358ms
  IOPS: 25402.788343
  out throughput: 99.229642MB/s
client4Conn1@4(depth=512):
  connect time: 0.012481s
  messages received: 1543242
  messaging time: 60.494827s
  latency: 18.932149ms
  IOPS: 25510.313318
  out throughput: 99.649661MB/s
client5Conn0@5(depth=512):
  connect time: 0.014699s
  messages received: 1526206
  messaging time: 60.494235s
  latency: 18.476911ms
  IOPS: 25228.949414
  out throughput: 98.550584MB/s
client5Conn1@5(depth=512):
  connect time: 0.012872s
  messages received: 1534481
  messaging time: 60.494185s
  latency: 18.331221ms
  IOPS: 25365.760380
  out throughput: 99.085001MB/s
client6Conn0@6(depth=512):
  connect time: 0.012516s
  messages received: 1694213
  messaging time: 60.496665s
  latency: 16.507583ms
  IOPS: 28005.064226
  out throughput: 109.394782MB/s
client6Conn1@6(depth=512):
  connect time: 0.011455s
  messages received: 1482785
  messaging time: 60.494356s
  latency: 19.316629ms
  IOPS: 24511.129747
  out throughput: 95.746601MB/s
client7Conn0@7(depth=512):
  connect time: 0.017309s
  messages received: 1183622
  messaging time: 60.492821s
  latency: 25.620236ms
  IOPS: 19566.321748
  out throughput: 76.430944MB/s
client7Conn1@7(depth=512):
  connect time: 0.012772s
  messages received: 1516095
  messaging time: 60.494254s
  latency: 19.921423ms
  IOPS: 25061.801627
  out throughput: 97.897663MB/s
client8Conn0@8(depth=512):
  connect time: 0.017677s
  messages received: 1606110
  messaging time: 60.495347s
  latency: 18.474288ms
  IOPS: 26549.314732
  out throughput: 103.708261MB/s
client8Conn1@8(depth=512):
  connect time: 0.013237s
  messages received: 1438925
  messaging time: 60.495891s
  latency: 20.757106ms
  IOPS: 23785.499700
  out throughput: 92.912108MB/s
client9Conn0@9(depth=512):
  connect time: 0.014498s
  messages received: 1656098
  messaging time: 60.496200s
  latency: 17.474236ms
  IOPS: 27375.239895
  out throughput: 106.934531MB/s
client9Conn1@9(depth=512):
  connect time: 0.013576s
  messages received: 1515603
  messaging time: 60.494221s
  latency: 19.262722ms
  IOPS: 25053.682328
  out throughput: 97.865947MB/s
client10Conn0@10(depth=512):
  connect time: 0.016584s
  messages received: 1767083
  messaging time: 60.496093s
  latency: 15.635835ms
  IOPS: 29209.869990
  out throughput: 114.101055MB/s
client10Conn1@10(depth=512):
  connect time: 0.012183s
  messages received: 1513618
  messaging time: 60.495109s
  latency: 18.800678ms
  IOPS: 25020.502185
  out throughput: 97.736337MB/s
client11Conn0@11(depth=512):
  connect time: 0.017272s
  messages received: 1710947
  messaging time: 60.492917s
  latency: 16.632555ms
  IOPS: 28283.426784
  out throughput: 110.482136MB/s
client11Conn1@11(depth=512):
  connect time: 0.011872s
  messages received: 1536769
  messaging time: 60.494063s
  latency: 18.795566ms
  IOPS: 25403.633276
  out throughput: 99.232942MB/s
client12Conn0@12(depth=512):
  connect time: 0.015062s
  messages received: 1697053
  messaging time: 60.496167s
  latency: 16.696952ms
  IOPS: 28052.239918
  out throughput: 109.579062MB/s
client12Conn1@12(depth=512):
  connect time: 0.012860s
  messages received: 1540864
  messaging time: 60.495453s
  latency: 18.641444ms
  IOPS: 25470.740575
  out throughput: 99.495080MB/s
client13Conn0@13(depth=512):
  connect time: 0.017369s
  messages received: 1732639
  messaging time: 60.493448s
  latency: 15.058293ms
  IOPS: 28641.763099
  out throughput: 111.881887MB/s
client13Conn1@13(depth=512):
  connect time: 0.011888s
  messages received: 1498070
  messaging time: 60.491915s
  latency: 18.456358ms
  IOPS: 24764.796983
  out throughput: 96.737488MB/s
client14Conn0@14(depth=512):
  connect time: 0.016454s
  messages received: 1441027
  messaging time: 60.494599s
  latency: 21.343325ms
  IOPS: 23820.754472
  out throughput: 93.049822MB/s
client14Conn1@14(depth=512):
  connect time: 0.011023s
  messages received: 1477803
  messaging time: 60.495769s
  latency: 20.765155ms
  IOPS: 24428.204111
  out throughput: 95.422672MB/s
client15Conn0@15(depth=512):
  connect time: 0.013653s
  messages received: 1420291
  messaging time: 60.493963s
  latency: 21.583708ms
  IOPS: 23478.227065
  out throughput: 91.711824MB/s
client15Conn1@15(depth=512):
  connect time: 0.011237s
  messages received: 1540620
  messaging time: 60.495017s
  latency: 19.926107ms
  IOPS: 25466.891123
  out throughput: 99.480043MB/s
client16Conn0@16(depth=512):
  connect time: 0.015118s
  messages received: 1737055
  messaging time: 60.505460s
  latency: 16.621905ms
  IOPS: 28709.061843
  out throughput: 112.144773MB/s
client16Conn1@16(depth=512):
  connect time: 0.012648s
  messages received: 2063798
  messaging time: 60.505426s
  latency: 13.679784ms
  IOPS: 34109.304783
  out throughput: 133.239472MB/s
client17Conn0@17(depth=512):
  connect time: 0.012631s
  messages received: 1574636
  messaging time: 60.494754s
  latency: 19.486411ms
  IOPS: 26029.298185
  out throughput: 101.676946MB/s
client17Conn1@17(depth=512):
  connect time: 0.003572s
  messages received: 1435609
  messaging time: 60.495802s
  latency: 21.368921ms
  IOPS: 23730.721195
  out throughput: 92.698130MB/s
client18Conn0@18(depth=512):
  connect time: 0.017736s
  messages received: 1872941
  messaging time: 60.493950s
  latency: 15.292497ms
  IOPS: 30960.798677
  out throughput: 120.940620MB/s
client18Conn1@18(depth=512):
  connect time: 0.011104s
  messages received: 1646602
  messaging time: 60.494580s
  latency: 17.677993ms
  IOPS: 27219.000284
  out throughput: 106.324220MB/s
client19Conn0@19(depth=512):
  connect time: 0.017505s
  messages received: 1717077
  messaging time: 60.495068s
  latency: 17.483816ms
  IOPS: 28383.751702
  out throughput: 110.874030MB/s
client19Conn1@19(depth=512):
  connect time: 0.012834s
  messages received: 1698730
  messaging time: 60.495088s
  latency: 17.630381ms
  IOPS: 28080.461619
  out throughput: 109.689303MB/s
client20Conn0@20(depth=512):
  connect time: 0.012831s
  messages received: 1853624
  messaging time: 60.493503s
  latency: 16.286176ms
  IOPS: 30641.703951
  out throughput: 119.694156MB/s
client20Conn1@20(depth=512):
  connect time: 0.011612s
  messages received: 1429016
  messaging time: 60.494607s
  latency: 21.321991ms
  IOPS: 23622.204890
  out throughput: 92.274238MB/s
client21Conn0@21(depth=512):
  connect time: 0.014740s
  messages received: 1433042
  messaging time: 60.494487s
  latency: 21.372189ms
  IOPS: 23688.803386
  out throughput: 92.534388MB/s
client21Conn1@21(depth=512):
  connect time: 0.012683s
  messages received: 1347436
  messaging time: 60.495540s
  latency: 22.802923ms
  IOPS: 22273.311295
  out throughput: 87.005122MB/s
client22Conn0@22(depth=512):
  connect time: 0.014967s
  messages received: 1582355
  messaging time: 60.493167s
  latency: 19.294316ms
  IOPS: 26157.582606
  out throughput: 102.178057MB/s
client22Conn1@22(depth=512):
  connect time: 0.013489s
  messages received: 1353189
  messaging time: 60.495007s
  latency: 22.706461ms
  IOPS: 22368.606263
  out throughput: 87.377368MB/s
client23Conn0@23(depth=512):
  connect time: 0.035739s
  messages received: 1454099
  messaging time: 60.495210s
  latency: 21.100034ms
  IOPS: 24036.597173
  out throughput: 93.892958MB/s
client23Conn1@23(depth=512):
  connect time: 0.031865s
  messages received: 1413267
  messaging time: 60.495267s
  latency: 21.738843ms
  IOPS: 23361.612669
  out throughput: 91.256299MB/s
client24Conn0@24(depth=512):
  connect time: 0.014939s
  messages received: 1489714
  messaging time: 60.494405s
  latency: 20.587233ms
  IOPS: 24625.649438
  out throughput: 96.193943MB/s
client24Conn1@24(depth=512):
  connect time: 0.011021s
  messages received: 1346399
  messaging time: 60.495443s
  latency: 22.859120ms
  IOPS: 22256.205202
  out throughput: 86.938302MB/s
client25Conn0@25(depth=512):
  connect time: 0.017653s
  messages received: 1442779
  messaging time: 60.492934s
  latency: 21.209634ms
  IOPS: 23850.372322
  out throughput: 93.165517MB/s
client25Conn1@25(depth=512):
  connect time: 0.011507s
  messages received: 1886104
  messaging time: 60.493796s
  latency: 16.090787ms
  IOPS: 31178.469692
  out throughput: 121.790897MB/s
client26Conn0@26(depth=512):
  connect time: 0.016822s
  messages received: 1445424
  messaging time: 60.499527s
  latency: 21.051533ms
  IOPS: 23891.492522
  out throughput: 93.326143MB/s
client26Conn1@26(depth=512):
  connect time: 0.012471s
  messages received: 1864598
  messaging time: 60.499940s
  latency: 16.150315ms
  IOPS: 30819.832383
  out throughput: 120.389970MB/s
client27Conn0@27(depth=512):
  connect time: 0.016167s
  messages received: 1415980
  messaging time: 60.492653s
  latency: 21.672353ms
  IOPS: 23407.470723
  out throughput: 91.435433MB/s
client27Conn1@27(depth=512):
  connect time: 0.012241s
  messages received: 1473715
  messaging time: 60.492703s
  latency: 20.851485ms
  IOPS: 24361.864106
  out throughput: 95.163532MB/s
client28Conn0@28(depth=512):
  connect time: 0.011236s
  messages received: 1513848
  messaging time: 60.493862s
  latency: 19.978525ms
  IOPS: 25024.819787
  out throughput: 97.753202MB/s
client28Conn1@28(depth=512):
  connect time: 0.009563s
  messages received: 1515062
  messaging time: 60.494590s
  latency: 19.944704ms
  IOPS: 25044.586826
  out throughput: 97.830417MB/s
client29Conn0@29(depth=512):
  connect time: 0.017328s
  messages received: 1603416
  messaging time: 60.493755s
  latency: 17.332094ms
  IOPS: 26505.479961
  out throughput: 103.537031MB/s
client29Conn1@29(depth=512):
  connect time: 0.011862s
  messages received: 1536748
  messaging time: 60.493783s
  latency: 18.216527ms
  IOPS: 25403.404016
  out throughput: 99.232047MB/s
client30Conn0@30(depth=512):
  connect time: 0.017313s
  messages received: 1421333
  messaging time: 60.497858s
  latency: 20.064318ms
  IOPS: 23493.939242
  out throughput: 91.773200MB/s
client30Conn1@30(depth=512):
  connect time: 0.012387s
  messages received: 1726998
  messaging time: 60.497908s
  latency: 15.844113ms
  IOPS: 28546.408549
  out throughput: 111.509408MB/s
client31Conn0@31(depth=512):
  connect time: 0.016620s
  messages received: 1539987
  messaging time: 60.495205s
  latency: 17.356065ms
  IOPS: 25456.347997
  out throughput: 99.438859MB/s
client31Conn1@31(depth=512):
  connect time: 0.012421s
  messages received: 1536888
  messaging time: 60.493351s
  latency: 17.320013ms
  IOPS: 25405.899601
  out throughput: 99.241795MB/s
client32Conn0@32(depth=512):
  connect time: 0.014625s
  messages received: 1432619
  messaging time: 60.494088s
  latency: 19.452097ms
  IOPS: 23681.966930
  out throughput: 92.507683MB/s
client32Conn1@32(depth=512):
  connect time: 0.013034s
  messages received: 1579321
  messaging time: 60.494109s
  latency: 17.047343ms
  IOPS: 26107.021424
  out throughput: 101.980552MB/s
client33Conn0@33(depth=512):
  connect time: 0.016119s
  messages received: 1539743
  messaging time: 60.495671s
  latency: 17.895962ms
  IOPS: 25452.118590
  out throughput: 99.422338MB/s
client33Conn1@33(depth=512):
  connect time: 0.012349s
  messages received: 1464584
  messaging time: 60.493974s
  latency: 19.066333ms
  IOPS: 24210.411257
  out throughput: 94.571919MB/s
client34Conn0@34(depth=512):
  connect time: 0.012442s
  messages received: 1458002
  messaging time: 60.494608s
  latency: 19.154204ms
  IOPS: 24101.354574
  out throughput: 94.145916MB/s
client34Conn1@34(depth=512):
  connect time: 0.013615s
  messages received: 1517364
  messaging time: 60.493453s
  latency: 18.221506ms
  IOPS: 25083.111225
  out throughput: 97.980903MB/s
client35Conn0@35(depth=512):
  connect time: 0.017435s
  messages received: 1590334
  messaging time: 60.491559s
  latency: 18.587723ms
  IOPS: 26290.180433
  out throughput: 102.696017MB/s
client35Conn1@35(depth=512):
  connect time: 0.011997s
  messages received: 1182806
  messaging time: 60.492264s
  latency: 25.383865ms
  IOPS: 19553.012446
  out throughput: 76.378955MB/s
client36Conn0@36(depth=512):
  connect time: 0.012523s
  messages received: 1486294
  messaging time: 60.492546s
  latency: 18.349885ms
  IOPS: 24569.870069
  out throughput: 95.976055MB/s
client36Conn1@36(depth=512):
  connect time: 0.010390s
  messages received: 1450332
  messaging time: 60.492510s
  latency: 18.869856ms
  IOPS: 23975.398018
  out throughput: 93.653899MB/s
client37Conn0@37(depth=512):
  connect time: 0.012478s
  messages received: 1507899
  messaging time: 60.492044s
  latency: 18.551250ms
  IOPS: 24927.228591
  out throughput: 97.371987MB/s
client37Conn1@37(depth=512):
  connect time: 0.010129s
  messages received: 1443320
  messaging time: 60.491982s
  latency: 19.537207ms
  IOPS: 23859.690930
  out throughput: 93.201918MB/s
client38Conn0@38(depth=512):
  connect time: 0.012788s
  messages received: 1546403
  messaging time: 60.493590s
  latency: 18.131809ms
  IOPS: 25563.088666
  out throughput: 99.855815MB/s
client38Conn1@38(depth=512):
  connect time: 0.011943s
  messages received: 1500843
  messaging time: 60.493555s
  latency: 18.804920ms
  IOPS: 24809.965119
  out throughput: 96.913926MB/s
client39Conn0@39(depth=512):
  connect time: 0.015144s
  messages received: 1519764
  messaging time: 60.492928s
  latency: 18.864535ms
  IOPS: 25123.002778
  out throughput: 98.136730MB/s
client39Conn1@39(depth=512):
  connect time: 0.011557s
  messages received: 1561679
  messaging time: 60.495117s
  latency: 18.181786ms
  IOPS: 25814.959688
  out throughput: 100.839686MB/s
client40Conn0@40(depth=512):
  connect time: 0.017287s
  messages received: 1565458
  messaging time: 60.492530s
  latency: 17.701142ms
  IOPS: 25878.534208
  out throughput: 101.088024MB/s
client40Conn1@40(depth=512):
  connect time: 0.013086s
  messages received: 1544128
  messaging time: 60.495204s
  latency: 17.983974ms
  IOPS: 25524.800279
  out throughput: 99.706251MB/s
client41Conn0@41(depth=512):
  connect time: 0.012568s
  messages received: 1538708
  messaging time: 60.492193s
  latency: 18.395138ms
  IOPS: 25436.472365
  out throughput: 99.361220MB/s
client41Conn1@41(depth=512):
  connect time: 0.009631s
  messages received: 1544576
  messaging time: 60.492152s
  latency: 18.330006ms
  IOPS: 25533.494179
  out throughput: 99.740212MB/s
client42Conn0@42(depth=512):
  connect time: 0.014700s
  messages received: 1362949
  messaging time: 60.496589s
  latency: 22.645960ms
  IOPS: 22529.352961
  out throughput: 88.005285MB/s
client42Conn1@42(depth=512):
  connect time: 0.011754s
  messages received: 1391065
  messaging time: 60.497271s
  latency: 22.141525ms
  IOPS: 22993.846941
  out throughput: 89.819715MB/s
client43Conn0@43(depth=512):
  connect time: 0.012423s
  messages received: 1440505
  messaging time: 60.494846s
  latency: 21.377298ms
  IOPS: 23812.028673
  out throughput: 93.015737MB/s
client43Conn1@43(depth=512):
  connect time: 0.011902s
  messages received: 1433099
  messaging time: 60.494886s
  latency: 21.494453ms
  IOPS: 23689.589239
  out throughput: 92.537458MB/s
client44Conn0@44(depth=512):
  connect time: 0.016051s
  messages received: 1825808
  messaging time: 60.494022s
  latency: 16.733940ms
  IOPS: 30181.627080
  out throughput: 117.896981MB/s
client44Conn1@44(depth=512):
  connect time: 0.012233s
  messages received: 1622830
  messaging time: 60.495040s
  latency: 18.870238ms
  IOPS: 26825.835790
  out throughput: 104.788421MB/s
client45Conn0@45(depth=512):
  connect time: 0.015087s
  messages received: 1351720
  messaging time: 60.493993s
  latency: 22.798501ms
  IOPS: 22344.697750
  out throughput: 87.283976MB/s
client45Conn1@45(depth=512):
  connect time: 0.012735s
  messages received: 1771563
  messaging time: 60.494010s
  latency: 17.290760ms
  IOPS: 29284.932602
  out throughput: 114.394268MB/s
client46Conn0@46(depth=512):
  connect time: 0.016604s
  messages received: 1796880
  messaging time: 60.496054s
  latency: 16.882595ms
  IOPS: 29702.433009
  out throughput: 116.025129MB/s
client46Conn1@46(depth=512):
  connect time: 0.012839s
  messages received: 1476319
  messaging time: 60.495534s
  latency: 20.698393ms
  IOPS: 24403.768584
  out throughput: 95.327221MB/s
client47Conn0@47(depth=512):
  connect time: 0.017564s
  messages received: 1384796
  messaging time: 60.494538s
  latency: 22.199512ms
  IOPS: 22891.256824
  out throughput: 89.418972MB/s
client47Conn1@47(depth=512):
  connect time: 0.012547s
  messages received: 1457302
  messaging time: 60.496013s
  latency: 21.073282ms
  IOPS: 24089.223875
  out throughput: 94.098531MB/s
client48Conn0@48(depth=512):
  connect time: 0.013563s
  messages received: 1456490
  messaging time: 60.495753s
  latency: 21.048687ms
  IOPS: 24075.905031
  out throughput: 94.046504MB/s
client48Conn1@48(depth=512):
  connect time: 0.013250s
  messages received: 1356459
  messaging time: 60.496488s
  latency: 22.716413ms
  IOPS: 22422.111336
  out throughput: 87.586372MB/s
client49Conn0@49(depth=512):
  connect time: 0.012733s
  messages received: 1456994
  messaging time: 60.492258s
  latency: 21.010360ms
  IOPS: 24085.627454
  out throughput: 94.084482MB/s
client49Conn1@49(depth=512):
  connect time: 0.014470s
  messages received: 1765151
  messaging time: 60.492639s
  latency: 17.261875ms
  IOPS: 29179.599778
  out throughput: 113.982812MB/s
client50Conn0@50(depth=512):
  connect time: 0.011290s
  messages received: 1437133
  messaging time: 60.492665s
  latency: 21.331893ms
  IOPS: 23757.144622
  out throughput: 92.801346MB/s
client50Conn1@50(depth=512):
  connect time: 0.008901s
  messages received: 1444599
  messaging time: 60.492706s
  latency: 21.269608ms
  IOPS: 23880.548488
  out throughput: 93.283393MB/s
client51Conn0@51(depth=512):
  connect time: 0.015188s
  messages received: 1969164
  messaging time: 60.499471s
  latency: 15.138498ms
  IOPS: 32548.449757
  out throughput: 127.142382MB/s
client51Conn1@51(depth=512):
  connect time: 0.011829s
  messages received: 1625913
  messaging time: 60.499362s
  latency: 18.508107ms
  IOPS: 26874.878238
  out throughput: 104.979993MB/s
client52Conn0@52(depth=512):
  connect time: 0.017593s
  messages received: 1426925
  messaging time: 60.494623s
  latency: 21.283680ms
  IOPS: 23587.633511
  out throughput: 92.139193MB/s
client52Conn1@52(depth=512):
  connect time: 0.012495s
  messages received: 2075814
  messaging time: 60.495944s
  latency: 14.416297ms
  IOPS: 34313.275368
  out throughput: 134.036232MB/s
client53Conn0@53(depth=512):
  connect time: 0.016143s
  messages received: 1348180
  messaging time: 60.498374s
  latency: 22.840752ms
  IOPS: 22284.566041
  out throughput: 87.049086MB/s
client53Conn1@53(depth=512):
  connect time: 0.012587s
  messages received: 1534954
  messaging time: 60.498307s
  latency: 19.962659ms
  IOPS: 25371.850586
  out throughput: 99.108791MB/s
client54Conn0@54(depth=512):
  connect time: 0.013968s
  messages received: 1622594
  messaging time: 60.494299s
  latency: 18.678093ms
  IOPS: 26822.262818
  out throughput: 104.774464MB/s
client54Conn1@54(depth=512):
  connect time: 0.010304s
  messages received: 1567780
  messaging time: 60.494361s
  latency: 19.387859ms
  IOPS: 25916.134352
  out throughput: 101.234900MB/s
client55Conn0@55(depth=512):
  connect time: 0.016514s
  messages received: 1722515
  messaging time: 60.495154s
  latency: 17.394734ms
  IOPS: 28473.603028
  out throughput: 111.225012MB/s
client55Conn1@55(depth=512):
  connect time: 0.011257s
  messages received: 1576572
  messaging time: 60.495217s
  latency: 19.156840ms
  IOPS: 26061.101459
  out throughput: 101.801178MB/s

per client:
client0(depth=1024):
  connect time: 0.006869s
  messages received: 2663761
  messaging time: 60.493085s
  latency: 20.762491ms
  IOPS: 44034.139900
  out throughput: 172.008359MB/s
client1(depth=1024):
  connect time: 0.015020s
  messages received: 2949837
  messaging time: 60.495176s
  latency: 18.887482ms
  IOPS: 48761.538357
  out throughput: 190.474759MB/s
client2(depth=1024):
  connect time: 0.014517s
  messages received: 3047352
  messaging time: 60.494710s
  latency: 18.980540ms
  IOPS: 50373.803790
  out throughput: 196.772671MB/s
client3(depth=1024):
  connect time: 0.012441s
  messages received: 3039104
  messaging time: 60.493747s
  latency: 18.025329ms
  IOPS: 50238.310838
  out throughput: 196.243402MB/s
client4(depth=1024):
  connect time: 0.014840s
  messages received: 3080005
  messaging time: 60.495333s
  latency: 18.959253ms
  IOPS: 50913.101660
  out throughput: 198.879303MB/s
client5(depth=1024):
  connect time: 0.013786s
  messages received: 3060687
  messaging time: 60.494210s
  latency: 18.404066ms
  IOPS: 50594.709794
  out throughput: 197.635585MB/s
client6(depth=1024):
  connect time: 0.011986s
  messages received: 3176998
  messaging time: 60.495511s
  latency: 17.912106ms
  IOPS: 52516.193973
  out throughput: 205.141383MB/s
client7(depth=1024):
  connect time: 0.015041s
  messages received: 2699717
  messaging time: 60.493538s
  latency: 22.770830ms
  IOPS: 44628.123375
  out throughput: 174.328607MB/s
client8(depth=1024):
  connect time: 0.015457s
  messages received: 3045035
  messaging time: 60.495619s
  latency: 19.615697ms
  IOPS: 50334.814432
  out throughput: 196.620369MB/s
client9(depth=1024):
  connect time: 0.014037s
  messages received: 3171701
  messaging time: 60.495211s
  latency: 18.368479ms
  IOPS: 52428.922223
  out throughput: 204.800477MB/s
client10(depth=1024):
  connect time: 0.014384s
  messages received: 3280701
  messaging time: 60.495601s
  latency: 17.218257ms
  IOPS: 54230.372175
  out throughput: 211.837391MB/s
client11(depth=1024):
  connect time: 0.014572s
  messages received: 3247716
  messaging time: 60.493490s
  latency: 17.714060ms
  IOPS: 53687.060060
  out throughput: 209.715078MB/s
client12(depth=1024):
  connect time: 0.013961s
  messages received: 3237917
  messaging time: 60.495810s
  latency: 17.669198ms
  IOPS: 53522.980493
  out throughput: 209.074143MB/s
client13(depth=1024):
  connect time: 0.014629s
  messages received: 3230709
  messaging time: 60.492682s
  latency: 16.757326ms
  IOPS: 53406.560082
  out throughput: 208.619375MB/s
client14(depth=1024):
  connect time: 0.013738s
  messages received: 2918830
  messaging time: 60.495184s
  latency: 21.054240ms
  IOPS: 48248.958582
  out throughput: 188.472494MB/s
client15(depth=1024):
  connect time: 0.012445s
  messages received: 2960911
  messaging time: 60.494490s
  latency: 20.754908ms
  IOPS: 48945.118188
  out throughput: 191.191868MB/s
client16(depth=1024):
  connect time: 0.013883s
  messages received: 3800853
  messaging time: 60.505443s
  latency: 15.150845ms
  IOPS: 62818.366627
  out throughput: 245.384245MB/s
client17(depth=1024):
  connect time: 0.008102s
  messages received: 3010245
  messaging time: 60.495278s
  latency: 20.427666ms
  IOPS: 49760.019380
  out throughput: 194.375076MB/s
client18(depth=1024):
  connect time: 0.014420s
  messages received: 3519543
  messaging time: 60.494265s
  latency: 16.485245ms
  IOPS: 58179.798961
  out throughput: 227.264840MB/s
client19(depth=1024):
  connect time: 0.015169s
  messages received: 3415807
  messaging time: 60.495078s
  latency: 17.557098ms
  IOPS: 56464.213322
  out throughput: 220.563333MB/s
client20(depth=1024):
  connect time: 0.012221s
  messages received: 3282640
  messaging time: 60.494055s
  latency: 18.804083ms
  IOPS: 54263.908841
  out throughput: 211.968394MB/s
client21(depth=1024):
  connect time: 0.013712s
  messages received: 2780478
  messaging time: 60.495013s
  latency: 22.087556ms
  IOPS: 45962.114681
  out throughput: 179.539510MB/s
client22(depth=1024):
  connect time: 0.014228s
  messages received: 2935544
  messaging time: 60.494087s
  latency: 21.000389ms
  IOPS: 48526.188869
  out throughput: 189.555425MB/s
client23(depth=1024):
  connect time: 0.033802s
  messages received: 2867366
  messaging time: 60.495239s
  latency: 21.419438ms
  IOPS: 47398.209842
  out throughput: 185.149257MB/s
client24(depth=1024):
  connect time: 0.012980s
  messages received: 2836113
  messaging time: 60.494924s
  latency: 21.723176ms
  IOPS: 46881.854640
  out throughput: 183.132245MB/s
client25(depth=1024):
  connect time: 0.014580s
  messages received: 3328883
  messaging time: 60.493365s
  latency: 18.650211ms
  IOPS: 55028.842014
  out throughput: 214.956414MB/s
client26(depth=1024):
  connect time: 0.014647s
  messages received: 3310022
  messaging time: 60.499733s
  latency: 18.600924ms
  IOPS: 54711.324905
  out throughput: 213.716113MB/s
client27(depth=1024):
  connect time: 0.014204s
  messages received: 2889695
  messaging time: 60.492678s
  latency: 21.261919ms
  IOPS: 47769.334830
  out throughput: 186.598964MB/s
client28(depth=1024):
  connect time: 0.010400s
  messages received: 3028910
  messaging time: 60.494226s
  latency: 19.961614ms
  IOPS: 50069.406612
  out throughput: 195.583620MB/s
client29(depth=1024):
  connect time: 0.014595s
  messages received: 3140164
  messaging time: 60.493769s
  latency: 17.774310ms
  IOPS: 51908.883976
  out throughput: 202.769078MB/s
client30(depth=1024):
  connect time: 0.014850s
  messages received: 3148331
  messaging time: 60.497883s
  latency: 17.954215ms
  IOPS: 52040.347791
  out throughput: 203.282609MB/s
client31(depth=1024):
  connect time: 0.014520s
  messages received: 3076875
  messaging time: 60.494278s
  latency: 17.338039ms
  IOPS: 50862.247598
  out throughput: 198.680655MB/s
client32(depth=1024):
  connect time: 0.013829s
  messages received: 3011940
  messaging time: 60.494099s
  latency: 18.249720ms
  IOPS: 49788.988354
  out throughput: 194.488236MB/s
client33(depth=1024):
  connect time: 0.014234s
  messages received: 3004327
  messaging time: 60.494823s
  latency: 18.481147ms
  IOPS: 49662.529847
  out throughput: 193.994257MB/s
client34(depth=1024):
  connect time: 0.013029s
  messages received: 2975366
  messaging time: 60.494030s
  latency: 18.687855ms
  IOPS: 49184.465800
  out throughput: 192.126820MB/s
client35(depth=1024):
  connect time: 0.014716s
  messages received: 2773140
  messaging time: 60.491912s
  latency: 21.985794ms
  IOPS: 45843.192878
  out throughput: 179.074972MB/s
client36(depth=1024):
  connect time: 0.011457s
  messages received: 2936626
  messaging time: 60.492528s
  latency: 18.609870ms
  IOPS: 48545.268087
  out throughput: 189.629953MB/s
client37(depth=1024):
  connect time: 0.011303s
  messages received: 2951219
  messaging time: 60.492013s
  latency: 19.044228ms
  IOPS: 48786.919522
  out throughput: 190.573904MB/s
client38(depth=1024):
  connect time: 0.012365s
  messages received: 3047246
  messaging time: 60.493573s
  latency: 18.468365ms
  IOPS: 50373.053785
  out throughput: 196.769741MB/s
client39(depth=1024):
  connect time: 0.013351s
  messages received: 3081443
  messaging time: 60.494022s
  latency: 18.523161ms
  IOPS: 50937.962466
  out throughput: 198.976416MB/s
client40(depth=1024):
  connect time: 0.015186s
  messages received: 3109586
  messaging time: 60.493867s
  latency: 17.842558ms
  IOPS: 51403.334488
  out throughput: 200.794275MB/s
client41(depth=1024):
  connect time: 0.011099s
  messages received: 3083284
  messaging time: 60.492172s
  latency: 18.362572ms
  IOPS: 50969.966544
  out throughput: 199.101432MB/s
client42(depth=1024):
  connect time: 0.013227s
  messages received: 2754014
  messaging time: 60.496930s
  latency: 22.393743ms
  IOPS: 45523.199902
  out throughput: 177.825000MB/s
client43(depth=1024):
  connect time: 0.012162s
  messages received: 2873604
  messaging time: 60.494866s
  latency: 21.435876ms
  IOPS: 47501.617913
  out throughput: 185.553195MB/s
client44(depth=1024):
  connect time: 0.014142s
  messages received: 3448638
  messaging time: 60.494531s
  latency: 17.802089ms
  IOPS: 57007.462870
  out throughput: 222.685402MB/s
client45(depth=1024):
  connect time: 0.013911s
  messages received: 3123283
  messaging time: 60.494002s
  latency: 20.044630ms
  IOPS: 51629.630352
  out throughput: 201.678244MB/s
client46(depth=1024):
  connect time: 0.014721s
  messages received: 3273199
  messaging time: 60.495794s
  latency: 18.790494ms
  IOPS: 54106.201594
  out throughput: 211.352350MB/s
client47(depth=1024):
  connect time: 0.015055s
  messages received: 2842098
  messaging time: 60.495275s
  latency: 21.636397ms
  IOPS: 46980.480700
  out throughput: 183.517503MB/s
client48(depth=1024):
  connect time: 0.013407s
  messages received: 2812949
  messaging time: 60.496121s
  latency: 21.882550ms
  IOPS: 46498.016367
  out throughput: 181.632876MB/s
client49(depth=1024):
  connect time: 0.013601s
  messages received: 3222145
  messaging time: 60.492449s
  latency: 19.136118ms
  IOPS: 53265.227232
  out throughput: 208.067294MB/s
client50(depth=1024):
  connect time: 0.010096s
  messages received: 2881732
  messaging time: 60.492686s
  latency: 21.300750ms
  IOPS: 47637.693110
  out throughput: 186.084739MB/s
client51(depth=1024):
  connect time: 0.013508s
  messages received: 3595077
  messaging time: 60.499417s
  latency: 16.823303ms
  IOPS: 59423.327995
  out throughput: 232.122375MB/s
client52(depth=1024):
  connect time: 0.015044s
  messages received: 3502739
  messaging time: 60.495284s
  latency: 17.849988ms
  IOPS: 57900.908880
  out throughput: 226.175425MB/s
client53(depth=1024):
  connect time: 0.014365s
  messages received: 2883134
  messaging time: 60.498340s
  latency: 21.401706ms
  IOPS: 47656.416627
  out throughput: 186.157877MB/s
client54(depth=1024):
  connect time: 0.012136s
  messages received: 3190374
  messaging time: 60.494330s
  latency: 19.032976ms
  IOPS: 52738.397170
  out throughput: 206.009364MB/s
client55(depth=1024):
  connect time: 0.013885s
  messages received: 3299087
  messaging time: 60.495186s
  latency: 18.275787ms
  IOPS: 54534.704487
  out throughput: 213.026189MB/s

all(depth=57344):
  connect time: 0.013819s
  messages received: 172858700
  messaging time: 60.494839s
  latency: 19.216298ms
  IOPS: 2857408.737781
  out throughput: 11161.752882MB/s
