1268334 1268334 perf-crimson-ms   0	pid 1268334's current affinity list: 0
1268334 1268336 reactor-1         1	pid 1268336's current affinity list: 1
1268334 1268337 reactor-2         2	pid 1268337's current affinity list: 2
1268334 1268338 reactor-3         3	pid 1268338's current affinity list: 3
1268334 1268339 reactor-4         4	pid 1268339's current affinity list: 4
1268334 1268340 reactor-5         5	pid 1268340's current affinity list: 5
1268334 1268341 reactor-6         6	pid 1268341's current affinity list: 6
1268334 1268342 reactor-7         7	pid 1268342's current affinity list: 7
1268334 1268343 reactor-8         8	pid 1268343's current affinity list: 8
1268334 1268344 reactor-9         9	pid 1268344's current affinity list: 9
1268334 1268345 reactor-10       10	pid 1268345's current affinity list: 10
1268334 1268346 reactor-11       11	pid 1268346's current affinity list: 11
1268334 1268347 reactor-12       12	pid 1268347's current affinity list: 12
1268334 1268348 reactor-13       13	pid 1268348's current affinity list: 13
1268334 1268349 reactor-14       28	pid 1268349's current affinity list: 28
1268334 1268350 reactor-15       29	pid 1268350's current affinity list: 29
1268334 1268351 reactor-16       30	pid 1268351's current affinity list: 30
1268334 1268352 reactor-17       31	pid 1268352's current affinity list: 31
1268334 1268353 reactor-18       32	pid 1268353's current affinity list: 32
1268334 1268354 reactor-19       33	pid 1268354's current affinity list: 33
1268334 1268355 reactor-20       34	pid 1268355's current affinity list: 34
1268334 1268356 reactor-21       35	pid 1268356's current affinity list: 35
1268334 1268357 reactor-22       36	pid 1268357's current affinity list: 36
1268334 1268358 reactor-23       37	pid 1268358's current affinity list: 37
1268334 1268359 reactor-24       38	pid 1268359's current affinity list: 38
1268334 1268360 reactor-25       39	pid 1268360's current affinity list: 39
1268334 1268361 reactor-26       40	pid 1268361's current affinity list: 40
1268334 1268362 reactor-27       41	pid 1268362's current affinity list: 41
1268334 1268363 reactor-28       56	pid 1268363's current affinity list: 56
1268334 1268364 reactor-29       57	pid 1268364's current affinity list: 57
1268334 1268365 reactor-30       58	pid 1268365's current affinity list: 58
1268334 1268366 reactor-31       59	pid 1268366's current affinity list: 59
1268334 1268367 reactor-32       60	pid 1268367's current affinity list: 60
1268334 1268368 reactor-33       61	pid 1268368's current affinity list: 61
1268334 1268369 reactor-34       62	pid 1268369's current affinity list: 62
1268334 1268370 reactor-35       63	pid 1268370's current affinity list: 63
1268334 1268371 reactor-36       64	pid 1268371's current affinity list: 64
1268334 1268372 reactor-37       65	pid 1268372's current affinity list: 65
1268334 1268373 reactor-38       66	pid 1268373's current affinity list: 66
1268334 1268374 reactor-39       67	pid 1268374's current affinity list: 67
1268334 1268375 reactor-40       68	pid 1268375's current affinity list: 68
1268334 1268376 reactor-41       69	pid 1268376's current affinity list: 69
1268334 1268377 reactor-42       84	pid 1268377's current affinity list: 84
1268334 1268378 reactor-43       85	pid 1268378's current affinity list: 85
1268334 1268379 reactor-44       86	pid 1268379's current affinity list: 86
1268334 1268380 reactor-45       87	pid 1268380's current affinity list: 87
1268334 1268381 reactor-46       88	pid 1268381's current affinity list: 88
1268334 1268382 reactor-47       89	pid 1268382's current affinity list: 89
1268334 1268383 reactor-48       90	pid 1268383's current affinity list: 90
1268334 1268384 reactor-49       91	pid 1268384's current affinity list: 91
1268334 1268385 reactor-50       92	pid 1268385's current affinity list: 92
1268334 1268386 reactor-51       93	pid 1268386's current affinity list: 93
1268334 1268387 reactor-52       94	pid 1268387's current affinity list: 94
1268334 1268388 reactor-53       95	pid 1268388's current affinity list: 95
1268334 1268389 reactor-54       96	pid 1268389's current affinity list: 96
1268334 1268390 reactor-55       97	pid 1268390's current affinity list: 97
1268334 1268391 syscall-0         0	pid 1268391's current affinity list: 0
1268334 1268392 syscall-17       31	pid 1268392's current affinity list: 31
1268334 1268393 syscall-14       28	pid 1268393's current affinity list: 28
1268334 1268394 syscall-23       37	pid 1268394's current affinity list: 37
1268334 1268395 syscall-45       87	pid 1268395's current affinity list: 87
1268334 1268396 syscall-3         3	pid 1268396's current affinity list: 3
1268334 1268397 syscall-42       84	pid 1268397's current affinity list: 84
1268334 1268398 syscall-27       41	pid 1268398's current affinity list: 41
1268334 1268399 syscall-25       39	pid 1268399's current affinity list: 39
1268334 1268400 syscall-19       33	pid 1268400's current affinity list: 33
1268334 1268401 syscall-24       38	pid 1268401's current affinity list: 38
1268334 1268402 syscall-16       30	pid 1268402's current affinity list: 30
1268334 1268403 syscall-18       32	pid 1268403's current affinity list: 32
1268334 1268404 syscall-28       56	pid 1268404's current affinity list: 56
1268334 1268405 syscall-31       59	pid 1268405's current affinity list: 59
1268334 1268406 syscall-8         8	pid 1268406's current affinity list: 8
1268334 1268407 syscall-6         6	pid 1268407's current affinity list: 6
1268334 1268408 syscall-15       29	pid 1268408's current affinity list: 29
1268334 1268409 syscall-36       64	pid 1268409's current affinity list: 64
1268334 1268410 syscall-34       62	pid 1268410's current affinity list: 62
1268334 1268411 syscall-54       96	pid 1268411's current affinity list: 96
1268334 1268412 syscall-20       34	pid 1268412's current affinity list: 34
1268334 1268413 syscall-22       36	pid 1268413's current affinity list: 36
1268334 1268414 syscall-4         4	pid 1268414's current affinity list: 4
1268334 1268415 syscall-35       63	pid 1268415's current affinity list: 63
1268334 1268416 syscall-1         1	pid 1268416's current affinity list: 1
1268334 1268417 syscall-38       66	pid 1268417's current affinity list: 66
1268334 1268418 syscall-49       91	pid 1268418's current affinity list: 91
1268334 1268419 syscall-50       92	pid 1268419's current affinity list: 92
1268334 1268420 syscall-5         5	pid 1268420's current affinity list: 5
1268334 1268421 syscall-33       61	pid 1268421's current affinity list: 61
1268334 1268422 syscall-2         2	pid 1268422's current affinity list: 2
1268334 1268423 syscall-40       68	pid 1268423's current affinity list: 68
1268334 1268424 syscall-7         7	pid 1268424's current affinity list: 7
1268334 1268425 syscall-10       10	pid 1268425's current affinity list: 10
1268334 1268426 syscall-26       40	pid 1268426's current affinity list: 40
1268334 1268427 syscall-47       89	pid 1268427's current affinity list: 89
1268334 1268428 syscall-46       88	pid 1268428's current affinity list: 88
1268334 1268429 syscall-12       12	pid 1268429's current affinity list: 12
1268334 1268430 syscall-51       93	pid 1268430's current affinity list: 93
1268334 1268431 syscall-13       13	pid 1268431's current affinity list: 13
1268334 1268432 syscall-30       58	pid 1268432's current affinity list: 58
1268334 1268433 syscall-52       94	pid 1268433's current affinity list: 94
1268334 1268434 syscall-21       35	pid 1268434's current affinity list: 35
1268334 1268435 syscall-32       60	pid 1268435's current affinity list: 60
1268334 1268436 syscall-29       57	pid 1268436's current affinity list: 57
1268334 1268437 syscall-11       11	pid 1268437's current affinity list: 11
1268334 1268438 syscall-41       69	pid 1268438's current affinity list: 69
1268334 1268439 syscall-55       97	pid 1268439's current affinity list: 97
1268334 1268440 syscall-53       95	pid 1268440's current affinity list: 95
1268334 1268441 syscall-48       90	pid 1268441's current affinity list: 90
1268334 1268442 syscall-37       65	pid 1268442's current affinity list: 65
1268334 1268443 syscall-43       85	pid 1268443's current affinity list: 85
1268334 1268444 syscall-44       86	pid 1268444's current affinity list: 86
1268334 1268445 syscall-39       67	pid 1268445's current affinity list: 67
1268334 1268446 syscall-9         9	pid 1268446's current affinity list: 9
