1267620 1267620 perf-crimson-ms   4	pid 1267620's current affinity list: 4
1267620 1267622 reactor-1         5	pid 1267622's current affinity list: 5
1267620 1267623 reactor-2         6	pid 1267623's current affinity list: 6
1267620 1267624 reactor-3         7	pid 1267624's current affinity list: 7
1267620 1267625 reactor-4        32	pid 1267625's current affinity list: 32
1267620 1267626 reactor-5        33	pid 1267626's current affinity list: 33
1267620 1267627 reactor-6        34	pid 1267627's current affinity list: 34
1267620 1267628 reactor-7        35	pid 1267628's current affinity list: 35
1267620 1267629 reactor-8        60	pid 1267629's current affinity list: 60
1267620 1267630 reactor-9        61	pid 1267630's current affinity list: 61
1267620 1267631 reactor-10       62	pid 1267631's current affinity list: 62
1267620 1267632 reactor-11       63	pid 1267632's current affinity list: 63
1267620 1267633 reactor-12       88	pid 1267633's current affinity list: 88
1267620 1267634 reactor-13       89	pid 1267634's current affinity list: 89
1267620 1267635 reactor-14       90	pid 1267635's current affinity list: 90
1267620 1267636 reactor-15       91	pid 1267636's current affinity list: 91
1267620 1267637 syscall-0         4	pid 1267637's current affinity list: 4
1267620 1267638 syscall-8        60	pid 1267638's current affinity list: 60
1267620 1267639 syscall-14       90	pid 1267639's current affinity list: 90
1267620 1267640 syscall-6        34	pid 1267640's current affinity list: 34
1267620 1267641 syscall-12       88	pid 1267641's current affinity list: 88
1267620 1267642 syscall-5        33	pid 1267642's current affinity list: 33
1267620 1267643 syscall-13       89	pid 1267643's current affinity list: 89
1267620 1267644 syscall-15       91	pid 1267644's current affinity list: 91
1267620 1267645 syscall-7        35	pid 1267645's current affinity list: 35
1267620 1267646 syscall-4        32	pid 1267646's current affinity list: 32
1267620 1267647 syscall-11       63	pid 1267647's current affinity list: 63
1267620 1267648 syscall-1         5	pid 1267648's current affinity list: 5
1267620 1267649 syscall-2         6	pid 1267649's current affinity list: 6
1267620 1267650 syscall-9        61	pid 1267650's current affinity list: 61
1267620 1267651 syscall-3         7	pid 1267651's current affinity list: 7
1267620 1267652 syscall-10       62	pid 1267652's current affinity list: 62
