4(2.00003)         0IOPS       -1MiB/s 31(0) 20(0) 27(0) 29(0) 21(0) 22(0) 26(0) 27(0) 28(0) 20(0) 28(0) 28(0) 20(0) 23(0) 24(0) 25(0) 
6(2.00329)   37474.8IOPS  146.386MiB/s 0(2) 1(2) 0(2) 0(2) 0(2) 0(2) 0(2) 0(2) 0(2) 1(2) 0(2) 0(2) 1(2) 0(2) 0(2) 0(2) 
8(2.00398) 1.95364e+06IOPS  7631.42MiB/s 30(2) 41(2) 34(2) 32(2) 40(2) 39(2) 35(2) 34(2) 33(2) 41(2) 33(2) 33(2) 41(2) 38(2) 37(2) 36(2) 
10(2.00499) 1.95292e+06IOPS  7628.61MiB/s 70(2) 81(2) 74(2) 72(2) 80(2) 79(2) 75(2) 74(2) 73(2) 81(2) 73(2) 73(2) 81(2) 78(2) 77(2) 76(2) 
12(2.005) 1.95337e+06IOPS  7630.35MiB/s 100(2) 100(2) 100(2) 100(2) 100(2) 100(2) 100(2) 100(2) 100(2) 100(2) 100(2) 100(2) 100(2) 100(2) 100(2) 100(2) 
14(2.005) 1.95146e+06IOPS  7622.91MiB/s 100(2) 100(2) 100(2) 100(2) 100(2) 100(2) 100(2) 100(2) 100(2) 100(2) 100(2) 100(2) 100(2) 100(2) 100(2) 100(2) 
16(2.005) 1.95313e+06IOPS  7629.42MiB/s 100(2) 100(2) 100(2) 100(2) 100(2) 100(2) 100(2) 100(2) 100(2) 100(2) 100(2) 100(2) 100(2) 100(2) 100(2) 100(2) 
18(2.00549) 1.9591e+06IOPS  7652.72MiB/s 100(2) 100(2) 100(2) 100(2) 100(2) 100(2) 100(2) 100(2) 100(2) 100(2) 100(2) 100(2) 100(2) 100(2) 100(2) 100(2) 
20(2.0045) 1.95581e+06IOPS  7639.87MiB/s 100(2) 100(2) 100(2) 100(2) 100(2) 100(2) 100(2) 100(2) 100(2) 100(2) 100(2) 100(2) 100(2) 100(2) 100(2) 100(2) 
22(2.00401) 1.95227e+06IOPS  7626.05MiB/s 100(2) 100(2) 100(2) 100(2) 100(2) 100(2) 100(2) 100(2) 100(2) 100(2) 100(2) 100(2) 100(2) 100(2) 100(2) 100(2) 
24(2.00499) 1.95391e+06IOPS  7632.47MiB/s 100(2) 100(2) 100(2) 100(2) 100(2) 100(2) 100(2) 100(2) 100(2) 100(2) 100(2) 100(2) 100(2) 100(2) 100(2) 100(2) 
26(2.00601) 1.95614e+06IOPS  7641.16MiB/s 100(2) 100(2) 100(2) 100(2) 100(2) 100(2) 100(2) 100(2) 100(2) 100(2) 100(2) 100(2) 100(2) 100(2) 100(2) 100(2) 
28(2.0055) 1.95365e+06IOPS  7631.43MiB/s 100(2) 100(2) 100(2) 100(2) 100(2) 100(2) 100(2) 100(2) 100(2) 100(2) 100(2) 100(2) 100(2) 100(2) 100(2) 100(2) 
30(2.00452) 1.95388e+06IOPS  7632.35MiB/s 100(2) 100(2) 100(2) 100(2) 100(2) 100(2) 100(2) 100(2) 100(2) 100(2) 100(2) 100(2) 100(2) 100(2) 100(2) 100(2) 
32(2.00497) 1.95257e+06IOPS  7627.22MiB/s 100(2) 100(2) 100(2) 100(2) 100(2) 100(2) 100(2) 100(2) 100(2) 100(2) 100(2) 100(2) 100(2) 100(2) 100(2) 100(2) 
34(2.00601) 1.95294e+06IOPS  7628.66MiB/s 100(2) 100(2) 100(2) 100(2) 100(2) 100(2) 100(2) 100(2) 100(2) 100(2) 100(2) 100(2) 100(2) 100(2) 100(2) 100(2) 
36(2.00549) 1.95229e+06IOPS  7626.12MiB/s 100(2) 100(2) 100(2) 100(2) 100(2) 100(2) 100(2) 100(2) 100(2) 100(2) 100(2) 100(2) 100(2) 100(2) 100(2) 100(2) 
38(2.0045) 1.95393e+06IOPS  7632.54MiB/s 100(2) 100(2) 100(2) 100(2) 100(2) 100(2) 100(2) 100(2) 100(2) 100(2) 100(2) 100(2) 100(2) 100(2) 100(2) 100(2) 
40(2.004) 1.95187e+06IOPS   7624.5MiB/s 100(2) 100(2) 100(2) 100(2) 100(2) 100(2) 100(2) 100(2) 100(2) 100(2) 100(2) 100(2) 100(2) 100(2) 100(2) 100(2) 
42(2.005) 1.95269e+06IOPS  7627.68MiB/s 100(2) 100(2) 100(2) 100(2) 100(2) 100(2) 100(2) 100(2) 100(2) 100(2) 100(2) 100(2) 100(2) 100(2) 100(2) 100(2) 
44(2.00401) 1.95344e+06IOPS  7630.61MiB/s 100(2) 100(2) 100(2) 100(2) 100(2) 100(2) 100(2) 100(2) 100(2) 100(2) 100(2) 100(2) 100(2) 100(2) 100(2) 100(2) 
46(2.006) 1.95163e+06IOPS  7623.54MiB/s 100(2) 100(2) 100(2) 100(2) 100(2) 100(2) 100(2) 100(2) 100(2) 100(2) 100(2) 100(2) 100(2) 100(2) 100(2) 100(2) 
48(2.00549) 1.95682e+06IOPS  7643.84MiB/s 100(2) 100(2) 100(2) 100(2) 100(2) 100(2) 100(2) 100(2) 100(2) 100(2) 100(2) 100(2) 100(2) 100(2) 100(2) 100(2) 
50(2.005) 1.95674e+06IOPS  7643.51MiB/s 100(2) 100(2) 100(2) 100(2) 100(2) 100(2) 100(2) 100(2) 100(2) 100(2) 100(2) 100(2) 100(2) 100(2) 100(2) 100(2) 
52(2.00552) 1.95584e+06IOPS  7640.01MiB/s 100(2) 100(2) 100(2) 100(2) 100(2) 100(2) 100(2) 100(2) 100(2) 100(2) 100(2) 100(2) 100(2) 100(2) 100(2) 100(2) 
54(2.00303) 1.95424e+06IOPS  7633.74MiB/s 100(2) 100(2) 100(2) 100(2) 100(2) 100(2) 100(2) 100(2) 100(2) 100(2) 100(2) 100(2) 100(2) 100(2) 100(2) 100(2) 
56(2.00398) 1.95862e+06IOPS  7650.85MiB/s 100(2) 100(2) 100(2) 100(2) 100(2) 100(2) 100(2) 100(2) 100(2) 100(2) 100(2) 100(2) 100(2) 100(2) 100(2) 100(2) 
58(2.0045) 1.95995e+06IOPS  7656.04MiB/s 100(2) 100(2) 100(2) 100(2) 100(2) 100(2) 100(2) 100(2) 100(2) 100(2) 100(2) 100(2) 100(2) 100(2) 100(2) 100(2) 
60(2.00299) 1.95714e+06IOPS  7645.06MiB/s 100(2) 100(2) 100(2) 100(2) 100(2) 100(2) 100(2) 100(2) 100(2) 100(2) 100(2) 100(2) 100(2) 100(2) 100(2) 100(2) 
62(2.00401) 1.95566e+06IOPS  7639.31MiB/s 100(2) 100(2) 100(2) 100(2) 100(2) 100(2) 100(2) 100(2) 100(2) 100(2) 100(2) 100(2) 100(2) 100(2) 100(2) 100(2) 
64(2.00398) 1.95658e+06IOPS  7642.88MiB/s 100(2) 100(2) 100(2) 100(2) 100(2) 100(2) 100(2) 100(2) 100(2) 100(2) 100(2) 100(2) 100(2) 100(2) 100(2) 100(2) 
66(2.005) 1.95284e+06IOPS  7628.29MiB/s 100(2) 100(2) 100(2) 100(2) 100(2) 100(2) 100(2) 100(2) 100(2) 100(2) 100(2) 100(2) 100(2) 100(2) 100(2) 100(2) 
68(2.00453) 1.95454e+06IOPS  7634.93MiB/s 100(2) 100(2) 100(2) 100(2) 100(2) 100(2) 100(2) 100(2) 100(2) 100(2) 100(2) 100(2) 100(2) 100(2) 100(2) 100(2) 
70(2.00448) 1.95111e+06IOPS  7621.52MiB/s 100(2) 100(2) 100(2) 100(2) 100(2) 100(2) 100(2) 100(2) 100(2) 100(2) 100(2) 100(2) 100(2) 100(2) 100(2) 100(2) 
