1267578 1267578 perf-crimson-ms   0	pid 1267578's current affinity list: 0
1267578 1267580 reactor-1         1	pid 1267580's current affinity list: 1
1267578 1267581 reactor-2         2	pid 1267581's current affinity list: 2
1267578 1267582 reactor-3         3	pid 1267582's current affinity list: 3
1267578 1267583 reactor-4        28	pid 1267583's current affinity list: 28
1267578 1267584 reactor-5        29	pid 1267584's current affinity list: 29
1267578 1267585 reactor-6        30	pid 1267585's current affinity list: 30
1267578 1267586 reactor-7        31	pid 1267586's current affinity list: 31
1267578 1267587 reactor-8        56	pid 1267587's current affinity list: 56
1267578 1267588 reactor-9        57	pid 1267588's current affinity list: 57
1267578 1267589 reactor-10       58	pid 1267589's current affinity list: 58
1267578 1267590 reactor-11       59	pid 1267590's current affinity list: 59
1267578 1267591 reactor-12       84	pid 1267591's current affinity list: 84
1267578 1267592 reactor-13       85	pid 1267592's current affinity list: 85
1267578 1267593 reactor-14       86	pid 1267593's current affinity list: 86
1267578 1267594 reactor-15       87	pid 1267594's current affinity list: 87
1267578 1267595 syscall-0         0	pid 1267595's current affinity list: 0
1267578 1267596 syscall-3         3	pid 1267596's current affinity list: 3
1267578 1267597 syscall-10       58	pid 1267597's current affinity list: 58
1267578 1267598 syscall-11       59	pid 1267598's current affinity list: 59
1267578 1267599 syscall-8        56	pid 1267599's current affinity list: 56
1267578 1267600 syscall-7        31	pid 1267600's current affinity list: 31
1267578 1267601 syscall-2         2	pid 1267601's current affinity list: 2
1267578 1267602 syscall-6        30	pid 1267602's current affinity list: 30
1267578 1267603 syscall-15       87	pid 1267603's current affinity list: 87
1267578 1267604 syscall-14       86	pid 1267604's current affinity list: 86
1267578 1267605 syscall-13       85	pid 1267605's current affinity list: 85
1267578 1267606 syscall-5        29	pid 1267606's current affinity list: 29
1267578 1267607 syscall-12       84	pid 1267607's current affinity list: 84
1267578 1267608 syscall-4        28	pid 1267608's current affinity list: 28
1267578 1267609 syscall-1         1	pid 1267609's current affinity list: 1
1267578 1267610 syscall-9        57	pid 1267610's current affinity list: 57
