1271858 1271858 perf-crimson-ms  28	pid 1271858's current affinity list: 28
1271858 1271860 reactor-1        29	pid 1271860's current affinity list: 29
1271858 1271861 reactor-2        30	pid 1271861's current affinity list: 30
1271858 1271862 reactor-3        31	pid 1271862's current affinity list: 31
1271858 1271863 reactor-4        32	pid 1271863's current affinity list: 32
1271858 1271864 reactor-5        33	pid 1271864's current affinity list: 33
1271858 1271865 reactor-6        34	pid 1271865's current affinity list: 34
1271858 1271866 reactor-7        35	pid 1271866's current affinity list: 35
1271858 1271867 reactor-8        36	pid 1271867's current affinity list: 36
1271858 1271868 reactor-9        37	pid 1271868's current affinity list: 37
1271858 1271869 reactor-10       38	pid 1271869's current affinity list: 38
1271858 1271870 reactor-11       39	pid 1271870's current affinity list: 39
1271858 1271871 reactor-12       40	pid 1271871's current affinity list: 40
1271858 1271872 reactor-13       41	pid 1271872's current affinity list: 41
1271858 1271873 reactor-14       42	pid 1271873's current affinity list: 42
1271858 1271874 reactor-15       43	pid 1271874's current affinity list: 43
1271858 1271875 reactor-16       44	pid 1271875's current affinity list: 44
1271858 1271876 reactor-17       45	pid 1271876's current affinity list: 45
1271858 1271877 reactor-18       46	pid 1271877's current affinity list: 46
1271858 1271878 reactor-19       47	pid 1271878's current affinity list: 47
1271858 1271879 reactor-20       48	pid 1271879's current affinity list: 48
1271858 1271880 reactor-21       49	pid 1271880's current affinity list: 49
1271858 1271881 reactor-22       50	pid 1271881's current affinity list: 50
1271858 1271882 reactor-23       51	pid 1271882's current affinity list: 51
1271858 1271883 reactor-24       52	pid 1271883's current affinity list: 52
1271858 1271884 reactor-25       53	pid 1271884's current affinity list: 53
1271858 1271885 reactor-26       54	pid 1271885's current affinity list: 54
1271858 1271886 reactor-27       55	pid 1271886's current affinity list: 55
1271858 1271887 syscall-0        28	pid 1271887's current affinity list: 28
1271858 1271888 syscall-10       38	pid 1271888's current affinity list: 38
1271858 1271889 syscall-2        30	pid 1271889's current affinity list: 30
1271858 1271890 syscall-6        34	pid 1271890's current affinity list: 34
1271858 1271891 syscall-3        31	pid 1271891's current affinity list: 31
1271858 1271892 syscall-13       41	pid 1271892's current affinity list: 41
1271858 1271893 syscall-9        37	pid 1271893's current affinity list: 37
1271858 1271894 syscall-16       44	pid 1271894's current affinity list: 44
1271858 1271895 syscall-26       54	pid 1271895's current affinity list: 54
1271858 1271896 syscall-24       52	pid 1271896's current affinity list: 52
1271858 1271897 syscall-22       50	pid 1271897's current affinity list: 50
1271858 1271898 syscall-12       40	pid 1271898's current affinity list: 40
1271858 1271899 syscall-27       55	pid 1271899's current affinity list: 55
1271858 1271900 syscall-23       51	pid 1271900's current affinity list: 51
1271858 1271901 syscall-4        32	pid 1271901's current affinity list: 32
1271858 1271902 syscall-19       47	pid 1271902's current affinity list: 47
1271858 1271903 syscall-14       42	pid 1271903's current affinity list: 42
1271858 1271904 syscall-17       45	pid 1271904's current affinity list: 45
1271858 1271905 syscall-8        36	pid 1271905's current affinity list: 36
1271858 1271906 syscall-1        29	pid 1271906's current affinity list: 29
1271858 1271907 syscall-5        33	pid 1271907's current affinity list: 33
1271858 1271908 syscall-11       39	pid 1271908's current affinity list: 39
1271858 1271909 syscall-7        35	pid 1271909's current affinity list: 35
1271858 1271910 syscall-25       53	pid 1271910's current affinity list: 53
1271858 1271911 syscall-18       46	pid 1271911's current affinity list: 46
1271858 1271912 syscall-21       49	pid 1271912's current affinity list: 49
1271858 1271913 syscall-20       48	pid 1271913's current affinity list: 48
1271858 1271914 syscall-15       43	pid 1271914's current affinity list: 43
