   sec  depth      IOPS     MB/s  lat(ms)
1.00024  28672    539386  2106.98  52.5909 -- 11,11,11,11,11,11,12,11,12,11,11,11,11,11,12,12,11,12,11,11,11,12,11,12,11,11,11,11,
1.00022  28326    542245  2118.14  52.7245 -- 11,12,11,11,11,11,12,11,11,11,11,11,11,11,12,11,12,12,11,12,11,12,11,12,11,11,11,11,
1.00131  28617    543019  2121.17  52.1073 -- 11,11,11,11,11,11,11,11,12,11,11,11,11,11,12,12,12,11,11,12,11,12,11,12,11,12,12,11,
1.00122  28505    542679  2119.84   52.126 -- 11,12,11,11,11,11,12,11,12,11,11,11,11,11,12,12,12,11,11,11,11,12,11,12,11,11,11,11,
1.00131  28542    546777  2135.85  52.0469 -- 11,12,11,11,11,11,12,11,11,11,11,11,11,11,12,11,12,11,11,11,11,11,11,12,11,12,11,11,
1.00226  28580    542307  2118.39  52.2185 -- 11,12,11,11,11,11,12,11,11,11,11,11,12,11,12,12,12,11,11,11,11,12,11,12,11,12,11,11,
1.0012  28554    534011  2085.98  52.8957 -- 11,12,11,11,11,11,11,11,12,11,11,11,12,11,12,12,12,11,11,11,11,11,11,12,11,11,11,11,
1.00275  28477    546163  2133.45  52.3407 -- 11,12,11,11,11,11,12,11,12,11,11,11,11,11,12,12,12,12,11,11,11,11,11,12,11,12,11,11,
1.00164  27790    538456  2103.35   52.355 -- 11,12,11,11,11,11,12,11,12,11,11,11,12,11,12,12,12,12,11,12,11,11,11,11,11,12,12,11,
1.00137  28492    534871  2089.34  52.4121 -- 11,12,11,11,11,11,12,11,12,11,11,11,11,11,12,12,12,12,11,12,11,12,11,12,11,11,12,11,
-------------- summary --------------
10.0147     -  540989 2113.24 52.3806

1.00261  28672    546936  2136.47  52.9134 -- 11,12,11,11,11,11,11,11,12,11,11,11,11,11,12,12,12,11,11,12,12,12,11,12,11,11,12,11,
1.00015  28672    537000  2097.66  52.4418 -- 12,12,11,11,11,11,12,11,11,11,11,11,11,11,12,12,12,12,11,12,11,12,11,12,11,12,12,11,
1.0013  28625    540573  2111.61  52.0122 -- 12,11,11,11,11,11,11,11,11,11,11,11,11,11,12,12,12,12,11,12,11,12,11,12,11,12,12,11,
1.00109  28410    546848  2136.12  52.0777 -- 11,11,11,11,11,12,11,11,12,11,11,11,11,12,12,12,12,12,11,12,11,12,11,12,11,12,12,11,
1.00147  28435    545568  2131.13  52.0478 -- 11,11,11,12,11,11,11,11,11,11,11,11,11,12,12,12,12,12,11,12,11,12,11,12,11,12,12,11,
1.00288  28202    543413  2122.71  52.1535 -- 11,12,11,12,11,12,11,11,12,11,11,11,11,12,12,12,12,12,11,12,11,12,11,12,11,12,12,11,
1.00161  28529    547445  2138.46  52.1707 -- 11,12,11,12,11,11,11,11,12,11,11,11,11,12,12,11,12,12,11,12,11,12,11,12,11,12,12,11,
1.00155  28345    533207  2082.84  52.7145 -- 11,12,11,12,11,11,11,11,12,11,11,11,11,12,12,12,12,12,11,12,11,11,11,12,11,12,12,11,
1.00148  28467    546672  2135.44  52.2132 -- 11,11,11,12,11,11,12,11,12,11,11,11,11,12,12,12,12,12,11,12,11,12,11,12,11,12,12,11,
1.00156  28541    543900  2124.61  52.1531 -- 11,12,11,12,11,11,11,11,12,11,11,11,11,12,12,12,12,12,11,12,11,12,11,12,11,11,12,11,
-------------- summary --------------
20.0307     -  542074 2117.48 52.3347

1.00293  28643    547417  2138.35  52.0745 -- 11,12,11,12,11,11,11,11,12,11,11,11,11,12,12,12,12,12,11,12,11,12,11,12,11,12,12,11,
1.00107  28354    544788  2128.08   52.138 -- 11,11,11,12,11,11,12,11,12,11,11,11,11,12,12,12,12,12,11,12,11,12,11,12,11,12,12,11,
1.00142  28348    544134  2125.52  52.1161 -- 11,12,11,12,11,11,12,11,12,11,11,11,11,12,12,12,12,12,11,12,11,12,11,12,11,12,12,11,
1.00154  28672    542522  2119.23   52.216 -- 11,12,11,12,11,11,12,11,12,11,11,11,11,12,12,12,12,12,11,12,11,12,12,12,11,12,12,11,
1.00014  28672    545919   2132.5  52.1262 -- 12,12,11,12,11,11,12,11,12,11,11,11,11,11,12,12,12,11,11,12,11,12,12,12,11,12,12,11,
1.00062  28327    545210  2129.73  52.0583 -- 12,12,11,12,11,11,12,11,12,11,11,11,11,12,12,12,12,12,11,12,11,12,12,12,11,12,12,11,
1.00136  28546    525019  2050.86  53.0371 -- 12,12,11,11,11,11,12,11,12,11,11,11,11,12,12,11,12,11,11,12,11,12,11,12,11,12,12,11,
1.00148  28508    546396  2134.36  52.8949 -- 11,12,11,11,11,11,12,11,12,11,11,11,11,11,12,12,12,11,11,12,11,12,11,12,11,12,12,11,
1.00152  28294    542693   2119.9   52.136 -- 11,12,11,11,11,11,12,11,12,11,11,11,11,12,12,12,12,11,11,12,11,12,11,12,11,12,11,11,
1.00142  28672    539673   2108.1  52.2948 -- 11,12,11,11,11,11,11,11,12,11,11,11,11,12,12,12,12,11,11,11,11,12,11,12,11,11,11,11,
-------------- summary --------------
30.0437     -  542176 2117.88 52.3252

1.00249  28672    544110  2125.43   52.022 -- 11,12,11,11,11,11,11,11,12,11,11,11,11,12,12,12,12,11,11,11,11,12,11,12,11,11,11,11,
1.00108  28672    546754  2135.76  52.2115 -- 11,12,11,11,11,12,12,11,12,11,11,11,11,12,12,12,12,11,11,11,11,11,11,12,11,12,11,11,
1.00096  28672    536866  2097.13    52.81 -- 12,12,11,11,11,12,11,11,11,11,11,11,11,12,12,12,12,11,11,11,11,12,11,12,11,12,11,11,
1.00042  28574    523411  2044.57  53.6874 -- 11,11,11,11,11,11,11,11,12,11,11,11,11,11,12,11,12,12,11,11,11,11,11,12,11,11,11,11,
1.00185  28440    531015  2074.28  53.0155 -- 11,12,11,11,11,11,11,11,11,11,11,11,11,11,12,11,12,12,11,11,11,11,11,12,11,12,11,11,
1.00155  28037    544627  2127.45  52.4636 -- 11,12,11,11,11,11,11,11,12,11,11,11,11,11,12,11,12,11,11,11,11,11,11,12,11,12,11,11,
1.00153  28672    544101   2125.4  52.0452 -- 11,12,11,11,11,11,11,11,12,11,11,11,11,11,12,11,12,12,11,12,11,12,11,12,11,12,11,11,
1.00099  28539    542749  2120.11  52.2103 -- 11,12,11,11,11,11,11,11,12,11,11,11,11,11,12,11,12,12,11,11,11,12,11,12,11,11,11,11,
1.00113  28672    546682  2135.48  52.1289 -- 11,12,11,12,11,11,12,11,12,11,11,11,11,11,12,12,12,12,11,11,11,12,11,12,11,12,11,11,
1.00013  28672    538652  2104.11  52.2825 -- 11,12,11,12,11,11,12,11,12,11,11,11,11,11,12,12,12,12,11,11,12,12,11,12,11,12,11,11,
-------------- summary --------------
40.0549     -  541605 2115.64 52.3642

1.00138  28337    549150  2145.12  52.1298 -- 11,12,11,11,11,11,11,11,12,11,11,11,11,11,12,12,12,12,11,11,12,12,11,12,11,11,11,11,
1.0016  27995    544861  2128.36   52.191 -- 12,12,11,11,11,11,11,11,12,11,11,11,11,11,12,12,12,12,11,11,11,12,12,12,11,11,11,11,
1.0015  28569    540008  2109.41  52.4993 -- 12,12,11,11,11,11,11,11,12,11,11,11,11,12,12,12,12,11,11,12,12,12,12,12,11,12,12,11,
1.00145  28467    526510  2056.68  53.0339 -- 11,12,11,11,11,11,11,11,12,11,11,11,11,12,12,12,12,12,11,12,11,12,12,12,11,11,12,11,
1.00159  28479    545978  2132.73  52.0669 -- 11,12,11,11,11,11,11,11,12,11,11,11,11,12,12,12,12,12,11,12,11,11,12,12,11,11,12,11,
1.0026  28629    545570  2131.13  52.3716 -- 11,12,11,11,11,12,11,11,12,11,11,11,11,12,12,12,12,12,11,12,11,12,12,12,11,12,12,11,
1.00157  28298    546470  2134.65  52.2449 -- 11,12,11,11,11,12,11,11,12,11,11,11,11,12,12,11,12,12,11,12,11,12,12,12,11,12,12,11,
1.0013  28572    541854  2116.62  52.0677 -- 12,12,11,12,11,12,11,11,11,11,11,11,11,12,12,11,12,12,11,11,11,12,11,12,11,12,12,11,
1.00145  28506    531659  2076.79  52.6758 -- 12,12,11,12,11,11,12,11,11,11,11,11,11,12,12,11,12,12,11,11,11,12,11,12,11,12,12,11,
1.00139  28672    548814  2143.81  52.2569 -- 12,12,11,12,11,12,11,11,11,11,11,11,11,11,12,11,12,12,11,12,11,12,11,12,11,12,11,11,
-------------- summary --------------
50.0708     -  541702 2116.02 52.3614

1.00015  28672    539374  2106.93   52.102 -- 11,12,11,12,11,11,11,11,12,11,11,11,11,11,12,12,12,12,11,12,11,12,11,12,11,12,11,11,
1.00021  28494    547900  2140.23  52.0809 -- 11,12,11,12,11,11,12,11,12,11,11,11,11,11,12,12,12,12,11,12,11,12,11,12,11,12,11,11,
1.0012  28494    532245  2079.08  52.8803 -- 11,12,11,12,11,11,12,11,12,11,11,11,11,11,12,12,12,12,11,12,11,12,11,12,11,12,11,11,
1.00155  28672    542024  2117.28  52.9149 -- 11,11,11,12,11,11,11,11,12,11,11,11,11,11,12,12,12,12,11,12,11,12,11,12,11,12,11,11,
1.00084  28672    539704  2108.22  52.0023 -- 11,11,11,12,11,11,11,11,12,11,11,11,11,11,12,12,12,11,11,12,11,12,11,12,11,12,11,11,
1.00103  28672    543148  2121.67  52.1355 -- 11,11,11,12,11,11,11,11,12,11,11,11,11,11,12,12,12,12,11,12,11,12,11,12,11,12,12,11,
1.00013  28672    539858  2108.82  52.4002 -- 12,11,11,12,11,12,11,11,12,11,11,11,11,11,12,12,12,12,11,12,11,12,11,12,11,12,11,11,
1.00013  28672    544548  2127.14  52.5968 -- 12,12,11,12,11,12,11,11,12,11,11,11,11,11,12,11,12,12,11,12,11,12,11,12,11,12,12,11,
1.00013  28672    542950   2120.9  52.2594 -- 12,12,11,12,11,12,11,11,12,11,11,11,11,12,12,11,12,12,11,12,11,12,11,12,11,12,11,11,
1.00019  28494    543466  2122.91  52.2206 -- 12,12,11,12,11,12,11,11,12,11,11,11,11,12,12,12,12,12,11,12,11,12,11,12,11,12,11,11,
-------------- summary --------------
60.0776     -  541660 2115.86 52.3609

client0Conn0@0(depth=512):
  connect time: 0.001616s
  messages received: 574512
  messaging time: 60.078092s
  latency: 53.012412ms
  IOPS: 9562.753789
  out throughput: 37.354507MB/s
client0Conn1@0(depth=512):
  connect time: 0.001575s
  messages received: 575487
  messaging time: 60.078595s
  latency: 52.829006ms
  IOPS: 9578.902449
  out throughput: 37.417588MB/s
client1Conn0@1(depth=512):
  connect time: 0.001698s
  messages received: 574710
  messaging time: 60.078598s
  latency: 52.932872ms
  IOPS: 9565.968892
  out throughput: 37.367066MB/s
client1Conn1@1(depth=512):
  connect time: 0.001629s
  messages received: 595609
  messaging time: 60.078614s
  latency: 51.061516ms
  IOPS: 9913.827210
  out throughput: 38.725888MB/s
client2Conn0@2(depth=512):
  connect time: 0.001619s
  messages received: 575342
  messaging time: 60.079162s
  latency: 52.875495ms
  IOPS: 9576.398477
  out throughput: 37.407807MB/s
client2Conn1@2(depth=512):
  connect time: 0.001556s
  messages received: 572589
  messaging time: 60.079241s
  latency: 53.135944ms
  IOPS: 9530.563161
  out throughput: 37.228762MB/s
client3Conn0@3(depth=512):
  connect time: 0.001646s
  messages received: 596567
  messaging time: 60.078501s
  latency: 50.928005ms
  IOPS: 9929.791726
  out throughput: 38.788249MB/s
client3Conn1@3(depth=512):
  connect time: 0.001105s
  messages received: 574509
  messaging time: 60.078613s
  latency: 52.974777ms
  IOPS: 9562.620877
  out throughput: 37.353988MB/s
client4Conn0@4(depth=512):
  connect time: 0.001218s
  messages received: 571938
  messaging time: 60.078521s
  latency: 53.179434ms
  IOPS: 9519.841522
  out throughput: 37.186881MB/s
client4Conn1@4(depth=512):
  connect time: 0.001186s
  messages received: 574522
  messaging time: 60.078576s
  latency: 52.984076ms
  IOPS: 9562.843215
  out throughput: 37.354856MB/s
client5Conn0@5(depth=512):
  connect time: 0.001777s
  messages received: 591401
  messaging time: 60.078631s
  latency: 51.454766ms
  IOPS: 9843.782914
  out throughput: 38.452277MB/s
client5Conn1@5(depth=512):
  connect time: 0.001311s
  messages received: 570894
  messaging time: 60.078869s
  latency: 53.272162ms
  IOPS: 9502.409215
  out throughput: 37.118786MB/s
client6Conn0@6(depth=512):
  connect time: 0.000902s
  messages received: 571311
  messaging time: 60.078791s
  latency: 53.250154ms
  IOPS: 9509.362436
  out throughput: 37.145947MB/s
client6Conn1@6(depth=512):
  connect time: 0.001734s
  messages received: 592936
  messaging time: 60.079149s
  latency: 51.355152ms
  IOPS: 9869.247653
  out throughput: 38.551749MB/s
client7Conn0@7(depth=512):
  connect time: 0.001534s
  messages received: 573432
  messaging time: 60.079006s
  latency: 53.103782ms
  IOPS: 9544.631906
  out throughput: 37.283718MB/s
client7Conn1@7(depth=512):
  connect time: 0.001446s
  messages received: 574281
  messaging time: 60.079176s
  latency: 52.963561ms
  IOPS: 9558.736368
  out throughput: 37.338814MB/s
client8Conn0@8(depth=512):
  connect time: 0.001683s
  messages received: 576870
  messaging time: 60.079004s
  latency: 52.719771ms
  IOPS: 9601.856893
  out throughput: 37.507253MB/s
client8Conn1@8(depth=512):
  connect time: 0.001687s
  messages received: 594646
  messaging time: 60.079184s
  latency: 51.153175ms
  IOPS: 9897.704359
  out throughput: 38.662908MB/s
client9Conn0@9(depth=512):
  connect time: 0.001596s
  messages received: 569952
  messaging time: 60.078736s
  latency: 53.414164ms
  IOPS: 9486.750827
  out throughput: 37.057620MB/s
client9Conn1@9(depth=512):
  connect time: 0.001175s
  messages received: 573614
  messaging time: 60.078753s
  latency: 53.091343ms
  IOPS: 9547.701563
  out throughput: 37.295709MB/s
client10Conn0@10(depth=512):
  connect time: 0.001373s
  messages received: 575316
  messaging time: 60.078640s
  latency: 52.980586ms
  IOPS: 9576.049018
  out throughput: 37.406441MB/s
client10Conn1@10(depth=512):
  connect time: 0.000967s
  messages received: 572617
  messaging time: 60.078937s
  latency: 53.160794ms
  IOPS: 9531.077466
  out throughput: 37.230771MB/s
client11Conn0@11(depth=512):
  connect time: 0.001316s
  messages received: 572581
  messaging time: 60.078133s
  latency: 53.070723ms
  IOPS: 9530.605692
  out throughput: 37.228928MB/s
client11Conn1@11(depth=512):
  connect time: 0.001216s
  messages received: 576933
  messaging time: 60.078157s
  latency: 52.708659ms
  IOPS: 9603.040884
  out throughput: 37.511878MB/s
client12Conn0@12(depth=512):
  connect time: 0.001632s
  messages received: 577291
  messaging time: 60.078688s
  latency: 52.643308ms
  IOPS: 9608.914946
  out throughput: 37.534824MB/s
client12Conn1@12(depth=512):
  connect time: 0.001466s
  messages received: 573321
  messaging time: 60.078898s
  latency: 53.060462ms
  IOPS: 9542.801610
  out throughput: 37.276569MB/s
client13Conn0@13(depth=512):
  connect time: 0.001980s
  messages received: 594843
  messaging time: 60.078576s
  latency: 51.113339ms
  IOPS: 9901.083592
  out throughput: 38.676108MB/s
client13Conn1@13(depth=512):
  connect time: 0.001073s
  messages received: 572846
  messaging time: 60.078967s
  latency: 53.111732ms
  IOPS: 9534.884278
  out throughput: 37.245642MB/s
client14Conn0@14(depth=512):
  connect time: 0.001662s
  messages received: 598357
  messaging time: 60.078559s
  latency: 50.825304ms
  IOPS: 9959.576371
  out throughput: 38.904595MB/s
client14Conn1@14(depth=512):
  connect time: 0.001535s
  messages received: 597015
  messaging time: 60.078769s
  latency: 51.074538ms
  IOPS: 9937.204278
  out throughput: 38.817204MB/s
client15Conn0@15(depth=512):
  connect time: 0.000815s
  messages received: 574754
  messaging time: 60.078690s
  latency: 52.950505ms
  IOPS: 9566.686615
  out throughput: 37.369870MB/s
client15Conn1@15(depth=512):
  connect time: 0.001635s
  messages received: 595991
  messaging time: 60.078916s
  latency: 51.069428ms
  IOPS: 9920.135630
  out throughput: 38.750530MB/s
client16Conn0@16(depth=512):
  connect time: 0.001827s
  messages received: 596948
  messaging time: 60.078475s
  latency: 50.949085ms
  IOPS: 9936.137643
  out throughput: 38.813038MB/s
client16Conn1@16(depth=512):
  connect time: 0.001386s
  messages received: 598210
  messaging time: 60.078495s
  latency: 50.917685ms
  IOPS: 9957.140222
  out throughput: 38.895079MB/s
client17Conn0@17(depth=512):
  connect time: 0.001850s
  messages received: 594102
  messaging time: 60.078631s
  latency: 51.209684ms
  IOPS: 9888.740608
  out throughput: 38.627893MB/s
client17Conn1@17(depth=512):
  connect time: 0.000977s
  messages received: 573816
  messaging time: 60.078708s
  latency: 53.038386ms
  IOPS: 9551.070860
  out throughput: 37.308871MB/s
client18Conn0@18(depth=512):
  connect time: 0.001794s
  messages received: 574332
  messaging time: 60.079282s
  latency: 52.985996ms
  IOPS: 9559.568359
  out throughput: 37.342064MB/s
client18Conn1@18(depth=512):
  connect time: 0.001333s
  messages received: 574254
  messaging time: 60.079314s
  latency: 53.026504ms
  IOPS: 9558.264934
  out throughput: 37.336972MB/s
client19Conn0@19(depth=512):
  connect time: 0.001552s
  messages received: 573384
  messaging time: 60.078611s
  latency: 53.022522ms
  IOPS: 9543.895709
  out throughput: 37.280843MB/s
client19Conn1@19(depth=512):
  connect time: 0.001372s
  messages received: 596546
  messaging time: 60.078666s
  latency: 50.961745ms
  IOPS: 9929.414902
  out throughput: 38.786777MB/s
client20Conn0@20(depth=512):
  connect time: 0.001445s
  messages received: 576435
  messaging time: 60.078292s
  latency: 52.859487ms
  IOPS: 9594.730211
  out throughput: 37.479415MB/s
client20Conn1@20(depth=512):
  connect time: 0.001124s
  messages received: 576631
  messaging time: 60.078306s
  latency: 52.770710ms
  IOPS: 9597.990251
  out throughput: 37.492149MB/s
client21Conn0@21(depth=512):
  connect time: 0.001919s
  messages received: 597015
  messaging time: 60.079040s
  latency: 50.933453ms
  IOPS: 9937.159481
  out throughput: 38.817029MB/s
client21Conn1@21(depth=512):
  connect time: 0.001356s
  messages received: 573544
  messaging time: 60.079206s
  latency: 53.049463ms
  IOPS: 9546.464377
  out throughput: 37.290876MB/s
client22Conn0@22(depth=512):
  connect time: 0.001583s
  messages received: 575221
  messaging time: 60.078542s
  latency: 52.809095ms
  IOPS: 9574.483408
  out throughput: 37.400326MB/s
client22Conn1@22(depth=512):
  connect time: 0.000947s
  messages received: 577169
  messaging time: 60.078722s
  latency: 52.776119ms
  IOPS: 9606.878734
  out throughput: 37.526870MB/s
client23Conn0@23(depth=512):
  connect time: 0.001752s
  messages received: 593924
  messaging time: 60.078418s
  latency: 51.176516ms
  IOPS: 9885.812855
  out throughput: 38.616456MB/s
client23Conn1@23(depth=512):
  connect time: 0.001620s
  messages received: 599240
  messaging time: 60.078631s
  latency: 50.723601ms
  IOPS: 9974.261935
  out throughput: 38.961961MB/s
client24Conn0@24(depth=512):
  connect time: 0.001271s
  messages received: 570517
  messaging time: 60.079535s
  latency: 53.348419ms
  IOPS: 9496.028937
  out throughput: 37.093863MB/s
client24Conn1@24(depth=512):
  connect time: 0.001125s
  messages received: 573953
  messaging time: 60.079609s
  latency: 53.056394ms
  IOPS: 9553.207944
  out throughput: 37.317219MB/s
client25Conn0@25(depth=512):
  connect time: 0.001741s
  messages received: 595458
  messaging time: 60.078926s
  latency: 51.027484ms
  IOPS: 9911.262419
  out throughput: 38.715869MB/s
client25Conn1@25(depth=512):
  connect time: 0.001241s
  messages received: 573833
  messaging time: 60.079091s
  latency: 53.044978ms
  IOPS: 9551.293018
  out throughput: 37.309738MB/s
client26Conn0@26(depth=512):
  connect time: 0.001933s
  messages received: 597127
  messaging time: 60.078652s
  latency: 50.949096ms
  IOPS: 9939.087898
  out throughput: 38.824562MB/s
client26Conn1@26(depth=512):
  connect time: 0.001149s
  messages received: 574492
  messaging time: 60.078991s
  latency: 53.023384ms
  IOPS: 9562.277837
  out throughput: 37.352648MB/s
client27Conn0@27(depth=512):
  connect time: 0.001554s
  messages received: 573501
  messaging time: 60.079048s
  latency: 53.076520ms
  IOPS: 9545.773709
  out throughput: 37.288179MB/s
client27Conn1@27(depth=512):
  connect time: 0.000953s
  messages received: 574988
  messaging time: 60.079305s
  latency: 52.939010ms
  IOPS: 9570.483551
  out throughput: 37.384701MB/s

per client:
client0(depth=1024):
  connect time: 0.001595s
  messages received: 1149999
  messaging time: 60.078343s
  latency: 52.920709ms
  IOPS: 19141.656238
  out throughput: 74.772095MB/s
client1(depth=1024):
  connect time: 0.001664s
  messages received: 1170319
  messaging time: 60.078606s
  latency: 51.997194ms
  IOPS: 19479.796103
  out throughput: 76.092954MB/s
client2(depth=1024):
  connect time: 0.001588s
  messages received: 1147931
  messaging time: 60.079202s
  latency: 53.005720ms
  IOPS: 19106.961638
  out throughput: 74.636569MB/s
client3(depth=1024):
  connect time: 0.001375s
  messages received: 1171076
  messaging time: 60.078557s
  latency: 51.951391ms
  IOPS: 19492.412604
  out throughput: 76.142237MB/s
client4(depth=1024):
  connect time: 0.001202s
  messages received: 1146460
  messaging time: 60.078548s
  latency: 53.081755ms
  IOPS: 19082.684737
  out throughput: 74.541737MB/s
client5(depth=1024):
  connect time: 0.001544s
  messages received: 1162295
  messaging time: 60.078750s
  latency: 52.363464ms
  IOPS: 19346.192129
  out throughput: 75.571063MB/s
client6(depth=1024):
  connect time: 0.001318s
  messages received: 1164247
  messaging time: 60.078970s
  latency: 52.302653ms
  IOPS: 19378.610089
  out throughput: 75.697696MB/s
client7(depth=1024):
  connect time: 0.001490s
  messages received: 1147713
  messaging time: 60.079091s
  latency: 53.033672ms
  IOPS: 19103.368274
  out throughput: 74.622532MB/s
client8(depth=1024):
  connect time: 0.001685s
  messages received: 1171516
  messaging time: 60.079094s
  latency: 51.936473ms
  IOPS: 19499.561252
  out throughput: 76.170161MB/s
client9(depth=1024):
  connect time: 0.001386s
  messages received: 1143566
  messaging time: 60.078744s
  latency: 53.252754ms
  IOPS: 19034.452391
  out throughput: 74.353330MB/s
client10(depth=1024):
  connect time: 0.001170s
  messages received: 1147933
  messaging time: 60.078788s
  latency: 53.070690ms
  IOPS: 19107.126484
  out throughput: 74.637213MB/s
client11(depth=1024):
  connect time: 0.001266s
  messages received: 1149514
  messaging time: 60.078145s
  latency: 52.889691ms
  IOPS: 19133.646576
  out throughput: 74.740807MB/s
client12(depth=1024):
  connect time: 0.001549s
  messages received: 1150612
  messaging time: 60.078793s
  latency: 52.851885ms
  IOPS: 19151.716556
  out throughput: 74.811393MB/s
client13(depth=1024):
  connect time: 0.001526s
  messages received: 1167689
  messaging time: 60.078771s
  latency: 52.112535ms
  IOPS: 19435.967870
  out throughput: 75.921749MB/s
client14(depth=1024):
  connect time: 0.001599s
  messages received: 1195372
  messaging time: 60.078664s
  latency: 50.949921ms
  IOPS: 19896.780648
  out throughput: 77.721799MB/s
client15(depth=1024):
  connect time: 0.001225s
  messages received: 1170745
  messaging time: 60.078803s
  latency: 52.009967ms
  IOPS: 19486.822245
  out throughput: 76.120399MB/s
client16(depth=1024):
  connect time: 0.001606s
  messages received: 1195158
  messaging time: 60.078485s
  latency: 50.933385ms
  IOPS: 19893.277865
  out throughput: 77.708117MB/s
client17(depth=1024):
  connect time: 0.001413s
  messages received: 1167918
  messaging time: 60.078670s
  latency: 52.124035ms
  IOPS: 19439.811468
  out throughput: 75.936764MB/s
client18(depth=1024):
  connect time: 0.001563s
  messages received: 1148586
  messaging time: 60.079298s
  latency: 53.006250ms
  IOPS: 19117.833293
  out throughput: 74.679036MB/s
client19(depth=1024):
  connect time: 0.001462s
  messages received: 1169930
  messaging time: 60.078639s
  latency: 51.992133ms
  IOPS: 19473.310611
  out throughput: 76.067620MB/s
client20(depth=1024):
  connect time: 0.001284s
  messages received: 1153066
  messaging time: 60.078299s
  latency: 52.815098ms
  IOPS: 19192.720462
  out throughput: 74.971564MB/s
client21(depth=1024):
  connect time: 0.001637s
  messages received: 1170559
  messaging time: 60.079123s
  latency: 51.991458ms
  IOPS: 19483.623858
  out throughput: 76.107906MB/s
client22(depth=1024):
  connect time: 0.001265s
  messages received: 1152390
  messaging time: 60.078632s
  latency: 52.792607ms
  IOPS: 19181.362142
  out throughput: 74.927196MB/s
client23(depth=1024):
  connect time: 0.001686s
  messages received: 1193164
  messaging time: 60.078525s
  latency: 50.950058ms
  IOPS: 19860.074790
  out throughput: 77.578417MB/s
client24(depth=1024):
  connect time: 0.001198s
  messages received: 1144470
  messaging time: 60.079572s
  latency: 53.202407ms
  IOPS: 19049.236881
  out throughput: 74.411082MB/s
client25(depth=1024):
  connect time: 0.001491s
  messages received: 1169291
  messaging time: 60.079008s
  latency: 52.036231ms
  IOPS: 19462.555436
  out throughput: 76.025607MB/s
client26(depth=1024):
  connect time: 0.001541s
  messages received: 1171619
  messaging time: 60.078821s
  latency: 51.986240ms
  IOPS: 19501.365735
  out throughput: 76.177210MB/s
client27(depth=1024):
  connect time: 0.001253s
  messages received: 1148489
  messaging time: 60.079177s
  latency: 53.007765ms
  IOPS: 19116.257260
  out throughput: 74.672880MB/s

all(depth=28672):
  connect time: 0.001449s
  messages received: 32541627
  messaging time: 60.078790s
  latency: 52.377434ms
  IOPS: 541649.185636
  out throughput: 2115.817131MB/s
