 801407  801407 crimson-osd       0	pid 801407's current affinity list: 0
 801407  801414 reactor-1        56	pid 801414's current affinity list: 56
 801407  801415 reactor-2         1	pid 801415's current affinity list: 1
 801407  801416 reactor-3        57	pid 801416's current affinity list: 57
 801407  801417 reactor-4         2	pid 801417's current affinity list: 2
 801407  801418 reactor-5        58	pid 801418's current affinity list: 58
 801407  801419 reactor-6         3	pid 801419's current affinity list: 3
 801407  801420 reactor-7        59	pid 801420's current affinity list: 59
 801407  801421 syscall-0         0	pid 801421's current affinity list: 0
 801407  801422 syscall-1        56	pid 801422's current affinity list: 56
 801407  801423 syscall-6         3	pid 801423's current affinity list: 3
 801407  801424 syscall-7        59	pid 801424's current affinity list: 59
 801407  801425 syscall-2         1	pid 801425's current affinity list: 1
 801407  801426 syscall-5        58	pid 801426's current affinity list: 58
 801407  801427 syscall-3        57	pid 801427's current affinity list: 57
 801407  801428 syscall-4         2	pid 801428's current affinity list: 2
 801407  801429 crimson-osd       0	pid 801429's current affinity list: 0
 801407  801430 reactor-1        56	pid 801430's current affinity list: 56
 801407  801431 reactor-3        57	pid 801431's current affinity list: 57
 801407  801432 reactor-2         1	pid 801432's current affinity list: 1
 801407  801433 reactor-4         2	pid 801433's current affinity list: 2
 801407  801434 reactor-5        58	pid 801434's current affinity list: 58
 801407  801435 reactor-7        59	pid 801435's current affinity list: 59
 801407  801436 reactor-6         3	pid 801436's current affinity list: 3
 801407  801407 crimson-osd       0	pid 801407's current affinity list: 0
 801407  801414 reactor-1        56	pid 801414's current affinity list: 56
 801407  801415 reactor-2         1	pid 801415's current affinity list: 1
 801407  801416 reactor-3        57	pid 801416's current affinity list: 57
 801407  801417 reactor-4         2	pid 801417's current affinity list: 2
 801407  801418 reactor-5        58	pid 801418's current affinity list: 58
 801407  801419 reactor-6         3	pid 801419's current affinity list: 3
 801407  801420 reactor-7        59	pid 801420's current affinity list: 59
 801407  801421 syscall-0         0	pid 801421's current affinity list: 0
 801407  801422 syscall-1        56	pid 801422's current affinity list: 56
 801407  801423 syscall-6         3	pid 801423's current affinity list: 3
 801407  801424 syscall-7        59	pid 801424's current affinity list: 59
 801407  801425 syscall-2         1	pid 801425's current affinity list: 1
 801407  801426 syscall-5        58	pid 801426's current affinity list: 58
 801407  801427 syscall-3        57	pid 801427's current affinity list: 57
 801407  801428 syscall-4         2	pid 801428's current affinity list: 2
 801407  801429 crimson-osd       0	pid 801429's current affinity list: 0
 801407  801430 reactor-1        56	pid 801430's current affinity list: 56
 801407  801431 reactor-3        57	pid 801431's current affinity list: 57
 801407  801432 reactor-2         1	pid 801432's current affinity list: 1
 801407  801433 reactor-4         2	pid 801433's current affinity list: 2
 801407  801434 reactor-5        58	pid 801434's current affinity list: 58
 801407  801435 reactor-7        59	pid 801435's current affinity list: 59
 801407  801436 reactor-6         3	pid 801436's current affinity list: 3
