1268948 1268948 perf-crimson-ms  28	pid 1268948's current affinity list: 28
1268948 1268950 reactor-1        29	pid 1268950's current affinity list: 29
1268948 1268951 reactor-2        30	pid 1268951's current affinity list: 30
1268948 1268952 reactor-3        31	pid 1268952's current affinity list: 31
1268948 1268953 reactor-4        32	pid 1268953's current affinity list: 32
1268948 1268954 reactor-5        33	pid 1268954's current affinity list: 33
1268948 1268955 reactor-6        34	pid 1268955's current affinity list: 34
1268948 1268956 reactor-7        35	pid 1268956's current affinity list: 35
1268948 1268957 reactor-8        36	pid 1268957's current affinity list: 36
1268948 1268958 reactor-9        37	pid 1268958's current affinity list: 37
1268948 1268959 reactor-10       38	pid 1268959's current affinity list: 38
1268948 1268960 reactor-11       39	pid 1268960's current affinity list: 39
1268948 1268961 reactor-12       40	pid 1268961's current affinity list: 40
1268948 1268962 reactor-13       41	pid 1268962's current affinity list: 41
1268948 1268963 reactor-14       42	pid 1268963's current affinity list: 42
1268948 1268964 reactor-15       43	pid 1268964's current affinity list: 43
1268948 1268965 syscall-0        28	pid 1268965's current affinity list: 28
1268948 1268966 syscall-5        33	pid 1268966's current affinity list: 33
1268948 1268967 syscall-6        34	pid 1268967's current affinity list: 34
1268948 1268968 syscall-10       38	pid 1268968's current affinity list: 38
1268948 1268969 syscall-12       40	pid 1268969's current affinity list: 40
1268948 1268970 syscall-7        35	pid 1268970's current affinity list: 35
1268948 1268971 syscall-1        29	pid 1268971's current affinity list: 29
1268948 1268972 syscall-8        36	pid 1268972's current affinity list: 36
1268948 1268973 syscall-2        30	pid 1268973's current affinity list: 30
1268948 1268974 syscall-11       39	pid 1268974's current affinity list: 39
1268948 1268975 syscall-9        37	pid 1268975's current affinity list: 37
1268948 1268976 syscall-3        31	pid 1268976's current affinity list: 31
1268948 1268977 syscall-14       42	pid 1268977's current affinity list: 42
1268948 1268978 syscall-4        32	pid 1268978's current affinity list: 32
1268948 1268979 syscall-13       41	pid 1268979's current affinity list: 41
1268948 1268980 syscall-15       43	pid 1268980's current affinity list: 43
