4(2.00002)         0IOPS       -1MiB/s 23(0) 20(0) 21(0) 20(0) 20(0) 20(0) 20(0) 20(0) 20(0) 21(0) 21(0) 21(0) 20(0) 20(0) 21(0) 20(0) 
6(2.00011)         0IOPS       -1MiB/s 0(2) 0(2) 0(2) 0(2) 0(2) 0(2) 0(2) 0(2) 0(2) 0(2) 0(2) 0(2) 0(2) 0(2) 0(2) 0(2) 
8(2.00353) 1.82727e+06IOPS  7137.76MiB/s 23(2) 26(2) 26(2) 26(2) 26(2) 26(2) 26(2) 26(2) 26(2) 25(2) 25(2) 25(2) 25(2) 26(2) 25(2) 26(2) 
10(2.00398) 2.76281e+06IOPS  10792.2MiB/s 63(2) 66(2) 66(2) 66(2) 66(2) 66(2) 66(2) 66(2) 66(2) 65(2) 65(2) 65(2) 65(2) 66(2) 65(2) 66(2) 
12(2.00349) 2.77094e+06IOPS    10824MiB/s 100(2) 100(2) 100(2) 100(2) 100(2) 100(2) 100(2) 100(2) 100(2) 100(2) 100(2) 100(2) 100(2) 100(2) 100(2) 100(2) 
14(2.00351) 2.76035e+06IOPS  10782.6MiB/s 100(2) 100(2) 100(2) 100(2) 100(2) 100(2) 100(2) 100(2) 100(2) 100(2) 100(2) 100(2) 100(2) 100(2) 100(2) 100(2) 
16(2.003) 2.76445e+06IOPS  10798.6MiB/s 100(2) 100(2) 100(2) 100(2) 100(2) 100(2) 100(2) 100(2) 100(2) 100(2) 100(2) 100(2) 100(2) 100(2) 100(2) 100(2) 
18(2.00402) 2.75996e+06IOPS  10781.1MiB/s 100(2) 100(2) 100(2) 100(2) 100(2) 100(2) 100(2) 100(2) 100(2) 100(2) 100(2) 100(2) 100(2) 100(2) 100(2) 100(2) 
20(2.00353) 2.75391e+06IOPS  10757.5MiB/s 100(2) 100(2) 100(2) 100(2) 100(2) 100(2) 100(2) 100(2) 100(2) 100(2) 100(2) 100(2) 100(2) 100(2) 100(2) 100(2) 
22(2.00444) 2.75753e+06IOPS  10771.6MiB/s 100(2) 100(2) 100(2) 100(2) 100(2) 100(2) 100(2) 100(2) 100(2) 100(2) 100(2) 100(2) 100(2) 100(2) 100(2) 100(2) 
24(2.00404) 2.75521e+06IOPS  10762.5MiB/s 100(2) 100(2) 100(2) 100(2) 100(2) 100(2) 100(2) 100(2) 100(2) 100(2) 100(2) 100(2) 100(2) 100(2) 100(2) 100(2) 
26(2.00496) 2.75174e+06IOPS    10749MiB/s 100(2) 100(2) 100(2) 100(2) 100(2) 100(2) 100(2) 100(2) 100(2) 100(2) 100(2) 100(2) 100(2) 100(2) 100(2) 100(2) 
28(2.004) 2.75552e+06IOPS  10763.8MiB/s 100(2) 100(2) 100(2) 100(2) 100(2) 100(2) 100(2) 100(2) 100(2) 100(2) 100(2) 100(2) 100(2) 100(2) 100(2) 100(2) 
30(2.0045) 2.75743e+06IOPS  10771.2MiB/s 100(2) 100(2) 100(2) 100(2) 100(2) 100(2) 100(2) 100(2) 100(2) 100(2) 100(2) 100(2) 100(2) 100(2) 100(2) 100(2) 
32(2.0045) 2.75232e+06IOPS  10751.3MiB/s 100(2) 100(2) 100(2) 100(2) 100(2) 100(2) 100(2) 100(2) 100(2) 100(2) 100(2) 100(2) 100(2) 100(2) 100(2) 100(2) 
34(2.00356) 2.75318e+06IOPS  10754.6MiB/s 100(2) 100(2) 100(2) 100(2) 100(2) 100(2) 100(2) 100(2) 100(2) 100(2) 100(2) 100(2) 100(2) 100(2) 100(2) 100(2) 
36(2.00347) 2.75216e+06IOPS  10750.6MiB/s 100(2) 100(2) 100(2) 100(2) 100(2) 100(2) 100(2) 100(2) 100(2) 100(2) 100(2) 100(2) 100(2) 100(2) 100(2) 100(2) 
38(2.00297) 2.75155e+06IOPS  10748.2MiB/s 100(2) 100(2) 100(2) 100(2) 100(2) 100(2) 100(2) 100(2) 100(2) 100(2) 100(2) 100(2) 100(2) 100(2) 100(2) 100(2) 
40(2.005) 2.74837e+06IOPS  10735.8MiB/s 100(2) 100(2) 100(2) 100(2) 100(2) 100(2) 100(2) 100(2) 100(2) 100(2) 100(2) 100(2) 100(2) 100(2) 100(2) 100(2) 
42(2.00407) 2.75564e+06IOPS  10764.2MiB/s 100(2) 100(2) 100(2) 100(2) 100(2) 100(2) 100(2) 100(2) 100(2) 100(2) 100(2) 100(2) 100(2) 100(2) 100(2) 100(2) 
44(2.00342) 2.74791e+06IOPS    10734MiB/s 100(2) 100(2) 100(2) 100(2) 100(2) 100(2) 100(2) 100(2) 100(2) 100(2) 100(2) 100(2) 100(2) 100(2) 100(2) 100(2) 
46(2.00353) 2.75037e+06IOPS  10743.6MiB/s 100(2) 100(2) 100(2) 100(2) 100(2) 100(2) 100(2) 100(2) 100(2) 100(2) 100(2) 100(2) 100(2) 100(2) 100(2) 100(2) 
48(2.00449) 2.74647e+06IOPS  10728.4MiB/s 100(2) 100(2) 100(2) 100(2) 100(2) 100(2) 100(2) 100(2) 100(2) 100(2) 100(2) 100(2) 100(2) 100(2) 100(2) 100(2) 
50(2.00448) 2.75155e+06IOPS  10748.2MiB/s 100(2) 100(2) 100(2) 100(2) 100(2) 100(2) 100(2) 100(2) 100(2) 100(2) 100(2) 100(2) 100(2) 100(2) 100(2) 100(2) 
52(2.00501) 2.74984e+06IOPS  10741.6MiB/s 100(2) 100(2) 100(2) 100(2) 100(2) 100(2) 100(2) 100(2) 100(2) 100(2) 100(2) 100(2) 100(2) 100(2) 100(2) 100(2) 
54(2.0045) 2.75295e+06IOPS  10753.7MiB/s 100(2) 100(2) 100(2) 100(2) 100(2) 100(2) 100(2) 100(2) 100(2) 100(2) 100(2) 100(2) 100(2) 100(2) 100(2) 100(2) 
56(2.005) 2.74791e+06IOPS    10734MiB/s 100(2) 100(2) 100(2) 100(2) 100(2) 100(2) 100(2) 100(2) 100(2) 100(2) 100(2) 100(2) 100(2) 100(2) 100(2) 100(2) 
58(2.004) 2.75372e+06IOPS  10756.7MiB/s 100(2) 100(2) 100(2) 100(2) 100(2) 100(2) 100(2) 100(2) 100(2) 100(2) 100(2) 100(2) 100(2) 100(2) 100(2) 100(2) 
60(2.0055) 2.74734e+06IOPS  10731.8MiB/s 100(2) 100(2) 100(2) 100(2) 100(2) 100(2) 100(2) 100(2) 100(2) 100(2) 100(2) 100(2) 100(2) 100(2) 100(2) 100(2) 
62(2.00401) 2.75432e+06IOPS    10759MiB/s 100(2) 100(2) 100(2) 100(2) 100(2) 100(2) 100(2) 100(2) 100(2) 100(2) 100(2) 100(2) 100(2) 100(2) 100(2) 100(2) 
64(2.00352) 2.74778e+06IOPS  10733.5MiB/s 100(2) 100(2) 100(2) 100(2) 100(2) 100(2) 100(2) 100(2) 100(2) 100(2) 100(2) 100(2) 100(2) 100(2) 100(2) 100(2) 
66(2.0025) 2.7504e+06IOPS  10743.8MiB/s 100(2) 100(2) 100(2) 100(2) 100(2) 100(2) 100(2) 100(2) 100(2) 100(2) 100(2) 100(2) 100(2) 100(2) 100(2) 100(2) 
68(2.0045) 2.75061e+06IOPS  10744.6MiB/s 100(2) 100(2) 100(2) 100(2) 100(2) 100(2) 100(2) 100(2) 100(2) 100(2) 100(2) 100(2) 100(2) 100(2) 100(2) 100(2) 
70(2.00398) 2.74435e+06IOPS  10720.1MiB/s 100(2) 100(2) 100(2) 100(2) 100(2) 100(2) 100(2) 100(2) 100(2) 100(2) 100(2) 100(2) 100(2) 100(2) 100(2) 100(2) 
72(2.00053) 2.48902e+06IOPS  9722.73MiB/s 100(0) 98(0) 99(0) 98(0) 98(0) 98(0) 98(0) 98(0) 99(0) 99(0) 99(0) 99(0) 99(0) 99(0) 99(0) 99(0) 
