   sec  depth      IOPS     MB/s  lat(ms)
1.00413  15223 2.76249e+06    10791   5.2027 -- 95,99,98,99,99,98,99,99,99,98,99,99,94,99,99,99,
1.00292  14889 2.76027e+06  10782.3  5.20932 -- 95,99,99,99,99,98,99,99,100,98,99,99,95,99,100,99,
1.00262  15144 2.76218e+06  10789.8  5.19161 -- 96,99,98,99,99,98,99,99,100,98,99,99,95,99,100,99,
1.00245  14753 2.76716e+06  10809.2   5.1517 -- 96,99,98,99,99,98,99,99,100,98,99,99,95,99,100,99,
1.00191  15088 2.75504e+06  10761.9  5.16871 -- 95,99,98,99,99,98,99,99,100,98,99,99,95,99,100,99,
1.00252  14583 2.76717e+06  10809.3  5.15028 -- 96,99,99,99,100,98,99,99,100,98,99,99,95,100,100,99,
1.00259  14241 2.75802e+06  10773.5  5.18326 -- 96,99,99,99,100,98,99,100,100,98,99,99,95,100,99,99,
1.00254  15205 2.74844e+06  10736.1    5.063 -- 96,99,99,100,100,98,100,100,100,98,99,100,96,100,100,100,
1.00307  14510 2.75652e+06  10767.7  5.16638 -- 97,100,99,100,100,98,100,100,100,98,99,100,96,99,99,100,
1.00378  15076 2.75929e+06  10778.5  5.17696 -- 96,100,99,100,100,98,100,100,100,98,99,100,96,99,99,100,
-------------- summary --------------
10.0306     -2.75968e+06   10780 5.16648

1.00667  14757 2.7546e+06  10760.2  5.16287 -- 97,99,99,100,100,98,100,100,100,98,99,100,96,99,100,100,
1.00329  14786 2.75516e+06  10762.4  5.17372 -- 97,99,99,100,100,99,100,100,100,98,100,100,95,99,100,100,
1.00411  14704 2.75297e+06  10753.8   5.1697 -- 97,99,99,100,100,99,100,100,100,98,100,100,95,99,100,100,
1.00255  14803 2.7541e+06  10758.2  5.19556 -- 96,99,99,100,100,99,100,100,100,98,100,100,95,99,100,100,
1.00394  15302 2.75135e+06  10747.5  5.17243 -- 96,99,99,100,100,99,100,100,100,98,100,100,94,99,100,100,
1.00352  15083 2.75128e+06  10747.2  5.16004 -- 96,99,99,100,100,99,100,99,100,98,100,100,94,99,100,100,
1.00392  15339 2.76854e+06  10814.6  5.04168 -- 96,99,99,100,100,99,100,99,100,98,100,100,95,99,100,100,
1.00304  15137 2.75474e+06  10760.7  5.13026 -- 97,99,99,100,100,99,100,100,100,98,100,100,95,100,100,100,
1.00457  14153 2.752e+06    10750  5.16655 -- 97,99,99,100,100,99,100,100,100,98,100,100,95,100,100,100,
1.00403  14091 2.75038e+06  10743.7  5.16131 -- 97,99,99,100,100,99,100,100,100,98,100,100,95,100,100,100,
-------------- summary --------------
20.0711     -2.75706e+06 10769.8 5.15987

1.00541  14773 2.75093e+06  10745.8  5.14462 -- 97,99,99,100,100,99,100,100,100,98,100,100,95,100,100,100,
1.00351  14836 2.75291e+06  10753.5  5.13737 -- 97,99,99,100,100,99,100,100,100,98,100,100,95,100,100,100,
1.00307  14477 2.75259e+06  10752.3   5.1431 -- 96,99,99,100,100,99,100,100,100,98,100,100,95,100,100,100,
1.00437  15036 2.75306e+06  10754.1  5.14795 -- 96,99,99,100,100,99,100,100,100,98,100,100,95,100,100,100,
1.00352  14306 2.75197e+06  10749.9  5.16357 -- 96,99,99,100,100,99,100,100,100,98,100,100,96,100,100,100,
1.0046  14786 2.75208e+06  10750.3  5.13146 -- 96,100,99,100,100,99,100,100,100,99,100,100,95,100,100,100,
1.00344  13839 2.74938e+06  10739.8  5.16549 -- 96,100,99,100,100,99,100,100,100,98,100,100,95,100,100,100,
1.00355  13961 2.75028e+06  10743.3  5.16176 -- 96,99,99,100,100,99,100,100,100,98,100,100,95,100,100,100,
1.00454  14218 2.75639e+06  10767.1   5.0453 -- 96,99,99,100,100,99,100,100,100,98,100,100,94,100,100,100,
1.00392  14827 2.74937e+06  10739.7  5.14318 -- 97,99,99,100,100,99,100,100,100,98,100,100,94,100,100,100,
-------------- summary --------------
30.1106     -2.75535e+06 10763.1 5.15271

1.00602  14902 2.74805e+06  10734.6  5.15235 -- 97,99,99,100,100,99,100,100,100,98,100,100,95,100,100,100,
1.00443  15236 2.74778e+06  10733.5  5.11554 -- 97,99,99,100,100,99,100,100,100,98,100,100,95,100,100,100,
1.00362  15062 2.75224e+06  10750.9  5.11284 -- 98,99,99,100,100,99,100,100,100,98,100,100,94,100,100,100,
1.00249  15355 2.7503e+06  10743.3  5.15239 -- 98,99,99,100,100,99,100,100,100,98,100,100,95,100,100,100,
1.00341  14656 2.74842e+06    10736   5.1576 -- 97,99,99,100,100,99,100,100,100,98,100,100,95,100,100,100,
1.0035  15606 2.74581e+06  10725.8   5.1802 -- 97,100,99,100,100,99,100,100,100,98,100,100,95,99,100,100,
1.00541  14576 2.75221e+06  10750.8  5.14974 -- 97,100,99,100,100,99,100,100,100,98,100,100,95,99,100,100,
1.00448  15010 2.74848e+06  10736.3  5.14544 -- 97,99,99,100,100,99,100,100,100,98,100,100,95,100,100,100,
1.0031  15205 2.75263e+06  10752.5  5.14773 -- 96,99,99,100,100,99,100,100,100,98,100,100,96,100,100,100,
1.00314  14822 2.74897e+06  10738.2  5.17018 -- 96,99,99,100,100,99,100,100,100,98,100,100,95,100,100,100,
-------------- summary --------------
40.1505     -2.75388e+06 10757.4 5.15165

1.00648  14946 2.75732e+06  10770.8  5.11923 -- 96,99,99,100,100,99,100,100,100,99,100,100,95,100,100,100,
1.00293  13861 2.75022e+06  10743.1  5.15755 -- 97,100,99,100,100,99,100,100,100,98,100,100,95,100,100,100,
1.00398  14366 2.74723e+06  10731.4  5.15626 -- 97,100,99,100,100,99,100,100,100,98,100,100,95,100,100,100,
1.00349  14733 2.7488e+06  10737.5  5.15989 -- 97,100,99,100,100,99,100,100,100,98,100,100,95,100,100,100,
1.00253  14602 2.75192e+06  10749.7  5.12678 -- 97,100,99,100,100,99,100,100,100,98,100,100,95,100,100,100,
1.00194  14316 2.75437e+06  10759.3   5.1188 -- 97,100,99,100,100,99,100,100,100,98,100,100,95,100,100,100,
1.00452  14913 2.7534e+06  10755.5  5.10849 -- 97,100,99,100,100,99,100,100,100,98,100,100,95,100,100,100,
1.00401  14904 2.74589e+06  10726.1  5.15549 -- 97,100,99,100,100,99,100,100,100,98,100,100,95,100,100,100,
1.00451  14917 2.7499e+06  10741.8  5.11509 -- 97,100,99,100,100,99,100,100,100,98,100,100,95,100,100,100,
1.004  14568 2.75337e+06  10755.3  5.12283 -- 97,100,99,100,100,99,100,100,100,99,100,100,95,100,100,100,
-------------- summary --------------
50.1886     -2.75335e+06 10755.3 5.14811

1.00443  14838 2.74695e+06  10730.3  5.15903 -- 97,100,99,100,100,99,100,100,100,99,100,100,95,100,100,100,
1.00409  14685 2.74761e+06  10732.8  5.14823 -- 97,100,99,100,100,99,100,100,100,98,100,100,95,100,100,100,
1.00298  14979 2.74435e+06  10720.1  5.15982 -- 96,100,99,100,100,99,100,100,100,98,100,100,95,100,100,100,
1.00442  14447 2.75408e+06  10758.1  5.11873 -- 96,100,99,100,100,99,100,100,100,98,100,100,95,100,100,100,
1.00403  14291 2.75142e+06  10747.7   5.1366 -- 97,100,99,100,100,99,100,100,100,98,100,100,95,100,100,100,
1.00404  14753 2.75386e+06  10757.2  5.15031 -- 97,100,99,100,100,99,100,100,100,98,100,100,95,100,100,100,
1.00247  14148 2.74919e+06    10739  5.12822 -- 97,100,99,100,100,99,100,100,100,98,100,100,95,100,100,100,
1.00299  15003 2.73902e+06  10699.3  5.04174 -- 97,99,99,100,100,99,100,100,100,98,100,100,95,100,100,100,
1.00227  13783 2.75325e+06  10754.9  5.11498 -- 98,100,100,100,100,99,100,100,100,98,100,100,95,100,100,100,
1.00424  14848 2.7496e+06  10740.6  5.13212 -- 97,100,100,100,100,99,100,100,100,98,100,100,96,100,100,100,
-------------- summary --------------
60.2244     -2.75262e+06 10752.4 5.14494

client0Conn0@0(depth=512):
  connect time: 0.001956s
  messages received: 4490349
  messaging time: 60.228525s
  latency: 6.297089ms
  IOPS: 74555.188445
  out throughput: 291.231205MB/s
client0Conn1@0(depth=512):
  connect time: 0.000846s
  messages received: 5507308
  messaging time: 60.228531s
  latency: 4.984101ms
  IOPS: 91440.185003
  out throughput: 357.188223MB/s
client1Conn0@1(depth=512):
  connect time: 0.002167s
  messages received: 5106306
  messaging time: 60.228406s
  latency: 5.168762ms
  IOPS: 84782.353221
  out throughput: 331.181067MB/s
client1Conn1@1(depth=512):
  connect time: 0.001652s
  messages received: 5274401
  messaging time: 60.228386s
  latency: 4.986271ms
  IOPS: 87573.341795
  out throughput: 342.083366MB/s
client2Conn0@2(depth=512):
  connect time: 0.001816s
  messages received: 5334087
  messaging time: 60.228786s
  latency: 4.930193ms
  IOPS: 88563.746993
  out throughput: 345.952137MB/s
client2Conn1@2(depth=512):
  connect time: 0.000904s
  messages received: 4937316
  messaging time: 60.228832s
  latency: 5.393335ms
  IOPS: 81975.954675
  out throughput: 320.218573MB/s
client3Conn0@3(depth=512):
  connect time: 0.001965s
  messages received: 5228865
  messaging time: 60.228689s
  latency: 4.948565ms
  IOPS: 86816.849245
  out throughput: 339.128317MB/s
client3Conn1@3(depth=512):
  connect time: 0.001979s
  messages received: 5249307
  messaging time: 60.228553s
  latency: 4.923394ms
  IOPS: 87156.451620
  out throughput: 340.454889MB/s
client4Conn0@4(depth=512):
  connect time: 0.002014s
  messages received: 5198330
  messaging time: 60.227825s
  latency: 4.977360ms
  IOPS: 86311.102582
  out throughput: 337.152744MB/s
client4Conn1@4(depth=512):
  connect time: 0.002093s
  messages received: 5281111
  messaging time: 60.227808s
  latency: 4.886501ms
  IOPS: 87685.591724
  out throughput: 342.521843MB/s
client5Conn0@5(depth=512):
  connect time: 0.001825s
  messages received: 5176082
  messaging time: 60.228831s
  latency: 5.170549ms
  IOPS: 85940.270374
  out throughput: 335.704181MB/s
client5Conn1@5(depth=512):
  connect time: 0.001991s
  messages received: 5252362
  messaging time: 60.228824s
  latency: 5.087809ms
  IOPS: 87206.782550
  out throughput: 340.651494MB/s
client6Conn0@6(depth=512):
  connect time: 0.001833s
  messages received: 5220629
  messaging time: 60.228138s
  latency: 4.964027ms
  IOPS: 86680.896691
  out throughput: 338.597253MB/s
client6Conn1@6(depth=512):
  connect time: 0.001794s
  messages received: 5253147
  messaging time: 60.228118s
  latency: 4.932168ms
  IOPS: 87220.839278
  out throughput: 340.706403MB/s
client7Conn0@7(depth=512):
  connect time: 0.001973s
  messages received: 5191646
  messaging time: 60.228882s
  latency: 5.018156ms
  IOPS: 86198.611736
  out throughput: 336.713327MB/s
client7Conn1@7(depth=512):
  connect time: 0.001828s
  messages received: 5187474
  messaging time: 60.228907s
  latency: 5.024979ms
  IOPS: 86129.306498
  out throughput: 336.442604MB/s
client8Conn0@8(depth=512):
  connect time: 0.001994s
  messages received: 5233750
  messaging time: 60.228107s
  latency: 5.744299ms
  IOPS: 86898.795766
  out throughput: 339.448421MB/s
client8Conn1@8(depth=512):
  connect time: 0.001937s
  messages received: 5251706
  messaging time: 60.228134s
  latency: 5.724468ms
  IOPS: 87196.890994
  out throughput: 340.612855MB/s
client9Conn0@9(depth=512):
  connect time: 0.001853s
  messages received: 5037271
  messaging time: 60.228541s
  latency: 5.370877ms
  IOPS: 83635.945739
  out throughput: 326.702913MB/s
client9Conn1@9(depth=512):
  connect time: 0.001719s
  messages received: 5277793
  messaging time: 60.228560s
  latency: 5.097724ms
  IOPS: 87629.407431
  out throughput: 342.302373MB/s
client10Conn0@10(depth=512):
  connect time: 0.002127s
  messages received: 5199966
  messaging time: 60.227796s
  latency: 5.006249ms
  IOPS: 86338.307702
  out throughput: 337.259014MB/s
client10Conn1@10(depth=512):
  connect time: 0.001735s
  messages received: 5264976
  messaging time: 60.227829s
  latency: 4.929751ms
  IOPS: 87417.662075
  out throughput: 341.475242MB/s
client11Conn0@11(depth=512):
  connect time: 0.001861s
  messages received: 5238291
  messaging time: 60.227729s
  latency: 4.966975ms
  IOPS: 86974.738929
  out throughput: 339.745074MB/s
client11Conn1@11(depth=512):
  connect time: 0.001792s
  messages received: 5185173
  messaging time: 60.227755s
  latency: 5.028917ms
  IOPS: 86092.749176
  out throughput: 336.299801MB/s
client12Conn0@12(depth=512):
  connect time: 0.001841s
  messages received: 4495461
  messaging time: 60.227969s
  latency: 6.372763ms
  IOPS: 74640.753441
  out throughput: 291.565443MB/s
client12Conn1@12(depth=512):
  connect time: 0.001755s
  messages received: 5440634
  messaging time: 60.227992s
  latency: 5.141745ms
  IOPS: 90333.975637
  out throughput: 352.867092MB/s
client13Conn0@13(depth=512):
  connect time: 0.002026s
  messages received: 5229155
  messaging time: 60.227772s
  latency: 5.000285ms
  IOPS: 86822.985877
  out throughput: 339.152289MB/s
client13Conn1@13(depth=512):
  connect time: 0.001781s
  messages received: 5232148
  messaging time: 60.227797s
  latency: 5.002296ms
  IOPS: 86872.643957
  out throughput: 339.346265MB/s
client14Conn0@14(depth=512):
  connect time: 0.002002s
  messages received: 5229695
  messaging time: 60.227844s
  latency: 4.931452ms
  IOPS: 86831.847557
  out throughput: 339.186905MB/s
client14Conn1@14(depth=512):
  connect time: 0.001667s
  messages received: 5161093
  messaging time: 60.227826s
  latency: 5.015960ms
  IOPS: 85692.832169
  out throughput: 334.737626MB/s
client15Conn0@15(depth=512):
  connect time: 0.001673s
  messages received: 5160451
  messaging time: 60.228242s
  latency: 5.050268ms
  IOPS: 85681.581419
  out throughput: 334.693677MB/s
client15Conn1@15(depth=512):
  connect time: 0.001852s
  messages received: 5259176
  messaging time: 60.228189s
  latency: 4.930731ms
  IOPS: 87320.839075
  out throughput: 341.097028MB/s

per client:
client0(depth=1024):
  connect time: 0.001401s
  messages received: 9997657
  messaging time: 60.228528s
  latency: 5.640595ms
  IOPS: 165995.373448
  out throughput: 648.419428MB/s
client1(depth=1024):
  connect time: 0.001910s
  messages received: 10380707
  messaging time: 60.228396s
  latency: 5.077517ms
  IOPS: 172355.695016
  out throughput: 673.264434MB/s
client2(depth=1024):
  connect time: 0.001360s
  messages received: 10271403
  messaging time: 60.228809s
  latency: 5.161764ms
  IOPS: 170539.701668
  out throughput: 666.170710MB/s
client3(depth=1024):
  connect time: 0.001972s
  messages received: 10478172
  messaging time: 60.228621s
  latency: 4.935979ms
  IOPS: 173973.300864
  out throughput: 679.583207MB/s
client4(depth=1024):
  connect time: 0.002054s
  messages received: 10479441
  messaging time: 60.227817s
  latency: 4.931931ms
  IOPS: 173996.694306
  out throughput: 679.674587MB/s
client5(depth=1024):
  connect time: 0.001908s
  messages received: 10428444
  messaging time: 60.228828s
  latency: 5.129179ms
  IOPS: 173147.052924
  out throughput: 676.355675MB/s
client6(depth=1024):
  connect time: 0.001813s
  messages received: 10473776
  messaging time: 60.228128s
  latency: 4.948097ms
  IOPS: 173901.735969
  out throughput: 679.303656MB/s
client7(depth=1024):
  connect time: 0.001901s
  messages received: 10379120
  messaging time: 60.228894s
  latency: 5.021567ms
  IOPS: 172327.918234
  out throughput: 673.155931MB/s
client8(depth=1024):
  connect time: 0.001965s
  messages received: 10485456
  messaging time: 60.228120s
  latency: 5.734383ms
  IOPS: 174095.686760
  out throughput: 680.061276MB/s
client9(depth=1024):
  connect time: 0.001786s
  messages received: 10315064
  messaging time: 60.228550s
  latency: 5.234300ms
  IOPS: 171265.353170
  out throughput: 669.005286MB/s
client10(depth=1024):
  connect time: 0.001931s
  messages received: 10464942
  messaging time: 60.227813s
  latency: 4.968000ms
  IOPS: 173755.969777
  out throughput: 678.734257MB/s
client11(depth=1024):
  connect time: 0.001826s
  messages received: 10423464
  messaging time: 60.227742s
  latency: 4.997946ms
  IOPS: 173067.488105
  out throughput: 676.044875MB/s
client12(depth=1024):
  connect time: 0.001798s
  messages received: 9936095
  messaging time: 60.227981s
  latency: 5.757254ms
  IOPS: 164974.729078
  out throughput: 644.432535MB/s
client13(depth=1024):
  connect time: 0.001904s
  messages received: 10461303
  messaging time: 60.227785s
  latency: 5.001290ms
  IOPS: 173695.629833
  out throughput: 678.498554MB/s
client14(depth=1024):
  connect time: 0.001835s
  messages received: 10390788
  messaging time: 60.227835s
  latency: 4.973706ms
  IOPS: 172524.679727
  out throughput: 673.924530MB/s
client15(depth=1024):
  connect time: 0.001763s
  messages received: 10419627
  messaging time: 60.228215s
  latency: 4.990499ms
  IOPS: 173002.420495
  out throughput: 675.790705MB/s

all(depth=16384):
  connect time: 0.001820s
  messages received: 165785459
  messaging time: 60.228254s
  latency: 5.156500ms
  IOPS: 2752619.429375
  out throughput: 10752.419646MB/s
