1268906 1268906 perf-crimson-ms   0	pid 1268906's current affinity list: 0
1268906 1268908 reactor-1         1	pid 1268908's current affinity list: 1
1268906 1268909 reactor-2         2	pid 1268909's current affinity list: 2
1268906 1268910 reactor-3         3	pid 1268910's current affinity list: 3
1268906 1268911 reactor-4         4	pid 1268911's current affinity list: 4
1268906 1268912 reactor-5         5	pid 1268912's current affinity list: 5
1268906 1268913 reactor-6         6	pid 1268913's current affinity list: 6
1268906 1268914 reactor-7         7	pid 1268914's current affinity list: 7
1268906 1268915 reactor-8         8	pid 1268915's current affinity list: 8
1268906 1268916 reactor-9         9	pid 1268916's current affinity list: 9
1268906 1268917 reactor-10       10	pid 1268917's current affinity list: 10
1268906 1268918 reactor-11       11	pid 1268918's current affinity list: 11
1268906 1268919 reactor-12       12	pid 1268919's current affinity list: 12
1268906 1268920 reactor-13       13	pid 1268920's current affinity list: 13
1268906 1268921 reactor-14       14	pid 1268921's current affinity list: 14
1268906 1268922 reactor-15       15	pid 1268922's current affinity list: 15
1268906 1268923 syscall-0         0	pid 1268923's current affinity list: 0
1268906 1268924 syscall-9         9	pid 1268924's current affinity list: 9
1268906 1268925 syscall-10       10	pid 1268925's current affinity list: 10
1268906 1268926 syscall-11       11	pid 1268926's current affinity list: 11
1268906 1268927 syscall-14       14	pid 1268927's current affinity list: 14
1268906 1268928 syscall-15       15	pid 1268928's current affinity list: 15
1268906 1268929 syscall-13       13	pid 1268929's current affinity list: 13
1268906 1268930 syscall-12       12	pid 1268930's current affinity list: 12
1268906 1268931 syscall-2         2	pid 1268931's current affinity list: 2
1268906 1268932 syscall-8         8	pid 1268932's current affinity list: 8
1268906 1268933 syscall-6         6	pid 1268933's current affinity list: 6
1268906 1268934 syscall-5         5	pid 1268934's current affinity list: 5
1268906 1268935 syscall-4         4	pid 1268935's current affinity list: 4
1268906 1268936 syscall-7         7	pid 1268936's current affinity list: 7
1268906 1268937 syscall-1         1	pid 1268937's current affinity list: 1
1268906 1268938 syscall-3         3	pid 1268938's current affinity list: 3
