['fio_sea_1osd_56reactor_32fio_bal_osd_rc_1job_1io_4k_randwrite_p0.json', 'fio_sea_1osd_56reactor_32fio_bal_osd_rc_1job_2io_4k_randwrite_p0.json', 'fio_sea_1osd_56reactor_32fio_bal_osd_rc_1job_4io_4k_randwrite_p0.json', 'fio_sea_1osd_56reactor_32fio_bal_osd_rc_1job_8io_4k_randwrite_p0.json', 'fio_sea_1osd_56reactor_32fio_bal_osd_rc_1job_16io_4k_randwrite_p0.json', 'fio_sea_1osd_56reactor_32fio_bal_osd_rc_1job_24io_4k_randwrite_p0.json', 'fio_sea_1osd_56reactor_32fio_bal_osd_rc_1job_32io_4k_randwrite_p0.json', 'fio_sea_1osd_56reactor_32fio_bal_osd_rc_1job_40io_4k_randwrite_p0.json', 'fio_sea_1osd_56reactor_32fio_bal_osd_rc_1job_52io_4k_randwrite_p0.json', 'fio_sea_1osd_56reactor_32fio_bal_osd_rc_1job_64io_4k_randwrite_p0.json']
loading 10 .json files ...
Num jobs: 1
== fio_sea_1osd_56reactor_32fio_bal_osd_rc_1job_1io_4k_randwrite_p0.json ==
{'clat_ms': 1.10512719635,
 'clat_stdev': 0.914655464447,
 'iodepth': '1',
 'iops': 28788.242823,
 'jobname': 'randwrite',
 'sys_cpu': 0.478916,
 'timestamp': '1747838154',
 'total_ios': 8636588,
 'usr_cpu': 0.651416}
Num jobs: 1
== fio_sea_1osd_56reactor_32fio_bal_osd_rc_1job_2io_4k_randwrite_p0.json ==
{'clat_ms': 1.606748777667,
 'clat_stdev': 1.625635595982,
 'iodepth': '2',
 'iops': 39690.085165,
 'jobname': 'randwrite',
 'sys_cpu': 0.576987,
 'timestamp': '1747838493',
 'total_ios': 11907224,
 'usr_cpu': 0.768882}
Num jobs: 1
== fio_sea_1osd_56reactor_32fio_bal_osd_rc_1job_4io_4k_randwrite_p0.json ==
{'clat_ms': 2.560834634722,
 'clat_stdev': 2.757209813422,
 'iodepth': '4',
 'iops': 49872.143836,
 'jobname': 'randwrite',
 'sys_cpu': 0.664408,
 'timestamp': '1747838834',
 'total_ios': 14962092,
 'usr_cpu': 0.888446}
Num jobs: 1
== fio_sea_1osd_56reactor_32fio_bal_osd_rc_1job_8io_4k_randwrite_p0.json ==
{'clat_ms': 4.635952499362,
 'clat_stdev': 8.18495704567,
 'iodepth': '8',
 'iops': 55122.220963,
 'jobname': 'randwrite',
 'sys_cpu': 0.707729,
 'timestamp': '1747839175',
 'total_ios': 16537438,
 'usr_cpu': 0.975158}
Num jobs: 1
== fio_sea_1osd_56reactor_32fio_bal_osd_rc_1job_16io_4k_randwrite_p0.json ==
{'clat_ms': 9.221262011328001,
 'clat_stdev': 40.254258735662,
 'iodepth': '16',
 'iops': 55191.092758,
 'jobname': 'randwrite',
 'sys_cpu': 0.698725,
 'timestamp': '1747839517',
 'total_ios': 16559977,
 'usr_cpu': 0.988407}
Num jobs: 1
== fio_sea_1osd_56reactor_32fio_bal_osd_rc_1job_24io_4k_randwrite_p0.json ==
{'clat_ms': 13.78679389456,
 'clat_stdev': 65.834961312638,
 'iodepth': '24',
 'iops': 55207.697357,
 'jobname': 'randwrite',
 'sys_cpu': 0.689111,
 'timestamp': '1747839859',
 'total_ios': 16569431,
 'usr_cpu': 0.986497}
Num jobs: 1
== fio_sea_1osd_56reactor_32fio_bal_osd_rc_1job_32io_4k_randwrite_p0.json ==
{'clat_ms': 4.8964385343979995,
 'clat_stdev': 22.581071396705003,
 'iodepth': '32',
 'iops': 47451.824496,
 'jobname': 'randwrite',
 'sys_cpu': 2.222799,
 'timestamp': '1747840198',
 'total_ios': 14236876,
 'usr_cpu': 3.337067}
Num jobs: 1
== fio_sea_1osd_56reactor_32fio_bal_osd_rc_1job_40io_4k_randwrite_p0.json ==
{'clat_ms': 1.372495346007,
 'clat_stdev': 8.31519321372,
 'iodepth': '40',
 'iops': 30915.647229,
 'jobname': 'randwrite',
 'sys_cpu': 7.952503,
 'timestamp': '1747840546',
 'total_ios': 9274756,
 'usr_cpu': 15.254914}
Num jobs: 1
== fio_sea_1osd_56reactor_32fio_bal_osd_rc_1job_52io_4k_randwrite_p0.json ==
{'clat_ms': 4.419169952433,
 'clat_stdev': 17.435549141275,
 'iodepth': '52',
 'iops': 47518.638136,
 'jobname': 'randwrite',
 'sys_cpu': 3.50422,
 'timestamp': '1747840889',
 'total_ios': 14257017,
 'usr_cpu': 5.887721}
Num jobs: 1
== fio_sea_1osd_56reactor_32fio_bal_osd_rc_1job_64io_4k_randwrite_p0.json ==
{'clat_ms': 10.950303031433,
 'clat_stdev': 46.191785519278,
 'iodepth': '64',
 'iops': 55500.659846,
 'jobname': 'randwrite',
 'sys_cpu': 1.914137,
 'timestamp': '1747841231',
 'total_ios': 16654083,
 'usr_cpu': 2.769254}
Note: clat_ns has been converted to milliseconds
Note: bw has been converted to MiBs
 avg_cpu list has: 1 items
Table (after aggregating OSD CPU avg data):
{'OSD_cpu': [0.0, 0.0, 0.0, 0.0, 0.0,
             0.0, 0.0, 0.0, 0.0, 0.0],
 'OSD_mem': [0.0, 0.0, 0.0, 0.0, 0.0,
             0.0, 0.0, 0.0, 0.0, 0.0],
 'clat_ms': [1.10512719635,
             1.606748777667,
             2.560834634722,
             4.635952499362,
             9.221262011328001,
             13.78679389456,
             4.8964385343979995,
             1.372495346007,
             4.419169952433,
             10.950303031433],
 'clat_stdev': [0.914655464447,
                1.625635595982,
                2.757209813422,
                8.18495704567,
                40.254258735662,
                65.834961312638,
                22.581071396705003,
                8.31519321372,
                17.435549141275,
                46.191785519278],
 'iodepth': ['1', '2', '4', '8', '16',
             '24', '32', '40', '52',
             '64'],
 'iops': [28788.242823, 39690.085165,
          49872.143836, 55122.220963,
          55191.092758, 55207.697357,
          47451.824496, 30915.647229,
          47518.638136, 55500.659846],
 'sys_cpu': [0.478916, 0.576987,
             0.664408, 0.707729,
             0.698725, 0.689111,
             2.222799, 7.952503, 3.50422,
             1.914137],
 'total_ios': [8636588, 11907224,
               14962092, 16537438,
               16559977, 16569431,
               14236876, 9274756,
               14257017, 16654083],
 'usr_cpu': [0.651416, 0.768882,
             0.888446, 0.975158,
             0.988407, 0.986497,
             3.337067, 15.254914,
             5.887721, 2.769254]}
 avg_cpu list has: 1 items
Table (after aggregating FIO CPU avg data):
{'FIO_cpu': [220.8733333333359,
             273.5633333333363,
             335.0166666666697,
             358.28000000000213,
             356.81000000000137,
             353.87666666666826,
             282.1466666666678,
             151.75000000000006,
             239.3366666666672,
             302.8600000000014],
 'FIO_mem': [52.50000000000453,
             79.50000000000735,
             91.50000000001121,
             99.00000000001137,
             102.00000000001607,
             99.00000000001761,
             26.973333333335443,
             2.90666666666668,
             8.419999999999849,
             30.159999999997886],
 'OSD_cpu': [0.0, 0.0, 0.0, 0.0, 0.0,
             0.0, 0.0, 0.0, 0.0, 0.0],
 'OSD_mem': [0.0, 0.0, 0.0, 0.0, 0.0,
             0.0, 0.0, 0.0, 0.0, 0.0],
 'clat_ms': [1.10512719635,
             1.606748777667,
             2.560834634722,
             4.635952499362,
             9.221262011328001,
             13.78679389456,
             4.8964385343979995,
             1.372495346007,
             4.419169952433,
             10.950303031433],
 'clat_stdev': [0.914655464447,
                1.625635595982,
                2.757209813422,
                8.18495704567,
                40.254258735662,
                65.834961312638,
                22.581071396705003,
                8.31519321372,
                17.435549141275,
                46.191785519278],
 'iodepth': ['1', '2', '4', '8', '16',
             '24', '32', '40', '52',
             '64'],
 'iops': [28788.242823, 39690.085165,
          49872.143836, 55122.220963,
          55191.092758, 55207.697357,
          47451.824496, 30915.647229,
          47518.638136, 55500.659846],
 'sys_cpu': [0.478916, 0.576987,
             0.664408, 0.707729,
             0.698725, 0.689111,
             2.222799, 7.952503, 3.50422,
             1.914137],
 'total_ios': [8636588, 11907224,
               14962092, 16537438,
               16559977, 16569431,
               14236876, 9274756,
               14257017, 16654083],
 'usr_cpu': [0.651416, 0.768882,
             0.888446, 0.975158,
             0.988407, 0.986497,
             3.337067, 15.254914,
             5.887721, 2.769254]}
 Wiki table: sea_1osd_56reactor_32fio_bal_osd_rc_1procs_randwrite
{| class="wikitable"
|- 
 ! colspan="11"  | 
        sea_1osd_56reactor_32fio_bal_osd_rc_1procs_randwrite
|-
! iodepth !! iops !! total_ios !! clat_ms !! clat_stdev !! usr_cpu !! sys_cpu !! OSD_cpu !! OSD_mem !! FIO_cpu !! FIO_mem
|-
 | 1  || 28788.24  || 8636588.00  || 1.11  || 0.91  || 0.65  || 0.48  || 0.00  || 0.00  || 220.87  || 52.50 
|-
 | 2  || 39690.09  || 11907224.00  || 1.61  || 1.63  || 0.77  || 0.58  || 0.00  || 0.00  || 273.56  || 79.50 
|-
 | 4  || 49872.14  || 14962092.00  || 2.56  || 2.76  || 0.89  || 0.66  || 0.00  || 0.00  || 335.02  || 91.50 
|-
 | 8  || 55122.22  || 16537438.00  || 4.64  || 8.18  || 0.98  || 0.71  || 0.00  || 0.00  || 358.28  || 99.00 
|-
 | 16  || 55191.09  || 16559977.00  || 9.22  || 40.25  || 0.99  || 0.70  || 0.00  || 0.00  || 356.81  || 102.00 
|-
 | 24  || 55207.70  || 16569431.00  || 13.79  || 65.83  || 0.99  || 0.69  || 0.00  || 0.00  || 353.88  || 99.00 
|-
 | 32  || 47451.82  || 14236876.00  || 4.90  || 22.58  || 3.34  || 2.22  || 0.00  || 0.00  || 282.15  || 26.97 
|-
 | 40  || 30915.65  || 9274756.00  || 1.37  || 8.32  || 15.25  || 7.95  || 0.00  || 0.00  || 151.75  || 2.91 
|-
 | 52  || 47518.64  || 14257017.00  || 4.42  || 17.44  || 5.89  || 3.50  || 0.00  || 0.00  || 239.34  || 8.42 
|-
 | 64  || 55500.66  || 16654083.00  || 10.95  || 46.19  || 2.77  || 1.91  || 0.00  || 0.00  || 302.86  || 30.16 
|-
|}


\begin{table}[h!]
\centering
\begin{tabular}[t]{*{11 }{|c|}}
\hline 
iodepth & iops & total\_ios & clat\_ms & clat\_stdev & usr\_cpu & sys\_cpu & OSD\_cpu & OSD\_mem & FIO\_cpu & FIO\_mem\\
\hline
1  & 28788.24  & 8636588.00  & 1.11  & 0.91  & 0.65  & 0.48  & 0.00  & 0.00  & 220.87  & 52.50 \\
\hline
2  & 39690.09  & 11907224.00  & 1.61  & 1.63  & 0.77  & 0.58  & 0.00  & 0.00  & 273.56  & 79.50 \\
\hline
4  & 49872.14  & 14962092.00  & 2.56  & 2.76  & 0.89  & 0.66  & 0.00  & 0.00  & 335.02  & 91.50 \\
\hline
8  & 55122.22  & 16537438.00  & 4.64  & 8.18  & 0.98  & 0.71  & 0.00  & 0.00  & 358.28  & 99.00 \\
\hline
16  & 55191.09  & 16559977.00  & 9.22  & 40.25  & 0.99  & 0.70  & 0.00  & 0.00  & 356.81  & 102.00 \\
\hline
24  & 55207.70  & 16569431.00  & 13.79  & 65.83  & 0.99  & 0.69  & 0.00  & 0.00  & 353.88  & 99.00 \\
\hline
32  & 47451.82  & 14236876.00  & 4.90  & 22.58  & 3.34  & 2.22  & 0.00  & 0.00  & 282.15  & 26.97 \\
\hline
40  & 30915.65  & 9274756.00  & 1.37  & 8.32  & 15.25  & 7.95  & 0.00  & 0.00  & 151.75  & 2.91 \\
\hline
52  & 47518.64  & 14257017.00  & 4.42  & 17.44  & 5.89  & 3.50  & 0.00  & 0.00  & 239.34  & 8.42 \\
\hline
64  & 55500.66  & 16654083.00  & 10.95  & 46.19  & 2.77  & 1.91  & 0.00  & 0.00  & 302.86  & 30.16 \\
\hline

\hline
\end{tabular}
\caption{Performance Throughput vs Latency vs CPU util: sea_1osd_56reactor_32fio_bal_osd_rc_1procs_randwrite.}
\label{table:iops-lat-cpu-sea_1osd_56reactor_32fio_bal_osd_rc_1procs_randwrite}
\end{table}

Done
