   sec  depth      IOPS     MB/s  lat(ms)
1.00135   2048    307329   1200.5  6.31783 -- 91,92,
1.00136   1973    307258  1200.23  6.33129 -- 91,92,
1.00165   2048    307287  1200.34  6.31541 -- 91,92,
1.00204   1938    307717  1202.02  6.27112 -- 92,92,
1.00235   2048    307113  1199.66  6.31521 -- 92,91,
1.00244   2048    307396  1200.76  6.30488 -- 92,91,
1.0013   2027    307324  1200.49  6.27448 -- 92,92,
1.00221   2048    307411  1200.82  6.31825 -- 92,91,
1.00173   2048    307595  1201.54  6.33315 -- 92,92,
1.00103   2048    307216  1200.06  6.30832 -- 91,92,
-------------- summary --------------
10.0181     -  307366 1200.65 6.30899

1.00303   2037    307601  1201.57  6.33074 -- 91,92,
1.00246   1976    307297  1200.38  6.32868 -- 91,92,
1.00157   1998    307508   1201.2   6.3232 -- 91,93,
1.00161   2048    307150   1199.8  6.32594 -- 91,92,
1.00222   2048    307172  1199.89  6.31094 -- 91,92,
1.00152   2025    307611  1201.61  6.31618 -- 91,92,
1.00183   2029    307252   1200.2   6.3165 -- 92,92,
1.00188   1945    307334  1200.52  6.32319 -- 91,92,
1.00166   2048    307355  1200.61  6.32534 -- 91,92,
1.00144   2048    307392  1200.75  6.32432 -- 91,92,
-------------- summary --------------
20.0373     -  307368 1200.66 6.31575

1.00212   2048    307342  1200.55  6.34077 -- 91,93,
1.00135   2048    307337  1200.53  6.29952 -- 91,93,
1.00196   2044    307338  1200.54  6.34056 -- 91,93,
1.00187   2037    307277   1200.3  6.29197 -- 91,93,
1.00218   1910    307163  1199.86  6.34205 -- 91,93,
1.00193   2048    307695  1201.93  6.31121 -- 91,93,
1.00105   2048    307239  1200.15  6.29306 -- 91,93,
1.00249   1917    307492  1201.14  6.30206 -- 91,93,
1.00189   1941    307401  1200.78  6.30341 -- 91,93,
1.00285   2048    307293  1200.36  6.32168 -- 91,93,
-------------- summary --------------
30.0579     -  307364 1200.64 6.31535

1.00277   2048    307312  1200.44  6.31758 -- 91,93,
1.00263   2043    307365  1200.64  6.34137 -- 91,92,
1.00115   2048    307422  1200.87  6.31087 -- 91,93,
1.00164   2048    307357  1200.61  6.33186 -- 91,93,
1.0026   2013    307346  1200.57  6.34602 -- 91,92,
1.00119   2048    307341  1200.55  6.29182 -- 91,92,
1.00104   1975    307696  1201.94  6.28961 -- 91,93,
1.00092   2048    307362  1200.63  6.30967 -- 91,93,
1.00257   1979    307239  1200.15  6.33611 -- 91,92,
1.00242   1898    307395  1200.76  6.30901 -- 91,92,
-------------- summary --------------
 40.077     -  307368 1200.66 6.31616

1.00294   2048    307500  1201.17  6.32219 -- 91,93,
1.00174   2015    307267  1200.26  6.33141 -- 91,92,
1.00243   1999    307234  1200.13  6.30398 -- 91,92,
1.00264   2048    307527  1201.28   6.3094 -- 91,92,
1.00152   1909    307356  1200.61  6.31559 -- 91,92,
1.00257   1844    307330  1200.51   6.3312 -- 92,92,
1.0022   2048    307106  1199.63  6.31545 -- 91,92,
1.00174   2048    307331  1200.51  6.33955 -- 92,92,
1.00162   1971    307696  1201.94  6.27126 -- 91,92,
1.00168   2048    307681  1201.88  6.30552 -- 91,92,
-------------- summary --------------
50.0981     -  307377 1200.69 6.31583

1.00352   1867    307459  1201.01  6.32573 -- 91,92,
1.00235   2048    307523  1201.26  6.29069 -- 91,92,
1.00148   2048    307187  1199.95  6.29402 -- 91,93,
1.00312   2048    307722  1202.04  6.31044 -- 91,92,
1.00209   2048    307567  1201.43  6.31455 -- 91,92,
1.00131   2048    307193  1199.97  6.32413 -- 91,92,
1.00103   2048    307428  1200.89  6.32743 -- 91,92,
1.00145   1952    307226   1200.1  6.31571 -- 92,92,
1.00172   1937    307489  1201.13  6.31219 -- 91,92,
1.00159   2048    307184  1199.94   6.3217 -- 91,92,
-------------- summary --------------
60.1171     -  307379  1200.7 6.31544

client0Conn0@0(depth=512):
  connect time: 0.000921s
  messages received: 4583277
  messaging time: 60.118911s
  latency: 6.369823ms
  IOPS: 76236.859653
  out throughput: 297.800233MB/s
client0Conn1@0(depth=512):
  connect time: 0.000471s
  messages received: 4599060
  messaging time: 60.118861s
  latency: 6.363398ms
  IOPS: 76499.453872
  out throughput: 298.825992MB/s
client1Conn0@1(depth=512):
  connect time: 0.000617s
  messages received: 4677163
  messaging time: 60.118688s
  latency: 6.220039ms
  IOPS: 77798.820024
  out throughput: 303.901641MB/s
client1Conn1@1(depth=512):
  connect time: 0.000396s
  messages received: 4619709
  messaging time: 60.118704s
  latency: 6.310257ms
  IOPS: 76843.123828
  out throughput: 300.168452MB/s

per client:
client0(depth=1024):
  connect time: 0.000696s
  messages received: 9182337
  messaging time: 60.118886s
  latency: 6.366610ms
  IOPS: 152736.313525
  out throughput: 596.626225MB/s
client1(depth=1024):
  connect time: 0.000507s
  messages received: 9296872
  messaging time: 60.118696s
  latency: 6.265148ms
  IOPS: 154641.943852
  out throughput: 604.070093MB/s

all(depth=2048):
  connect time: 0.000601s
  messages received: 18479209
  messaging time: 60.118791s
  latency: 6.315879ms
  IOPS: 307378.257376
  out throughput: 1200.696318MB/s
