4(2.00002)         0IOPS       -1MiB/s 23(0) 20(0) 
6(2.00022)         0IOPS       -1MiB/s 0(2) 0(2) 
8(2.00396)    298900IOPS  1167.58MiB/s 36(2) 39(2) 
10(2.00451)    307302IOPS   1200.4MiB/s 76(2) 79(2) 
12(2.00499)    306807IOPS  1198.46MiB/s 100(2) 100(2) 
14(2.00301)    307688IOPS   1201.9MiB/s 100(2) 100(2) 
16(2.004)    307162IOPS  1199.85MiB/s 100(2) 100(2) 
18(2.00551)    307252IOPS   1200.2MiB/s 100(2) 100(2) 
20(2.00499)    307526IOPS  1201.27MiB/s 100(2) 100(2) 
22(2.003)    307613IOPS  1201.61MiB/s 100(2) 100(2) 
24(2.0045)    307139IOPS  1199.76MiB/s 100(2) 100(2) 
26(2.006)    307131IOPS  1199.73MiB/s 100(2) 100(2) 
28(2.00502)    307617IOPS  1201.63MiB/s 100(2) 100(2) 
30(2.00399)    307385IOPS  1200.72MiB/s 100(2) 100(2) 
32(2.00499)    307182IOPS  1199.93MiB/s 100(2) 100(2) 
34(2.0045)    307542IOPS  1201.34MiB/s 100(2) 100(2) 
36(2.00301)    307349IOPS  1200.58MiB/s 100(2) 100(2) 
38(2.004)    307281IOPS  1200.32MiB/s 100(2) 100(2) 
40(2.0045)    307374IOPS  1200.68MiB/s 100(2) 100(2) 
42(2.004)    307458IOPS  1201.01MiB/s 100(2) 100(2) 
44(2.0055)    307107IOPS  1199.64MiB/s 100(2) 100(2) 
46(2.004)    307553IOPS  1201.38MiB/s 100(2) 100(2) 
48(2.0045)    307388IOPS  1200.74MiB/s 100(2) 100(2) 
50(2.0035)    307482IOPS   1201.1MiB/s 100(2) 100(2) 
52(2.0035)    307370IOPS  1200.66MiB/s 100(2) 100(2) 
54(2.004)    307311IOPS  1200.43MiB/s 100(2) 100(2) 
56(2.00651)    307154IOPS  1199.82MiB/s 100(2) 100(2) 
58(2.00349)    307604IOPS  1201.58MiB/s 100(2) 100(2) 
60(2.004)    307306IOPS  1200.41MiB/s 100(2) 100(2) 
62(2.0045)    307736IOPS  1202.09MiB/s 100(2) 100(2) 
64(2.004)    307281IOPS  1200.32MiB/s 100(2) 100(2) 
66(2.006)    307405IOPS   1200.8MiB/s 100(2) 100(2) 
68(2.0055)    307462IOPS  1201.02MiB/s 100(2) 100(2) 
70(2.00501)    307378IOPS   1200.7MiB/s 100(2) 100(2) 
