['fio_sea_1osd_56reactor_32fio_bal_osd_rc_1job_1io_4k_randwrite_p0.json', 'fio_sea_1osd_56reactor_32fio_bal_osd_rc_1job_2io_4k_randwrite_p0.json', 'fio_sea_1osd_56reactor_32fio_bal_osd_rc_1job_4io_4k_randwrite_p0.json', 'fio_sea_1osd_56reactor_32fio_bal_osd_rc_1job_8io_4k_randwrite_p0.json', 'fio_sea_1osd_56reactor_32fio_bal_osd_rc_1job_16io_4k_randwrite_p0.json', 'fio_sea_1osd_56reactor_32fio_bal_osd_rc_1job_24io_4k_randwrite_p0.json', 'fio_sea_1osd_56reactor_32fio_bal_osd_rc_1job_32io_4k_randwrite_p0.json', 'fio_sea_1osd_56reactor_32fio_bal_osd_rc_1job_40io_4k_randwrite_p0.json', 'fio_sea_1osd_56reactor_32fio_bal_osd_rc_1job_52io_4k_randwrite_p0.json', 'fio_sea_1osd_56reactor_32fio_bal_osd_rc_1job_64io_4k_randwrite_p0.json']
loading 10 .json files ...
Num jobs: 1
== fio_sea_1osd_56reactor_32fio_bal_osd_rc_1job_1io_4k_randwrite_p0.json ==
{'clat_ms': 1.18232020695,
 'clat_stdev': 1.228275912359,
 'iodepth': '1',
 'iops': 26913.658106,
 'jobname': 'randwrite',
 'sys_cpu': 0.468218,
 'timestamp': '1747158239',
 'total_ios': 8074232,
 'usr_cpu': 0.633488}
Num jobs: 1
== fio_sea_1osd_56reactor_32fio_bal_osd_rc_1job_2io_4k_randwrite_p0.json ==
{'clat_ms': 1.644120080013,
 'clat_stdev': 2.017992250724,
 'iodepth': '2',
 'iops': 38782.019409,
 'jobname': 'randwrite',
 'sys_cpu': 0.577083,
 'timestamp': '1747158577',
 'total_ios': 11637243,
 'usr_cpu': 0.765726}
Num jobs: 1
== fio_sea_1osd_56reactor_32fio_bal_osd_rc_1job_4io_4k_randwrite_p0.json ==
{'clat_ms': 2.709927428486,
 'clat_stdev': 4.643315073200999,
 'iodepth': '4',
 'iops': 47131.84403,
 'jobname': 'randwrite',
 'sys_cpu': 0.641399,
 'timestamp': '1747158918',
 'total_ios': 14139836,
 'usr_cpu': 0.862417}
Num jobs: 1
== fio_sea_1osd_56reactor_32fio_bal_osd_rc_1job_8io_4k_randwrite_p0.json ==
{'clat_ms': 4.620346297632,
 'clat_stdev': 6.814510405012,
 'iodepth': '8',
 'iops': 55309.005336,
 'jobname': 'randwrite',
 'sys_cpu': 0.704702,
 'timestamp': '1747159260',
 'total_ios': 16593310,
 'usr_cpu': 0.987758}
Num jobs: 1
== fio_sea_1osd_56reactor_32fio_bal_osd_rc_1job_16io_4k_randwrite_p0.json ==
{'clat_ms': 9.183681005798999,
 'clat_stdev': 35.992433896977,
 'iodepth': '16',
 'iops': 55444.978389,
 'jobname': 'randwrite',
 'sys_cpu': 0.703753,
 'timestamp': '1747159601',
 'total_ios': 16637541,
 'usr_cpu': 0.992122}
Num jobs: 1
== fio_sea_1osd_56reactor_32fio_bal_osd_rc_1job_24io_4k_randwrite_p0.json ==
{'clat_ms': 13.656720254216001,
 'clat_stdev': 66.180738167945,
 'iodepth': '24',
 'iops': 55646.506281,
 'jobname': 'randwrite',
 'sys_cpu': 0.702002,
 'timestamp': '1747159943',
 'total_ios': 16700073,
 'usr_cpu': 0.998666}
Num jobs: 1
== fio_sea_1osd_56reactor_32fio_bal_osd_rc_1job_32io_4k_randwrite_p0.json ==
{'clat_ms': 10.363543568284,
 'clat_stdev': 53.64177363964,
 'iodepth': '32',
 'iops': 56612.698984,
 'jobname': 'randwrite',
 'sys_cpu': 1.143522,
 'timestamp': '1747160284',
 'total_ios': 16988735,
 'usr_cpu': 1.525503}
Num jobs: 1
== fio_sea_1osd_56reactor_32fio_bal_osd_rc_1job_40io_4k_randwrite_p0.json ==
{'clat_ms': 190.777203947487,
 'clat_stdev': 506.520673020826,
 'iodepth': '40',
 'iops': 16345.454545,
 'jobname': 'randwrite',
 'sys_cpu': 0.277427,
 'timestamp': '1747160317',
 'total_ios': 6293,
 'usr_cpu': 0.201765}
Num jobs: 1
== fio_sea_1osd_56reactor_32fio_bal_osd_rc_1job_52io_4k_randwrite_p0.json ==
{'clat_ms': 3.911005429075,
 'clat_stdev': 337.431417176122,
 'iodepth': '52',
 'iops': 15594.715965,
 'jobname': 'randwrite',
 'sys_cpu': 3.778258,
 'timestamp': '1747160629',
 'total_ios': 2410023,
 'usr_cpu': 8.081638}
Num jobs: 1
== fio_sea_1osd_56reactor_32fio_bal_osd_rc_1job_64io_4k_randwrite_p0.json ==
{'clat_ms': 327.565169490728,
 'clat_stdev': 441.042177409519,
 'iodepth': '64',
 'iops': 8685.920578,
 'jobname': 'randwrite',
 'sys_cpu': 0.060212,
 'timestamp': '1747160696',
 'total_ios': 2406,
 'usr_cpu': 0.25289}
Note: clat_ns has been converted to milliseconds
Note: bw has been converted to MiBs
 avg_cpu list has: 1 items
Table (after aggregating OSD CPU avg data):
{'OSD_cpu': [3494.346666666696,
             4049.750000000017,
             4662.549999999986,
             4703.709999999975,
             4824.539999999967,
             4690.909999999968,
             4687.599999999981,
             381.2166666666645,
             2217.483333333332,
             1.4866666666666655],
 'OSD_mem': [3905.999999999977,
             5192.88000000049, 5858.16,
             6204.8, 6216.0, 6216.0,
             6216.0, 6216.0, 6216.0,
             207.2],
 'clat_ms': [1.18232020695,
             1.644120080013,
             2.709927428486,
             4.620346297632,
             9.183681005798999,
             13.656720254216001,
             10.363543568284,
             190.777203947487,
             3.911005429075,
             327.565169490728],
 'clat_stdev': [1.228275912359,
                2.017992250724,
                4.643315073200999,
                6.814510405012,
                35.992433896977,
                66.180738167945,
                53.64177363964,
                506.520673020826,
                337.431417176122,
                441.042177409519],
 'iodepth': ['1', '2', '4', '8', '16',
             '24', '32', '40', '52',
             '64'],
 'iops': [26913.658106, 38782.019409,
          47131.84403, 55309.005336,
          55444.978389, 55646.506281,
          56612.698984, 16345.454545,
          15594.715965, 8685.920578],
 'sys_cpu': [0.468218, 0.577083,
             0.641399, 0.704702,
             0.703753, 0.702002,
             1.143522, 0.277427,
             3.778258, 0.060212],
 'total_ios': [8074232, 11637243,
               14139836, 16593310,
               16637541, 16700073,
               16988735, 6293, 2410023,
               2406],
 'usr_cpu': [0.633488, 0.765726,
             0.862417, 0.987758,
             0.992122, 0.998666,
             1.525503, 0.201765,
             8.081638, 0.25289]}
 avg_cpu list has: 1 items
Table (after aggregating FIO CPU avg data):
{'FIO_cpu': [214.936666666671,
             287.1366666666687,
             328.70666666666756,
             359.3200000000013,
             357.29666666666986,
             352.62666666666905,
             335.2400000000013,
             24.089999999999975,
             139.17333333333337,
             10.786666666666656],
 'FIO_mem': [49.50000000000514,
             79.50000000000735,
             88.50000000000996,
             103.50000000001127,
             100.50000000001913,
             99.00000000001364,
             63.90000000000324,
             3.2000000000000095,
             1.7066666666666819,
             1.6066666666666805],
 'OSD_cpu': [3494.346666666696,
             4049.750000000017,
             4662.549999999986,
             4703.709999999975,
             4824.539999999967,
             4690.909999999968,
             4687.599999999981,
             381.2166666666645,
             2217.483333333332,
             1.4866666666666655],
 'OSD_mem': [3905.999999999977,
             5192.88000000049, 5858.16,
             6204.8, 6216.0, 6216.0,
             6216.0, 6216.0, 6216.0,
             207.2],
 'clat_ms': [1.18232020695,
             1.644120080013,
             2.709927428486,
             4.620346297632,
             9.183681005798999,
             13.656720254216001,
             10.363543568284,
             190.777203947487,
             3.911005429075,
             327.565169490728],
 'clat_stdev': [1.228275912359,
                2.017992250724,
                4.643315073200999,
                6.814510405012,
                35.992433896977,
                66.180738167945,
                53.64177363964,
                506.520673020826,
                337.431417176122,
                441.042177409519],
 'iodepth': ['1', '2', '4', '8', '16',
             '24', '32', '40', '52',
             '64'],
 'iops': [26913.658106, 38782.019409,
          47131.84403, 55309.005336,
          55444.978389, 55646.506281,
          56612.698984, 16345.454545,
          15594.715965, 8685.920578],
 'sys_cpu': [0.468218, 0.577083,
             0.641399, 0.704702,
             0.703753, 0.702002,
             1.143522, 0.277427,
             3.778258, 0.060212],
 'total_ios': [8074232, 11637243,
               14139836, 16593310,
               16637541, 16700073,
               16988735, 6293, 2410023,
               2406],
 'usr_cpu': [0.633488, 0.765726,
             0.862417, 0.987758,
             0.992122, 0.998666,
             1.525503, 0.201765,
             8.081638, 0.25289]}
 Wiki table: sea_1osd_56reactor_32fio_bal_osd_rc_1procs_randwrite
{| class="wikitable"
|- 
 ! colspan="11"  | 
        sea_1osd_56reactor_32fio_bal_osd_rc_1procs_randwrite
|-
! iodepth !! iops !! total_ios !! clat_ms !! clat_stdev !! usr_cpu !! sys_cpu !! OSD_cpu !! OSD_mem !! FIO_cpu !! FIO_mem
|-
 | 1  || 26913.66  || 8074232.00  || 1.18  || 1.23  || 0.63  || 0.47  || 3494.35  || 3906.00  || 214.94  || 49.50 
|-
 | 2  || 38782.02  || 11637243.00  || 1.64  || 2.02  || 0.77  || 0.58  || 4049.75  || 5192.88  || 287.14  || 79.50 
|-
 | 4  || 47131.84  || 14139836.00  || 2.71  || 4.64  || 0.86  || 0.64  || 4662.55  || 5858.16  || 328.71  || 88.50 
|-
 | 8  || 55309.01  || 16593310.00  || 4.62  || 6.81  || 0.99  || 0.70  || 4703.71  || 6204.80  || 359.32  || 103.50 
|-
 | 16  || 55444.98  || 16637541.00  || 9.18  || 35.99  || 0.99  || 0.70  || 4824.54  || 6216.00  || 357.30  || 100.50 
|-
 | 24  || 55646.51  || 16700073.00  || 13.66  || 66.18  || 1.00  || 0.70  || 4690.91  || 6216.00  || 352.63  || 99.00 
|-
 | 32  || 56612.70  || 16988735.00  || 10.36  || 53.64  || 1.53  || 1.14  || 4687.60  || 6216.00  || 335.24  || 63.90 
|-
 | 40  || 16345.45  || 6293.00  || 190.78  || 506.52  || 0.20  || 0.28  || 381.22  || 6216.00  || 24.09  || 3.20 
|-
 | 52  || 15594.72  || 2410023.00  || 3.91  || 337.43  || 8.08  || 3.78  || 2217.48  || 6216.00  || 139.17  || 1.71 
|-
 | 64  || 8685.92  || 2406.00  || 327.57  || 441.04  || 0.25  || 0.06  || 1.49  || 207.20  || 10.79  || 1.61 
|-
|}


\begin{table}[h!]
\centering
\begin{tabular}[t]{*{11 }{|c|}}
\hline 
iodepth & iops & total\_ios & clat\_ms & clat\_stdev & usr\_cpu & sys\_cpu & OSD\_cpu & OSD\_mem & FIO\_cpu & FIO\_mem\\
\hline
1  & 26913.66  & 8074232.00  & 1.18  & 1.23  & 0.63  & 0.47  & 3494.35  & 3906.00  & 214.94  & 49.50 \\
\hline
2  & 38782.02  & 11637243.00  & 1.64  & 2.02  & 0.77  & 0.58  & 4049.75  & 5192.88  & 287.14  & 79.50 \\
\hline
4  & 47131.84  & 14139836.00  & 2.71  & 4.64  & 0.86  & 0.64  & 4662.55  & 5858.16  & 328.71  & 88.50 \\
\hline
8  & 55309.01  & 16593310.00  & 4.62  & 6.81  & 0.99  & 0.70  & 4703.71  & 6204.80  & 359.32  & 103.50 \\
\hline
16  & 55444.98  & 16637541.00  & 9.18  & 35.99  & 0.99  & 0.70  & 4824.54  & 6216.00  & 357.30  & 100.50 \\
\hline
24  & 55646.51  & 16700073.00  & 13.66  & 66.18  & 1.00  & 0.70  & 4690.91  & 6216.00  & 352.63  & 99.00 \\
\hline
32  & 56612.70  & 16988735.00  & 10.36  & 53.64  & 1.53  & 1.14  & 4687.60  & 6216.00  & 335.24  & 63.90 \\
\hline
40  & 16345.45  & 6293.00  & 190.78  & 506.52  & 0.20  & 0.28  & 381.22  & 6216.00  & 24.09  & 3.20 \\
\hline
52  & 15594.72  & 2410023.00  & 3.91  & 337.43  & 8.08  & 3.78  & 2217.48  & 6216.00  & 139.17  & 1.71 \\
\hline
64  & 8685.92  & 2406.00  & 327.57  & 441.04  & 0.25  & 0.06  & 1.49  & 207.20  & 10.79  & 1.61 \\
\hline

\hline
\end{tabular}
\caption{Performance Throughput vs Latency vs CPU util: sea_1osd_56reactor_32fio_bal_osd_rc_1procs_randwrite.}
\label{table:iops-lat-cpu-sea_1osd_56reactor_32fio_bal_osd_rc_1procs_randwrite}
\end{table}

Done
