1271090 1271090 perf-crimson-ms   8	pid 1271090's current affinity list: 8
1271090 1271092 reactor-1         9	pid 1271092's current affinity list: 9
1271090 1271093 reactor-2        10	pid 1271093's current affinity list: 10
1271090 1271094 reactor-3        11	pid 1271094's current affinity list: 11
1271090 1271095 reactor-4        12	pid 1271095's current affinity list: 12
1271090 1271096 reactor-5        13	pid 1271096's current affinity list: 13
1271090 1271097 reactor-6        14	pid 1271097's current affinity list: 14
1271090 1271098 reactor-7        15	pid 1271098's current affinity list: 15
1271090 1271099 reactor-8        36	pid 1271099's current affinity list: 36
1271090 1271100 reactor-9        37	pid 1271100's current affinity list: 37
1271090 1271101 reactor-10       38	pid 1271101's current affinity list: 38
1271090 1271102 reactor-11       39	pid 1271102's current affinity list: 39
1271090 1271103 reactor-12       40	pid 1271103's current affinity list: 40
1271090 1271104 reactor-13       41	pid 1271104's current affinity list: 41
1271090 1271105 reactor-14       42	pid 1271105's current affinity list: 42
1271090 1271106 reactor-15       43	pid 1271106's current affinity list: 43
1271090 1271107 reactor-16       64	pid 1271107's current affinity list: 64
1271090 1271108 reactor-17       65	pid 1271108's current affinity list: 65
1271090 1271109 reactor-18       66	pid 1271109's current affinity list: 66
1271090 1271110 reactor-19       67	pid 1271110's current affinity list: 67
1271090 1271111 reactor-20       68	pid 1271111's current affinity list: 68
1271090 1271112 reactor-21       69	pid 1271112's current affinity list: 69
1271090 1271113 reactor-22       70	pid 1271113's current affinity list: 70
1271090 1271114 reactor-23       71	pid 1271114's current affinity list: 71
1271090 1271115 reactor-24       92	pid 1271115's current affinity list: 92
1271090 1271116 reactor-25       93	pid 1271116's current affinity list: 93
1271090 1271117 reactor-26       94	pid 1271117's current affinity list: 94
1271090 1271118 reactor-27       95	pid 1271118's current affinity list: 95
1271090 1271119 reactor-28       96	pid 1271119's current affinity list: 96
1271090 1271120 reactor-29       97	pid 1271120's current affinity list: 97
1271090 1271121 reactor-30       98	pid 1271121's current affinity list: 98
1271090 1271122 reactor-31       99	pid 1271122's current affinity list: 99
1271090 1271123 syscall-0         8	pid 1271123's current affinity list: 8
1271090 1271124 syscall-16       64	pid 1271124's current affinity list: 64
1271090 1271125 syscall-5        13	pid 1271125's current affinity list: 13
1271090 1271126 syscall-4        12	pid 1271126's current affinity list: 12
1271090 1271127 syscall-2        10	pid 1271127's current affinity list: 10
1271090 1271128 syscall-7        15	pid 1271128's current affinity list: 15
1271090 1271129 syscall-26       94	pid 1271129's current affinity list: 94
1271090 1271130 syscall-8        36	pid 1271130's current affinity list: 36
1271090 1271131 syscall-10       38	pid 1271131's current affinity list: 38
1271090 1271132 syscall-25       93	pid 1271132's current affinity list: 93
1271090 1271133 syscall-13       41	pid 1271133's current affinity list: 41
1271090 1271134 syscall-14       42	pid 1271134's current affinity list: 42
1271090 1271135 syscall-20       68	pid 1271135's current affinity list: 68
1271090 1271136 syscall-19       67	pid 1271136's current affinity list: 67
1271090 1271137 syscall-30       98	pid 1271137's current affinity list: 98
1271090 1271138 syscall-12       40	pid 1271138's current affinity list: 40
1271090 1271139 syscall-9        37	pid 1271139's current affinity list: 37
1271090 1271140 syscall-31       99	pid 1271140's current affinity list: 99
1271090 1271141 syscall-24       92	pid 1271141's current affinity list: 92
1271090 1271142 syscall-28       96	pid 1271142's current affinity list: 96
1271090 1271143 syscall-15       43	pid 1271143's current affinity list: 43
1271090 1271144 syscall-21       69	pid 1271144's current affinity list: 69
1271090 1271145 syscall-1         9	pid 1271145's current affinity list: 9
1271090 1271146 syscall-17       65	pid 1271146's current affinity list: 65
1271090 1271147 syscall-23       71	pid 1271147's current affinity list: 71
1271090 1271148 syscall-27       95	pid 1271148's current affinity list: 95
1271090 1271149 syscall-18       66	pid 1271149's current affinity list: 66
1271090 1271150 syscall-3        11	pid 1271150's current affinity list: 11
1271090 1271151 syscall-22       70	pid 1271151's current affinity list: 70
1271090 1271152 syscall-11       39	pid 1271152's current affinity list: 39
1271090 1271153 syscall-6        14	pid 1271153's current affinity list: 14
1271090 1271154 syscall-29       97	pid 1271154's current affinity list: 97
