                  nvme7n1p2  nvme1n1p2  ...  nvme3n1p2  nvme8n1p2
reads_completed           0          0  ...          0          0
writes_completed          0          0  ...          0          0

[2 rows x 10 columns]
               nvme7n1p2  nvme1n1p2  nvme2n1p2  ...  nvme9n1p2  nvme3n1p2  nvme8n1p2
read_time_ms           0          0          0  ...         16          0          0
write_time_ms          0          0          0  ...      16713          0          0

[2 rows x 10 columns]
                  nvme7n1p2  nvme1n1p2  ...  nvme3n1p2  nvme8n1p2
reads_completed           0          0  ...          0          0
writes_completed          0          0  ...          0          0

[2 rows x 10 columns]
               nvme7n1p2  nvme1n1p2  nvme2n1p2  ...  nvme9n1p2  nvme3n1p2  nvme8n1p2
read_time_ms           0          0          0  ...         60          0          0
write_time_ms          0          0          0  ...      32011          0          0

[2 rows x 10 columns]
                  nvme7n1p2  nvme1n1p2  ...  nvme3n1p2  nvme8n1p2
reads_completed           0          0  ...          0          0
writes_completed          0          0  ...          0          0

[2 rows x 10 columns]
               nvme7n1p2  nvme1n1p2  nvme2n1p2  ...  nvme9n1p2  nvme3n1p2  nvme8n1p2
read_time_ms           0          0          0  ...        103          0          0
write_time_ms          0          0          0  ...      51503          0          0

[2 rows x 10 columns]
                  nvme7n1p2  nvme1n1p2  ...  nvme3n1p2  nvme8n1p2
reads_completed           0          0  ...          0          0
writes_completed          0          0  ...          0          0

[2 rows x 10 columns]
               nvme7n1p2  nvme1n1p2  nvme2n1p2  ...  nvme9n1p2  nvme3n1p2  nvme8n1p2
read_time_ms           0          0          0  ...        196          0          0
write_time_ms          0          0          0  ...      71490          0          0

[2 rows x 10 columns]
                  nvme7n1p2  nvme1n1p2  ...  nvme3n1p2  nvme8n1p2
reads_completed           0          0  ...          0          0
writes_completed          0          0  ...          0          0

[2 rows x 10 columns]
               nvme7n1p2  nvme1n1p2  nvme2n1p2  ...  nvme9n1p2  nvme3n1p2  nvme8n1p2
read_time_ms           0          0          0  ...        213          0          0
write_time_ms          0          0          0  ...      81780          0          0

[2 rows x 10 columns]
                  nvme7n1p2  nvme1n1p2  ...  nvme3n1p2  nvme8n1p2
reads_completed           0          0  ...          0          0
writes_completed          0          0  ...          0          0

[2 rows x 10 columns]
               nvme7n1p2  nvme1n1p2  nvme2n1p2  ...  nvme9n1p2  nvme3n1p2  nvme8n1p2
read_time_ms           0          0          0  ...        159          0          0
write_time_ms          0          0          0  ...      84021          0          0

[2 rows x 10 columns]
                  nvme7n1p2  nvme1n1p2  ...  nvme3n1p2  nvme8n1p2
reads_completed           0          0  ...          0          0
writes_completed          0          0  ...          0          0

[2 rows x 10 columns]
               nvme7n1p2  nvme1n1p2  nvme2n1p2  ...  nvme9n1p2  nvme3n1p2  nvme8n1p2
read_time_ms           0          0          0  ...        164          0          0
write_time_ms          0          0          0  ...      82880          0          0

[2 rows x 10 columns]
                  nvme7n1p2  nvme1n1p2  ...  nvme3n1p2  nvme8n1p2
reads_completed           0          0  ...          0          0
writes_completed          0          0  ...          0          0

[2 rows x 10 columns]
               nvme7n1p2  nvme1n1p2  nvme2n1p2  ...  nvme9n1p2  nvme3n1p2  nvme8n1p2
read_time_ms           0          0          0  ...        205          0          0
write_time_ms          0          0          0  ...      78364          0          0

[2 rows x 10 columns]
                  nvme7n1p2  nvme1n1p2  ...  nvme3n1p2  nvme8n1p2
reads_completed           0          0  ...          0          0
writes_completed          0          0  ...          0          0

[2 rows x 10 columns]
               nvme7n1p2  nvme1n1p2  nvme2n1p2  ...  nvme9n1p2  nvme3n1p2  nvme8n1p2
read_time_ms           0          0          0  ...        158          0          0
write_time_ms          0          0          0  ...      78608          0          0

[2 rows x 10 columns]
                  nvme7n1p2  nvme1n1p2  ...  nvme3n1p2  nvme8n1p2
reads_completed           0          0  ...          0          0
writes_completed          0          0  ...          0          0

[2 rows x 10 columns]
               nvme7n1p2  nvme1n1p2  nvme2n1p2  ...  nvme9n1p2  nvme3n1p2  nvme8n1p2
read_time_ms           0          0          0  ...         19          0          0
write_time_ms          0          0          0  ...       7999          0          0

[2 rows x 10 columns]
                  nvme7n1p2  nvme1n1p2  ...  nvme3n1p2  nvme8n1p2
reads_completed           0          0  ...          0          0
writes_completed          0          0  ...          0          0

[2 rows x 10 columns]
               nvme7n1p2  nvme1n1p2  nvme2n1p2  ...  nvme9n1p2  nvme3n1p2  nvme8n1p2
read_time_ms           0          0          0  ...         19          0          0
write_time_ms          0          0          0  ...      12041          0          0

[2 rows x 10 columns]
                  nvme7n1p2  nvme1n1p2  ...  nvme3n1p2  nvme8n1p2
reads_completed           0          0  ...          0          0
writes_completed          0          0  ...          0          0

[2 rows x 10 columns]
               nvme7n1p2  nvme1n1p2  nvme2n1p2  ...  nvme9n1p2  nvme3n1p2  nvme8n1p2
read_time_ms           0          0          0  ...         73          0          0
write_time_ms          0          0          0  ...      23618          0          0

[2 rows x 10 columns]
