['fio_sea_1osd_28reactor_32fio_bal_osd_rc_1job_1io_64k_seqwrite_p0.json', 'fio_sea_1osd_28reactor_32fio_bal_osd_rc_1job_2io_64k_seqwrite_p0.json', 'fio_sea_1osd_28reactor_32fio_bal_osd_rc_1job_4io_64k_seqwrite_p0.json', 'fio_sea_1osd_28reactor_32fio_bal_osd_rc_1job_8io_64k_seqwrite_p0.json', 'fio_sea_1osd_28reactor_32fio_bal_osd_rc_1job_16io_64k_seqwrite_p0.json', 'fio_sea_1osd_28reactor_32fio_bal_osd_rc_1job_24io_64k_seqwrite_p0.json', 'fio_sea_1osd_28reactor_32fio_bal_osd_rc_1job_32io_64k_seqwrite_p0.json', 'fio_sea_1osd_28reactor_32fio_bal_osd_rc_1job_40io_64k_seqwrite_p0.json', 'fio_sea_1osd_28reactor_32fio_bal_osd_rc_1job_52io_64k_seqwrite_p0.json', 'fio_sea_1osd_28reactor_32fio_bal_osd_rc_1job_64io_64k_seqwrite_p0.json']
loading 10 .json files ...
Num jobs: 1
== fio_sea_1osd_28reactor_32fio_bal_osd_rc_1job_1io_64k_seqwrite_p0.json ==
{'bw': 350.66,
 'clat_ms': 5.8032722865310005,
 'clat_stdev': 447.950589186184,
 'iodepth': '1',
 'jobname': 'write',
 'sys_cpu': 0.097683,
 'timestamp': '1747135492',
 'total_ios': 355427,
 'usr_cpu': 0.279894}
Num jobs: 1
== fio_sea_1osd_28reactor_32fio_bal_osd_rc_1job_2io_64k_seqwrite_p0.json ==
{'bw': 47.325,
 'clat_ms': 71.467906496187,
 'clat_stdev': 1841.4843458019518,
 'iodepth': '2',
 'jobname': 'write',
 'sys_cpu': 0.020156,
 'timestamp': '1747135677',
 'total_ios': 36819,
 'usr_cpu': 0.058453}
Num jobs: 1
== fio_sea_1osd_28reactor_32fio_bal_osd_rc_1job_4io_64k_seqwrite_p0.json ==
{'bw': 189.521,
 'clat_ms': 43.029455833347996,
 'clat_stdev': 1418.214661555565,
 'iodepth': '4',
 'jobname': 'write',
 'sys_cpu': 0.047391,
 'timestamp': '1747135891',
 'total_ios': 177178,
 'usr_cpu': 0.119316}
Num jobs: 1
== fio_sea_1osd_28reactor_32fio_bal_osd_rc_1job_8io_64k_seqwrite_p0.json ==
{'bw': 417.77,
 'clat_ms': 39.072374668449996,
 'clat_stdev': 1347.09063024552,
 'iodepth': '8',
 'jobname': 'write',
 'sys_cpu': 0.091665,
 'timestamp': '1747136115',
 'total_ios': 488475,
 'usr_cpu': 0.28915}
Num jobs: 1
== fio_sea_1osd_28reactor_32fio_bal_osd_rc_1job_16io_64k_seqwrite_p0.json ==
{'bw': 16.33,
 'clat_ms': 1922.6801950680808,
 'clat_stdev': 10488.426627617997,
 'iodepth': '16',
 'jobname': 'write',
 'sys_cpu': 0.01053,
 'timestamp': '1747136354',
 'total_ios': 14796,
 'usr_cpu': 0.026925}
Num jobs: 1
== fio_sea_1osd_28reactor_32fio_bal_osd_rc_1job_24io_64k_seqwrite_p0.json ==
{'bw': 302.597,
 'clat_ms': 161.873487761475,
 'clat_stdev': 2717.949556945015,
 'iodepth': '24',
 'jobname': 'write',
 'sys_cpu': 0.100669,
 'timestamp': '1747136593',
 'total_ios': 400513,
 'usr_cpu': 0.377932}
Num jobs: 1
== fio_sea_1osd_28reactor_32fio_bal_osd_rc_1job_32io_64k_seqwrite_p0.json ==
{'bw': 186.596,
 'clat_ms': 343.56910459452996,
 'clat_stdev': 4303.430599451515,
 'iodepth': '32',
 'jobname': 'write',
 'sys_cpu': 0.05289,
 'timestamp': '1747136797',
 'total_ios': 217308,
 'usr_cpu': 0.216167}
Num jobs: 1
== fio_sea_1osd_28reactor_32fio_bal_osd_rc_1job_40io_64k_seqwrite_p0.json ==
{'bw': 463.116,
 'clat_ms': 176.289715699504,
 'clat_stdev': 2642.0594834221592,
 'iodepth': '40',
 'jobname': 'write',
 'sys_cpu': 0.139205,
 'timestamp': '1747137052',
 'total_ios': 829952,
 'usr_cpu': 0.597226}
Num jobs: 1
== fio_sea_1osd_28reactor_32fio_bal_osd_rc_1job_52io_64k_seqwrite_p0.json ==
{'bw': 33.0,
 'clat_ms': 3207.272472041435,
 'clat_stdev': 13813.573294177202,
 'iodepth': '52',
 'jobname': 'write',
 'sys_cpu': 0.010637,
 'timestamp': '1747137221',
 'total_ios': 31818,
 'usr_cpu': 0.04545}
Num jobs: 1
== fio_sea_1osd_28reactor_32fio_bal_osd_rc_1job_64io_64k_seqwrite_p0.json ==
{'bw': 599.701,
 'clat_ms': 170.899212348122,
 'clat_stdev': 2095.503986073297,
 'iodepth': '64',
 'jobname': 'write',
 'sys_cpu': 0.25559,
 'timestamp': '1747137555',
 'total_ios': 1730285,
 'usr_cpu': 1.034018}
Note: clat_ns has been converted to milliseconds
Note: bw has been converted to MiBs
 avg_cpu list has: 1 items
Table (after aggregating OSD CPU avg data):
{'OSD_cpu': [0.0, 0.0, 0.0, 0.0, 0.0,
             0.0, 0.0, 0.0, 0.0, 0.0],
 'OSD_mem': [0.0, 0.0, 0.0, 0.0, 0.0,
             0.0, 0.0, 0.0, 0.0, 0.0],
 'bw': [350.66, 47.325, 189.521, 417.77,
        16.33, 302.597, 186.596, 463.116,
        33.0, 599.701],
 'clat_ms': [5.8032722865310005,
             71.467906496187,
             43.029455833347996,
             39.072374668449996,
             1922.6801950680808,
             161.873487761475,
             343.56910459452996,
             176.289715699504,
             3207.272472041435,
             170.899212348122],
 'clat_stdev': [447.950589186184,
                1841.4843458019518,
                1418.214661555565,
                1347.09063024552,
                10488.426627617997,
                2717.949556945015,
                4303.430599451515,
                2642.0594834221592,
                13813.573294177202,
                2095.503986073297],
 'iodepth': ['1', '2', '4', '8', '16',
             '24', '32', '40', '52',
             '64'],
 'sys_cpu': [0.097683, 0.020156,
             0.047391, 0.091665, 0.01053,
             0.100669, 0.05289, 0.139205,
             0.010637, 0.25559],
 'total_ios': [355427, 36819, 177178,
               488475, 14796, 400513,
               217308, 829952, 31818,
               1730285],
 'usr_cpu': [0.279894, 0.058453,
             0.119316, 0.28915, 0.026925,
             0.377932, 0.216167,
             0.597226, 0.04545,
             1.034018]}
 avg_cpu list has: 1 items
Table (after aggregating FIO CPU avg data):
{'FIO_cpu': [50.1666666666665,
             15.103333333333337,
             31.2366666666666,
             67.7433333333331,
             10.156666666666679,
             72.73333333333318,
             42.04999999999994,
             140.5300000000004,
             11.360000000000007,
             223.0933333333359],
 'FIO_mem': [31.500000000004878, 0.0,
             29.373333333337726,
             38.25333333333506,
             30.893333333338074,
             43.49999999999695,
             38.20666666666843,
             43.49999999999695,
             34.50000000000514,
             49.36000000000893],
 'OSD_cpu': [0.0, 0.0, 0.0, 0.0, 0.0,
             0.0, 0.0, 0.0, 0.0, 0.0],
 'OSD_mem': [0.0, 0.0, 0.0, 0.0, 0.0,
             0.0, 0.0, 0.0, 0.0, 0.0],
 'bw': [350.66, 47.325, 189.521, 417.77,
        16.33, 302.597, 186.596, 463.116,
        33.0, 599.701],
 'clat_ms': [5.8032722865310005,
             71.467906496187,
             43.029455833347996,
             39.072374668449996,
             1922.6801950680808,
             161.873487761475,
             343.56910459452996,
             176.289715699504,
             3207.272472041435,
             170.899212348122],
 'clat_stdev': [447.950589186184,
                1841.4843458019518,
                1418.214661555565,
                1347.09063024552,
                10488.426627617997,
                2717.949556945015,
                4303.430599451515,
                2642.0594834221592,
                13813.573294177202,
                2095.503986073297],
 'iodepth': ['1', '2', '4', '8', '16',
             '24', '32', '40', '52',
             '64'],
 'sys_cpu': [0.097683, 0.020156,
             0.047391, 0.091665, 0.01053,
             0.100669, 0.05289, 0.139205,
             0.010637, 0.25559],
 'total_ios': [355427, 36819, 177178,
               488475, 14796, 400513,
               217308, 829952, 31818,
               1730285],
 'usr_cpu': [0.279894, 0.058453,
             0.119316, 0.28915, 0.026925,
             0.377932, 0.216167,
             0.597226, 0.04545,
             1.034018]}
 Wiki table: sea_1osd_28reactor_32fio_bal_osd_rc_1procs_seqwrite
{| class="wikitable"
|- 
 ! colspan="11"  | 
        sea_1osd_28reactor_32fio_bal_osd_rc_1procs_seqwrite
|-
! iodepth !! bw !! total_ios !! clat_ms !! clat_stdev !! usr_cpu !! sys_cpu !! OSD_cpu !! OSD_mem !! FIO_cpu !! FIO_mem
|-
 | 1  || 350.66  || 355427.00  || 5.80  || 447.95  || 0.28  || 0.10  || 0.00  || 0.00  || 50.17  || 31.50 
|-
 | 2  || 47.33  || 36819.00  || 71.47  || 1841.48  || 0.06  || 0.02  || 0.00  || 0.00  || 15.10  || 0.00 
|-
 | 4  || 189.52  || 177178.00  || 43.03  || 1418.21  || 0.12  || 0.05  || 0.00  || 0.00  || 31.24  || 29.37 
|-
 | 8  || 417.77  || 488475.00  || 39.07  || 1347.09  || 0.29  || 0.09  || 0.00  || 0.00  || 67.74  || 38.25 
|-
 | 16  || 16.33  || 14796.00  || 1922.68  || 10488.43  || 0.03  || 0.01  || 0.00  || 0.00  || 10.16  || 30.89 
|-
 | 24  || 302.60  || 400513.00  || 161.87  || 2717.95  || 0.38  || 0.10  || 0.00  || 0.00  || 72.73  || 43.50 
|-
 | 32  || 186.60  || 217308.00  || 343.57  || 4303.43  || 0.22  || 0.05  || 0.00  || 0.00  || 42.05  || 38.21 
|-
 | 40  || 463.12  || 829952.00  || 176.29  || 2642.06  || 0.60  || 0.14  || 0.00  || 0.00  || 140.53  || 43.50 
|-
 | 52  || 33.00  || 31818.00  || 3207.27  || 13813.57  || 0.05  || 0.01  || 0.00  || 0.00  || 11.36  || 34.50 
|-
 | 64  || 599.70  || 1730285.00  || 170.90  || 2095.50  || 1.03  || 0.26  || 0.00  || 0.00  || 223.09  || 49.36 
|-
|}


\begin{table}[h!]
\centering
\begin{tabular}[t]{*{11 }{|c|}}
\hline 
iodepth & bw & total\_ios & clat\_ms & clat\_stdev & usr\_cpu & sys\_cpu & OSD\_cpu & OSD\_mem & FIO\_cpu & FIO\_mem\\
\hline
1  & 350.66  & 355427.00  & 5.80  & 447.95  & 0.28  & 0.10  & 0.00  & 0.00  & 50.17  & 31.50 \\
\hline
2  & 47.33  & 36819.00  & 71.47  & 1841.48  & 0.06  & 0.02  & 0.00  & 0.00  & 15.10  & 0.00 \\
\hline
4  & 189.52  & 177178.00  & 43.03  & 1418.21  & 0.12  & 0.05  & 0.00  & 0.00  & 31.24  & 29.37 \\
\hline
8  & 417.77  & 488475.00  & 39.07  & 1347.09  & 0.29  & 0.09  & 0.00  & 0.00  & 67.74  & 38.25 \\
\hline
16  & 16.33  & 14796.00  & 1922.68  & 10488.43  & 0.03  & 0.01  & 0.00  & 0.00  & 10.16  & 30.89 \\
\hline
24  & 302.60  & 400513.00  & 161.87  & 2717.95  & 0.38  & 0.10  & 0.00  & 0.00  & 72.73  & 43.50 \\
\hline
32  & 186.60  & 217308.00  & 343.57  & 4303.43  & 0.22  & 0.05  & 0.00  & 0.00  & 42.05  & 38.21 \\
\hline
40  & 463.12  & 829952.00  & 176.29  & 2642.06  & 0.60  & 0.14  & 0.00  & 0.00  & 140.53  & 43.50 \\
\hline
52  & 33.00  & 31818.00  & 3207.27  & 13813.57  & 0.05  & 0.01  & 0.00  & 0.00  & 11.36  & 34.50 \\
\hline
64  & 599.70  & 1730285.00  & 170.90  & 2095.50  & 1.03  & 0.26  & 0.00  & 0.00  & 223.09  & 49.36 \\
\hline

\hline
\end{tabular}
\caption{Performance Throughput vs Latency vs CPU util: sea_1osd_28reactor_32fio_bal_osd_rc_1procs_seqwrite.}
\label{table:iops-lat-cpu-sea_1osd_28reactor_32fio_bal_osd_rc_1procs_seqwrite}
\end{table}

Done
