1271216 1271216 perf-crimson-ms  10	pid 1271216's current affinity list: 10
1271216 1271218 reactor-1        11	pid 1271218's current affinity list: 11
1271216 1271219 reactor-2        12	pid 1271219's current affinity list: 12
1271216 1271220 reactor-3        13	pid 1271220's current affinity list: 13
1271216 1271221 reactor-4        14	pid 1271221's current affinity list: 14
1271216 1271222 reactor-5        15	pid 1271222's current affinity list: 15
1271216 1271223 reactor-6        16	pid 1271223's current affinity list: 16
1271216 1271224 reactor-7        17	pid 1271224's current affinity list: 17
1271216 1271225 reactor-8        18	pid 1271225's current affinity list: 18
1271216 1271226 reactor-9        19	pid 1271226's current affinity list: 19
1271216 1271227 reactor-10       38	pid 1271227's current affinity list: 38
1271216 1271228 reactor-11       39	pid 1271228's current affinity list: 39
1271216 1271229 reactor-12       40	pid 1271229's current affinity list: 40
1271216 1271230 reactor-13       41	pid 1271230's current affinity list: 41
1271216 1271231 reactor-14       42	pid 1271231's current affinity list: 42
1271216 1271232 reactor-15       43	pid 1271232's current affinity list: 43
1271216 1271233 reactor-16       44	pid 1271233's current affinity list: 44
1271216 1271234 reactor-17       45	pid 1271234's current affinity list: 45
1271216 1271235 reactor-18       46	pid 1271235's current affinity list: 46
1271216 1271236 reactor-19       47	pid 1271236's current affinity list: 47
1271216 1271237 reactor-20       66	pid 1271237's current affinity list: 66
1271216 1271238 reactor-21       67	pid 1271238's current affinity list: 67
1271216 1271239 reactor-22       68	pid 1271239's current affinity list: 68
1271216 1271240 reactor-23       69	pid 1271240's current affinity list: 69
1271216 1271241 reactor-24       70	pid 1271241's current affinity list: 70
1271216 1271242 reactor-25       71	pid 1271242's current affinity list: 71
1271216 1271243 reactor-26       72	pid 1271243's current affinity list: 72
1271216 1271244 reactor-27       73	pid 1271244's current affinity list: 73
1271216 1271245 reactor-28       74	pid 1271245's current affinity list: 74
1271216 1271246 reactor-29       75	pid 1271246's current affinity list: 75
1271216 1271247 reactor-30       94	pid 1271247's current affinity list: 94
1271216 1271248 reactor-31       95	pid 1271248's current affinity list: 95
1271216 1271249 reactor-32       96	pid 1271249's current affinity list: 96
1271216 1271250 reactor-33       97	pid 1271250's current affinity list: 97
1271216 1271251 reactor-34       98	pid 1271251's current affinity list: 98
1271216 1271252 reactor-35       99	pid 1271252's current affinity list: 99
1271216 1271253 reactor-36      100	pid 1271253's current affinity list: 100
1271216 1271254 reactor-37      101	pid 1271254's current affinity list: 101
1271216 1271255 reactor-38      102	pid 1271255's current affinity list: 102
1271216 1271256 reactor-39      103	pid 1271256's current affinity list: 103
1271216 1271257 syscall-0        10	pid 1271257's current affinity list: 10
1271216 1271258 syscall-20       66	pid 1271258's current affinity list: 66
1271216 1271259 syscall-22       68	pid 1271259's current affinity list: 68
1271216 1271260 syscall-29       75	pid 1271260's current affinity list: 75
1271216 1271261 syscall-12       40	pid 1271261's current affinity list: 40
1271216 1271262 syscall-1        11	pid 1271262's current affinity list: 11
1271216 1271263 syscall-7        17	pid 1271263's current affinity list: 17
1271216 1271264 syscall-33       97	pid 1271264's current affinity list: 97
1271216 1271265 syscall-2        12	pid 1271265's current affinity list: 12
1271216 1271266 syscall-24       70	pid 1271266's current affinity list: 70
1271216 1271267 syscall-31       95	pid 1271267's current affinity list: 95
1271216 1271268 syscall-9        19	pid 1271268's current affinity list: 19
1271216 1271269 syscall-16       44	pid 1271269's current affinity list: 44
1271216 1271270 syscall-27       73	pid 1271270's current affinity list: 73
1271216 1271271 syscall-10       38	pid 1271271's current affinity list: 38
1271216 1271272 syscall-21       67	pid 1271272's current affinity list: 67
1271216 1271273 syscall-11       39	pid 1271273's current affinity list: 39
1271216 1271274 syscall-17       45	pid 1271274's current affinity list: 45
1271216 1271275 syscall-32       96	pid 1271275's current affinity list: 96
1271216 1271276 syscall-30       94	pid 1271276's current affinity list: 94
1271216 1271277 syscall-14       42	pid 1271277's current affinity list: 42
1271216 1271278 syscall-4        14	pid 1271278's current affinity list: 14
1271216 1271279 syscall-13       41	pid 1271279's current affinity list: 41
1271216 1271280 syscall-34       98	pid 1271280's current affinity list: 98
1271216 1271281 syscall-37      101	pid 1271281's current affinity list: 101
1271216 1271282 syscall-39      103	pid 1271282's current affinity list: 103
1271216 1271283 syscall-19       47	pid 1271283's current affinity list: 47
1271216 1271284 syscall-36      100	pid 1271284's current affinity list: 100
1271216 1271285 syscall-25       71	pid 1271285's current affinity list: 71
1271216 1271286 syscall-18       46	pid 1271286's current affinity list: 46
1271216 1271287 syscall-15       43	pid 1271287's current affinity list: 43
1271216 1271288 syscall-28       74	pid 1271288's current affinity list: 74
1271216 1271289 syscall-38      102	pid 1271289's current affinity list: 102
1271216 1271290 syscall-26       72	pid 1271290's current affinity list: 72
1271216 1271291 syscall-3        13	pid 1271291's current affinity list: 13
1271216 1271292 syscall-6        16	pid 1271292's current affinity list: 16
1271216 1271293 syscall-35       99	pid 1271293's current affinity list: 99
1271216 1271294 syscall-5        15	pid 1271294's current affinity list: 15
1271216 1271295 syscall-8        18	pid 1271295's current affinity list: 18
1271216 1271296 syscall-23       69	pid 1271296's current affinity list: 69
