   sec  depth      IOPS     MB/s  lat(ms)
1.0007  40960    405296  1583.19  105.795 -- 7,8,8,7,7,7,8,7,6,6,7,7,7,7,6,8,7,7,7,8,8,7,8,7,8,8,8,7,8,7,7,7,7,7,8,8,8,7,7,7,
1.00092  40769    414809  1620.35  99.6201 -- 7,8,8,7,7,7,8,8,6,6,7,8,7,7,7,8,7,7,7,8,8,7,8,7,8,8,8,7,8,7,7,7,7,7,8,8,8,7,7,7,
1.00142  40960    397285  1551.89    102.2 -- 7,8,8,7,7,7,7,7,6,6,7,8,7,7,7,8,7,7,7,8,8,7,8,7,8,8,8,7,8,7,7,7,7,7,8,8,8,7,7,7,
1.00016  40960    390383  1524.93  105.478 -- 7,8,8,7,7,7,7,7,7,6,7,8,7,7,7,8,7,7,7,8,8,7,8,7,8,8,8,7,8,7,7,7,7,7,7,8,8,7,7,7,
1.00019  40887    403577  1576.47  100.139 -- 7,8,8,7,7,7,7,7,6,6,7,7,7,7,7,8,7,7,7,8,8,7,7,7,8,8,8,7,8,7,7,7,7,7,7,8,8,7,7,7,
1.00192  40577    400212  1563.33  100.269 -- 7,8,8,8,7,7,7,7,7,6,7,8,7,7,7,7,7,8,7,8,8,7,8,7,8,8,8,7,8,7,7,7,7,7,7,8,8,7,7,7,
1.00123  40960    413692  1615.98  100.466 -- 7,8,8,8,7,7,8,7,7,6,7,8,7,7,7,7,7,7,7,8,8,7,8,7,8,8,8,7,8,7,7,7,7,7,7,8,8,7,7,7,
1.00015  40960    405418  1583.66  100.202 -- 7,8,8,8,7,7,8,7,7,7,7,8,7,7,7,7,7,8,7,8,8,7,7,7,8,8,8,7,8,7,7,7,7,7,7,8,8,7,7,7,
1.0013  40958    385633  1506.38  104.768 -- 7,8,8,8,7,7,8,7,6,7,7,7,8,7,6,7,7,8,7,8,8,7,8,7,8,8,8,7,8,7,7,7,7,7,7,8,8,7,7,7,
1.00206  40901    406048  1586.13  100.453 -- 7,8,8,8,7,7,8,8,6,6,7,8,7,7,7,7,7,7,7,8,8,7,8,7,8,8,8,7,8,7,7,7,7,7,7,8,8,7,7,7,
-------------- summary --------------
10.0115     -  402272 1571.38 101.908

1.00295  40960    410655  1604.12  99.0052 -- 7,8,8,7,7,7,8,8,6,6,7,8,7,7,6,8,7,7,7,8,8,7,8,7,8,8,8,7,8,7,7,7,7,7,8,8,8,7,7,7,
1.00018  40807    403956  1577.95  100.554 -- 7,8,8,7,7,7,8,8,6,6,7,8,7,7,6,8,7,7,7,8,8,7,8,7,8,8,8,7,8,7,7,7,7,7,8,8,8,7,7,7,
1.00134  40867    406371  1587.39  99.4478 -- 7,8,8,7,7,7,8,8,6,6,7,8,7,7,6,8,7,7,7,8,8,7,8,7,8,8,8,7,8,7,7,7,7,7,8,8,8,7,7,7,
1.00158  40708    414306  1618.38  99.9802 -- 7,8,8,7,7,7,8,8,6,6,7,8,7,7,6,8,7,7,7,8,8,7,8,7,8,8,9,7,8,7,7,7,7,7,8,8,8,7,7,7,
1.00152  40856    398957  1558.43  100.826 -- 7,8,8,7,7,7,8,8,6,6,7,8,8,7,6,8,7,7,7,8,8,7,8,7,8,8,9,7,8,7,7,7,7,7,8,8,8,7,7,7,
1.00136  40960    415589  1623.39  99.4032 -- 7,8,8,8,7,7,8,8,6,6,7,8,7,7,6,8,7,7,7,8,8,7,8,7,8,8,9,7,8,7,7,7,7,7,8,8,8,7,7,7,
1.00019  40959    396030  1546.99  99.8021 -- 7,8,8,8,7,7,8,8,6,6,7,8,7,7,6,8,7,7,7,8,8,7,8,7,8,8,9,7,8,7,7,7,7,7,8,8,8,7,7,7,
1.00088  40960    416346  1626.35   100.36 -- 7,8,8,8,7,7,8,8,6,6,7,8,7,7,6,8,7,7,7,8,8,7,8,7,8,8,8,7,8,7,7,7,7,7,8,8,8,7,7,7,
1.00026  40363    409877  1601.08  99.4291 -- 7,8,8,7,7,7,8,8,6,6,7,8,7,7,6,8,7,7,7,8,8,7,8,7,8,8,8,7,8,7,7,7,7,7,8,8,8,7,7,7,
1.00176  40960    399499  1560.54  99.8126 -- 7,8,8,7,7,7,8,8,6,6,7,8,7,7,6,8,7,7,7,8,8,7,8,7,8,8,8,7,8,7,7,7,7,7,8,8,8,7,7,7,
-------------- summary --------------
20.0222     -  404696 1580.84 100.875

1.00022  40953    416734  1627.87  100.196 -- 7,8,8,7,7,7,8,8,6,6,7,8,7,7,6,8,7,7,7,8,8,7,8,7,8,8,8,7,8,7,7,7,7,7,8,8,8,7,7,7,
1.00128  40798    398419  1556.32  99.3526 -- 7,8,8,7,7,7,8,8,6,6,7,8,7,7,6,8,7,7,7,8,8,7,8,7,8,8,8,7,8,7,7,7,7,7,8,8,8,7,7,7,
1.00145  40960    412722   1612.2  100.461 -- 7,8,8,7,7,7,8,8,6,6,7,8,7,7,6,8,7,7,7,8,8,7,8,7,8,8,8,7,8,7,7,7,7,7,8,8,8,7,7,7,
1.00019  40950    385676  1506.55  105.662 -- 7,8,8,7,7,7,8,8,6,6,7,8,7,7,6,8,7,7,7,8,8,7,8,7,8,8,8,7,8,7,7,7,7,7,8,8,8,7,7,7,
1.0014  40763    408275  1594.82  99.6326 -- 7,8,8,7,7,7,8,8,6,6,7,8,7,7,6,8,7,7,7,8,8,7,8,7,8,8,8,7,8,7,7,7,7,7,8,8,8,7,7,7,
1.00145  40769    399107  1559.01  101.804 -- 7,8,8,7,7,7,7,8,6,6,7,8,7,7,7,8,7,7,7,8,8,7,8,7,8,8,8,7,8,7,7,7,7,7,7,8,8,7,7,7,
1.00148  40960    417053  1629.11  98.8573 -- 7,8,8,7,7,7,7,8,6,6,7,7,7,7,7,7,7,7,7,8,8,7,8,7,8,8,8,7,8,7,7,7,7,7,7,8,8,7,7,7,
1.00015  40960    406484  1587.83  99.3983 -- 7,8,8,7,7,7,7,8,7,6,7,7,7,7,7,7,7,7,7,8,8,7,8,7,8,8,8,7,8,7,7,7,7,7,7,8,8,7,7,7,
1.00025  40185    399379  1560.07  99.7893 -- 7,8,8,7,7,7,7,8,7,7,7,7,7,7,7,8,7,7,7,8,8,7,8,7,8,8,8,7,8,7,7,7,7,7,7,8,8,7,7,7,
1.00119  40759    408138  1594.29  99.7043 -- 7,8,8,7,7,7,7,8,7,7,7,7,7,7,7,8,7,7,7,8,8,7,8,7,8,8,8,8,8,7,7,7,7,7,7,8,8,7,7,7,
-------------- summary --------------
30.0326     -  404884 1581.58 100.734

1.00285  40960    424027  1656.35  100.733 -- 7,8,8,7,7,7,8,8,7,7,7,8,7,7,7,8,7,7,7,8,8,7,8,7,8,8,8,8,8,7,7,7,7,7,7,8,8,7,7,7,
1.00022  40709    393456  1536.94  99.4118 -- 7,8,8,7,7,7,7,8,7,7,7,8,7,7,7,8,7,7,7,8,8,7,8,7,8,8,8,8,8,7,7,7,7,7,7,8,8,7,7,7,
1.00129  40930    411948  1609.17  99.3681 -- 7,8,8,7,7,7,7,8,7,7,7,7,7,7,7,8,7,7,7,8,8,7,8,7,8,8,8,8,8,7,7,7,7,7,7,8,7,7,7,7,
1.00276  40960    411161   1606.1  100.311 -- 7,8,8,7,7,7,8,8,7,7,7,8,7,7,7,8,7,7,7,8,8,7,8,7,8,8,8,8,8,7,7,7,7,7,8,8,7,7,7,7,
1.00079  40828    407770  1592.85  99.5412 -- 7,8,8,7,7,7,8,8,7,7,7,8,8,7,7,8,7,7,7,8,8,7,8,7,8,8,8,8,8,7,7,7,7,7,7,8,8,7,7,7,
1.00161  40630    408235  1594.67   99.289 -- 7,8,8,7,7,7,7,8,7,7,7,7,8,7,7,8,7,7,7,8,8,7,8,7,8,8,8,8,8,7,7,7,7,7,8,8,8,7,7,7,
1.00141  40843    412792  1612.47  101.023 -- 7,8,8,7,7,7,8,8,7,7,7,8,8,7,7,7,7,7,7,8,8,7,8,7,8,8,8,7,8,7,7,7,7,7,8,8,8,7,7,7,
1.00148  40796    403132  1574.73  98.7324 -- 7,8,8,7,7,7,8,8,7,7,7,8,7,7,7,7,7,7,7,8,8,7,8,7,8,8,8,7,8,7,7,7,7,7,7,8,8,7,7,7,
1.00148  40915    412143  1609.93  99.0493 -- 7,8,8,7,7,7,7,8,7,7,7,8,7,7,7,7,7,7,7,8,8,7,8,7,8,8,8,7,8,7,7,7,7,7,8,8,8,7,7,7,
1.00137  40767    404125  1578.61  100.386 -- 7,8,8,7,7,7,7,8,7,7,7,8,7,7,7,7,7,7,7,8,8,7,8,7,8,8,8,7,8,7,7,7,7,7,8,8,7,7,7,7,
-------------- summary --------------
40.0471     -  405874 1585.45 100.497

1.00207  40960    403324  1575.48  100.098 -- 7,8,8,7,7,7,8,8,7,7,7,8,7,7,7,7,7,7,7,8,8,7,8,7,8,8,8,7,8,7,7,7,7,7,8,8,8,7,7,7,
1.0002  40929    417556  1631.08  99.0859 -- 7,8,8,7,7,7,7,8,7,7,7,7,7,7,7,8,7,7,7,8,8,7,8,7,8,8,8,7,8,7,7,7,7,7,7,8,8,7,7,7,
1.00268  40960    403869  1577.61  99.6601 -- 7,8,8,7,7,7,8,7,7,7,7,7,7,7,7,7,7,7,7,8,8,7,8,7,8,8,8,7,8,7,7,7,7,7,7,8,8,7,7,7,
1.00025  40960    409358  1599.05  99.5307 -- 7,8,8,7,7,7,8,8,7,7,7,7,7,7,7,7,7,7,7,8,8,7,8,7,8,8,8,7,8,7,7,7,7,7,7,8,8,7,7,7,
1.00106  40672    411591  1607.78  99.2882 -- 7,8,8,7,8,7,7,8,7,7,7,7,7,7,7,8,7,7,7,8,8,7,8,7,8,8,8,7,8,7,7,7,7,7,7,8,8,7,7,7,
1.00144  40960    409211  1598.48  100.733 -- 7,8,8,7,7,7,8,8,7,7,7,7,7,7,7,8,7,7,7,8,8,7,8,7,8,8,8,7,8,7,7,7,7,7,7,8,8,7,7,7,
1.00093  40960    394342   1540.4  99.3574 -- 7,8,8,7,7,7,8,8,7,7,7,7,7,7,7,8,7,7,7,8,8,7,8,7,8,8,8,8,8,7,7,7,7,7,7,8,8,7,7,7,
1.00016  40912    419650  1639.26  98.7906 -- 7,8,8,7,7,7,8,8,7,7,7,7,7,7,7,8,7,7,7,8,8,7,8,7,8,8,8,8,8,7,7,7,7,7,8,8,8,7,7,7,
1.001  40960    406407  1587.53  99.5266 -- 7,8,8,7,7,7,8,8,7,7,7,7,7,7,7,8,7,7,7,8,8,7,8,7,8,8,8,8,8,7,7,7,7,7,8,8,7,7,7,7,
1.00026  40439    407887  1593.31  100.342 -- 7,8,8,7,7,7,8,8,7,7,7,7,7,7,7,8,7,7,7,8,8,7,8,7,8,8,8,8,8,7,7,7,7,7,7,8,8,7,7,7,
-------------- summary --------------
50.0576     -  406369 1587.38 100.324

1.00266  40693    411139  1606.01   99.822 -- 7,8,8,7,7,7,7,8,7,7,7,7,7,7,7,7,7,7,7,8,8,7,8,7,8,8,8,8,8,7,7,7,7,7,7,8,8,7,7,7,
1.00163  40698    411424  1607.13  100.936 -- 7,8,8,7,7,7,7,8,7,7,7,7,7,7,7,7,7,7,7,8,8,7,8,7,8,8,8,7,8,7,7,7,7,7,8,8,7,7,7,7,
1.00137  40832    405680  1584.69  99.2011 -- 7,8,8,7,7,7,8,8,7,7,7,7,7,7,7,8,7,7,7,8,8,7,8,7,8,8,8,7,8,7,7,7,7,7,8,8,8,7,7,7,
1.00141  40929    415233     1622  99.5949 -- 7,8,8,7,7,7,7,8,7,7,7,7,7,7,7,8,7,7,7,8,8,7,8,7,8,8,8,8,8,7,7,7,7,7,7,8,8,7,7,7,
1.00151  40960    394676   1541.7  100.349 -- 7,8,8,7,7,7,7,8,7,7,7,7,7,7,7,8,7,7,7,8,8,7,8,7,8,8,8,7,8,7,7,7,7,7,8,8,8,7,7,7,
1.00023  40917    408628   1596.2  99.2683 -- 7,8,8,7,8,7,8,8,7,7,7,7,7,7,7,8,7,7,7,8,8,7,8,7,8,8,8,8,8,7,7,7,7,7,7,8,8,7,7,7,
1.00137  40646    410579  1603.82  100.306 -- 7,8,8,7,8,7,8,8,7,7,7,7,7,8,7,8,7,7,7,8,8,7,8,7,8,8,8,8,8,7,7,7,7,7,8,8,8,7,7,7,
1.0014  40960    412278  1610.46  99.4132 -- 7,8,8,7,7,7,7,7,7,7,7,7,7,7,7,8,7,7,7,8,8,7,8,7,8,8,8,8,8,7,7,7,7,7,7,8,8,7,7,7,
1.00015  40960    404620  1580.55  99.4175 -- 7,8,8,7,7,7,8,8,7,7,7,7,7,7,7,7,7,7,7,8,8,7,8,7,8,8,8,8,8,7,7,7,7,7,7,8,8,7,7,7,
1.00016  40960    392522  1533.29  104.738 -- 7,8,8,7,7,7,8,8,7,7,7,8,7,7,7,7,7,7,7,8,8,7,8,7,8,8,8,8,8,7,7,7,7,7,7,8,8,7,7,7,
-------------- summary --------------
60.0685     -  406412 1587.55 100.318

client0Conn0@0(depth=512):
  connect time: 0.002236s
  messages received: 315396
  messaging time: 60.068678s
  latency: 97.044618ms
  IOPS: 5250.590023
  out throughput: 20.510117MB/s
client0Conn1@0(depth=512):
  connect time: 0.001929s
  messages received: 273925
  messaging time: 60.068693s
  latency: 111.823986ms
  IOPS: 4560.195794
  out throughput: 17.813265MB/s
client1Conn0@1(depth=512):
  connect time: 0.021169s
  messages received: 316676
  messaging time: 60.069883s
  latency: 96.597163ms
  IOPS: 5271.793200
  out throughput: 20.592942MB/s
client1Conn1@1(depth=512):
  connect time: 0.001243s
  messages received: 327824
  messaging time: 60.070096s
  latency: 93.290930ms
  IOPS: 5457.357678
  out throughput: 21.317803MB/s
client2Conn0@2(depth=512):
  connect time: 0.001832s
  messages received: 326853
  messaging time: 60.069664s
  latency: 93.627909ms
  IOPS: 5441.232408
  out throughput: 21.254814MB/s
client2Conn1@2(depth=512):
  connect time: 0.001467s
  messages received: 325158
  messaging time: 60.069889s
  latency: 94.118853ms
  IOPS: 5412.994883
  out throughput: 21.144511MB/s
client3Conn0@3(depth=512):
  connect time: 0.021029s
  messages received: 272353
  messaging time: 60.069052s
  latency: 112.566893ms
  IOPS: 4533.998633
  out throughput: 17.710932MB/s
client3Conn1@3(depth=512):
  connect time: 0.021094s
  messages received: 327855
  messaging time: 60.069070s
  latency: 93.349333ms
  IOPS: 5457.966937
  out throughput: 21.320183MB/s
client4Conn0@4(depth=512):
  connect time: 0.001366s
  messages received: 325505
  messaging time: 60.070229s
  latency: 94.027035ms
  IOPS: 5418.740814
  out throughput: 21.166956MB/s
client4Conn1@4(depth=512):
  connect time: 0.000809s
  messages received: 273777
  messaging time: 60.070738s
  latency: 111.808908ms
  IOPS: 4557.576762
  out throughput: 17.803034MB/s
client5Conn0@5(depth=512):
  connect time: 0.001677s
  messages received: 315620
  messaging time: 60.070224s
  latency: 97.020083ms
  IOPS: 5254.183814
  out throughput: 20.524156MB/s
client5Conn1@5(depth=512):
  connect time: 0.001366s
  messages received: 274272
  messaging time: 60.070684s
  latency: 111.687201ms
  IOPS: 4565.821124
  out throughput: 17.835239MB/s
client6Conn0@6(depth=512):
  connect time: 0.001935s
  messages received: 316125
  messaging time: 60.069097s
  latency: 96.876359ms
  IOPS: 5262.689376
  out throughput: 20.557380MB/s
client6Conn1@6(depth=512):
  connect time: 0.001177s
  messages received: 316118
  messaging time: 60.070077s
  latency: 96.849710ms
  IOPS: 5262.487014
  out throughput: 20.556590MB/s
client7Conn0@7(depth=512):
  connect time: 0.020849s
  messages received: 316492
  messaging time: 60.069858s
  latency: 96.749764ms
  IOPS: 5268.732322
  out throughput: 20.580986MB/s
client7Conn1@7(depth=512):
  connect time: 0.020746s
  messages received: 315957
  messaging time: 60.069873s
  latency: 96.944730ms
  IOPS: 5259.824640
  out throughput: 20.546190MB/s
client8Conn0@8(depth=512):
  connect time: 0.001220s
  messages received: 273609
  messaging time: 60.069946s
  latency: 112.025897ms
  IOPS: 4554.840097
  out throughput: 17.792344MB/s
client8Conn1@8(depth=512):
  connect time: 0.001336s
  messages received: 274062
  messaging time: 60.070358s
  latency: 111.758416ms
  IOPS: 4562.350043
  out throughput: 17.821680MB/s
client9Conn0@9(depth=512):
  connect time: 0.021419s
  messages received: 274435
  messaging time: 60.068885s
  latency: 111.557837ms
  IOPS: 4568.671480
  out throughput: 17.846373MB/s
client9Conn1@9(depth=512):
  connect time: 0.001533s
  messages received: 274855
  messaging time: 60.068918s
  latency: 111.443878ms
  IOPS: 4575.660881
  out throughput: 17.873675MB/s
client10Conn0@10(depth=512):
  connect time: 0.021176s
  messages received: 273648
  messaging time: 60.069288s
  latency: 111.910359ms
  IOPS: 4555.539269
  out throughput: 17.795075MB/s
client10Conn1@10(depth=512):
  connect time: 0.020358s
  messages received: 316109
  messaging time: 60.069301s
  latency: 96.835712ms
  IOPS: 5262.405206
  out throughput: 20.556270MB/s
client11Conn0@11(depth=512):
  connect time: 0.001881s
  messages received: 314818
  messaging time: 60.069497s
  latency: 97.281536ms
  IOPS: 5240.896248
  out throughput: 20.472251MB/s
client11Conn1@11(depth=512):
  connect time: 0.001678s
  messages received: 316650
  messaging time: 60.069964s
  latency: 96.732846ms
  IOPS: 5271.353258
  out throughput: 20.591224MB/s
client12Conn0@12(depth=512):
  connect time: 0.001574s
  messages received: 273995
  messaging time: 60.069399s
  latency: 111.809491ms
  IOPS: 4561.307531
  out throughput: 17.817608MB/s
client12Conn1@12(depth=512):
  connect time: 0.001199s
  messages received: 326769
  messaging time: 60.069705s
  latency: 93.625812ms
  IOPS: 5439.830237
  out throughput: 21.249337MB/s
client13Conn0@13(depth=512):
  connect time: 0.001087s
  messages received: 274068
  messaging time: 60.069786s
  latency: 111.768063ms
  IOPS: 4562.493331
  out throughput: 17.822240MB/s
client13Conn1@13(depth=512):
  connect time: 0.000705s
  messages received: 326927
  messaging time: 60.069803s
  latency: 93.564554ms
  IOPS: 5442.451719
  out throughput: 21.259577MB/s
client14Conn0@14(depth=512):
  connect time: 0.020768s
  messages received: 272921
  messaging time: 60.070507s
  latency: 112.268787ms
  IOPS: 4543.344375
  out throughput: 17.747439MB/s
client14Conn1@14(depth=512):
  connect time: 0.020442s
  messages received: 274136
  messaging time: 60.070541s
  latency: 111.819166ms
  IOPS: 4563.568055
  out throughput: 17.826438MB/s
client15Conn0@15(depth=512):
  connect time: 0.001746s
  messages received: 315401
  messaging time: 60.070007s
  latency: 97.096126ms
  IOPS: 5250.557057
  out throughput: 20.509989MB/s
client15Conn1@15(depth=512):
  connect time: 0.001557s
  messages received: 315617
  messaging time: 60.070030s
  latency: 97.093529ms
  IOPS: 5254.150869
  out throughput: 20.524027MB/s
client16Conn0@16(depth=512):
  connect time: 0.021323s
  messages received: 273440
  messaging time: 60.070574s
  latency: 111.986694ms
  IOPS: 4551.979160
  out throughput: 17.781169MB/s
client16Conn1@16(depth=512):
  connect time: 0.001397s
  messages received: 315385
  messaging time: 60.070590s
  latency: 97.005576ms
  IOPS: 5250.239787
  out throughput: 20.508749MB/s
client17Conn0@17(depth=512):
  connect time: 0.001912s
  messages received: 327908
  messaging time: 60.069509s
  latency: 93.370276ms
  IOPS: 5458.809352
  out throughput: 21.323474MB/s
client17Conn1@17(depth=512):
  connect time: 0.001282s
  messages received: 273944
  messaging time: 60.070187s
  latency: 111.787378ms
  IOPS: 4560.398681
  out throughput: 17.814057MB/s
client18Conn0@18(depth=512):
  connect time: 0.020826s
  messages received: 273162
  messaging time: 60.068972s
  latency: 112.050597ms
  IOPS: 4547.472515
  out throughput: 17.763565MB/s
client18Conn1@18(depth=512):
  connect time: 0.020462s
  messages received: 316544
  messaging time: 60.069500s
  latency: 96.649812ms
  IOPS: 5269.629308
  out throughput: 20.584489MB/s
client19Conn0@19(depth=512):
  connect time: 0.021181s
  messages received: 327643
  messaging time: 60.069677s
  latency: 93.337187ms
  IOPS: 5454.382544
  out throughput: 21.306182MB/s
client19Conn1@19(depth=512):
  connect time: 0.020680s
  messages received: 327223
  messaging time: 60.070106s
  latency: 93.470531ms
  IOPS: 5447.351806
  out throughput: 21.278718MB/s
client20Conn0@20(depth=512):
  connect time: 0.001878s
  messages received: 325393
  messaging time: 60.069944s
  latency: 94.014632ms
  IOPS: 5416.902004
  out throughput: 21.159773MB/s
client20Conn1@20(depth=512):
  connect time: 0.001334s
  messages received: 314712
  messaging time: 60.069967s
  latency: 97.329276ms
  IOPS: 5239.090586
  out throughput: 20.465198MB/s
client21Conn0@21(depth=512):
  connect time: 0.021247s
  messages received: 316934
  messaging time: 60.069810s
  latency: 96.546536ms
  IOPS: 5276.094587
  out throughput: 20.609744MB/s
client21Conn1@21(depth=512):
  connect time: 0.020749s
  messages received: 274676
  messaging time: 60.070212s
  latency: 111.494504ms
  IOPS: 4572.582473
  out throughput: 17.861650MB/s
client22Conn0@22(depth=512):
  connect time: 0.021302s
  messages received: 314554
  messaging time: 60.071080s
  latency: 97.426639ms
  IOPS: 5236.363319
  out throughput: 20.454544MB/s
client22Conn1@22(depth=512):
  connect time: 0.021083s
  messages received: 327182
  messaging time: 60.071389s
  latency: 93.575655ms
  IOPS: 5446.552931
  out throughput: 21.275597MB/s
client23Conn0@23(depth=512):
  connect time: 0.001909s
  messages received: 326013
  messaging time: 60.070256s
  latency: 93.833993ms
  IOPS: 5427.195080
  out throughput: 21.199981MB/s
client23Conn1@23(depth=512):
  connect time: 0.001244s
  messages received: 273862
  messaging time: 60.070771s
  latency: 111.838208ms
  IOPS: 4558.989299
  out throughput: 17.808552MB/s
client24Conn0@24(depth=512):
  connect time: 0.020984s
  messages received: 315375
  messaging time: 60.069866s
  latency: 97.078752ms
  IOPS: 5250.136554
  out throughput: 20.508346MB/s
client24Conn1@24(depth=512):
  connect time: 0.001158s
  messages received: 326468
  messaging time: 60.069884s
  latency: 93.643378ms
  IOPS: 5434.803266
  out throughput: 21.229700MB/s
client25Conn0@25(depth=512):
  connect time: 0.002022s
  messages received: 327716
  messaging time: 60.070739s
  latency: 93.439455ms
  IOPS: 5455.501400
  out throughput: 21.310552MB/s
client25Conn1@25(depth=512):
  connect time: 0.001646s
  messages received: 326540
  messaging time: 60.070993s
  latency: 93.654966ms
  IOPS: 5435.901515
  out throughput: 21.233990MB/s
client26Conn0@26(depth=512):
  connect time: 0.021149s
  messages received: 323772
  messaging time: 60.069054s
  latency: 94.587934ms
  IOPS: 5389.996645
  out throughput: 21.054674MB/s
client26Conn1@26(depth=512):
  connect time: 0.020471s
  messages received: 325333
  messaging time: 60.070037s
  latency: 94.139607ms
  IOPS: 5415.894777
  out throughput: 21.155839MB/s
client27Conn0@27(depth=512):
  connect time: 0.001528s
  messages received: 273057
  messaging time: 60.069739s
  latency: 112.043525ms
  IOPS: 4545.666480
  out throughput: 17.756510MB/s
client27Conn1@27(depth=512):
  connect time: 0.001098s
  messages received: 328215
  messaging time: 60.070340s
  latency: 93.243250ms
  IOPS: 5463.844526
  out throughput: 21.343143MB/s
client28Conn0@28(depth=512):
  connect time: 0.020560s
  messages received: 316640
  messaging time: 60.069662s
  latency: 96.614724ms
  IOPS: 5271.213240
  out throughput: 20.590677MB/s
client28Conn1@28(depth=512):
  connect time: 0.020169s
  messages received: 326731
  messaging time: 60.069904s
  latency: 93.655871ms
  IOPS: 5439.179623
  out throughput: 21.246795MB/s
client29Conn0@29(depth=512):
  connect time: 0.001777s
  messages received: 326724
  messaging time: 60.069890s
  latency: 93.678443ms
  IOPS: 5439.064403
  out throughput: 21.246345MB/s
client29Conn1@29(depth=512):
  connect time: 0.001380s
  messages received: 273291
  messaging time: 60.070295s
  latency: 112.015630ms
  IOPS: 4549.519882
  out throughput: 17.771562MB/s
client30Conn0@30(depth=512):
  connect time: 0.001943s
  messages received: 275250
  messaging time: 60.069434s
  latency: 111.250322ms
  IOPS: 4582.197306
  out throughput: 17.899208MB/s
client30Conn1@30(depth=512):
  connect time: 0.001425s
  messages received: 314891
  messaging time: 60.069456s
  latency: 97.188519ms
  IOPS: 5242.115078
  out throughput: 20.477012MB/s
client31Conn0@31(depth=512):
  connect time: 0.020709s
  messages received: 274761
  messaging time: 60.069782s
  latency: 111.454002ms
  IOPS: 4574.030256
  out throughput: 17.867306MB/s
client31Conn1@31(depth=512):
  connect time: 0.000839s
  messages received: 316070
  messaging time: 60.070615s
  latency: 96.894621ms
  IOPS: 5261.640819
  out throughput: 20.553284MB/s
client32Conn0@32(depth=512):
  connect time: 0.001299s
  messages received: 273741
  messaging time: 60.069612s
  latency: 111.842436ms
  IOPS: 4557.062861
  out throughput: 17.801027MB/s
client32Conn1@32(depth=512):
  connect time: 0.001038s
  messages received: 327228
  messaging time: 60.069630s
  latency: 93.383900ms
  IOPS: 5447.478199
  out throughput: 21.279212MB/s
client33Conn0@33(depth=512):
  connect time: 0.020863s
  messages received: 315172
  messaging time: 60.070510s
  latency: 97.108583ms
  IOPS: 5246.700911
  out throughput: 20.494925MB/s
client33Conn1@33(depth=512):
  connect time: 0.020653s
  messages received: 274369
  messaging time: 60.070777s
  latency: 111.736113ms
  IOPS: 4567.428838
  out throughput: 17.841519MB/s
client34Conn0@34(depth=512):
  connect time: 0.001718s
  messages received: 315315
  messaging time: 60.069150s
  latency: 97.149039ms
  IOPS: 5249.200328
  out throughput: 20.504689MB/s
client34Conn1@34(depth=512):
  connect time: 0.001409s
  messages received: 313992
  messaging time: 60.069175s
  latency: 97.509535ms
  IOPS: 5227.173476
  out throughput: 20.418646MB/s
client35Conn0@35(depth=512):
  connect time: 0.021048s
  messages received: 327329
  messaging time: 60.069966s
  latency: 93.513101ms
  IOPS: 5449.129091
  out throughput: 21.285661MB/s
client35Conn1@35(depth=512):
  connect time: 0.020612s
  messages received: 326865
  messaging time: 60.071077s
  latency: 93.666361ms
  IOPS: 5441.304177
  out throughput: 21.255094MB/s
client36Conn0@36(depth=512):
  connect time: 0.021311s
  messages received: 315222
  messaging time: 60.069176s
  latency: 97.000981ms
  IOPS: 5247.649771
  out throughput: 20.498632MB/s
client36Conn1@36(depth=512):
  connect time: 0.020960s
  messages received: 326830
  messaging time: 60.069747s
  latency: 93.701087ms
  IOPS: 5440.841933
  out throughput: 21.253289MB/s
client37Conn0@37(depth=512):
  connect time: 0.021035s
  messages received: 273867
  messaging time: 60.069298s
  latency: 111.836200ms
  IOPS: 4559.184286
  out throughput: 17.809314MB/s
client37Conn1@37(depth=512):
  connect time: 0.020554s
  messages received: 316472
  messaging time: 60.069826s
  latency: 96.608784ms
  IOPS: 5268.402163
  out throughput: 20.579696MB/s
client38Conn0@38(depth=512):
  connect time: 0.021267s
  messages received: 325779
  messaging time: 60.069916s
  latency: 93.755069ms
  IOPS: 5423.330349
  out throughput: 21.184884MB/s
client38Conn1@38(depth=512):
  connect time: 0.020982s
  messages received: 274556
  messaging time: 60.070499s
  latency: 111.485409ms
  IOPS: 4570.562992
  out throughput: 17.853762MB/s
client39Conn0@39(depth=512):
  connect time: 0.021103s
  messages received: 314707
  messaging time: 60.070926s
  latency: 97.188324ms
  IOPS: 5238.923772
  out throughput: 20.464546MB/s
client39Conn1@39(depth=512):
  connect time: 0.001329s
  messages received: 273765
  messaging time: 60.071138s
  latency: 111.816811ms
  IOPS: 4557.346631
  out throughput: 17.802135MB/s

per client:
client0(depth=1024):
  connect time: 0.002082s
  messages received: 589321
  messaging time: 60.068685s
  latency: 104.434302ms
  IOPS: 9810.785817
  out throughput: 38.323382MB/s
client1(depth=1024):
  connect time: 0.011206s
  messages received: 644500
  messaging time: 60.069989s
  latency: 94.944046ms
  IOPS: 10729.150878
  out throughput: 41.910746MB/s
client2(depth=1024):
  connect time: 0.001650s
  messages received: 652011
  messaging time: 60.069776s
  latency: 93.873381ms
  IOPS: 10854.227291
  out throughput: 42.399325MB/s
client3(depth=1024):
  connect time: 0.021062s
  messages received: 600208
  messaging time: 60.069061s
  latency: 102.958113ms
  IOPS: 9991.965571
  out throughput: 39.031116MB/s
client4(depth=1024):
  connect time: 0.001088s
  messages received: 599282
  messaging time: 60.070483s
  latency: 102.917971ms
  IOPS: 9976.317576
  out throughput: 38.969991MB/s
client5(depth=1024):
  connect time: 0.001521s
  messages received: 589892
  messaging time: 60.070454s
  latency: 104.353642ms
  IOPS: 9820.004938
  out throughput: 38.359394MB/s
client6(depth=1024):
  connect time: 0.001556s
  messages received: 632243
  messaging time: 60.069587s
  latency: 96.863034ms
  IOPS: 10525.176389
  out throughput: 41.113970MB/s
client7(depth=1024):
  connect time: 0.020797s
  messages received: 632449
  messaging time: 60.069865s
  latency: 96.847247ms
  IOPS: 10528.556962
  out throughput: 41.127176MB/s
client8(depth=1024):
  connect time: 0.001278s
  messages received: 547671
  messaging time: 60.070152s
  latency: 111.892156ms
  IOPS: 9117.190140
  out throughput: 35.614024MB/s
client9(depth=1024):
  connect time: 0.011476s
  messages received: 549290
  messaging time: 60.068902s
  latency: 111.500858ms
  IOPS: 9144.332361
  out throughput: 35.720048MB/s
client10(depth=1024):
  connect time: 0.020767s
  messages received: 589757
  messaging time: 60.069294s
  latency: 104.373036ms
  IOPS: 9817.944475
  out throughput: 38.351346MB/s
client11(depth=1024):
  connect time: 0.001779s
  messages received: 631468
  messaging time: 60.069730s
  latency: 97.007191ms
  IOPS: 10512.249506
  out throughput: 41.063475MB/s
client12(depth=1024):
  connect time: 0.001387s
  messages received: 600764
  messaging time: 60.069552s
  latency: 102.717652ms
  IOPS: 10001.137768
  out throughput: 39.066944MB/s
client13(depth=1024):
  connect time: 0.000896s
  messages received: 600995
  messaging time: 60.069794s
  latency: 102.666309ms
  IOPS: 10004.945050
  out throughput: 39.081817MB/s
client14(depth=1024):
  connect time: 0.020605s
  messages received: 547057
  messaging time: 60.070524s
  latency: 112.043976ms
  IOPS: 9106.912430
  out throughput: 35.573877MB/s
client15(depth=1024):
  connect time: 0.001651s
  messages received: 631018
  messaging time: 60.070019s
  latency: 97.094828ms
  IOPS: 10504.707926
  out throughput: 41.034015MB/s
client16(depth=1024):
  connect time: 0.011360s
  messages received: 588825
  messaging time: 60.070582s
  latency: 104.496135ms
  IOPS: 9802.218947
  out throughput: 38.289918MB/s
client17(depth=1024):
  connect time: 0.001597s
  messages received: 601852
  messaging time: 60.069848s
  latency: 102.578827ms
  IOPS: 10019.208033
  out throughput: 39.137531MB/s
client18(depth=1024):
  connect time: 0.020644s
  messages received: 589706
  messaging time: 60.069236s
  latency: 104.350204ms
  IOPS: 9817.101823
  out throughput: 38.348054MB/s
client19(depth=1024):
  connect time: 0.020930s
  messages received: 654866
  messaging time: 60.069892s
  latency: 93.403859ms
  IOPS: 10901.734350
  out throughput: 42.584900MB/s
client20(depth=1024):
  connect time: 0.001606s
  messages received: 640105
  messaging time: 60.069956s
  latency: 95.671954ms
  IOPS: 10655.992590
  out throughput: 41.624971MB/s
client21(depth=1024):
  connect time: 0.020998s
  messages received: 591610
  messaging time: 60.070011s
  latency: 104.020520ms
  IOPS: 9848.677060
  out throughput: 38.471395MB/s
client22(depth=1024):
  connect time: 0.021193s
  messages received: 641736
  messaging time: 60.071235s
  latency: 95.501147ms
  IOPS: 10682.916250
  out throughput: 41.730142MB/s
client23(depth=1024):
  connect time: 0.001576s
  messages received: 599875
  messaging time: 60.070513s
  latency: 102.836101ms
  IOPS: 9986.184379
  out throughput: 39.008533MB/s
client24(depth=1024):
  connect time: 0.011071s
  messages received: 641843
  messaging time: 60.069875s
  latency: 95.361065ms
  IOPS: 10684.939821
  out throughput: 41.738046MB/s
client25(depth=1024):
  connect time: 0.001834s
  messages received: 654256
  messaging time: 60.070866s
  latency: 93.547210ms
  IOPS: 10891.402915
  out throughput: 42.544543MB/s
client26(depth=1024):
  connect time: 0.020810s
  messages received: 649105
  messaging time: 60.069546s
  latency: 94.363771ms
  IOPS: 10805.891422
  out throughput: 42.210513MB/s
client27(depth=1024):
  connect time: 0.001313s
  messages received: 601272
  messaging time: 60.070040s
  latency: 102.643387ms
  IOPS: 10009.511007
  out throughput: 39.099652MB/s
client28(depth=1024):
  connect time: 0.020364s
  messages received: 643371
  messaging time: 60.069783s
  latency: 95.135297ms
  IOPS: 10710.392863
  out throughput: 41.837472MB/s
client29(depth=1024):
  connect time: 0.001578s
  messages received: 600015
  messaging time: 60.070092s
  latency: 102.847036ms
  IOPS: 9988.584285
  out throughput: 39.017907MB/s
client30(depth=1024):
  connect time: 0.001684s
  messages received: 590141
  messaging time: 60.069445s
  latency: 104.219421ms
  IOPS: 9824.312384
  out throughput: 38.376220MB/s
client31(depth=1024):
  connect time: 0.010774s
  messages received: 590831
  messaging time: 60.070198s
  latency: 104.174312ms
  IOPS: 9835.671075
  out throughput: 38.420590MB/s
client32(depth=1024):
  connect time: 0.001169s
  messages received: 600969
  messaging time: 60.069621s
  latency: 102.613168ms
  IOPS: 10004.541061
  out throughput: 39.080239MB/s
client33(depth=1024):
  connect time: 0.020758s
  messages received: 589541
  messaging time: 60.070644s
  latency: 104.422348ms
  IOPS: 9814.129749
  out throughput: 38.336444MB/s
client34(depth=1024):
  connect time: 0.001564s
  messages received: 629307
  messaging time: 60.069162s
  latency: 97.329287ms
  IOPS: 10476.373804
  out throughput: 40.923335MB/s
client35(depth=1024):
  connect time: 0.020830s
  messages received: 654194
  messaging time: 60.070521s
  latency: 93.589731ms
  IOPS: 10890.433268
  out throughput: 42.540755MB/s
client36(depth=1024):
  connect time: 0.021135s
  messages received: 642052
  messaging time: 60.069462s
  latency: 95.351034ms
  IOPS: 10688.491703
  out throughput: 41.751921MB/s
client37(depth=1024):
  connect time: 0.020795s
  messages received: 590339
  messaging time: 60.069562s
  latency: 104.222492ms
  IOPS: 9827.586449
  out throughput: 38.389010MB/s
client38(depth=1024):
  connect time: 0.021125s
  messages received: 600335
  messaging time: 60.070208s
  latency: 102.620239ms
  IOPS: 9993.893341
  out throughput: 39.038646MB/s
client39(depth=1024):
  connect time: 0.011216s
  messages received: 588472
  messaging time: 60.071032s
  latency: 104.502567ms
  IOPS: 9796.270403
  out throughput: 38.266681MB/s

all(depth=40960):
  connect time: 0.010218s
  messages received: 24412544
  messaging time: 60.069930s
  latency: 100.907221ms
  IOPS: 406402.064060
  out throughput: 1587.508063MB/s
