['fio_sea_1osd_56reactor_32fio_bal_osd_rc_1job_1io_64k_seqwrite_p0.json', 'fio_sea_1osd_56reactor_32fio_bal_osd_rc_1job_2io_64k_seqwrite_p0.json', 'fio_sea_1osd_56reactor_32fio_bal_osd_rc_1job_4io_64k_seqwrite_p0.json', 'fio_sea_1osd_56reactor_32fio_bal_osd_rc_1job_8io_64k_seqwrite_p0.json', 'fio_sea_1osd_56reactor_32fio_bal_osd_rc_1job_16io_64k_seqwrite_p0.json', 'fio_sea_1osd_56reactor_32fio_bal_osd_rc_1job_24io_64k_seqwrite_p0.json', 'fio_sea_1osd_56reactor_32fio_bal_osd_rc_1job_32io_64k_seqwrite_p0.json', 'fio_sea_1osd_56reactor_32fio_bal_osd_rc_1job_40io_64k_seqwrite_p0.json', 'fio_sea_1osd_56reactor_32fio_bal_osd_rc_1job_52io_64k_seqwrite_p0.json', 'fio_sea_1osd_56reactor_32fio_bal_osd_rc_1job_64io_64k_seqwrite_p0.json']
loading 10 .json files ...
Num jobs: 1
== fio_sea_1osd_56reactor_32fio_bal_osd_rc_1job_1io_64k_seqwrite_p0.json ==
{'bw': 832.978,
 'clat_ms': 2.44468063053,
 'clat_stdev': 1.636997752732,
 'iodepth': '1',
 'jobname': 'write',
 'sys_cpu': 0.235958,
 'timestamp': '1747754477',
 'total_ios': 3904640,
 'usr_cpu': 0.632488}
Num jobs: 1
== fio_sea_1osd_56reactor_32fio_bal_osd_rc_1job_2io_64k_seqwrite_p0.json ==
{'bw': 472.061,
 'clat_ms': 8.646163608425,
 'clat_stdev': 555.638747984577,
 'iodepth': '2',
 'jobname': 'write',
 'sys_cpu': 0.111696,
 'timestamp': '1747754609',
 'total_ios': 736611,
 'usr_cpu': 0.300813}
Num jobs: 1
== fio_sea_1osd_56reactor_32fio_bal_osd_rc_1job_4io_64k_seqwrite_p0.json ==
{'bw': 394.201,
 'clat_ms': 20.759374313431,
 'clat_stdev': 870.157072798054,
 'iodepth': '4',
 'jobname': 'write',
 'sys_cpu': 0.129131,
 'timestamp': '1747754815',
 'total_ios': 525293,
 'usr_cpu': 0.335799}
Num jobs: 1
== fio_sea_1osd_56reactor_32fio_bal_osd_rc_1job_8io_64k_seqwrite_p0.json ==
{'bw': 449.064,
 'clat_ms': 36.445580387478,
 'clat_stdev': 1079.491015271354,
 'iodepth': '8',
 'jobname': 'write',
 'sys_cpu': 0.156801,
 'timestamp': '1747755044',
 'total_ios': 703271,
 'usr_cpu': 0.470996}
Num jobs: 1
== fio_sea_1osd_56reactor_32fio_bal_osd_rc_1job_16io_64k_seqwrite_p0.json ==
{'bw': 913.315,
 'clat_ms': 35.834550911708,
 'clat_stdev': 24.599307936641,
 'iodepth': '16',
 'jobname': 'write',
 'sys_cpu': 0.337393,
 'timestamp': '1747755460',
 'total_ios': 4281345,
 'usr_cpu': 1.212876}
Num jobs: 1
== fio_sea_1osd_56reactor_32fio_bal_osd_rc_1job_24io_64k_seqwrite_p0.json ==
{'bw': 67.983,
 'clat_ms': 719.532651070067,
 'clat_stdev': 6760.881362816868,
 'iodepth': '24',
 'jobname': 'write',
 'sys_cpu': 0.025411,
 'timestamp': '1747755562',
 'total_ios': 73479,
 'usr_cpu': 0.075707}
Num jobs: 1
== fio_sea_1osd_56reactor_32fio_bal_osd_rc_1job_32io_64k_seqwrite_p0.json ==
{'bw': 973.349,
 'clat_ms': 67.227739409503,
 'clat_stdev': 57.372689265306,
 'iodepth': '32',
 'jobname': 'write',
 'sys_cpu': 0.330598,
 'timestamp': '1747756019',
 'total_ios': 4562861,
 'usr_cpu': 1.326691}
Num jobs: 1
== fio_sea_1osd_56reactor_32fio_bal_osd_rc_1job_40io_64k_seqwrite_p0.json ==
{'bw': 1029.14,
 'clat_ms': 70.17444640751401,
 'clat_stdev': 61.395093728923996,
 'iodepth': '40',
 'jobname': 'write',
 'sys_cpu': 0.375802,
 'timestamp': '1747756353',
 'total_ios': 4824616,
 'usr_cpu': 1.539281}
Num jobs: 1
== fio_sea_1osd_56reactor_32fio_bal_osd_rc_1job_52io_64k_seqwrite_p0.json ==
{'bw': 980.824,
 'clat_ms': 93.32969235707401,
 'clat_stdev': 85.903313931207,
 'iodepth': '52',
 'jobname': 'write',
 'sys_cpu': 0.376641,
 'timestamp': '1747756687',
 'total_ios': 4598264,
 'usr_cpu': 1.552548}
Num jobs: 1
== fio_sea_1osd_56reactor_32fio_bal_osd_rc_1job_64io_64k_seqwrite_p0.json ==
{'bw': 1035.249,
 'clat_ms': 92.569626648298,
 'clat_stdev': 86.69559529838901,
 'iodepth': '64',
 'jobname': 'write',
 'sys_cpu': 0.454519,
 'timestamp': '1747757021',
 'total_ios': 4853402,
 'usr_cpu': 1.884649}
Note: clat_ns has been converted to milliseconds
Note: bw has been converted to MiBs
 avg_cpu list has: 1 items
Table (after aggregating OSD CPU avg data):
{'OSD_cpu': [0.0, 0.0, 0.0, 0.0, 0.0,
             0.0, 0.0, 0.0, 0.0, 0.0],
 'OSD_mem': [0.0, 0.0, 0.0, 0.0, 0.0,
             0.0, 0.0, 0.0, 0.0, 0.0],
 'bw': [832.978, 472.061, 394.201,
        449.064, 913.315, 67.983,
        973.349, 1029.14, 980.824,
        1035.249],
 'clat_ms': [2.44468063053,
             8.646163608425,
             20.759374313431,
             36.445580387478,
             35.834550911708,
             719.532651070067,
             67.227739409503,
             70.17444640751401,
             93.32969235707401,
             92.569626648298],
 'clat_stdev': [1.636997752732,
                555.638747984577,
                870.157072798054,
                1079.491015271354,
                24.599307936641,
                6760.881362816868,
                57.372689265306,
                61.395093728923996,
                85.903313931207,
                86.69559529838901],
 'iodepth': ['1', '2', '4', '8', '16',
             '24', '32', '40', '52',
             '64'],
 'sys_cpu': [0.235958, 0.111696,
             0.129131, 0.156801,
             0.337393, 0.025411,
             0.330598, 0.375802,
             0.376641, 0.454519],
 'total_ios': [3904640, 736611, 525293,
               703271, 4281345, 73479,
               4562861, 4824616, 4598264,
               4853402],
 'usr_cpu': [0.632488, 0.300813,
             0.335799, 0.470996,
             1.212876, 0.075707,
             1.326691, 1.539281,
             1.552548, 1.884649]}
 avg_cpu list has: 1 items
Table (after aggregating FIO CPU avg data):
{'FIO_cpu': [146.8766666666651,
             95.74666666666597,
             89.03666666666656,
             122.60000000000034,
             219.61666666666844,
             23.656666666666634,
             226.59666666666848,
             219.02333333333567,
             222.72666666666885,
             241.43333333333592],
 'FIO_mem': [40.49999999999968,
             43.49999999999695,
             43.49999999999695,
             43.49999999999695,
             51.00000000000377,
             39.0000000000011,
             57.00000000001067,
             48.96000000000697,
             51.02666666667601,
             51.19333333334271],
 'OSD_cpu': [0.0, 0.0, 0.0, 0.0, 0.0,
             0.0, 0.0, 0.0, 0.0, 0.0],
 'OSD_mem': [0.0, 0.0, 0.0, 0.0, 0.0,
             0.0, 0.0, 0.0, 0.0, 0.0],
 'bw': [832.978, 472.061, 394.201,
        449.064, 913.315, 67.983,
        973.349, 1029.14, 980.824,
        1035.249],
 'clat_ms': [2.44468063053,
             8.646163608425,
             20.759374313431,
             36.445580387478,
             35.834550911708,
             719.532651070067,
             67.227739409503,
             70.17444640751401,
             93.32969235707401,
             92.569626648298],
 'clat_stdev': [1.636997752732,
                555.638747984577,
                870.157072798054,
                1079.491015271354,
                24.599307936641,
                6760.881362816868,
                57.372689265306,
                61.395093728923996,
                85.903313931207,
                86.69559529838901],
 'iodepth': ['1', '2', '4', '8', '16',
             '24', '32', '40', '52',
             '64'],
 'sys_cpu': [0.235958, 0.111696,
             0.129131, 0.156801,
             0.337393, 0.025411,
             0.330598, 0.375802,
             0.376641, 0.454519],
 'total_ios': [3904640, 736611, 525293,
               703271, 4281345, 73479,
               4562861, 4824616, 4598264,
               4853402],
 'usr_cpu': [0.632488, 0.300813,
             0.335799, 0.470996,
             1.212876, 0.075707,
             1.326691, 1.539281,
             1.552548, 1.884649]}
 Wiki table: sea_1osd_56reactor_32fio_bal_osd_rc_1procs_seqwrite
{| class="wikitable"
|- 
 ! colspan="11"  | 
        sea_1osd_56reactor_32fio_bal_osd_rc_1procs_seqwrite
|-
! iodepth !! bw !! total_ios !! clat_ms !! clat_stdev !! usr_cpu !! sys_cpu !! OSD_cpu !! OSD_mem !! FIO_cpu !! FIO_mem
|-
 | 1  || 832.98  || 3904640.00  || 2.44  || 1.64  || 0.63  || 0.24  || 0.00  || 0.00  || 146.88  || 40.50 
|-
 | 2  || 472.06  || 736611.00  || 8.65  || 555.64  || 0.30  || 0.11  || 0.00  || 0.00  || 95.75  || 43.50 
|-
 | 4  || 394.20  || 525293.00  || 20.76  || 870.16  || 0.34  || 0.13  || 0.00  || 0.00  || 89.04  || 43.50 
|-
 | 8  || 449.06  || 703271.00  || 36.45  || 1079.49  || 0.47  || 0.16  || 0.00  || 0.00  || 122.60  || 43.50 
|-
 | 16  || 913.32  || 4281345.00  || 35.83  || 24.60  || 1.21  || 0.34  || 0.00  || 0.00  || 219.62  || 51.00 
|-
 | 24  || 67.98  || 73479.00  || 719.53  || 6760.88  || 0.08  || 0.03  || 0.00  || 0.00  || 23.66  || 39.00 
|-
 | 32  || 973.35  || 4562861.00  || 67.23  || 57.37  || 1.33  || 0.33  || 0.00  || 0.00  || 226.60  || 57.00 
|-
 | 40  || 1029.14  || 4824616.00  || 70.17  || 61.40  || 1.54  || 0.38  || 0.00  || 0.00  || 219.02  || 48.96 
|-
 | 52  || 980.82  || 4598264.00  || 93.33  || 85.90  || 1.55  || 0.38  || 0.00  || 0.00  || 222.73  || 51.03 
|-
 | 64  || 1035.25  || 4853402.00  || 92.57  || 86.70  || 1.88  || 0.45  || 0.00  || 0.00  || 241.43  || 51.19 
|-
|}


\begin{table}[h!]
\centering
\begin{tabular}[t]{*{11 }{|c|}}
\hline 
iodepth & bw & total\_ios & clat\_ms & clat\_stdev & usr\_cpu & sys\_cpu & OSD\_cpu & OSD\_mem & FIO\_cpu & FIO\_mem\\
\hline
1  & 832.98  & 3904640.00  & 2.44  & 1.64  & 0.63  & 0.24  & 0.00  & 0.00  & 146.88  & 40.50 \\
\hline
2  & 472.06  & 736611.00  & 8.65  & 555.64  & 0.30  & 0.11  & 0.00  & 0.00  & 95.75  & 43.50 \\
\hline
4  & 394.20  & 525293.00  & 20.76  & 870.16  & 0.34  & 0.13  & 0.00  & 0.00  & 89.04  & 43.50 \\
\hline
8  & 449.06  & 703271.00  & 36.45  & 1079.49  & 0.47  & 0.16  & 0.00  & 0.00  & 122.60  & 43.50 \\
\hline
16  & 913.32  & 4281345.00  & 35.83  & 24.60  & 1.21  & 0.34  & 0.00  & 0.00  & 219.62  & 51.00 \\
\hline
24  & 67.98  & 73479.00  & 719.53  & 6760.88  & 0.08  & 0.03  & 0.00  & 0.00  & 23.66  & 39.00 \\
\hline
32  & 973.35  & 4562861.00  & 67.23  & 57.37  & 1.33  & 0.33  & 0.00  & 0.00  & 226.60  & 57.00 \\
\hline
40  & 1029.14  & 4824616.00  & 70.17  & 61.40  & 1.54  & 0.38  & 0.00  & 0.00  & 219.02  & 48.96 \\
\hline
52  & 980.82  & 4598264.00  & 93.33  & 85.90  & 1.55  & 0.38  & 0.00  & 0.00  & 222.73  & 51.03 \\
\hline
64  & 1035.25  & 4853402.00  & 92.57  & 86.70  & 1.88  & 0.45  & 0.00  & 0.00  & 241.43  & 51.19 \\
\hline

\hline
\end{tabular}
\caption{Performance Throughput vs Latency vs CPU util: sea_1osd_56reactor_32fio_bal_osd_rc_1procs_seqwrite.}
\label{table:iops-lat-cpu-sea_1osd_56reactor_32fio_bal_osd_rc_1procs_seqwrite}
\end{table}

Done
