   sec  depth      IOPS     MB/s  lat(ms)
1.00167   8008 1.15715e+06  4520.13  6.51502 -- 71,71,71,70,70,71,71,71,
1.00426   7973 1.15222e+06  4500.86  6.49394 -- 71,71,71,70,70,71,70,70,
1.0015   7952 1.15739e+06  4521.06  6.46144 -- 71,70,71,70,71,71,70,70,
1.00133   8164 1.16491e+06  4550.44  6.43365 -- 70,70,71,70,71,71,70,70,
1.00314   7816 1.16025e+06  4532.23  6.48315 -- 70,70,71,70,71,71,70,70,
1.00263   7842 1.15758e+06  4521.79  6.46555 -- 70,70,71,70,71,71,70,70,
1.00237   7955 1.16177e+06  4538.16  6.43821 -- 71,70,71,70,71,71,70,70,
1.00319   8137 1.16555e+06  4552.94  6.43715 -- 71,71,71,70,71,71,70,70,
1.00284   7967 1.15909e+06  4527.69  6.45884 -- 71,70,71,70,71,71,70,70,
1.00271   7943 1.15829e+06  4524.59  6.48552 -- 71,71,71,70,71,71,70,70,
-------------- summary --------------
10.0272     -1.15947e+06 4529.18 6.46716

1.00355   7743 1.15907e+06  4527.63  6.47798 -- 71,71,71,70,71,71,70,70,
1.0023   7709 1.16594e+06  4554.44  6.40336 -- 71,71,71,70,71,71,70,70,
1.00151   8164 1.1599e+06  4530.87  6.45433 -- 71,71,71,70,70,71,70,70,
1.00248   7987 1.16133e+06  4536.45  6.44906 -- 71,71,71,70,70,71,70,70,
1.00212   7926 1.15767e+06  4522.16  6.49633 -- 71,71,71,70,70,71,70,70,
1.00206   8110 1.16772e+06  4561.39  6.41086 -- 71,71,71,70,71,71,70,70,
1.00316   7638 1.15844e+06  4525.15  6.47826 -- 71,71,71,71,71,71,70,70,
1.00284   7817 1.15992e+06  4530.92   6.4557 -- 71,71,71,70,71,71,70,70,
1.00219   7709 1.16242e+06  4540.69  6.43259 -- 71,70,71,70,71,70,70,70,
1.00298   8192 1.16471e+06  4549.66  6.43754 -- 71,71,71,70,71,70,70,70,
-------------- summary --------------
20.0523     -1.16059e+06 4533.56 6.45834

1.0039   7829 1.15701e+06  4519.56  6.45525 -- 71,71,71,70,71,71,70,70,
1.00194   8090 1.1562e+06  4516.41  6.47855 -- 71,71,71,70,71,71,70,70,
1.00196   7902 1.16028e+06  4532.34  6.47231 -- 71,71,71,70,71,71,70,70,
1.00247   7691 1.16508e+06  4551.08  6.42181 -- 70,71,71,70,71,71,71,70,
1.00262   8031 1.16136e+06  4536.58  6.44508 -- 70,71,71,70,71,71,71,70,
1.00465   7322 1.15283e+06  4503.25  6.50415 -- 70,71,71,70,71,71,71,70,
1.00389   7761 1.15758e+06  4521.81  6.49912 -- 70,70,71,71,71,70,70,70,
1.00282   7222 1.16482e+06  4550.09  6.44822 -- 71,70,71,71,71,70,70,70,
1.00164   7902 1.15802e+06  4523.53  6.47904 -- 71,70,71,70,70,70,70,70,
1.00173   8013 1.15727e+06  4520.57  6.47125 -- 71,71,71,70,70,70,70,70,
-------------- summary --------------
30.0804     -1.16006e+06  4531.5 6.46139

1.00526   7961 1.16299e+06  4542.92  6.45398 -- 71,71,71,70,70,70,70,70,
1.00235   8086 1.16624e+06  4555.61  6.40548 -- 71,71,71,70,70,70,70,70,
1.00129   7895 1.16018e+06  4531.97  6.46717 -- 71,71,71,70,70,70,71,70,
1.00277   8192 1.15758e+06  4521.79  6.47026 -- 71,71,71,70,70,71,71,70,
1.00193   7881 1.16171e+06  4537.93  6.50112 -- 71,71,71,70,70,70,71,70,
1.0023   7816 1.16361e+06  4545.35  6.47463 -- 71,71,71,70,70,70,71,70,
1.00298   8192 1.15999e+06  4531.22  6.44923 -- 70,71,71,70,70,70,71,70,
1.00273   7978 1.15973e+06  4530.18  6.44071 -- 70,71,71,70,70,70,71,70,
1.00161   7958 1.16069e+06  4533.94  6.43889 -- 71,71,71,70,70,70,71,70,
1.00232   7587 1.16441e+06  4548.49  6.45284 -- 71,71,71,70,70,70,71,70,
-------------- summary --------------
40.1057     -1.16047e+06 4533.09 6.45992

1.00492   7601 1.15956e+06  4529.55  6.46455 -- 71,71,71,70,70,70,71,70,
1.00334   8130 1.1601e+06  4531.62   6.4557 -- 71,71,71,70,70,70,71,70,
1.0018   8026 1.16265e+06  4541.61  6.48026 -- 71,71,71,70,70,70,71,70,
1.00129   8119 1.16555e+06  4552.91  6.44064 -- 70,71,71,70,70,70,71,71,
1.00248   8127 1.1571e+06  4519.93   6.4645 -- 70,71,71,70,70,70,71,71,
1.00224   7811 1.15654e+06  4517.74  6.48017 -- 70,71,71,70,70,70,71,70,
1.00305   7663 1.16338e+06  4544.44  6.46275 -- 70,71,71,70,70,70,71,70,
1.00298   8088 1.16201e+06  4539.11  6.48368 -- 70,71,71,70,70,70,71,70,
1.00155   7886 1.15992e+06  4530.93  6.44567 -- 70,71,71,70,70,70,71,70,
1.00182   7875 1.15997e+06  4531.12  6.41682 -- 70,71,71,70,70,70,71,70,
-------------- summary --------------
50.1314     -1.16052e+06 4533.28 6.45984

1.00634   8044 1.16587e+06   4554.2  6.42518 -- 71,71,71,70,70,70,71,70,
1.00274   8079 1.1634e+06  4544.53  6.45504 -- 70,71,71,70,71,71,71,70,
1.00227   8067 1.15703e+06  4519.65  6.49316 -- 70,71,71,70,71,71,71,70,
1.00225   7978 1.15866e+06  4526.02  6.48256 -- 70,71,71,70,71,71,71,70,
1.00248   7643 1.16386e+06  4546.32   6.4362 -- 70,71,71,70,71,71,71,70,
1.00201   7412 1.16528e+06  4551.88   6.4146 -- 70,71,71,70,71,71,71,70,
1.00284   7293 1.15964e+06  4529.86  6.42715 -- 70,71,71,70,71,70,71,70,
1.00206   8082 1.15856e+06  4525.62  6.45457 -- 70,71,71,70,70,70,71,70,
1.00147   7971 1.16288e+06  4542.49  6.47023 -- 70,71,71,70,71,70,71,70,
1.00264   8132 1.16454e+06     4549  6.45672 -- 70,71,71,70,71,70,71,70,
-------------- summary --------------
60.1591     -1.16076e+06 4534.22 6.45837

client0Conn0@0(depth=512):
  connect time: 0.000925s
  messages received: 4357362
  messaging time: 60.161052s
  latency: 6.480017ms
  IOPS: 72428.287714
  out throughput: 282.922999MB/s
client0Conn1@0(depth=512):
  connect time: 0.000585s
  messages received: 4382316
  messaging time: 60.161064s
  latency: 6.439707ms
  IOPS: 72843.060666
  out throughput: 284.543206MB/s
client1Conn0@1(depth=512):
  connect time: 0.000645s
  messages received: 4404864
  messaging time: 60.161233s
  latency: 6.398869ms
  IOPS: 73217.648243
  out throughput: 286.006438MB/s
client1Conn1@1(depth=512):
  connect time: 0.000582s
  messages received: 4343211
  messaging time: 60.161242s
  latency: 6.512264ms
  IOPS: 72192.841216
  out throughput: 282.003286MB/s
client2Conn0@2(depth=512):
  connect time: 0.000632s
  messages received: 4374207
  messaging time: 60.161040s
  latency: 6.397186ms
  IOPS: 72708.301221
  out throughput: 284.016802MB/s
client2Conn1@2(depth=512):
  connect time: 0.000614s
  messages received: 4365268
  messaging time: 60.161074s
  latency: 6.400125ms
  IOPS: 72559.675794
  out throughput: 283.436234MB/s
client3Conn0@3(depth=512):
  connect time: 0.000578s
  messages received: 4338664
  messaging time: 60.160145s
  latency: 6.497474ms
  IOPS: 72118.576173
  out throughput: 281.713188MB/s
client3Conn1@3(depth=512):
  connect time: 0.000593s
  messages received: 4363425
  messaging time: 60.160154s
  latency: 6.464478ms
  IOPS: 72530.149908
  out throughput: 283.320898MB/s
client4Conn0@4(depth=512):
  connect time: 0.000959s
  messages received: 4341174
  messaging time: 60.161297s
  latency: 6.508877ms
  IOPS: 72158.916708
  out throughput: 281.870768MB/s
client4Conn1@4(depth=512):
  connect time: 0.000691s
  messages received: 4408687
  messaging time: 60.161306s
  latency: 6.390325ms
  IOPS: 73281.105772
  out throughput: 286.254319MB/s
client5Conn0@5(depth=512):
  connect time: 0.000640s
  messages received: 4387734
  messaging time: 60.160556s
  latency: 6.412463ms
  IOPS: 72933.733776
  out throughput: 284.897398MB/s
client5Conn1@5(depth=512):
  connect time: 0.000720s
  messages received: 4373407
  messaging time: 60.160567s
  latency: 6.448923ms
  IOPS: 72695.575006
  out throughput: 283.967090MB/s
client6Conn0@6(depth=512):
  connect time: 0.000759s
  messages received: 4381993
  messaging time: 60.161568s
  latency: 6.439345ms
  IOPS: 72837.081228
  out throughput: 284.519849MB/s
client6Conn1@6(depth=512):
  connect time: 0.000878s
  messages received: 4335372
  messaging time: 60.161577s
  latency: 6.519237ms
  IOPS: 72062.140197
  out throughput: 281.492735MB/s
client7Conn0@7(depth=512):
  connect time: 0.000991s
  messages received: 4334103
  messaging time: 60.160917s
  latency: 6.518692ms
  IOPS: 72041.837173
  out throughput: 281.413426MB/s
client7Conn1@7(depth=512):
  connect time: 0.000895s
  messages received: 4340253
  messaging time: 60.160934s
  latency: 6.509595ms
  IOPS: 72144.042456
  out throughput: 281.812666MB/s

per client:
client0(depth=1024):
  connect time: 0.000755s
  messages received: 8739678
  messaging time: 60.161058s
  latency: 6.459862ms
  IOPS: 145271.348380
  out throughput: 567.466205MB/s
client1(depth=1024):
  connect time: 0.000613s
  messages received: 8748075
  messaging time: 60.161238s
  latency: 6.455566ms
  IOPS: 145410.489459
  out throughput: 568.009724MB/s
client2(depth=1024):
  connect time: 0.000623s
  messages received: 8739475
  messaging time: 60.161057s
  latency: 6.398656ms
  IOPS: 145267.977016
  out throughput: 567.453035MB/s
client3(depth=1024):
  connect time: 0.000586s
  messages received: 8702089
  messaging time: 60.160150s
  latency: 6.480976ms
  IOPS: 144648.726081
  out throughput: 565.034086MB/s
client4(depth=1024):
  connect time: 0.000825s
  messages received: 8749861
  messaging time: 60.161301s
  latency: 6.449601ms
  IOPS: 145440.022480
  out throughput: 568.125088MB/s
client5(depth=1024):
  connect time: 0.000680s
  messages received: 8761141
  messaging time: 60.160562s
  latency: 6.430693ms
  IOPS: 145629.308782
  out throughput: 568.864487MB/s
client6(depth=1024):
  connect time: 0.000819s
  messages received: 8717365
  messaging time: 60.161572s
  latency: 6.479291ms
  IOPS: 144899.221425
  out throughput: 566.012584MB/s
client7(depth=1024):
  connect time: 0.000943s
  messages received: 8674356
  messaging time: 60.160926s
  latency: 6.514144ms
  IOPS: 144185.879629
  out throughput: 563.226092MB/s

all(depth=8192):
  connect time: 0.000730s
  messages received: 69832040
  messaging time: 60.160983s
  latency: 6.458599ms
  IOPS: 1160752.973252
  out throughput: 4534.191302MB/s
