['fio_sea_1osd_56reactor_32fio_bal_osd_rc_1job_1io_64k_seqread_p0.json', 'fio_sea_1osd_56reactor_32fio_bal_osd_rc_1job_2io_64k_seqread_p0.json', 'fio_sea_1osd_56reactor_32fio_bal_osd_rc_1job_4io_64k_seqread_p0.json', 'fio_sea_1osd_56reactor_32fio_bal_osd_rc_1job_8io_64k_seqread_p0.json', 'fio_sea_1osd_56reactor_32fio_bal_osd_rc_1job_16io_64k_seqread_p0.json', 'fio_sea_1osd_56reactor_32fio_bal_osd_rc_1job_24io_64k_seqread_p0.json', 'fio_sea_1osd_56reactor_32fio_bal_osd_rc_1job_32io_64k_seqread_p0.json', 'fio_sea_1osd_56reactor_32fio_bal_osd_rc_1job_40io_64k_seqread_p0.json', 'fio_sea_1osd_56reactor_32fio_bal_osd_rc_1job_52io_64k_seqread_p0.json', 'fio_sea_1osd_56reactor_32fio_bal_osd_rc_1job_64io_64k_seqread_p0.json']
loading 10 .json files ...
Num jobs: 1
== fio_sea_1osd_56reactor_32fio_bal_osd_rc_1job_1io_64k_seqread_p0.json ==
{'bw': 327.03,
 'clat_ms': 6.23806655443,
 'clat_stdev': 451.396801282223,
 'iodepth': '1',
 'jobname': 'read',
 'sys_cpu': 0.151368,
 'timestamp': '1747160975',
 'total_ios': 561409,
 'usr_cpu': 0.21183}
Num jobs: 1
== fio_sea_1osd_56reactor_32fio_bal_osd_rc_1job_2io_64k_seqread_p0.json ==
{'bw': 60.691,
 'clat_ms': 56.802980003193,
 'clat_stdev': 1599.336538634002,
 'iodepth': '2',
 'jobname': 'read',
 'sys_cpu': 0.062037,
 'timestamp': '1747161140',
 'total_ios': 51958,
 'usr_cpu': 0.07994}
Num jobs: 1
== fio_sea_1osd_56reactor_32fio_bal_osd_rc_1job_4io_64k_seqread_p0.json ==
{'bw': 239.409,
 'clat_ms': 34.09521396978,
 'clat_stdev': 1105.5803358355602,
 'iodepth': '4',
 'jobname': 'read',
 'sys_cpu': 0.110621,
 'timestamp': '1747161369',
 'total_ios': 279987,
 'usr_cpu': 0.144368}
Num jobs: 1
== fio_sea_1osd_56reactor_32fio_bal_osd_rc_1job_8io_64k_seqread_p0.json ==
{'bw': 190.415,
 'clat_ms': 85.599744094781,
 'clat_stdev': 1491.48575843555,
 'iodepth': '8',
 'jobname': 'read',
 'sys_cpu': 0.071787,
 'timestamp': '1747161553',
 'total_ios': 133305,
 'usr_cpu': 0.096206}
Num jobs: 1
== fio_sea_1osd_56reactor_32fio_bal_osd_rc_1job_16io_64k_seqread_p0.json ==
{'bw': 301.868,
 'clat_ms': 104.017575022697,
 'clat_stdev': 1952.021695425139,
 'iodepth': '16',
 'jobname': 'read',
 'sys_cpu': 0.120838,
 'timestamp': '1747161793',
 'total_ios': 445172,
 'usr_cpu': 0.161471}
Num jobs: 1
== fio_sea_1osd_56reactor_32fio_bal_osd_rc_1job_24io_64k_seqread_p0.json ==
{'bw': 1224.36,
 'clat_ms': 40.029441161004996,
 'clat_stdev': 713.6238335201871,
 'iodepth': '24',
 'jobname': 'read',
 'sys_cpu': 0.304837,
 'timestamp': '1747162073',
 'total_ios': 2968089,
 'usr_cpu': 0.36066}
Num jobs: 1
== fio_sea_1osd_56reactor_32fio_bal_osd_rc_1job_32io_64k_seqread_p0.json ==
{'bw': 564.109,
 'clat_ms': 115.386222716536,
 'clat_stdev': 1627.775933701303,
 'iodepth': '32',
 'jobname': 'read',
 'sys_cpu': 0.161295,
 'timestamp': '1747162199',
 'total_ios': 706057,
 'usr_cpu': 0.20202}
Num jobs: 1
== fio_sea_1osd_56reactor_32fio_bal_osd_rc_1job_40io_64k_seqread_p0.json ==
{'bw': 840.667,
 'clat_ms': 96.602612139271,
 'clat_stdev': 1368.56305718669,
 'iodepth': '40',
 'jobname': 'read',
 'sys_cpu': 0.221086,
 'timestamp': '1747162404',
 'total_ios': 1186983,
 'usr_cpu': 0.25175}
Num jobs: 1
== fio_sea_1osd_56reactor_32fio_bal_osd_rc_1job_52io_64k_seqread_p0.json ==
{'bw': 831.666,
 'clat_ms': 122.96121589245101,
 'clat_stdev': 1575.43416077356,
 'iodepth': '52',
 'jobname': 'read',
 'sys_cpu': 0.214426,
 'timestamp': '1747162599',
 'total_ios': 1110618,
 'usr_cpu': 0.242613}
Num jobs: 1
== fio_sea_1osd_56reactor_32fio_bal_osd_rc_1job_64io_64k_seqread_p0.json ==
{'bw': 552.204,
 'clat_ms': 230.92345616159702,
 'clat_stdev': 2305.8602695868904,
 'iodepth': '64',
 'jobname': 'read',
 'sys_cpu': 0.150307,
 'timestamp': '1747162774',
 'total_ios': 569171,
 'usr_cpu': 0.175854}
Note: clat_ns has been converted to milliseconds
Note: bw has been converted to MiBs
 avg_cpu list has: 1 items
Table (after aggregating OSD CPU avg data):
{'OSD_cpu': [0.0, 0.0, 0.0, 0.0, 0.0,
             0.0, 0.0, 0.0, 0.0, 0.0],
 'OSD_mem': [0.0, 0.0, 0.0, 0.0, 0.0,
             0.0, 0.0, 0.0, 0.0, 0.0],
 'bw': [327.03, 60.691, 239.409, 190.415,
        301.868, 1224.36, 564.109,
        840.667, 831.666, 552.204],
 'clat_ms': [6.23806655443,
             56.802980003193,
             34.09521396978,
             85.599744094781,
             104.017575022697,
             40.029441161004996,
             115.386222716536,
             96.602612139271,
             122.96121589245101,
             230.92345616159702],
 'clat_stdev': [451.396801282223,
                1599.336538634002,
                1105.5803358355602,
                1491.48575843555,
                1952.021695425139,
                713.6238335201871,
                1627.775933701303,
                1368.56305718669,
                1575.43416077356,
                2305.8602695868904],
 'iodepth': ['1', '2', '4', '8', '16',
             '24', '32', '40', '52',
             '64'],
 'sys_cpu': [0.151368, 0.062037,
             0.110621, 0.071787,
             0.120838, 0.304837,
             0.161295, 0.221086,
             0.214426, 0.150307],
 'total_ios': [561409, 51958, 279987,
               133305, 445172, 2968089,
               706057, 1186983, 1110618,
               569171],
 'usr_cpu': [0.21183, 0.07994, 0.144368,
             0.096206, 0.161471, 0.36066,
             0.20202, 0.25175, 0.242613,
             0.175854]}
 avg_cpu list has: 1 items
Table (after aggregating FIO CPU avg data):
{'FIO_cpu': [129.4333333333338,
             22.089999999999975,
             67.9999999999999,
             32.506666666666646,
             92.75333333333339,
             294.6766666666683,
             127.30666666666691,
             172.49333333333445,
             158.24000000000066,
             92.9366666666667],
 'FIO_mem': [40.49999999999968,
             27.000000000003855,
             35.20666666667116,
             24.000000000003173,
             43.49999999999695,
             61.500000000011696,
             44.99999999999569,
             64.50000000001238,
             68.16000000001326,
             33.28666666667195],
 'OSD_cpu': [0.0, 0.0, 0.0, 0.0, 0.0,
             0.0, 0.0, 0.0, 0.0, 0.0],
 'OSD_mem': [0.0, 0.0, 0.0, 0.0, 0.0,
             0.0, 0.0, 0.0, 0.0, 0.0],
 'bw': [327.03, 60.691, 239.409, 190.415,
        301.868, 1224.36, 564.109,
        840.667, 831.666, 552.204],
 'clat_ms': [6.23806655443,
             56.802980003193,
             34.09521396978,
             85.599744094781,
             104.017575022697,
             40.029441161004996,
             115.386222716536,
             96.602612139271,
             122.96121589245101,
             230.92345616159702],
 'clat_stdev': [451.396801282223,
                1599.336538634002,
                1105.5803358355602,
                1491.48575843555,
                1952.021695425139,
                713.6238335201871,
                1627.775933701303,
                1368.56305718669,
                1575.43416077356,
                2305.8602695868904],
 'iodepth': ['1', '2', '4', '8', '16',
             '24', '32', '40', '52',
             '64'],
 'sys_cpu': [0.151368, 0.062037,
             0.110621, 0.071787,
             0.120838, 0.304837,
             0.161295, 0.221086,
             0.214426, 0.150307],
 'total_ios': [561409, 51958, 279987,
               133305, 445172, 2968089,
               706057, 1186983, 1110618,
               569171],
 'usr_cpu': [0.21183, 0.07994, 0.144368,
             0.096206, 0.161471, 0.36066,
             0.20202, 0.25175, 0.242613,
             0.175854]}
 Wiki table: sea_1osd_56reactor_32fio_bal_osd_rc_1procs_seqread
{| class="wikitable"
|- 
 ! colspan="11"  | 
        sea_1osd_56reactor_32fio_bal_osd_rc_1procs_seqread
|-
! iodepth !! bw !! total_ios !! clat_ms !! clat_stdev !! usr_cpu !! sys_cpu !! OSD_cpu !! OSD_mem !! FIO_cpu !! FIO_mem
|-
 | 1  || 327.03  || 561409.00  || 6.24  || 451.40  || 0.21  || 0.15  || 0.00  || 0.00  || 129.43  || 40.50 
|-
 | 2  || 60.69  || 51958.00  || 56.80  || 1599.34  || 0.08  || 0.06  || 0.00  || 0.00  || 22.09  || 27.00 
|-
 | 4  || 239.41  || 279987.00  || 34.10  || 1105.58  || 0.14  || 0.11  || 0.00  || 0.00  || 68.00  || 35.21 
|-
 | 8  || 190.41  || 133305.00  || 85.60  || 1491.49  || 0.10  || 0.07  || 0.00  || 0.00  || 32.51  || 24.00 
|-
 | 16  || 301.87  || 445172.00  || 104.02  || 1952.02  || 0.16  || 0.12  || 0.00  || 0.00  || 92.75  || 43.50 
|-
 | 24  || 1224.36  || 2968089.00  || 40.03  || 713.62  || 0.36  || 0.30  || 0.00  || 0.00  || 294.68  || 61.50 
|-
 | 32  || 564.11  || 706057.00  || 115.39  || 1627.78  || 0.20  || 0.16  || 0.00  || 0.00  || 127.31  || 45.00 
|-
 | 40  || 840.67  || 1186983.00  || 96.60  || 1368.56  || 0.25  || 0.22  || 0.00  || 0.00  || 172.49  || 64.50 
|-
 | 52  || 831.67  || 1110618.00  || 122.96  || 1575.43  || 0.24  || 0.21  || 0.00  || 0.00  || 158.24  || 68.16 
|-
 | 64  || 552.20  || 569171.00  || 230.92  || 2305.86  || 0.18  || 0.15  || 0.00  || 0.00  || 92.94  || 33.29 
|-
|}


\begin{table}[h!]
\centering
\begin{tabular}[t]{*{11 }{|c|}}
\hline 
iodepth & bw & total\_ios & clat\_ms & clat\_stdev & usr\_cpu & sys\_cpu & OSD\_cpu & OSD\_mem & FIO\_cpu & FIO\_mem\\
\hline
1  & 327.03  & 561409.00  & 6.24  & 451.40  & 0.21  & 0.15  & 0.00  & 0.00  & 129.43  & 40.50 \\
\hline
2  & 60.69  & 51958.00  & 56.80  & 1599.34  & 0.08  & 0.06  & 0.00  & 0.00  & 22.09  & 27.00 \\
\hline
4  & 239.41  & 279987.00  & 34.10  & 1105.58  & 0.14  & 0.11  & 0.00  & 0.00  & 68.00  & 35.21 \\
\hline
8  & 190.41  & 133305.00  & 85.60  & 1491.49  & 0.10  & 0.07  & 0.00  & 0.00  & 32.51  & 24.00 \\
\hline
16  & 301.87  & 445172.00  & 104.02  & 1952.02  & 0.16  & 0.12  & 0.00  & 0.00  & 92.75  & 43.50 \\
\hline
24  & 1224.36  & 2968089.00  & 40.03  & 713.62  & 0.36  & 0.30  & 0.00  & 0.00  & 294.68  & 61.50 \\
\hline
32  & 564.11  & 706057.00  & 115.39  & 1627.78  & 0.20  & 0.16  & 0.00  & 0.00  & 127.31  & 45.00 \\
\hline
40  & 840.67  & 1186983.00  & 96.60  & 1368.56  & 0.25  & 0.22  & 0.00  & 0.00  & 172.49  & 64.50 \\
\hline
52  & 831.67  & 1110618.00  & 122.96  & 1575.43  & 0.24  & 0.21  & 0.00  & 0.00  & 158.24  & 68.16 \\
\hline
64  & 552.20  & 569171.00  & 230.92  & 2305.86  & 0.18  & 0.15  & 0.00  & 0.00  & 92.94  & 33.29 \\
\hline

\hline
\end{tabular}
\caption{Performance Throughput vs Latency vs CPU util: sea_1osd_56reactor_32fio_bal_osd_rc_1procs_seqread.}
\label{table:iops-lat-cpu-sea_1osd_56reactor_32fio_bal_osd_rc_1procs_seqread}
\end{table}

Done
