   sec  depth      IOPS     MB/s  lat(ms)
1.00248   3683    737423  2880.56  4.88487 -- 86,86,87,86,
1.00278   3782    738072  2883.09  4.86324 -- 85,86,86,86,
1.00281   3758    737568  2881.13  4.90419 -- 85,86,86,86,
1.0024   3879    736744   2877.9  4.88923 -- 85,86,86,86,
1.00136   3884    736727  2877.84  4.91927 -- 85,85,86,86,
1.00285   3964    736683  2877.67  4.90498 -- 85,85,86,86,
1.00317   4012    737580  2881.17  4.90698 -- 85,85,86,86,
1.00267   3959    736009  2875.03  4.89598 -- 85,86,86,86,
1.00232   4094    736233  2875.91  4.92026 -- 85,86,86,86,
1.00185   3718    736870   2878.4   4.8806 -- 85,86,86,85,
-------------- summary --------------
10.0274     -  736982 2878.83   4.897

1.00619   3559    735936  2874.75  4.91514 -- 85,86,86,85,
1.00453   3899    736770  2878.01  4.88727 -- 85,86,86,85,
1.00312   3826    734235  2868.11  4.91626 -- 85,86,86,85,
1.00152   4096    736597  2877.33  4.89951 -- 85,86,86,85,
1.00241   3743    736734  2877.87  4.91259 -- 85,86,86,85,
1.00259   3836    736106  2875.41  4.90203 -- 85,86,86,86,
1.00219   3904    736841  2878.28  4.90686 -- 85,86,86,86,
1.00298   3670    737353  2880.29  4.90848 -- 85,85,86,86,
1.00281   4096    736817  2878.19  4.89496 -- 85,85,86,86,
1.00277   3836    736691   2877.7  4.90124 -- 85,86,86,86,
-------------- summary --------------
20.0575     -  736716  2877.8 4.90068

1.00452   4040    736714  2877.79  4.91996 -- 85,85,86,86,
1.00172   3687    735407  2872.68   4.8996 -- 85,86,86,86,
1.00135   4096    735267  2872.14  4.90331 -- 85,85,86,86,
1.00259   3706    736536  2877.09  4.91225 -- 85,86,86,86,
1.00273   3945    735526  2873.15  4.89997 -- 85,85,86,86,
1.00286   3952    737125  2879.39  4.89998 -- 85,85,86,86,
1.00211   3994    736113  2875.44  4.92253 -- 85,85,86,86,
1.00281   4094    736782  2878.05  4.89563 -- 85,85,86,86,
1.00279   3342    736562  2877.19  4.89481 -- 85,85,86,86,
1.00294   4091    735169  2871.75  4.89336 -- 85,85,86,86,
-------------- summary --------------
30.0837     -  736529 2877.06 4.90187

1.00388   4055    735747  2874.01  4.89808 -- 85,85,86,86,
1.00192   3598    736208  2875.81  4.89433 -- 85,85,86,86,
1.00313   3184    736830  2878.24  4.93086 -- 85,85,86,86,
1.00323   3513    734396  2868.73  4.91638 -- 86,85,86,85,
1.00229   4003    735511  2873.09  4.90379 -- 86,85,86,85,
1.0026   4024    735803  2874.23   4.9147 -- 86,85,86,85,
1.00245   4096    735629  2873.55  4.92778 -- 86,85,86,85,
1.0013   4033    734534  2869.27   4.9322 -- 86,85,86,85,
1.00186   3993    735477  2872.96  4.89288 -- 86,85,86,86,
1.00332   3827    736321  2876.25  4.92504 -- 86,85,86,86,
-------------- summary --------------
40.1103     -  736282  2876.1 4.90478

1.00451   4096    734784  2870.25  4.90834 -- 85,85,86,85,
1.00182   3819    736870   2878.4  4.91387 -- 85,85,86,85,
1.00283   3905    735550  2873.24  4.90256 -- 85,85,86,86,
1.00209   3951    735275  2872.17  4.92121 -- 85,85,86,85,
1.00232   3595    735987  2874.95  4.89707 -- 85,85,86,86,
1.00259   3558    735704  2873.85  4.88883 -- 85,85,86,85,
1.00268   4064    735682  2873.76  4.91548 -- 86,85,86,85,
1.00309   3890    736633  2877.47  4.90438 -- 85,85,86,85,
1.00278   3814    736176  2875.69  4.88992 -- 86,85,86,85,
1.00135   4008    735254  2872.09  4.90949 -- 86,85,86,85,
-------------- summary --------------
50.1369     -  736199 2875.78 4.90482

1.00595   3888    736194  2875.76  4.88132 -- 86,85,86,85,
1.0038   3962    736265  2876.04  4.90228 -- 85,85,86,85,
1.00272   3513    736743   2877.9  4.90445 -- 86,85,86,85,
1.00236   3758    734375  2868.65  4.91855 -- 85,85,86,85,
1.00217   3887    734930  2870.82   4.9135 -- 85,85,86,86,
1.00256   3491    735856  2874.44  4.89195 -- 86,85,86,85,
1.0034   4096    735179  2871.79  4.91094 -- 86,85,86,85,
1.00119   3799    735054  2871.31  4.90228 -- 86,85,86,85,
1.00538   3545    735905  2874.63  4.89769 -- 86,85,86,85,
1.00163   3803    735390  2872.62  4.90638 -- 86,85,86,85,
-------------- summary --------------
60.1677     -  736090 2875.35 4.90454

client0Conn0@0(depth=512):
  connect time: 0.001088s
  messages received: 5534116
  messaging time: 60.170604s
  latency: 4.905165ms
  IOPS: 91973.748817
  out throughput: 359.272456MB/s
client0Conn1@0(depth=512):
  connect time: 0.000881s
  messages received: 5511303
  messaging time: 60.170581s
  latency: 4.934299ms
  IOPS: 91594.644607
  out throughput: 357.791580MB/s
client1Conn0@1(depth=512):
  connect time: 0.000684s
  messages received: 5531660
  messaging time: 60.170547s
  latency: 4.910477ms
  IOPS: 91933.018665
  out throughput: 359.113354MB/s
client1Conn1@1(depth=512):
  connect time: 0.000698s
  messages received: 5499344
  messaging time: 60.170556s
  latency: 4.936230ms
  IOPS: 91395.931306
  out throughput: 357.015357MB/s
client2Conn0@2(depth=512):
  connect time: 0.000661s
  messages received: 5570328
  messaging time: 60.169650s
  latency: 4.865705ms
  IOPS: 92577.038544
  out throughput: 361.629057MB/s
client2Conn1@2(depth=512):
  connect time: 0.000683s
  messages received: 5578010
  messaging time: 60.169663s
  latency: 4.857029ms
  IOPS: 92704.690814
  out throughput: 362.127698MB/s
client3Conn0@3(depth=512):
  connect time: 0.000883s
  messages received: 5532032
  messaging time: 60.170105s
  latency: 4.912644ms
  IOPS: 91939.876017
  out throughput: 359.140141MB/s
client3Conn1@3(depth=512):
  connect time: 0.000637s
  messages received: 5534397
  messaging time: 60.170115s
  latency: 4.915660ms
  IOPS: 91979.166588
  out throughput: 359.293619MB/s

per client:
client0(depth=1024):
  connect time: 0.000985s
  messages received: 11045419
  messaging time: 60.170592s
  latency: 4.919732ms
  IOPS: 183568.393425
  out throughput: 717.064037MB/s
client1(depth=1024):
  connect time: 0.000691s
  messages received: 11031004
  messaging time: 60.170551s
  latency: 4.923353ms
  IOPS: 183328.949971
  out throughput: 716.128711MB/s
client2(depth=1024):
  connect time: 0.000672s
  messages received: 11148338
  messaging time: 60.169656s
  latency: 4.861367ms
  IOPS: 185281.729358
  out throughput: 723.756755MB/s
client3(depth=1024):
  connect time: 0.000760s
  messages received: 11066429
  messaging time: 60.170110s
  latency: 4.914152ms
  IOPS: 183919.042605
  out throughput: 718.433760MB/s

all(depth=4096):
  connect time: 0.000777s
  messages received: 44291190
  messaging time: 60.170228s
  latency: 4.904651ms
  IOPS: 736098.115359
  out throughput: 2875.383263MB/s
