1271358 1271358 perf-crimson-ms  14	pid 1271358's current affinity list: 14
1271358 1271360 reactor-1        15	pid 1271360's current affinity list: 15
1271358 1271361 reactor-2        16	pid 1271361's current affinity list: 16
1271358 1271362 reactor-3        17	pid 1271362's current affinity list: 17
1271358 1271363 reactor-4        18	pid 1271363's current affinity list: 18
1271358 1271364 reactor-5        19	pid 1271364's current affinity list: 19
1271358 1271365 reactor-6        20	pid 1271365's current affinity list: 20
1271358 1271366 reactor-7        21	pid 1271366's current affinity list: 21
1271358 1271367 reactor-8        22	pid 1271367's current affinity list: 22
1271358 1271368 reactor-9        23	pid 1271368's current affinity list: 23
1271358 1271369 reactor-10       24	pid 1271369's current affinity list: 24
1271358 1271370 reactor-11       25	pid 1271370's current affinity list: 25
1271358 1271371 reactor-12       26	pid 1271371's current affinity list: 26
1271358 1271372 reactor-13       27	pid 1271372's current affinity list: 27
1271358 1271373 reactor-14       42	pid 1271373's current affinity list: 42
1271358 1271374 reactor-15       43	pid 1271374's current affinity list: 43
1271358 1271375 reactor-16       44	pid 1271375's current affinity list: 44
1271358 1271376 reactor-17       45	pid 1271376's current affinity list: 45
1271358 1271377 reactor-18       46	pid 1271377's current affinity list: 46
1271358 1271378 reactor-19       47	pid 1271378's current affinity list: 47
1271358 1271379 reactor-20       48	pid 1271379's current affinity list: 48
1271358 1271380 reactor-21       49	pid 1271380's current affinity list: 49
1271358 1271381 reactor-22       50	pid 1271381's current affinity list: 50
1271358 1271382 reactor-23       51	pid 1271382's current affinity list: 51
1271358 1271383 reactor-24       52	pid 1271383's current affinity list: 52
1271358 1271384 reactor-25       53	pid 1271384's current affinity list: 53
1271358 1271385 reactor-26       54	pid 1271385's current affinity list: 54
1271358 1271386 reactor-27       55	pid 1271386's current affinity list: 55
1271358 1271387 reactor-28       70	pid 1271387's current affinity list: 70
1271358 1271388 reactor-29       71	pid 1271388's current affinity list: 71
1271358 1271389 reactor-30       72	pid 1271389's current affinity list: 72
1271358 1271390 reactor-31       73	pid 1271390's current affinity list: 73
1271358 1271391 reactor-32       74	pid 1271391's current affinity list: 74
1271358 1271392 reactor-33       75	pid 1271392's current affinity list: 75
1271358 1271393 reactor-34       76	pid 1271393's current affinity list: 76
1271358 1271394 reactor-35       77	pid 1271394's current affinity list: 77
1271358 1271395 reactor-36       78	pid 1271395's current affinity list: 78
1271358 1271396 reactor-37       79	pid 1271396's current affinity list: 79
1271358 1271397 reactor-38       80	pid 1271397's current affinity list: 80
1271358 1271398 reactor-39       81	pid 1271398's current affinity list: 81
1271358 1271399 reactor-40       82	pid 1271399's current affinity list: 82
1271358 1271400 reactor-41       83	pid 1271400's current affinity list: 83
1271358 1271401 reactor-42       98	pid 1271401's current affinity list: 98
1271358 1271402 reactor-43       99	pid 1271402's current affinity list: 99
1271358 1271403 reactor-44      100	pid 1271403's current affinity list: 100
1271358 1271404 reactor-45      101	pid 1271404's current affinity list: 101
1271358 1271405 reactor-46      102	pid 1271405's current affinity list: 102
1271358 1271406 reactor-47      103	pid 1271406's current affinity list: 103
1271358 1271407 reactor-48      104	pid 1271407's current affinity list: 104
1271358 1271408 reactor-49      105	pid 1271408's current affinity list: 105
1271358 1271409 reactor-50      106	pid 1271409's current affinity list: 106
1271358 1271410 reactor-51      107	pid 1271410's current affinity list: 107
1271358 1271411 reactor-52      108	pid 1271411's current affinity list: 108
1271358 1271412 reactor-53      109	pid 1271412's current affinity list: 109
1271358 1271413 reactor-54      110	pid 1271413's current affinity list: 110
1271358 1271414 reactor-55      111	pid 1271414's current affinity list: 111
1271358 1271415 syscall-0        14	pid 1271415's current affinity list: 14
1271358 1271416 syscall-28       70	pid 1271416's current affinity list: 70
1271358 1271417 syscall-5        19	pid 1271417's current affinity list: 19
1271358 1271418 syscall-7        21	pid 1271418's current affinity list: 21
1271358 1271419 syscall-31       73	pid 1271419's current affinity list: 73
1271358 1271420 syscall-10       24	pid 1271420's current affinity list: 24
1271358 1271421 syscall-11       25	pid 1271421's current affinity list: 25
1271358 1271422 syscall-25       53	pid 1271422's current affinity list: 53
1271358 1271423 syscall-8        22	pid 1271423's current affinity list: 22
1271358 1271424 syscall-3        17	pid 1271424's current affinity list: 17
1271358 1271425 syscall-14       42	pid 1271425's current affinity list: 42
1271358 1271426 syscall-17       45	pid 1271426's current affinity list: 45
1271358 1271427 syscall-24       52	pid 1271427's current affinity list: 52
1271358 1271428 syscall-2        16	pid 1271428's current affinity list: 16
1271358 1271429 syscall-4        18	pid 1271429's current affinity list: 18
1271358 1271430 syscall-50      106	pid 1271430's current affinity list: 106
1271358 1271431 syscall-33       75	pid 1271431's current affinity list: 75
1271358 1271432 syscall-9        23	pid 1271432's current affinity list: 23
1271358 1271433 syscall-35       77	pid 1271433's current affinity list: 77
1271358 1271434 syscall-45      101	pid 1271434's current affinity list: 101
1271358 1271435 syscall-1        15	pid 1271435's current affinity list: 15
1271358 1271436 syscall-22       50	pid 1271436's current affinity list: 50
1271358 1271437 syscall-15       43	pid 1271437's current affinity list: 43
1271358 1271438 syscall-16       44	pid 1271438's current affinity list: 44
1271358 1271439 syscall-6        20	pid 1271439's current affinity list: 20
1271358 1271440 syscall-46      102	pid 1271440's current affinity list: 102
1271358 1271441 syscall-27       55	pid 1271441's current affinity list: 55
1271358 1271442 syscall-18       46	pid 1271442's current affinity list: 46
1271358 1271443 syscall-42       98	pid 1271443's current affinity list: 98
1271358 1271444 syscall-39       81	pid 1271444's current affinity list: 81
1271358 1271445 syscall-29       71	pid 1271445's current affinity list: 71
1271358 1271446 syscall-30       72	pid 1271446's current affinity list: 72
1271358 1271447 syscall-32       74	pid 1271447's current affinity list: 74
1271358 1271448 syscall-38       80	pid 1271448's current affinity list: 80
1271358 1271449 syscall-23       51	pid 1271449's current affinity list: 51
1271358 1271450 syscall-13       27	pid 1271450's current affinity list: 27
1271358 1271451 syscall-52      108	pid 1271451's current affinity list: 108
1271358 1271452 syscall-21       49	pid 1271452's current affinity list: 49
1271358 1271453 syscall-36       78	pid 1271453's current affinity list: 78
1271358 1271454 syscall-53      109	pid 1271454's current affinity list: 109
1271358 1271455 syscall-20       48	pid 1271455's current affinity list: 48
1271358 1271456 syscall-43       99	pid 1271456's current affinity list: 99
1271358 1271457 syscall-19       47	pid 1271457's current affinity list: 47
1271358 1271458 syscall-12       26	pid 1271458's current affinity list: 26
1271358 1271459 syscall-41       83	pid 1271459's current affinity list: 83
1271358 1271460 syscall-37       79	pid 1271460's current affinity list: 79
1271358 1271461 syscall-49      105	pid 1271461's current affinity list: 105
1271358 1271462 syscall-51      107	pid 1271462's current affinity list: 107
1271358 1271463 syscall-44      100	pid 1271463's current affinity list: 100
1271358 1271464 syscall-26       54	pid 1271464's current affinity list: 54
1271358 1271465 syscall-34       76	pid 1271465's current affinity list: 76
1271358 1271466 syscall-54      110	pid 1271466's current affinity list: 110
1271358 1271467 syscall-48      104	pid 1271467's current affinity list: 104
1271358 1271468 syscall-55      111	pid 1271468's current affinity list: 111
1271358 1271469 syscall-40       82	pid 1271469's current affinity list: 82
1271358 1271470 syscall-47      103	pid 1271470's current affinity list: 103
