   sec  depth      IOPS     MB/s  lat(ms)
1.00155  57260    336792   1315.6  167.794 -- 6,5,5,5,5,5,5,5,5,5,5,5,5,5,5,5,5,5,5,5,5,5,5,5,5,5,5,5,5,5,5,5,5,5,5,5,5,5,5,5,5,5,5,5,5,5,5,5,5,5,5,5,5,5,5,5,
1.00258  57344    352756  1377.95  159.723 -- 6,5,5,5,5,5,5,5,5,5,5,5,5,5,6,5,6,5,5,5,5,5,5,5,4,5,5,5,5,4,5,5,5,5,5,5,5,5,5,5,5,5,5,5,5,5,5,5,5,5,5,5,5,5,5,5,
1.0002  57344    380389  1485.89  156.153 -- 6,5,5,5,5,5,5,5,5,5,5,5,5,6,6,5,6,5,5,5,5,5,5,5,4,5,5,5,5,5,5,5,5,6,5,5,5,5,6,5,5,5,5,5,5,5,6,5,5,5,5,5,5,6,5,5,
1.00024  57199    374073  1461.22  152.781 -- 6,5,5,5,5,5,5,5,5,5,5,5,5,6,6,5,6,5,5,5,5,5,5,5,4,5,5,5,5,4,5,5,5,6,5,5,5,5,6,5,5,5,5,5,5,5,5,5,5,5,5,5,5,5,5,5,
1.00144  57344    368633  1439.97  152.776 -- 6,5,5,5,5,5,5,5,5,5,5,5,5,6,6,6,6,5,5,5,5,5,5,5,5,5,5,5,5,5,5,5,5,6,5,5,5,5,6,5,5,5,5,5,5,5,6,5,5,5,5,5,5,6,6,5,
1.00019  57344    342366  1337.37  165.053 -- 6,5,5,5,5,5,5,5,5,5,5,5,5,6,6,6,6,5,5,5,5,5,5,5,5,5,5,5,5,4,5,5,5,6,5,5,5,5,5,5,5,6,5,5,5,5,6,5,5,5,5,5,5,6,6,6,
1.00027  57120    368412  1439.11  160.727 -- 6,5,6,5,5,5,5,5,5,5,5,5,5,6,6,6,6,5,5,5,5,5,5,5,5,5,5,5,5,4,5,5,5,6,4,5,5,5,6,5,5,6,5,5,5,5,6,5,5,6,5,5,5,5,6,6,
1.00157  57169    341889   1335.5  159.038 -- 6,5,5,5,5,5,5,5,5,5,6,5,5,6,6,5,6,5,5,5,5,5,6,5,5,5,5,5,5,4,5,5,5,6,5,6,5,5,5,5,5,5,5,5,5,5,6,4,5,5,5,5,5,5,6,6,
1.00137  57344    373309  1458.24  156.678 -- 6,6,5,5,5,5,5,5,5,5,5,5,5,6,6,5,6,5,5,5,5,5,5,5,4,5,5,5,5,4,5,5,5,6,4,5,5,4,5,5,5,5,5,5,5,5,6,5,5,5,5,5,5,6,6,6,
1.00025  57110    367088  1433.94  156.459 -- 6,6,5,5,5,5,5,5,5,5,6,5,5,6,6,5,6,5,5,5,5,5,5,4,4,5,5,5,5,4,5,6,5,6,4,5,5,5,5,5,5,6,5,5,5,5,6,5,5,5,5,5,5,5,6,6,
-------------- summary --------------
 10.011     -  360639 1408.75 158.575

1.00283  57121    360604  1408.61  157.494 -- 6,5,6,5,5,5,5,6,5,5,6,5,5,6,6,6,6,5,5,5,5,5,6,4,4,6,5,5,5,5,5,6,5,6,4,5,5,5,6,5,5,5,5,5,5,5,6,5,5,6,5,5,5,6,5,6,
1.00145  57077    357560  1396.72   156.06 -- 6,5,5,5,5,5,6,6,5,5,5,5,5,6,6,6,6,5,5,5,5,5,5,5,5,6,5,5,5,5,5,6,5,6,5,5,5,5,6,5,5,6,5,5,5,5,6,5,5,5,5,5,5,6,6,6,
1.00158  57344    378767  1479.56  157.821 -- 6,6,6,5,5,5,6,6,5,5,5,5,5,6,6,6,6,5,5,5,5,5,5,5,4,6,5,5,5,5,5,5,5,6,4,5,5,5,6,5,5,6,5,5,5,5,6,5,5,6,5,5,5,5,5,6,
1.00029  57065    361234  1411.07  157.688 -- 6,6,5,5,5,5,6,6,5,5,6,5,5,6,6,6,6,5,5,5,5,5,6,5,5,6,5,5,5,5,5,6,5,6,4,5,5,5,6,5,5,5,5,5,5,5,6,5,5,6,5,5,5,5,6,6,
1.00161  57055    349574  1365.52  156.567 -- 6,6,5,5,5,5,6,6,5,5,6,5,5,6,6,6,6,5,5,5,5,5,5,5,5,6,5,5,5,5,5,6,5,6,5,5,5,5,6,5,5,5,5,5,5,5,6,5,5,5,5,5,5,6,5,6,
1.00146  57344    354279   1383.9  164.282 -- 6,6,5,5,5,5,6,6,5,5,6,6,5,6,6,6,6,5,5,5,5,5,5,5,5,6,5,5,5,5,5,6,5,6,5,5,5,4,6,5,5,5,5,5,5,5,6,5,5,5,5,5,5,5,5,5,
1.00023  57055    362812  1417.24   154.27 -- 5,6,5,5,5,5,6,6,5,5,6,5,5,6,6,6,6,5,5,5,5,5,6,5,5,6,5,5,5,5,5,6,5,6,5,5,5,5,6,5,5,5,5,5,5,5,6,5,5,5,5,5,5,5,5,5,
1.00144  57234    382934  1495.84  157.553 -- 5,6,5,5,5,5,5,5,5,5,6,5,5,6,6,6,6,5,5,5,5,5,5,5,5,6,5,5,5,5,5,5,5,6,5,5,5,5,6,5,5,5,5,5,5,5,6,5,5,5,5,5,5,5,5,5,
1.00145  57344    354266  1383.85  154.626 -- 5,5,5,5,5,5,6,5,5,5,6,5,5,5,6,6,6,5,5,5,5,5,5,5,5,6,5,5,5,5,5,6,5,5,5,5,5,5,5,5,5,5,5,5,5,5,6,5,5,5,5,5,5,5,5,5,
1.00177  57121    393904  1538.69  153.433 -- 5,6,5,5,5,5,5,5,5,5,5,5,5,6,5,5,6,5,5,5,5,5,5,5,5,5,5,5,5,5,5,5,5,5,5,5,5,5,5,5,5,5,5,5,5,5,5,5,5,5,5,5,5,5,5,5,
-------------- summary --------------
20.0254     -  363086  1418.3 157.751

1.00302  57344    344303  1344.93  154.732 -- 5,6,5,5,5,5,6,5,5,5,5,5,5,5,5,5,6,5,5,5,5,5,5,5,5,5,5,5,5,5,5,5,5,5,5,5,5,5,5,5,5,5,5,5,5,5,6,5,5,5,5,5,5,5,5,5,
1.00064  57095    373370  1458.48  158.438 -- 5,6,5,5,5,5,5,5,5,5,5,5,5,5,5,5,6,5,6,5,5,5,5,5,5,5,5,5,5,5,5,5,5,5,5,5,5,5,6,5,5,5,5,5,5,5,6,5,5,5,5,5,5,5,5,5,
1.00248  57344    384183  1500.71  153.197 -- 5,6,5,5,5,6,5,5,5,5,5,5,5,5,5,5,6,5,6,5,6,5,5,5,5,5,5,5,5,5,5,6,5,5,5,5,5,5,5,5,5,6,5,5,5,5,6,5,5,5,5,5,5,5,5,5,
1.00049  57344    358084  1398.77  153.358 -- 5,6,5,5,5,6,5,5,5,5,5,5,5,5,5,5,6,5,6,5,5,5,5,5,5,5,5,5,5,5,5,6,5,5,5,6,5,5,5,5,5,5,5,5,5,5,6,5,6,5,5,5,5,5,5,5,
1.00124  57196    367119  1434.06  153.794 -- 5,5,5,5,5,6,6,5,5,5,5,5,5,5,6,6,6,5,5,5,5,5,5,5,5,6,5,5,6,5,5,6,5,5,5,5,5,5,5,5,5,6,5,5,5,5,6,5,5,5,5,5,5,5,5,5,
1.00142  57125    384973   1503.8  153.323 -- 5,5,5,5,5,5,5,5,5,5,5,5,5,5,5,5,5,5,5,5,5,5,5,5,5,5,5,5,5,5,5,5,5,5,5,6,5,5,6,5,5,5,5,5,5,5,6,5,5,5,5,5,5,5,5,5,
1.00139  57344    368278  1438.58  152.181 -- 5,5,5,5,5,5,6,5,5,5,6,5,5,5,6,6,6,5,5,5,5,5,5,5,5,5,5,5,6,5,5,6,5,5,5,5,5,5,5,5,5,6,5,5,5,5,6,5,6,5,5,5,5,5,5,5,
1.00195  57201    382631  1494.65  153.113 -- 5,5,5,5,5,5,6,5,5,5,5,5,5,5,5,5,5,5,5,5,5,5,5,5,5,5,5,5,5,5,5,6,5,5,5,6,5,5,5,5,5,5,5,5,5,5,6,5,6,5,5,5,5,5,5,5,
1.00207  57123    348369  1360.82   155.48 -- 6,5,5,5,5,5,5,5,5,5,5,5,5,5,5,5,5,5,5,5,5,5,5,5,5,5,5,5,5,5,5,6,5,5,5,5,5,5,5,5,5,5,5,5,5,5,6,5,5,5,5,5,5,5,5,5,
1.00159  57184    392724  1534.08  156.078 -- 6,5,5,5,5,5,5,5,5,5,5,5,5,5,5,5,5,6,6,5,5,5,5,5,5,5,5,5,5,5,5,5,5,5,5,6,5,5,5,5,5,5,5,5,5,5,5,5,5,5,5,5,5,5,5,5,
-------------- summary --------------
30.0414     -  365521 1427.81 156.607

1.00275  57344    341059  1332.26  155.876 -- 6,5,5,5,5,5,6,5,5,5,5,5,5,5,6,5,5,6,5,5,5,5,5,5,5,5,5,5,5,5,5,6,5,5,5,5,5,5,5,5,5,6,5,5,5,5,6,5,5,5,5,5,5,5,5,5,
1.00018  57344    341299   1333.2  166.768 -- 6,5,5,5,5,5,5,5,5,5,5,5,5,5,5,5,5,6,5,5,5,5,5,5,5,5,5,5,5,5,5,5,5,5,5,6,5,5,5,5,5,5,5,5,5,5,5,5,5,5,5,5,5,5,5,5,
1.00024  57148    379357  1481.86  152.208 -- 6,5,5,5,5,5,5,5,5,5,5,5,5,5,6,5,6,5,5,5,5,5,5,5,5,5,5,5,5,5,5,5,5,5,5,5,5,5,5,5,5,5,5,5,5,5,5,5,5,5,5,5,5,5,5,5,
1.00176  57030    380966  1488.15  153.091 -- 6,5,5,5,5,5,5,5,5,5,5,5,5,5,6,5,5,6,6,5,5,5,5,5,5,5,5,5,5,5,5,5,5,5,5,6,5,5,6,5,5,6,5,5,5,5,5,5,5,5,5,5,5,5,5,5,
1.00152  57344    380157  1484.99  155.701 -- 6,5,5,5,5,5,5,5,5,5,5,5,5,5,5,5,6,5,5,5,5,5,5,5,5,5,5,5,5,5,5,5,5,5,5,6,5,5,5,5,5,5,5,5,5,5,5,5,5,5,5,5,5,5,5,6,
1.00023  57065    354082  1383.13  153.208 -- 6,5,5,5,5,5,5,5,5,5,5,5,5,5,5,5,6,5,5,5,5,5,5,5,5,5,5,5,5,5,5,5,5,5,5,6,5,5,5,5,5,5,5,5,5,5,5,5,5,5,5,5,5,5,5,5,
1.00126  57344    386776  1510.84  153.493 -- 6,5,5,5,5,5,5,5,5,5,5,5,5,6,6,5,5,5,6,5,5,5,5,5,5,5,5,5,5,5,5,5,5,5,5,6,5,5,5,5,5,6,5,5,5,5,5,5,5,5,5,5,5,5,5,5,
1.00019  57344    342659  1338.51  155.536 -- 6,6,5,5,5,5,5,5,5,5,5,5,5,5,5,5,6,5,6,5,5,5,5,5,5,5,5,5,5,5,5,6,5,5,5,6,5,5,5,5,5,6,5,5,5,5,5,5,5,5,5,5,5,6,5,5,
1.0003  56980    388364  1517.05  157.533 -- 6,6,5,5,5,5,5,5,5,5,5,5,5,6,5,5,6,6,5,5,5,5,5,5,5,5,5,5,5,5,5,6,5,5,5,6,5,5,5,5,5,6,5,5,5,5,5,5,5,5,5,5,5,6,5,5,
1.0015  57344    371227  1450.11  154.346 -- 6,6,5,5,5,5,5,5,5,5,5,5,5,6,5,5,6,6,6,5,5,5,5,5,5,5,5,5,5,5,5,6,5,6,5,6,6,5,5,5,5,6,5,5,5,5,5,5,5,5,5,5,5,6,5,5,
-------------- summary --------------
40.0502     -  365788 1428.86 156.375

1.00031  57344    342428  1337.61  157.527 -- 6,6,5,5,5,5,5,5,5,5,5,5,5,6,6,5,6,6,6,5,5,5,5,5,5,5,5,5,5,5,5,5,5,6,5,6,6,5,6,5,5,6,5,5,5,5,5,5,5,5,5,5,5,6,5,6,
1.00027  56897    382266  1493.23  153.206 -- 6,6,6,5,5,5,5,5,5,5,5,5,5,6,5,5,6,5,5,5,5,5,5,5,5,5,5,5,5,5,5,5,5,5,5,6,6,5,6,5,6,5,5,5,5,5,5,5,5,5,5,5,5,6,5,6,
1.00146  57212    367170  1434.26  154.658 -- 6,6,5,5,5,5,5,5,5,5,5,5,5,6,6,5,6,6,5,5,5,5,5,5,5,5,5,5,5,5,5,5,5,6,5,6,5,5,6,5,5,5,5,5,5,5,6,5,5,5,5,5,5,5,6,6,
1.00159  56790    377464  1474.47  156.494 -- 6,6,5,5,5,5,5,5,5,5,6,5,5,5,6,5,6,5,5,5,5,5,5,5,5,5,5,5,5,5,5,6,5,5,5,5,5,6,6,5,5,5,5,5,5,5,6,5,5,5,5,5,5,5,6,6,
1.0014  57344    355397  1388.27  156.892 -- 6,6,5,5,5,5,6,5,5,5,5,5,5,6,6,5,6,5,5,6,5,5,5,5,5,5,5,5,5,5,5,5,5,5,5,5,5,5,6,5,6,5,5,5,5,5,6,5,5,5,5,5,5,5,5,6,
1.00019  57344    360333  1407.55  153.018 -- 6,6,5,5,5,5,5,5,5,5,5,5,5,6,6,5,6,5,5,6,5,5,5,5,5,5,5,5,6,5,5,5,5,5,5,5,5,5,6,5,5,5,5,5,5,5,6,5,5,5,5,5,5,5,6,5,
1.00021  57344    342802  1339.07  168.022 -- 6,5,5,5,5,5,5,5,5,5,6,5,5,6,6,5,6,5,5,5,5,5,5,5,5,5,5,5,5,5,5,6,5,5,5,5,5,5,5,5,5,5,5,5,5,5,6,5,5,5,5,5,5,5,5,5,
1.00025  57247    383577  1498.35  151.856 -- 6,5,5,5,5,5,5,5,5,5,5,5,5,6,6,5,6,5,5,5,5,5,5,5,5,5,5,5,5,5,5,5,5,5,5,5,5,5,5,5,5,5,5,5,5,5,5,5,5,5,5,5,5,5,5,5,
1.00137  56966    367194  1434.35  155.056 -- 6,5,5,5,5,5,5,5,5,5,5,5,5,6,5,5,6,5,5,5,5,5,5,5,5,5,5,5,5,5,5,5,5,6,5,5,5,5,5,5,5,5,5,5,5,5,6,5,5,5,5,5,5,5,5,5,
1.00158  57071    379232  1481.37  156.881 -- 5,5,5,5,5,5,5,5,5,5,6,5,5,5,5,5,6,5,5,5,5,5,5,5,5,5,5,5,5,5,5,6,5,6,5,5,5,5,5,5,5,5,5,5,5,5,5,5,5,5,5,5,5,5,5,5,
-------------- summary --------------
50.0601     -  365814 1428.96  156.35

1.00285  57344    352017  1375.07  157.834 -- 6,5,5,5,5,5,5,5,5,6,5,5,5,5,6,5,6,5,5,5,5,5,5,5,5,5,5,6,5,5,5,5,5,6,5,5,5,5,5,5,5,5,5,5,5,5,5,5,5,5,5,5,5,5,5,5,
1.00019  57344    361925  1413.77  153.865 -- 5,5,5,6,5,5,5,5,5,6,5,5,5,6,5,5,6,5,5,6,5,5,5,5,5,5,5,5,5,5,5,5,5,6,5,5,5,5,6,5,5,5,5,5,5,5,5,5,5,5,5,5,5,5,5,6,
1.00025  57181    380341  1485.71  154.322 -- 5,5,5,6,5,5,5,5,5,6,6,5,5,5,5,5,6,5,5,5,5,5,5,5,5,5,5,5,5,5,5,6,5,5,5,5,6,5,5,5,5,5,5,5,5,5,5,5,5,5,5,5,5,5,5,6,
1.00163  57093    363068  1418.23  153.337 -- 6,5,5,6,5,5,5,5,5,6,6,5,5,6,6,5,6,5,6,5,5,6,5,5,5,5,5,5,5,5,5,6,5,6,5,5,6,5,5,5,5,5,5,5,5,5,5,5,5,5,5,6,5,5,5,6,
1.0015  57135    380384  1485.88  153.063 -- 5,5,5,6,5,5,5,5,5,5,5,5,5,6,6,5,5,5,6,5,5,6,5,5,5,5,5,5,5,5,5,5,5,6,5,5,6,5,6,5,5,6,5,5,5,5,5,6,5,5,5,5,5,5,5,5,
1.00168  57024    375281  1465.94  153.594 -- 5,5,5,6,5,5,5,6,5,5,6,5,5,6,5,5,6,5,5,5,5,6,5,5,5,5,5,5,5,5,5,6,5,6,5,5,6,5,6,5,5,5,5,5,5,5,6,6,5,5,5,5,5,5,5,6,
1.00255  57344    361894  1413.65  155.302 -- 6,6,6,6,5,5,5,5,5,5,5,5,5,6,5,5,5,5,6,5,5,6,5,5,5,5,5,5,5,5,5,5,5,6,5,5,6,5,6,5,5,5,5,5,5,5,5,5,5,5,5,5,5,5,5,5,
1.00028  57074    347993  1359.35  157.852 -- 6,5,5,6,5,5,5,5,5,5,6,5,5,6,5,5,5,5,6,5,5,6,5,5,5,5,5,5,5,5,5,5,5,6,5,5,6,5,6,5,5,6,5,5,5,5,6,5,5,5,5,5,5,5,5,5,
1.00157  56585    393810  1538.32  154.043 -- 5,6,6,6,5,5,5,5,5,5,5,5,5,6,5,5,5,5,5,5,5,6,5,5,5,5,5,5,5,5,5,5,5,6,5,6,6,5,6,5,5,6,5,5,5,5,6,5,5,5,5,5,5,5,5,5,
1.00139  57344    359409  1403.94   155.52 -- 5,5,5,6,5,5,5,5,5,5,5,5,5,6,5,5,5,5,6,5,5,6,5,5,5,5,5,5,5,5,5,6,5,5,5,6,6,5,6,5,5,6,5,5,5,5,6,5,5,5,5,5,5,5,5,5,
-------------- summary --------------
60.0727     -  366092 1430.05 156.095

client0Conn0@0(depth=512):
  connect time: 0.001819s
  messages received: 198346
  messaging time: 60.073360s
  latency: 154.480712ms
  IOPS: 3301.729748
  out throughput: 12.897382MB/s
client0Conn1@0(depth=512):
  connect time: 0.001718s
  messages received: 204377
  messaging time: 60.073384s
  latency: 149.854711ms
  IOPS: 3402.122296
  out throughput: 13.289540MB/s
client1Conn0@1(depth=512):
  connect time: 0.006393s
  messages received: 197779
  messaging time: 60.074431s
  latency: 154.599027ms
  IOPS: 3292.232616
  out throughput: 12.860284MB/s
client1Conn1@1(depth=512):
  connect time: 0.003580s
  messages received: 205009
  messaging time: 60.074782s
  latency: 149.661925ms
  IOPS: 3412.563336
  out throughput: 13.330326MB/s
client2Conn0@2(depth=512):
  connect time: 0.005724s
  messages received: 197515
  messaging time: 60.073776s
  latency: 154.971146ms
  IOPS: 3287.873894
  out throughput: 12.843257MB/s
client2Conn1@2(depth=512):
  connect time: 0.003007s
  messages received: 198987
  messaging time: 60.073818s
  latency: 154.132529ms
  IOPS: 3312.374764
  out throughput: 12.938964MB/s
client3Conn0@3(depth=512):
  connect time: 0.006474s
  messages received: 186395
  messaging time: 60.074350s
  latency: 164.515558ms
  IOPS: 3102.738546
  out throughput: 12.120072MB/s
client3Conn1@3(depth=512):
  connect time: 0.003011s
  messages received: 198747
  messaging time: 60.075053s
  latency: 154.084822ms
  IOPS: 3308.311683
  out throughput: 12.923093MB/s
client4Conn0@4(depth=512):
  connect time: 0.007122s
  messages received: 185822
  messaging time: 60.073847s
  latency: 164.961900ms
  IOPS: 3093.226258
  out throughput: 12.082915MB/s
client4Conn1@4(depth=512):
  connect time: 0.002507s
  messages received: 204128
  messaging time: 60.073899s
  latency: 150.062596ms
  IOPS: 3397.948240
  out throughput: 13.273235MB/s
client5Conn0@5(depth=512):
  connect time: 0.005632s
  messages received: 198560
  messaging time: 60.074338s
  latency: 154.262174ms
  IOPS: 3305.238255
  out throughput: 12.911087MB/s
client5Conn1@5(depth=512):
  connect time: 0.001927s
  messages received: 185413
  messaging time: 60.074358s
  latency: 165.495563ms
  IOPS: 3086.391706
  out throughput: 12.056218MB/s
client6Conn0@6(depth=512):
  connect time: 0.006067s
  messages received: 198428
  messaging time: 60.073939s
  latency: 154.239797ms
  IOPS: 3303.062925
  out throughput: 12.902590MB/s
client6Conn1@6(depth=512):
  connect time: 0.003648s
  messages received: 204753
  messaging time: 60.075829s
  latency: 149.778212ms
  IOPS: 3408.242584
  out throughput: 13.313448MB/s
client7Conn0@7(depth=512):
  connect time: 0.006418s
  messages received: 204474
  messaging time: 60.074405s
  latency: 149.877849ms
  IOPS: 3403.679166
  out throughput: 13.295622MB/s
client7Conn1@7(depth=512):
  connect time: 0.003387s
  messages received: 198746
  messaging time: 60.075438s
  latency: 154.366600ms
  IOPS: 3308.273844
  out throughput: 12.922945MB/s
client8Conn0@8(depth=512):
  connect time: 0.005784s
  messages received: 186645
  messaging time: 60.074631s
  latency: 164.385475ms
  IOPS: 3106.885482
  out throughput: 12.136271MB/s
client8Conn1@8(depth=512):
  connect time: 0.002193s
  messages received: 198532
  messaging time: 60.074645s
  latency: 154.390185ms
  IOPS: 3304.755255
  out throughput: 12.909200MB/s
client9Conn0@9(depth=512):
  connect time: 0.005367s
  messages received: 198356
  messaging time: 60.074927s
  latency: 154.545514ms
  IOPS: 3301.810069
  out throughput: 12.897696MB/s
client9Conn1@9(depth=512):
  connect time: 0.002676s
  messages received: 185954
  messaging time: 60.074956s
  latency: 164.871980ms
  IOPS: 3095.366373
  out throughput: 12.091275MB/s
client10Conn0@10(depth=512):
  connect time: 0.004942s
  messages received: 204934
  messaging time: 60.075550s
  latency: 149.379313ms
  IOPS: 3411.271329
  out throughput: 13.325279MB/s
client10Conn1@10(depth=512):
  connect time: 0.002213s
  messages received: 203925
  messaging time: 60.076919s
  latency: 150.226442ms
  IOPS: 3394.398434
  out throughput: 13.259369MB/s
client11Conn0@11(depth=512):
  connect time: 0.006075s
  messages received: 197850
  messaging time: 60.074682s
  latency: 154.533324ms
  IOPS: 3293.400680
  out throughput: 12.864846MB/s
client11Conn1@11(depth=512):
  connect time: 0.002854s
  messages received: 203242
  messaging time: 60.074715s
  latency: 150.978813ms
  IOPS: 3383.153810
  out throughput: 13.215445MB/s
client12Conn0@12(depth=512):
  connect time: 0.007339s
  messages received: 185696
  messaging time: 60.075252s
  latency: 165.144958ms
  IOPS: 3091.056531
  out throughput: 12.074440MB/s
client12Conn1@12(depth=512):
  connect time: 0.002739s
  messages received: 196671
  messaging time: 60.075293s
  latency: 155.678544ms
  IOPS: 3273.741844
  out throughput: 12.788054MB/s
client13Conn0@13(depth=512):
  connect time: 0.006930s
  messages received: 204223
  messaging time: 60.074636s
  latency: 150.186336ms
  IOPS: 3399.487957
  out throughput: 13.279250MB/s
client13Conn1@13(depth=512):
  connect time: 0.003433s
  messages received: 204216
  messaging time: 60.075871s
  latency: 150.090815ms
  IOPS: 3399.301514
  out throughput: 13.278522MB/s
client14Conn0@14(depth=512):
  connect time: 0.005568s
  messages received: 204989
  messaging time: 60.074862s
  latency: 149.589751ms
  IOPS: 3412.225906
  out throughput: 13.329007MB/s
client14Conn1@14(depth=512):
  connect time: 0.002729s
  messages received: 204197
  messaging time: 60.076076s
  latency: 149.998356ms
  IOPS: 3398.973681
  out throughput: 13.277241MB/s
client15Conn0@15(depth=512):
  connect time: 0.006914s
  messages received: 204175
  messaging time: 60.074247s
  latency: 150.081913ms
  IOPS: 3398.710945
  out throughput: 13.276215MB/s
client15Conn1@15(depth=512):
  connect time: 0.003873s
  messages received: 198259
  messaging time: 60.075270s
  latency: 154.455279ms
  IOPS: 3300.176576
  out throughput: 12.891315MB/s
client16Conn0@16(depth=512):
  connect time: 0.005985s
  messages received: 205014
  messaging time: 60.075118s
  latency: 149.313138ms
  IOPS: 3412.627512
  out throughput: 13.330576MB/s
client16Conn1@16(depth=512):
  connect time: 0.002722s
  messages received: 204998
  messaging time: 60.075476s
  latency: 149.550534ms
  IOPS: 3412.340813
  out throughput: 13.329456MB/s
client17Conn0@17(depth=512):
  connect time: 0.006823s
  messages received: 187013
  messaging time: 60.074678s
  latency: 163.994959ms
  IOPS: 3113.008790
  out throughput: 12.160191MB/s
client17Conn1@17(depth=512):
  connect time: 0.001997s
  messages received: 204566
  messaging time: 60.075354s
  latency: 149.685219ms
  IOPS: 3405.156781
  out throughput: 13.301394MB/s
client18Conn0@18(depth=512):
  connect time: 0.007233s
  messages received: 186385
  messaging time: 60.073731s
  latency: 164.621930ms
  IOPS: 3102.604035
  out throughput: 12.119547MB/s
client18Conn1@18(depth=512):
  connect time: 0.003347s
  messages received: 204583
  messaging time: 60.074120s
  latency: 149.803042ms
  IOPS: 3405.509725
  out throughput: 13.302772MB/s
client19Conn0@19(depth=512):
  connect time: 0.006859s
  messages received: 204281
  messaging time: 60.074489s
  latency: 149.846364ms
  IOPS: 3400.461731
  out throughput: 13.283054MB/s
client19Conn1@19(depth=512):
  connect time: 0.002744s
  messages received: 185827
  messaging time: 60.075211s
  latency: 165.290413ms
  IOPS: 3093.239255
  out throughput: 12.082966MB/s
client20Conn0@20(depth=512):
  connect time: 0.006804s
  messages received: 198494
  messaging time: 60.075851s
  latency: 154.448405ms
  IOPS: 3304.056403
  out throughput: 12.906470MB/s
client20Conn1@20(depth=512):
  connect time: 0.003604s
  messages received: 186183
  messaging time: 60.075872s
  latency: 164.764013ms
  IOPS: 3099.131042
  out throughput: 12.105981MB/s
client21Conn0@21(depth=512):
  connect time: 0.005724s
  messages received: 186660
  messaging time: 60.075264s
  latency: 164.367268ms
  IOPS: 3107.102443
  out throughput: 12.137119MB/s
client21Conn1@21(depth=512):
  connect time: 0.001460s
  messages received: 199168
  messaging time: 60.075590s
  latency: 153.673521ms
  IOPS: 3315.289959
  out throughput: 12.950351MB/s
client22Conn0@22(depth=512):
  connect time: 0.006293s
  messages received: 198769
  messaging time: 60.073570s
  latency: 153.947219ms
  IOPS: 3308.759576
  out throughput: 12.924842MB/s
client22Conn1@22(depth=512):
  connect time: 0.002792s
  messages received: 198516
  messaging time: 60.073587s
  latency: 154.248014ms
  IOPS: 3304.547140
  out throughput: 12.908387MB/s
client23Conn0@23(depth=512):
  connect time: 0.005931s
  messages received: 185578
  messaging time: 60.074597s
  latency: 165.445117ms
  IOPS: 3089.126012
  out throughput: 12.066898MB/s
client23Conn1@23(depth=512):
  connect time: 0.002819s
  messages received: 185517
  messaging time: 60.075306s
  latency: 165.440829ms
  IOPS: 3088.074172
  out throughput: 12.062790MB/s
client24Conn0@24(depth=512):
  connect time: 0.005494s
  messages received: 186496
  messaging time: 60.074967s
  latency: 164.414222ms
  IOPS: 3104.387891
  out throughput: 12.126515MB/s
client24Conn1@24(depth=512):
  connect time: 0.002977s
  messages received: 186431
  messaging time: 60.075618s
  latency: 164.510652ms
  IOPS: 3103.272261
  out throughput: 12.122157MB/s
client25Conn0@25(depth=512):
  connect time: 0.005711s
  messages received: 202562
  messaging time: 60.074454s
  latency: 151.185138ms
  IOPS: 3371.849206
  out throughput: 13.171286MB/s
client25Conn1@25(depth=512):
  connect time: 0.002266s
  messages received: 199168
  messaging time: 60.075202s
  latency: 153.656491ms
  IOPS: 3315.311356
  out throughput: 12.950435MB/s
client26Conn0@26(depth=512):
  connect time: 0.007122s
  messages received: 198129
  messaging time: 60.073208s
  latency: 154.687089ms
  IOPS: 3298.125847
  out throughput: 12.883304MB/s
client26Conn1@26(depth=512):
  connect time: 0.002450s
  messages received: 186795
  messaging time: 60.073232s
  latency: 164.420721ms
  IOPS: 3109.454815
  out throughput: 12.146308MB/s
client27Conn0@27(depth=512):
  connect time: 0.005629s
  messages received: 205013
  messaging time: 60.076950s
  latency: 149.555748ms
  IOPS: 3412.506795
  out throughput: 13.330105MB/s
client27Conn1@27(depth=512):
  connect time: 0.002204s
  messages received: 186378
  messaging time: 60.076985s
  latency: 164.424129ms
  IOPS: 3102.319446
  out throughput: 12.118435MB/s
client28Conn0@28(depth=512):
  connect time: 0.006313s
  messages received: 186172
  messaging time: 60.074742s
  latency: 164.639254ms
  IOPS: 3099.006242
  out throughput: 12.105493MB/s
client28Conn1@28(depth=512):
  connect time: 0.002429s
  messages received: 197812
  messaging time: 60.075444s
  latency: 154.840007ms
  IOPS: 3292.726374
  out throughput: 12.862212MB/s
client29Conn0@29(depth=512):
  connect time: 0.007148s
  messages received: 186678
  messaging time: 60.075091s
  latency: 164.461976ms
  IOPS: 3107.411047
  out throughput: 12.138324MB/s
client29Conn1@29(depth=512):
  connect time: 0.002723s
  messages received: 186684
  messaging time: 60.076463s
  latency: 164.351082ms
  IOPS: 3107.439922
  out throughput: 12.138437MB/s
client30Conn0@30(depth=512):
  connect time: 0.006751s
  messages received: 198451
  messaging time: 60.075645s
  latency: 154.212728ms
  IOPS: 3303.351977
  out throughput: 12.903719MB/s
client30Conn1@30(depth=512):
  connect time: 0.002967s
  messages received: 185938
  messaging time: 60.075661s
  latency: 164.908555ms
  IOPS: 3095.063716
  out throughput: 12.090093MB/s
client31Conn0@31(depth=512):
  connect time: 0.005880s
  messages received: 203747
  messaging time: 60.075903s
  latency: 150.344328ms
  IOPS: 3391.492946
  out throughput: 13.248019MB/s
client31Conn1@31(depth=512):
  connect time: 0.002701s
  messages received: 204103
  messaging time: 60.076444s
  latency: 150.149417ms
  IOPS: 3397.388156
  out throughput: 13.271047MB/s
client32Conn0@32(depth=512):
  connect time: 0.005942s
  messages received: 198862
  messaging time: 60.074030s
  latency: 153.915637ms
  IOPS: 3310.282311
  out throughput: 12.930790MB/s
client32Conn1@32(depth=512):
  connect time: 0.002885s
  messages received: 186760
  messaging time: 60.074053s
  latency: 164.252609ms
  IOPS: 3108.829714
  out throughput: 12.143866MB/s
client33Conn0@33(depth=512):
  connect time: 0.007072s
  messages received: 204363
  messaging time: 60.073127s
  latency: 149.919298ms
  IOPS: 3401.903797
  out throughput: 13.288687MB/s
client33Conn1@33(depth=512):
  connect time: 0.003284s
  messages received: 204952
  messaging time: 60.073577s
  latency: 149.437303ms
  IOPS: 3411.682954
  out throughput: 13.326887MB/s
client34Conn0@34(depth=512):
  connect time: 0.006701s
  messages received: 186582
  messaging time: 60.074081s
  latency: 164.528895ms
  IOPS: 3105.865237
  out throughput: 12.132286MB/s
client34Conn1@34(depth=512):
  connect time: 0.002637s
  messages received: 185663
  messaging time: 60.075713s
  latency: 165.297807ms
  IOPS: 3090.483484
  out throughput: 12.072201MB/s
client35Conn0@35(depth=512):
  connect time: 0.007000s
  messages received: 198148
  messaging time: 60.074953s
  latency: 154.306116ms
  IOPS: 3298.346298
  out throughput: 12.884165MB/s
client35Conn1@35(depth=512):
  connect time: 0.003485s
  messages received: 204800
  messaging time: 60.074979s
  latency: 149.513596ms
  IOPS: 3409.073201
  out throughput: 13.316692MB/s
client36Conn0@36(depth=512):
  connect time: 0.007011s
  messages received: 204328
  messaging time: 60.074409s
  latency: 149.878698ms
  IOPS: 3401.248609
  out throughput: 13.286127MB/s
client36Conn1@36(depth=512):
  connect time: 0.004023s
  messages received: 186117
  messaging time: 60.075469s
  latency: 164.824930ms
  IOPS: 3098.053238
  out throughput: 12.101770MB/s
client37Conn0@37(depth=512):
  connect time: 0.006164s
  messages received: 186564
  messaging time: 60.074276s
  latency: 164.620669ms
  IOPS: 3105.555514
  out throughput: 12.131076MB/s
client37Conn1@37(depth=512):
  connect time: 0.003135s
  messages received: 186246
  messaging time: 60.074622s
  latency: 164.825234ms
  IOPS: 3100.244209
  out throughput: 12.110329MB/s
client38Conn0@38(depth=512):
  connect time: 0.006420s
  messages received: 202679
  messaging time: 60.074364s
  latency: 151.328510ms
  IOPS: 3373.801820
  out throughput: 13.178913MB/s
client38Conn1@38(depth=512):
  connect time: 0.003218s
  messages received: 203701
  messaging time: 60.074393s
  latency: 150.454609ms
  IOPS: 3390.812441
  out throughput: 13.245361MB/s
client39Conn0@39(depth=512):
  connect time: 0.006317s
  messages received: 198640
  messaging time: 60.073990s
  latency: 154.313988ms
  IOPS: 3306.589075
  out throughput: 12.916364MB/s
client39Conn1@39(depth=512):
  connect time: 0.002409s
  messages received: 186769
  messaging time: 60.074042s
  latency: 164.305724ms
  IOPS: 3108.980082
  out throughput: 12.144453MB/s
client40Conn0@40(depth=512):
  connect time: 0.005575s
  messages received: 185939
  messaging time: 60.073703s
  latency: 164.968401ms
  IOPS: 3095.181250
  out throughput: 12.090552MB/s
client40Conn1@40(depth=512):
  connect time: 0.001881s
  messages received: 204298
  messaging time: 60.074382s
  latency: 150.004566ms
  IOPS: 3400.750780
  out throughput: 13.284183MB/s
client41Conn0@41(depth=512):
  connect time: 0.006736s
  messages received: 203692
  messaging time: 60.075509s
  latency: 150.423621ms
  IOPS: 3390.599638
  out throughput: 13.244530MB/s
client41Conn1@41(depth=512):
  connect time: 0.003247s
  messages received: 199381
  messaging time: 60.076052s
  latency: 153.981682ms
  IOPS: 3318.809991
  out throughput: 12.964102MB/s
client42Conn0@42(depth=512):
  connect time: 0.007236s
  messages received: 198156
  messaging time: 60.075068s
  latency: 154.684107ms
  IOPS: 3298.473171
  out throughput: 12.884661MB/s
client42Conn1@42(depth=512):
  connect time: 0.002819s
  messages received: 199382
  messaging time: 60.075122s
  latency: 154.077370ms
  IOPS: 3318.877978
  out throughput: 12.964367MB/s
client43Conn0@43(depth=512):
  connect time: 0.005311s
  messages received: 198265
  messaging time: 60.073085s
  latency: 154.392543ms
  IOPS: 3300.396533
  out throughput: 12.892174MB/s
client43Conn1@43(depth=512):
  connect time: 0.001690s
  messages received: 198263
  messaging time: 60.073116s
  latency: 154.313966ms
  IOPS: 3300.361516
  out throughput: 12.892037MB/s
client44Conn0@44(depth=512):
  connect time: 0.005940s
  messages received: 185693
  messaging time: 60.073828s
  latency: 165.219529ms
  IOPS: 3091.079838
  out throughput: 12.074531MB/s
client44Conn1@44(depth=512):
  connect time: 0.002713s
  messages received: 204376
  messaging time: 60.074194s
  latency: 149.953259ms
  IOPS: 3402.059805
  out throughput: 13.289296MB/s
client45Conn0@45(depth=512):
  connect time: 0.006556s
  messages received: 186269
  messaging time: 60.074750s
  latency: 164.696223ms
  IOPS: 3100.620484
  out throughput: 12.111799MB/s
client45Conn1@45(depth=512):
  connect time: 0.002916s
  messages received: 198434
  messaging time: 60.075472s
  latency: 154.233381ms
  IOPS: 3303.078500
  out throughput: 12.902650MB/s
client46Conn0@46(depth=512):
  connect time: 0.005880s
  messages received: 198836
  messaging time: 60.073675s
  latency: 154.051511ms
  IOPS: 3309.869083
  out throughput: 12.929176MB/s
client46Conn1@46(depth=512):
  connect time: 0.003093s
  messages received: 198444
  messaging time: 60.075053s
  latency: 154.243232ms
  IOPS: 3303.268013
  out throughput: 12.903391MB/s
client47Conn0@47(depth=512):
  connect time: 0.005755s
  messages received: 186809
  messaging time: 60.073598s
  latency: 164.368559ms
  IOPS: 3109.668907
  out throughput: 12.147144MB/s
client47Conn1@47(depth=512):
  connect time: 0.002888s
  messages received: 186009
  messaging time: 60.073619s
  latency: 165.046981ms
  IOPS: 3096.350848
  out throughput: 12.095120MB/s
client48Conn0@48(depth=512):
  connect time: 0.007230s
  messages received: 205312
  messaging time: 60.074682s
  latency: 149.172084ms
  IOPS: 3417.612761
  out throughput: 13.350050MB/s
client48Conn1@48(depth=512):
  connect time: 0.001104s
  messages received: 185808
  messaging time: 60.074701s
  latency: 165.271726ms
  IOPS: 3092.949226
  out throughput: 12.081833MB/s
client49Conn0@49(depth=512):
  connect time: 0.005202s
  messages received: 198407
  messaging time: 60.074141s
  latency: 154.405692ms
  IOPS: 3302.702215
  out throughput: 12.901181MB/s
client49Conn1@49(depth=512):
  connect time: 0.002225s
  messages received: 204746
  messaging time: 60.074816s
  latency: 149.521014ms
  IOPS: 3408.183566
  out throughput: 13.313217MB/s
client50Conn0@50(depth=512):
  connect time: 0.006759s
  messages received: 186621
  messaging time: 60.073504s
  latency: 164.563892ms
  IOPS: 3106.544261
  out throughput: 12.134939MB/s
client50Conn1@50(depth=512):
  connect time: 0.003403s
  messages received: 198954
  messaging time: 60.073922s
  latency: 154.353566ms
  IOPS: 3311.819741
  out throughput: 12.936796MB/s
client51Conn0@51(depth=512):
  connect time: 0.005645s
  messages received: 186479
  messaging time: 60.076066s
  latency: 164.529503ms
  IOPS: 3104.048120
  out throughput: 12.125188MB/s
client51Conn1@51(depth=512):
  connect time: 0.001570s
  messages received: 204682
  messaging time: 60.076388s
  latency: 149.654969ms
  IOPS: 3407.029072
  out throughput: 13.308707MB/s
client52Conn0@52(depth=512):
  connect time: 0.005725s
  messages received: 204604
  messaging time: 60.074129s
  latency: 149.733523ms
  IOPS: 3405.858780
  out throughput: 13.304136MB/s
client52Conn1@52(depth=512):
  connect time: 0.003787s
  messages received: 186702
  messaging time: 60.074143s
  latency: 164.264250ms
  IOPS: 3107.859575
  out throughput: 12.140076MB/s
client53Conn0@53(depth=512):
  connect time: 0.006622s
  messages received: 197593
  messaging time: 60.074121s
  latency: 154.747994ms
  IOPS: 3289.153425
  out throughput: 12.848256MB/s
client53Conn1@53(depth=512):
  connect time: 0.003228s
  messages received: 203392
  messaging time: 60.074478s
  latency: 150.580278ms
  IOPS: 3385.664027
  out throughput: 13.225250MB/s
client54Conn0@54(depth=512):
  connect time: 0.005506s
  messages received: 198792
  messaging time: 60.074899s
  latency: 153.967670ms
  IOPS: 3309.069228
  out throughput: 12.926052MB/s
client54Conn1@54(depth=512):
  connect time: 0.003082s
  messages received: 199248
  messaging time: 60.075219s
  latency: 154.094118ms
  IOPS: 3316.642080
  out throughput: 12.955633MB/s
client55Conn0@55(depth=512):
  connect time: 0.006221s
  messages received: 203853
  messaging time: 60.073820s
  latency: 150.153459ms
  IOPS: 3393.375017
  out throughput: 13.255371MB/s
client55Conn1@55(depth=512):
  connect time: 0.003247s
  messages received: 198071
  messaging time: 60.074472s
  latency: 154.592406ms
  IOPS: 3297.090991
  out throughput: 12.879262MB/s

per client:
client0(depth=1024):
  connect time: 0.001768s
  messages received: 402723
  messaging time: 60.073372s
  latency: 152.167711ms
  IOPS: 6703.852044
  out throughput: 26.186922MB/s
client1(depth=1024):
  connect time: 0.004986s
  messages received: 402788
  messaging time: 60.074607s
  latency: 152.130476ms
  IOPS: 6704.795952
  out throughput: 26.190609MB/s
client2(depth=1024):
  connect time: 0.004366s
  messages received: 396502
  messaging time: 60.073797s
  latency: 154.551838ms
  IOPS: 6600.248658
  out throughput: 25.782221MB/s
client3(depth=1024):
  connect time: 0.004742s
  messages received: 385142
  messaging time: 60.074701s
  latency: 159.300190ms
  IOPS: 6411.050229
  out throughput: 25.043165MB/s
client4(depth=1024):
  connect time: 0.004814s
  messages received: 389950
  messaging time: 60.073873s
  latency: 157.512248ms
  IOPS: 6491.174498
  out throughput: 25.356150MB/s
client5(depth=1024):
  connect time: 0.003780s
  messages received: 383973
  messaging time: 60.074348s
  latency: 159.878869ms
  IOPS: 6391.629961
  out throughput: 24.967305MB/s
client6(depth=1024):
  connect time: 0.004857s
  messages received: 403181
  messaging time: 60.074884s
  latency: 152.009005ms
  IOPS: 6711.305509
  out throughput: 26.216037MB/s
client7(depth=1024):
  connect time: 0.004903s
  messages received: 403220
  messaging time: 60.074921s
  latency: 152.122225ms
  IOPS: 6711.953010
  out throughput: 26.218566MB/s
client8(depth=1024):
  connect time: 0.003988s
  messages received: 385177
  messaging time: 60.074638s
  latency: 159.387830ms
  IOPS: 6411.640737
  out throughput: 25.045472MB/s
client9(depth=1024):
  connect time: 0.004021s
  messages received: 384310
  messaging time: 60.074942s
  latency: 159.708747ms
  IOPS: 6397.176442
  out throughput: 24.988970MB/s
client10(depth=1024):
  connect time: 0.003577s
  messages received: 408859
  messaging time: 60.076234s
  latency: 149.802878ms
  IOPS: 6805.669763
  out throughput: 26.584648MB/s
client11(depth=1024):
  connect time: 0.004464s
  messages received: 401092
  messaging time: 60.074699s
  latency: 152.756069ms
  IOPS: 6676.554490
  out throughput: 26.080291MB/s
client12(depth=1024):
  connect time: 0.005039s
  messages received: 382367
  messaging time: 60.075272s
  latency: 160.411751ms
  IOPS: 6364.798375
  out throughput: 24.862494MB/s
client13(depth=1024):
  connect time: 0.005181s
  messages received: 408439
  messaging time: 60.075253s
  latency: 150.138576ms
  IOPS: 6798.789471
  out throughput: 26.557771MB/s
client14(depth=1024):
  connect time: 0.004148s
  messages received: 409186
  messaging time: 60.075469s
  latency: 149.794054ms
  IOPS: 6811.199587
  out throughput: 26.606248MB/s
client15(depth=1024):
  connect time: 0.005394s
  messages received: 402434
  messaging time: 60.074759s
  latency: 152.268596ms
  IOPS: 6698.887521
  out throughput: 26.167529MB/s
client16(depth=1024):
  connect time: 0.004354s
  messages received: 410012
  messaging time: 60.075297s
  latency: 149.431836ms
  IOPS: 6824.968326
  out throughput: 26.660033MB/s
client17(depth=1024):
  connect time: 0.004410s
  messages received: 391579
  messaging time: 60.075016s
  latency: 156.840089ms
  IOPS: 6518.165571
  out throughput: 25.461584MB/s
client18(depth=1024):
  connect time: 0.005290s
  messages received: 390968
  messaging time: 60.073925s
  latency: 157.212486ms
  IOPS: 6508.113760
  out throughput: 25.422319MB/s
client19(depth=1024):
  connect time: 0.004802s
  messages received: 390108
  messaging time: 60.074850s
  latency: 157.568389ms
  IOPS: 6493.700986
  out throughput: 25.366019MB/s
client20(depth=1024):
  connect time: 0.005204s
  messages received: 384677
  messaging time: 60.075862s
  latency: 159.606209ms
  IOPS: 6403.187444
  out throughput: 25.012451MB/s
client21(depth=1024):
  connect time: 0.003592s
  messages received: 385828
  messaging time: 60.075427s
  latency: 159.020394ms
  IOPS: 6422.392402
  out throughput: 25.087470MB/s
client22(depth=1024):
  connect time: 0.004542s
  messages received: 397285
  messaging time: 60.073578s
  latency: 154.097617ms
  IOPS: 6613.306716
  out throughput: 25.833229MB/s
client23(depth=1024):
  connect time: 0.004375s
  messages received: 371095
  messaging time: 60.074951s
  latency: 165.442973ms
  IOPS: 6177.200184
  out throughput: 24.129688MB/s
client24(depth=1024):
  connect time: 0.004235s
  messages received: 372927
  messaging time: 60.075293s
  latency: 164.462437ms
  IOPS: 6207.660152
  out throughput: 24.248672MB/s
client25(depth=1024):
  connect time: 0.003988s
  messages received: 401730
  messaging time: 60.074828s
  latency: 152.420815ms
  IOPS: 6687.160562
  out throughput: 26.121721MB/s
client26(depth=1024):
  connect time: 0.004786s
  messages received: 384924
  messaging time: 60.073220s
  latency: 159.553905ms
  IOPS: 6407.580662
  out throughput: 25.029612MB/s
client27(depth=1024):
  connect time: 0.003917s
  messages received: 391391
  messaging time: 60.076968s
  latency: 156.989938ms
  IOPS: 6514.826241
  out throughput: 25.448540MB/s
client28(depth=1024):
  connect time: 0.004371s
  messages received: 383984
  messaging time: 60.075093s
  latency: 159.739631ms
  IOPS: 6391.732616
  out throughput: 24.967706MB/s
client29(depth=1024):
  connect time: 0.004935s
  messages received: 373362
  messaging time: 60.075777s
  latency: 164.406529ms
  IOPS: 6214.850969
  out throughput: 24.276762MB/s
client30(depth=1024):
  connect time: 0.004859s
  messages received: 384389
  messaging time: 60.075653s
  latency: 159.560642ms
  IOPS: 6398.415694
  out throughput: 24.993811MB/s
client31(depth=1024):
  connect time: 0.004291s
  messages received: 407850
  messaging time: 60.076173s
  latency: 150.246872ms
  IOPS: 6788.881102
  out throughput: 26.519067MB/s
client32(depth=1024):
  connect time: 0.004413s
  messages received: 385622
  messaging time: 60.074042s
  latency: 159.084123ms
  IOPS: 6419.112025
  out throughput: 25.074656MB/s
client33(depth=1024):
  connect time: 0.005178s
  messages received: 409315
  messaging time: 60.073352s
  latency: 149.678300ms
  IOPS: 6813.586751
  out throughput: 26.615573MB/s
client34(depth=1024):
  connect time: 0.004669s
  messages received: 372245
  messaging time: 60.074897s
  latency: 164.913351ms
  IOPS: 6196.348722
  out throughput: 24.204487MB/s
client35(depth=1024):
  connect time: 0.005243s
  messages received: 402948
  messaging time: 60.074966s
  latency: 151.909856ms
  IOPS: 6707.419499
  out throughput: 26.200857MB/s
client36(depth=1024):
  connect time: 0.005517s
  messages received: 390445
  messaging time: 60.074939s
  latency: 157.351814ms
  IOPS: 6499.301846
  out throughput: 25.387898MB/s
client37(depth=1024):
  connect time: 0.004649s
  messages received: 372810
  messaging time: 60.074449s
  latency: 164.722951ms
  IOPS: 6205.799723
  out throughput: 24.241405MB/s
client38(depth=1024):
  connect time: 0.004819s
  messages received: 406380
  messaging time: 60.074379s
  latency: 150.891559ms
  IOPS: 6764.614262
  out throughput: 26.424274MB/s
client39(depth=1024):
  connect time: 0.004363s
  messages received: 385409
  messaging time: 60.074016s
  latency: 159.309856ms
  IOPS: 6415.569157
  out throughput: 25.060817MB/s
client40(depth=1024):
  connect time: 0.003728s
  messages received: 390237
  messaging time: 60.074042s
  latency: 157.486483ms
  IOPS: 6495.932030
  out throughput: 25.374734MB/s
client41(depth=1024):
  connect time: 0.004991s
  messages received: 403073
  messaging time: 60.075780s
  latency: 152.202652ms
  IOPS: 6709.409628
  out throughput: 26.208631MB/s
client42(depth=1024):
  connect time: 0.005028s
  messages received: 397538
  messaging time: 60.075095s
  latency: 154.380738ms
  IOPS: 6617.351149
  out throughput: 25.849028MB/s
client43(depth=1024):
  connect time: 0.003501s
  messages received: 396528
  messaging time: 60.073100s
  latency: 154.353254ms
  IOPS: 6600.758049
  out throughput: 25.784211MB/s
client44(depth=1024):
  connect time: 0.004327s
  messages received: 390069
  messaging time: 60.074011s
  latency: 157.586394ms
  IOPS: 6493.139644
  out throughput: 25.363827MB/s
client45(depth=1024):
  connect time: 0.004736s
  messages received: 384703
  messaging time: 60.075111s
  latency: 159.464802ms
  IOPS: 6403.698984
  out throughput: 25.014449MB/s
client46(depth=1024):
  connect time: 0.004486s
  messages received: 397280
  messaging time: 60.074364s
  latency: 154.147372ms
  IOPS: 6613.137097
  out throughput: 25.832567MB/s
client47(depth=1024):
  connect time: 0.004321s
  messages received: 372818
  messaging time: 60.073608s
  latency: 164.707770ms
  IOPS: 6206.019755
  out throughput: 24.242265MB/s
client48(depth=1024):
  connect time: 0.004167s
  messages received: 391120
  messaging time: 60.074692s
  latency: 157.221905ms
  IOPS: 6510.561987
  out throughput: 25.431883MB/s
client49(depth=1024):
  connect time: 0.003714s
  messages received: 403153
  messaging time: 60.074479s
  latency: 151.963353ms
  IOPS: 6710.885781
  out throughput: 26.214398MB/s
client50(depth=1024):
  connect time: 0.005081s
  messages received: 385575
  messaging time: 60.073713s
  latency: 159.458729ms
  IOPS: 6418.364002
  out throughput: 25.071734MB/s
client51(depth=1024):
  connect time: 0.003608s
  messages received: 391161
  messaging time: 60.076227s
  latency: 157.092236ms
  IOPS: 6511.077193
  out throughput: 25.433895MB/s
client52(depth=1024):
  connect time: 0.004756s
  messages received: 391306
  messaging time: 60.074136s
  latency: 156.998887ms
  IOPS: 6513.718354
  out throughput: 25.444212MB/s
client53(depth=1024):
  connect time: 0.004925s
  messages received: 400985
  messaging time: 60.074300s
  latency: 152.664136ms
  IOPS: 6674.817452
  out throughput: 26.073506MB/s
client54(depth=1024):
  connect time: 0.004294s
  messages received: 398040
  messaging time: 60.075059s
  latency: 154.030894ms
  IOPS: 6625.711308
  out throughput: 25.881685MB/s
client55(depth=1024):
  connect time: 0.004734s
  messages received: 401924
  messaging time: 60.074146s
  latency: 152.372932ms
  IOPS: 6690.466009
  out throughput: 26.134633MB/s

all(depth=57344):
  connect time: 0.004486s
  messages received: 21992136
  messaging time: 60.074725s
  latency: 156.331003ms
  IOPS: 366079.670042
  out throughput: 1429.998711MB/s
