1268191 1268191 perf-crimson-ms  10	pid 1268191's current affinity list: 10
1268191 1268193 reactor-1        11	pid 1268193's current affinity list: 11
1268191 1268194 reactor-2        12	pid 1268194's current affinity list: 12
1268191 1268195 reactor-3        13	pid 1268195's current affinity list: 13
1268191 1268196 reactor-4        14	pid 1268196's current affinity list: 14
1268191 1268197 reactor-5        15	pid 1268197's current affinity list: 15
1268191 1268198 reactor-6        16	pid 1268198's current affinity list: 16
1268191 1268199 reactor-7        17	pid 1268199's current affinity list: 17
1268191 1268200 reactor-8        18	pid 1268200's current affinity list: 18
1268191 1268201 reactor-9        19	pid 1268201's current affinity list: 19
1268191 1268202 reactor-10       38	pid 1268202's current affinity list: 38
1268191 1268203 reactor-11       39	pid 1268203's current affinity list: 39
1268191 1268204 reactor-12       40	pid 1268204's current affinity list: 40
1268191 1268205 reactor-13       41	pid 1268205's current affinity list: 41
1268191 1268206 reactor-14       42	pid 1268206's current affinity list: 42
1268191 1268207 reactor-15       43	pid 1268207's current affinity list: 43
1268191 1268208 reactor-16       44	pid 1268208's current affinity list: 44
1268191 1268209 reactor-17       45	pid 1268209's current affinity list: 45
1268191 1268210 reactor-18       46	pid 1268210's current affinity list: 46
1268191 1268211 reactor-19       47	pid 1268211's current affinity list: 47
1268191 1268212 reactor-20       66	pid 1268212's current affinity list: 66
1268191 1268213 reactor-21       67	pid 1268213's current affinity list: 67
1268191 1268214 reactor-22       68	pid 1268214's current affinity list: 68
1268191 1268215 reactor-23       69	pid 1268215's current affinity list: 69
1268191 1268216 reactor-24       70	pid 1268216's current affinity list: 70
1268191 1268217 reactor-25       71	pid 1268217's current affinity list: 71
1268191 1268218 reactor-26       72	pid 1268218's current affinity list: 72
1268191 1268219 reactor-27       73	pid 1268219's current affinity list: 73
1268191 1268220 reactor-28       74	pid 1268220's current affinity list: 74
1268191 1268221 reactor-29       75	pid 1268221's current affinity list: 75
1268191 1268222 reactor-30       94	pid 1268222's current affinity list: 94
1268191 1268223 reactor-31       95	pid 1268223's current affinity list: 95
1268191 1268224 reactor-32       96	pid 1268224's current affinity list: 96
1268191 1268225 reactor-33       97	pid 1268225's current affinity list: 97
1268191 1268226 reactor-34       98	pid 1268226's current affinity list: 98
1268191 1268227 reactor-35       99	pid 1268227's current affinity list: 99
1268191 1268228 reactor-36      100	pid 1268228's current affinity list: 100
1268191 1268229 reactor-37      101	pid 1268229's current affinity list: 101
1268191 1268230 reactor-38      102	pid 1268230's current affinity list: 102
1268191 1268231 reactor-39      103	pid 1268231's current affinity list: 103
1268191 1268232 syscall-0        10	pid 1268232's current affinity list: 10
1268191 1268233 syscall-20       66	pid 1268233's current affinity list: 66
1268191 1268234 syscall-26       72	pid 1268234's current affinity list: 72
1268191 1268235 syscall-9        19	pid 1268235's current affinity list: 19
1268191 1268236 syscall-28       74	pid 1268236's current affinity list: 74
1268191 1268237 syscall-6        16	pid 1268237's current affinity list: 16
1268191 1268238 syscall-19       47	pid 1268238's current affinity list: 47
1268191 1268239 syscall-5        15	pid 1268239's current affinity list: 15
1268191 1268240 syscall-30       94	pid 1268240's current affinity list: 94
1268191 1268241 syscall-31       95	pid 1268241's current affinity list: 95
1268191 1268242 syscall-4        14	pid 1268242's current affinity list: 14
1268191 1268243 syscall-27       73	pid 1268243's current affinity list: 73
1268191 1268244 syscall-8        18	pid 1268244's current affinity list: 18
1268191 1268245 syscall-2        12	pid 1268245's current affinity list: 12
1268191 1268246 syscall-1        11	pid 1268246's current affinity list: 11
1268191 1268247 syscall-12       40	pid 1268247's current affinity list: 40
1268191 1268248 syscall-24       70	pid 1268248's current affinity list: 70
1268191 1268249 syscall-23       69	pid 1268249's current affinity list: 69
1268191 1268250 syscall-17       45	pid 1268250's current affinity list: 45
1268191 1268251 syscall-10       38	pid 1268251's current affinity list: 38
1268191 1268252 syscall-16       44	pid 1268252's current affinity list: 44
1268191 1268253 syscall-11       39	pid 1268253's current affinity list: 39
1268191 1268254 syscall-3        13	pid 1268254's current affinity list: 13
1268191 1268255 syscall-29       75	pid 1268255's current affinity list: 75
1268191 1268256 syscall-39      103	pid 1268256's current affinity list: 103
1268191 1268257 syscall-18       46	pid 1268257's current affinity list: 46
1268191 1268258 syscall-15       43	pid 1268258's current affinity list: 43
1268191 1268259 syscall-25       71	pid 1268259's current affinity list: 71
1268191 1268260 syscall-14       42	pid 1268260's current affinity list: 42
1268191 1268261 syscall-22       68	pid 1268261's current affinity list: 68
1268191 1268262 syscall-33       97	pid 1268262's current affinity list: 97
1268191 1268263 syscall-13       41	pid 1268263's current affinity list: 41
1268191 1268264 syscall-21       67	pid 1268264's current affinity list: 67
1268191 1268265 syscall-36      100	pid 1268265's current affinity list: 100
1268191 1268266 syscall-35       99	pid 1268266's current affinity list: 99
1268191 1268267 syscall-7        17	pid 1268267's current affinity list: 17
1268191 1268268 syscall-34       98	pid 1268268's current affinity list: 98
1268191 1268269 syscall-37      101	pid 1268269's current affinity list: 101
1268191 1268270 syscall-38      102	pid 1268270's current affinity list: 102
1268191 1268271 syscall-32       96	pid 1268271's current affinity list: 96
