1268101 1268101 perf-crimson-ms   0	pid 1268101's current affinity list: 0
1268101 1268103 reactor-1         1	pid 1268103's current affinity list: 1
1268101 1268104 reactor-2         2	pid 1268104's current affinity list: 2
1268101 1268105 reactor-3         3	pid 1268105's current affinity list: 3
1268101 1268106 reactor-4         4	pid 1268106's current affinity list: 4
1268101 1268107 reactor-5         5	pid 1268107's current affinity list: 5
1268101 1268108 reactor-6         6	pid 1268108's current affinity list: 6
1268101 1268109 reactor-7         7	pid 1268109's current affinity list: 7
1268101 1268110 reactor-8         8	pid 1268110's current affinity list: 8
1268101 1268111 reactor-9         9	pid 1268111's current affinity list: 9
1268101 1268112 reactor-10       28	pid 1268112's current affinity list: 28
1268101 1268113 reactor-11       29	pid 1268113's current affinity list: 29
1268101 1268114 reactor-12       30	pid 1268114's current affinity list: 30
1268101 1268115 reactor-13       31	pid 1268115's current affinity list: 31
1268101 1268116 reactor-14       32	pid 1268116's current affinity list: 32
1268101 1268117 reactor-15       33	pid 1268117's current affinity list: 33
1268101 1268118 reactor-16       34	pid 1268118's current affinity list: 34
1268101 1268119 reactor-17       35	pid 1268119's current affinity list: 35
1268101 1268120 reactor-18       36	pid 1268120's current affinity list: 36
1268101 1268121 reactor-19       37	pid 1268121's current affinity list: 37
1268101 1268122 reactor-20       56	pid 1268122's current affinity list: 56
1268101 1268123 reactor-21       57	pid 1268123's current affinity list: 57
1268101 1268124 reactor-22       58	pid 1268124's current affinity list: 58
1268101 1268125 reactor-23       59	pid 1268125's current affinity list: 59
1268101 1268126 reactor-24       60	pid 1268126's current affinity list: 60
1268101 1268127 reactor-25       61	pid 1268127's current affinity list: 61
1268101 1268128 reactor-26       62	pid 1268128's current affinity list: 62
1268101 1268129 reactor-27       63	pid 1268129's current affinity list: 63
1268101 1268130 reactor-28       64	pid 1268130's current affinity list: 64
1268101 1268131 reactor-29       65	pid 1268131's current affinity list: 65
1268101 1268132 reactor-30       84	pid 1268132's current affinity list: 84
1268101 1268133 reactor-31       85	pid 1268133's current affinity list: 85
1268101 1268134 reactor-32       86	pid 1268134's current affinity list: 86
1268101 1268135 reactor-33       87	pid 1268135's current affinity list: 87
1268101 1268136 reactor-34       88	pid 1268136's current affinity list: 88
1268101 1268137 reactor-35       89	pid 1268137's current affinity list: 89
1268101 1268138 reactor-36       90	pid 1268138's current affinity list: 90
1268101 1268139 reactor-37       91	pid 1268139's current affinity list: 91
1268101 1268140 reactor-38       92	pid 1268140's current affinity list: 92
1268101 1268141 reactor-39       93	pid 1268141's current affinity list: 93
1268101 1268142 syscall-0         0	pid 1268142's current affinity list: 0
1268101 1268143 syscall-20       56	pid 1268143's current affinity list: 56
1268101 1268144 syscall-24       60	pid 1268144's current affinity list: 60
1268101 1268145 syscall-2         2	pid 1268145's current affinity list: 2
1268101 1268146 syscall-7         7	pid 1268146's current affinity list: 7
1268101 1268147 syscall-11       29	pid 1268147's current affinity list: 29
1268101 1268148 syscall-39       93	pid 1268148's current affinity list: 93
1268101 1268149 syscall-4         4	pid 1268149's current affinity list: 4
1268101 1268150 syscall-27       63	pid 1268150's current affinity list: 63
1268101 1268151 syscall-36       90	pid 1268151's current affinity list: 90
1268101 1268152 syscall-22       58	pid 1268152's current affinity list: 58
1268101 1268153 syscall-12       30	pid 1268153's current affinity list: 30
1268101 1268154 syscall-38       92	pid 1268154's current affinity list: 92
1268101 1268155 syscall-19       37	pid 1268155's current affinity list: 37
1268101 1268156 syscall-26       62	pid 1268156's current affinity list: 62
1268101 1268157 syscall-23       59	pid 1268157's current affinity list: 59
1268101 1268158 syscall-5         5	pid 1268158's current affinity list: 5
1268101 1268159 syscall-32       86	pid 1268159's current affinity list: 86
1268101 1268160 syscall-33       87	pid 1268160's current affinity list: 87
1268101 1268161 syscall-10       28	pid 1268161's current affinity list: 28
1268101 1268162 syscall-35       89	pid 1268162's current affinity list: 89
1268101 1268163 syscall-3         3	pid 1268163's current affinity list: 3
1268101 1268164 syscall-13       31	pid 1268164's current affinity list: 31
1268101 1268165 syscall-6         6	pid 1268165's current affinity list: 6
1268101 1268166 syscall-15       33	pid 1268166's current affinity list: 33
1268101 1268167 syscall-18       36	pid 1268167's current affinity list: 36
1268101 1268168 syscall-30       84	pid 1268168's current affinity list: 84
1268101 1268169 syscall-16       34	pid 1268169's current affinity list: 34
1268101 1268170 syscall-34       88	pid 1268170's current affinity list: 88
1268101 1268171 syscall-9         9	pid 1268171's current affinity list: 9
1268101 1268172 syscall-14       32	pid 1268172's current affinity list: 32
1268101 1268173 syscall-21       57	pid 1268173's current affinity list: 57
1268101 1268174 syscall-28       64	pid 1268174's current affinity list: 64
1268101 1268175 syscall-8         8	pid 1268175's current affinity list: 8
1268101 1268176 syscall-25       61	pid 1268176's current affinity list: 61
1268101 1268177 syscall-1         1	pid 1268177's current affinity list: 1
1268101 1268178 syscall-17       35	pid 1268178's current affinity list: 35
1268101 1268179 syscall-31       85	pid 1268179's current affinity list: 85
1268101 1268180 syscall-29       65	pid 1268180's current affinity list: 65
1268101 1268181 syscall-37       91	pid 1268181's current affinity list: 91
