['fio_sea_1osd_56reactor_32fio_bal_osd_rc_1job_1io_4k_randwrite_p0.json', 'fio_sea_1osd_56reactor_32fio_bal_osd_rc_1job_2io_4k_randwrite_p0.json', 'fio_sea_1osd_56reactor_32fio_bal_osd_rc_1job_4io_4k_randwrite_p0.json', 'fio_sea_1osd_56reactor_32fio_bal_osd_rc_1job_8io_4k_randwrite_p0.json', 'fio_sea_1osd_56reactor_32fio_bal_osd_rc_1job_16io_4k_randwrite_p0.json', 'fio_sea_1osd_56reactor_32fio_bal_osd_rc_1job_24io_4k_randwrite_p0.json', 'fio_sea_1osd_56reactor_32fio_bal_osd_rc_1job_32io_4k_randwrite_p0.json', 'fio_sea_1osd_56reactor_32fio_bal_osd_rc_1job_40io_4k_randwrite_p0.json', 'fio_sea_1osd_56reactor_32fio_bal_osd_rc_1job_52io_4k_randwrite_p0.json', 'fio_sea_1osd_56reactor_32fio_bal_osd_rc_1job_64io_4k_randwrite_p0.json']
loading 10 .json files ...
Num jobs: 1
== fio_sea_1osd_56reactor_32fio_bal_osd_rc_1job_1io_4k_randwrite_p0.json ==
{'clat_ms': 2.0913856218449998,
 'clat_stdev': 220.468761571703,
 'iodepth': '1',
 'iops': 15220.084757,
 'jobname': 'randwrite',
 'sys_cpu': 0.262624,
 'timestamp': '1747749140',
 'total_ios': 1824462,
 'usr_cpu': 0.372595}
Num jobs: 1
== fio_sea_1osd_56reactor_32fio_bal_osd_rc_1job_2io_4k_randwrite_p0.json ==
{'clat_ms': 1.650907948324,
 'clat_stdev': 1.62563016013,
 'iodepth': '2',
 'iops': 38623.996267,
 'jobname': 'randwrite',
 'sys_cpu': 0.580715,
 'timestamp': '1747749531',
 'total_ios': 11587392,
 'usr_cpu': 0.7881}
Num jobs: 1
== fio_sea_1osd_56reactor_32fio_bal_osd_rc_1job_4io_4k_randwrite_p0.json ==
{'clat_ms': 2.6463067943620002,
 'clat_stdev': 2.900468081084,
 'iodepth': '4',
 'iops': 48258.473969,
 'jobname': 'randwrite',
 'sys_cpu': 0.650599,
 'timestamp': '1747749872',
 'total_ios': 14477880,
 'usr_cpu': 0.917514}
Num jobs: 1
== fio_sea_1osd_56reactor_32fio_bal_osd_rc_1job_8io_4k_randwrite_p0.json ==
{'clat_ms': 4.600283428004,
 'clat_stdev': 6.303015729095,
 'iodepth': '8',
 'iops': 55551.587831,
 'jobname': 'randwrite',
 'sys_cpu': 0.698861,
 'timestamp': '1747750214',
 'total_ios': 16667254,
 'usr_cpu': 1.01644}
Num jobs: 1
== fio_sea_1osd_56reactor_32fio_bal_osd_rc_1job_16io_4k_randwrite_p0.json ==
{'clat_ms': 9.112218528271999,
 'clat_stdev': 25.008366459192,
 'iodepth': '16',
 'iops': 55963.963994,
 'jobname': 'randwrite',
 'sys_cpu': 0.695315,
 'timestamp': '1747750555',
 'total_ios': 16792603,
 'usr_cpu': 1.017667}
Num jobs: 1
== fio_sea_1osd_56reactor_32fio_bal_osd_rc_1job_24io_4k_randwrite_p0.json ==
{'clat_ms': 13.465623376269999,
 'clat_stdev': 66.648732463036,
 'iodepth': '24',
 'iops': 56489.040977,
 'jobname': 'randwrite',
 'sys_cpu': 0.696815,
 'timestamp': '1747750897',
 'total_ios': 16953378,
 'usr_cpu': 1.021257}
Num jobs: 1
== fio_sea_1osd_56reactor_32fio_bal_osd_rc_1job_32io_4k_randwrite_p0.json ==
{'clat_ms': 16.381798932052998,
 'clat_stdev': 65.355835395703,
 'iodepth': '32',
 'iops': 55623.320493,
 'jobname': 'randwrite',
 'sys_cpu': 0.755817,
 'timestamp': '1747751237',
 'total_ios': 16691891,
 'usr_cpu': 1.118441}
Num jobs: 1
== fio_sea_1osd_56reactor_32fio_bal_osd_rc_1job_40io_4k_randwrite_p0.json ==
{'clat_ms': 150.853354028477,
 'clat_stdev': 335.819803836969,
 'iodepth': '40',
 'iops': 14636.103152,
 'jobname': 'randwrite',
 'sys_cpu': 0.187161,
 'timestamp': '1747751270',
 'total_ios': 5108,
 'usr_cpu': 0.290099}
Num jobs: 1
== fio_sea_1osd_56reactor_32fio_bal_osd_rc_1job_52io_4k_randwrite_p0.json ==
{'clat_ms': 7.312257108162,
 'clat_stdev': 28.994355956218,
 'iodepth': '52',
 'iops': 50030.046523,
 'jobname': 'randwrite',
 'sys_cpu': 2.347101,
 'timestamp': '1747751733',
 'total_ios': 15012416,
 'usr_cpu': 3.569182}
Num jobs: 1
== fio_sea_1osd_56reactor_32fio_bal_osd_rc_1job_64io_4k_randwrite_p0.json ==
{'clat_ms': 458.759324549515,
 'clat_stdev': 586.13764611016,
 'iodepth': '64',
 'iops': 5186.695279,
 'jobname': 'randwrite',
 'sys_cpu': 0.090592,
 'timestamp': '1747751766',
 'total_ios': 2417,
 'usr_cpu': 0.132404}
Note: clat_ns has been converted to milliseconds
Note: bw has been converted to MiBs
 avg_cpu list has: 1 items
Table (after aggregating OSD CPU avg data):
{'OSD_cpu': [0.0, 0.0, 0.0, 0.0, 0.0,
             0.0, 0.0, 0.0, 0.0, 0.0],
 'OSD_mem': [0.0, 0.0, 0.0, 0.0, 0.0,
             0.0, 0.0, 0.0, 0.0, 0.0],
 'clat_ms': [2.0913856218449998,
             1.650907948324,
             2.6463067943620002,
             4.600283428004,
             9.112218528271999,
             13.465623376269999,
             16.381798932052998,
             150.853354028477,
             7.312257108162,
             458.759324549515],
 'clat_stdev': [220.468761571703,
                1.62563016013,
                2.900468081084,
                6.303015729095,
                25.008366459192,
                66.648732463036,
                65.355835395703,
                335.819803836969,
                28.994355956218,
                586.13764611016],
 'iodepth': ['1', '2', '4', '8', '16',
             '24', '32', '40', '52',
             '64'],
 'iops': [15220.084757, 38623.996267,
          48258.473969, 55551.587831,
          55963.963994, 56489.040977,
          55623.320493, 14636.103152,
          50030.046523, 5186.695279],
 'sys_cpu': [0.262624, 0.580715,
             0.650599, 0.698861,
             0.695315, 0.696815,
             0.755817, 0.187161,
             2.347101, 0.090592],
 'total_ios': [1824462, 11587392,
               14477880, 16667254,
               16792603, 16953378,
               16691891, 5108, 15012416,
               2417],
 'usr_cpu': [0.372595, 0.7881, 0.917514,
             1.01644, 1.017667, 1.021257,
             1.118441, 0.290099,
             3.569182, 0.132404]}
 avg_cpu list has: 1 items
Table (after aggregating FIO CPU avg data):
{'FIO_cpu': [173.5566666666679,
             274.4533333333346,
             325.9966666666681,
             357.613333333335,
             357.64000000000146,
             358.396666666669,
             359.05333333333584,
             23.890000000000047,
             264.23000000000127,
             21.13000000000002],
 'FIO_mem': [40.49999999999968,
             76.5000000000043,
             88.5000000000111,
             103.50000000000841,
             103.50000000001299,
             100.50000000001516,
             100.50000000001455,
             6.000000000000049,
             17.666666666666465,
             1.3333333333333308],
 'OSD_cpu': [0.0, 0.0, 0.0, 0.0, 0.0,
             0.0, 0.0, 0.0, 0.0, 0.0],
 'OSD_mem': [0.0, 0.0, 0.0, 0.0, 0.0,
             0.0, 0.0, 0.0, 0.0, 0.0],
 'clat_ms': [2.0913856218449998,
             1.650907948324,
             2.6463067943620002,
             4.600283428004,
             9.112218528271999,
             13.465623376269999,
             16.381798932052998,
             150.853354028477,
             7.312257108162,
             458.759324549515],
 'clat_stdev': [220.468761571703,
                1.62563016013,
                2.900468081084,
                6.303015729095,
                25.008366459192,
                66.648732463036,
                65.355835395703,
                335.819803836969,
                28.994355956218,
                586.13764611016],
 'iodepth': ['1', '2', '4', '8', '16',
             '24', '32', '40', '52',
             '64'],
 'iops': [15220.084757, 38623.996267,
          48258.473969, 55551.587831,
          55963.963994, 56489.040977,
          55623.320493, 14636.103152,
          50030.046523, 5186.695279],
 'sys_cpu': [0.262624, 0.580715,
             0.650599, 0.698861,
             0.695315, 0.696815,
             0.755817, 0.187161,
             2.347101, 0.090592],
 'total_ios': [1824462, 11587392,
               14477880, 16667254,
               16792603, 16953378,
               16691891, 5108, 15012416,
               2417],
 'usr_cpu': [0.372595, 0.7881, 0.917514,
             1.01644, 1.017667, 1.021257,
             1.118441, 0.290099,
             3.569182, 0.132404]}
 Wiki table: sea_1osd_56reactor_32fio_bal_osd_rc_1procs_randwrite
{| class="wikitable"
|- 
 ! colspan="11"  | 
        sea_1osd_56reactor_32fio_bal_osd_rc_1procs_randwrite
|-
! iodepth !! iops !! total_ios !! clat_ms !! clat_stdev !! usr_cpu !! sys_cpu !! OSD_cpu !! OSD_mem !! FIO_cpu !! FIO_mem
|-
 | 1  || 15220.08  || 1824462.00  || 2.09  || 220.47  || 0.37  || 0.26  || 0.00  || 0.00  || 173.56  || 40.50 
|-
 | 2  || 38624.00  || 11587392.00  || 1.65  || 1.63  || 0.79  || 0.58  || 0.00  || 0.00  || 274.45  || 76.50 
|-
 | 4  || 48258.47  || 14477880.00  || 2.65  || 2.90  || 0.92  || 0.65  || 0.00  || 0.00  || 326.00  || 88.50 
|-
 | 8  || 55551.59  || 16667254.00  || 4.60  || 6.30  || 1.02  || 0.70  || 0.00  || 0.00  || 357.61  || 103.50 
|-
 | 16  || 55963.96  || 16792603.00  || 9.11  || 25.01  || 1.02  || 0.70  || 0.00  || 0.00  || 357.64  || 103.50 
|-
 | 24  || 56489.04  || 16953378.00  || 13.47  || 66.65  || 1.02  || 0.70  || 0.00  || 0.00  || 358.40  || 100.50 
|-
 | 32  || 55623.32  || 16691891.00  || 16.38  || 65.36  || 1.12  || 0.76  || 0.00  || 0.00  || 359.05  || 100.50 
|-
 | 40  || 14636.10  || 5108.00  || 150.85  || 335.82  || 0.29  || 0.19  || 0.00  || 0.00  || 23.89  || 6.00 
|-
 | 52  || 50030.05  || 15012416.00  || 7.31  || 28.99  || 3.57  || 2.35  || 0.00  || 0.00  || 264.23  || 17.67 
|-
 | 64  || 5186.70  || 2417.00  || 458.76  || 586.14  || 0.13  || 0.09  || 0.00  || 0.00  || 21.13  || 1.33 
|-
|}


\begin{table}[h!]
\centering
\begin{tabular}[t]{*{11 }{|c|}}
\hline 
iodepth & iops & total\_ios & clat\_ms & clat\_stdev & usr\_cpu & sys\_cpu & OSD\_cpu & OSD\_mem & FIO\_cpu & FIO\_mem\\
\hline
1  & 15220.08  & 1824462.00  & 2.09  & 220.47  & 0.37  & 0.26  & 0.00  & 0.00  & 173.56  & 40.50 \\
\hline
2  & 38624.00  & 11587392.00  & 1.65  & 1.63  & 0.79  & 0.58  & 0.00  & 0.00  & 274.45  & 76.50 \\
\hline
4  & 48258.47  & 14477880.00  & 2.65  & 2.90  & 0.92  & 0.65  & 0.00  & 0.00  & 326.00  & 88.50 \\
\hline
8  & 55551.59  & 16667254.00  & 4.60  & 6.30  & 1.02  & 0.70  & 0.00  & 0.00  & 357.61  & 103.50 \\
\hline
16  & 55963.96  & 16792603.00  & 9.11  & 25.01  & 1.02  & 0.70  & 0.00  & 0.00  & 357.64  & 103.50 \\
\hline
24  & 56489.04  & 16953378.00  & 13.47  & 66.65  & 1.02  & 0.70  & 0.00  & 0.00  & 358.40  & 100.50 \\
\hline
32  & 55623.32  & 16691891.00  & 16.38  & 65.36  & 1.12  & 0.76  & 0.00  & 0.00  & 359.05  & 100.50 \\
\hline
40  & 14636.10  & 5108.00  & 150.85  & 335.82  & 0.29  & 0.19  & 0.00  & 0.00  & 23.89  & 6.00 \\
\hline
52  & 50030.05  & 15012416.00  & 7.31  & 28.99  & 3.57  & 2.35  & 0.00  & 0.00  & 264.23  & 17.67 \\
\hline
64  & 5186.70  & 2417.00  & 458.76  & 586.14  & 0.13  & 0.09  & 0.00  & 0.00  & 21.13  & 1.33 \\
\hline

\hline
\end{tabular}
\caption{Performance Throughput vs Latency vs CPU util: sea_1osd_56reactor_32fio_bal_osd_rc_1procs_randwrite.}
\label{table:iops-lat-cpu-sea_1osd_56reactor_32fio_bal_osd_rc_1procs_randwrite}
\end{table}

Done
