   sec  depth      IOPS     MB/s  lat(ms)
1.0019   3979    528093  2062.86  7.42147 -- 94,88,95,88,
1.00173   3958    528079  2062.81  7.46735 -- 93,88,94,88,
1.00335   3963    528881  2065.94  7.42218 -- 94,88,94,88,
1.00198   4016    528663  2065.09  7.43367 -- 94,88,94,88,
1.00149   4059    529227  2067.29  7.40436 -- 94,88,95,87,
1.00306   4060    528291  2063.64  7.44174 -- 94,88,95,88,
1.00192   4096    528457  2064.29  7.43781 -- 94,88,95,88,
1.00201   4096    528487   2064.4  7.42853 -- 93,88,95,88,
1.00192   4016    529160  2067.03  7.42944 -- 94,88,95,88,
1.00154   4085    528302  2063.68  7.44631 -- 94,88,96,88,
-------------- summary --------------
10.0224     -  528563  2064.7 7.43365

1.00498   4069    528773  2065.52  7.43586 -- 94,88,96,88,
1.00218   4025    529062  2066.65  7.41708 -- 94,87,95,88,
1.00226   4013    528715  2065.29  7.40537 -- 94,88,95,88,
1.0015   4081    527814  2061.77  7.43834 -- 94,88,95,88,
1.00218   4006    528838  2065.77  7.41522 -- 94,88,94,88,
1.00258   3949    528605  2064.86  7.44748 -- 94,88,94,88,
1.00241   4081    528984  2066.34  7.44376 -- 94,88,94,89,
1.0015   3854    528282   2063.6   7.4323 -- 93,88,94,88,
1.00199   4096    528537   2064.6  7.41967 -- 94,88,94,88,
1.00214   4056    528442  2064.23  7.41317 -- 94,88,94,88,
-------------- summary --------------
20.0469     -  528587 2064.79 7.43005

1.0048   3948    529318  2067.65  7.44008 -- 95,88,94,88,
1.00209   4087    527892  2062.08  7.43217 -- 95,88,94,87,
1.00296   3864    528399  2064.06  7.44839 -- 95,88,94,88,
1.00297   4096    528634  2064.98  7.41319 -- 95,88,94,87,
1.00099   4030    529150  2066.99   7.4278 -- 95,88,94,87,
1.00306   4071    527588  2060.89  7.43739 -- 94,88,94,88,
1.00287   3886    528228  2063.39  7.44145 -- 94,88,94,88,
1.00246   4074    527962  2062.35  7.45247 -- 94,88,94,88,
1.00162   4051    529220  2067.27  7.40637 -- 94,88,94,88,
1.00247   4043    527909  2062.14  7.42563 -- 94,87,95,88,
-------------- summary --------------
30.0734     -  528536 2064.59 7.43088

1.00356   3967    528957  2066.24  7.42926 -- 94,87,95,88,
1.00216   4057    528475  2064.36  7.41461 -- 94,87,95,87,
1.00305   3878    528835  2065.76  7.44694 -- 95,87,95,87,
1.00331   3906    528570  2064.73  7.43284 -- 94,88,95,87,
1.00195   3947    529052  2066.61  7.43299 -- 94,88,95,87,
1.00153   4083    528184  2063.22  7.43535 -- 94,88,95,87,
1.00155   4087    529073  2066.69  7.44313 -- 94,88,95,87,
1.00231   4096    527751  2061.53  7.44608 -- 94,88,95,88,
1.00278   3973    529333  2067.71  7.43027 -- 94,88,94,88,
1.00269   4083    528082  2062.82  7.44346 -- 94,88,94,88,
-------------- summary --------------
40.0997     -  528555 2064.67 7.43197

1.00755   4068    529033  2066.53  7.44348 -- 94,87,94,88,
1.00177   4057    528219  2063.35  7.43041 -- 94,88,94,88,
1.00244   4096    528822  2065.71  7.43404 -- 94,88,94,88,
1.00178   4060    528412  2064.11  7.43397 -- 94,88,95,88,
1.00214   4068    528443  2064.23  7.45558 -- 94,88,95,88,
1.00139   4096    528542  2064.62   7.4379 -- 93,88,95,89,
1.00113   4056    528832  2065.75  7.43202 -- 94,88,94,89,
1.00184   3967    528739  2065.39  7.42052 -- 94,88,94,89,
1.00194   3814    527582  2060.87  7.45251 -- 94,87,94,89,
1.00277   4089    528243  2063.45  7.44228 -- 94,88,94,88,
-------------- summary --------------
50.1224     -  528543 2064.62 7.43326

1.00405   4096    528517  2064.52  7.44343 -- 94,88,94,88,
1.00179   4096    529223  2067.28  7.40014 -- 94,87,95,88,
1.00198   4056    528543  2064.62  7.43917 -- 94,87,95,87,
1.00314   4060    528646  2065.02  7.42641 -- 95,87,95,87,
1.0035   3933    529817   2069.6    7.398 -- 95,87,95,87,
1.00186   4096    528537   2064.6  7.42678 -- 96,87,95,87,
1.00262   4096    528990  2066.37  7.42292 -- 95,87,95,87,
1.00201   4014    528603  2064.85  7.42918 -- 95,87,95,87,
1.00234   3924    528935  2066.15  7.43621 -- 95,87,95,87,
1.00137   3964    528816  2065.69  7.45201 -- 95,87,95,87,
-------------- summary --------------
 60.147     -  528595 2064.83  7.4323

client0Conn0@0(depth=512):
  connect time: 0.001284s
  messages received: 4291794
  messaging time: 60.148261s
  latency: 6.777729ms
  IOPS: 71353.583955
  out throughput: 278.724937MB/s
client0Conn1@0(depth=512):
  connect time: 0.000815s
  messages received: 3699970
  messaging time: 60.148275s
  latency: 7.955118ms
  IOPS: 61514.149794
  out throughput: 240.289648MB/s
client1Conn0@1(depth=512):
  connect time: 0.000707s
  messages received: 4126080
  messaging time: 60.148467s
  latency: 7.237515ms
  IOPS: 68598.257461
  out throughput: 267.961943MB/s
client1Conn1@1(depth=512):
  connect time: 0.001030s
  messages received: 3756317
  messaging time: 60.148481s
  latency: 7.955715ms
  IOPS: 62450.737558
  out throughput: 243.948194MB/s
client2Conn0@2(depth=512):
  connect time: 0.001154s
  messages received: 4345430
  messaging time: 60.148627s
  latency: 6.658689ms
  IOPS: 72244.873842
  out throughput: 282.206538MB/s
client2Conn1@2(depth=512):
  connect time: 0.001130s
  messages received: 3698117
  messaging time: 60.148641s
  latency: 7.929409ms
  IOPS: 61482.968841
  out throughput: 240.167847MB/s
client3Conn0@3(depth=512):
  connect time: 0.001068s
  messages received: 3733648
  messaging time: 60.148402s
  latency: 8.008888ms
  IOPS: 62073.935258
  out throughput: 242.476310MB/s
client3Conn1@3(depth=512):
  connect time: 0.001019s
  messages received: 4142812
  messaging time: 60.148414s
  latency: 7.211027ms
  IOPS: 68876.495744
  out throughput: 269.048811MB/s

per client:
client0(depth=1024):
  connect time: 0.001050s
  messages received: 7991764
  messaging time: 60.148268s
  latency: 7.366423ms
  IOPS: 132867.733749
  out throughput: 519.014585MB/s
client1(depth=1024):
  connect time: 0.000869s
  messages received: 7882397
  messaging time: 60.148474s
  latency: 7.596615ms
  IOPS: 131048.995019
  out throughput: 511.910137MB/s
client2(depth=1024):
  connect time: 0.001142s
  messages received: 8043547
  messaging time: 60.148634s
  latency: 7.294049ms
  IOPS: 133727.842682
  out throughput: 522.374385MB/s
client3(depth=1024):
  connect time: 0.001043s
  messages received: 7876460
  messaging time: 60.148408s
  latency: 7.609957ms
  IOPS: 130950.431001
  out throughput: 511.525121MB/s

all(depth=4096):
  connect time: 0.001026s
  messages received: 31794168
  messaging time: 60.148446s
  latency: 7.466761ms
  IOPS: 528595.002452
  out throughput: 2064.824228MB/s
