4(2.00003)         0IOPS       -1MiB/s 30(0) 20(0) 26(0) 23(0) 
6(2.00287)   30518.7IOPS  119.214MiB/s 0(2) 2(2) 0(2) 0(2) 
8(2.0035)    528583IOPS  2064.78MiB/s 33(2) 42(2) 36(2) 39(2) 
10(2.0055)    527422IOPS  2060.24MiB/s 73(2) 82(2) 76(2) 79(2) 
12(2.00599)    528482IOPS  2064.38MiB/s 100(2) 100(2) 100(2) 100(2) 
14(2.005)    528871IOPS   2065.9MiB/s 100(2) 100(2) 100(2) 100(2) 
16(2.00451)    528759IOPS  2065.47MiB/s 100(2) 100(2) 100(2) 100(2) 
18(2.0045)    528235IOPS  2063.42MiB/s 100(2) 100(2) 100(2) 100(2) 
20(2.005)    528856IOPS  2065.84MiB/s 100(2) 100(2) 100(2) 100(2) 
22(2.00351)    528893IOPS  2065.99MiB/s 100(2) 100(2) 100(2) 100(2) 
24(2.004)    528501IOPS  2064.46MiB/s 100(2) 100(2) 100(2) 100(2) 
26(2.00499)    528385IOPS     2064MiB/s 100(2) 100(2) 100(2) 100(2) 
28(2.00449)    528989IOPS  2066.36MiB/s 100(2) 100(2) 100(2) 100(2) 
30(2.00403)    528444IOPS  2064.23MiB/s 100(2) 100(2) 100(2) 100(2) 
32(2.00549)    528550IOPS  2064.65MiB/s 100(2) 100(2) 100(2) 100(2) 
34(2.00499)    528343IOPS  2063.84MiB/s 100(2) 100(2) 100(2) 100(2) 
36(2.00401)    528820IOPS   2065.7MiB/s 100(2) 100(2) 100(2) 100(2) 
38(2.00549)    527886IOPS  2062.05MiB/s 100(2) 100(2) 100(2) 100(2) 
40(2.00401)    528648IOPS  2065.03MiB/s 100(2) 100(2) 100(2) 100(2) 
42(2.0035)    528453IOPS  2064.27MiB/s 100(2) 100(2) 100(2) 100(2) 
44(2.0025)    528812IOPS  2065.67MiB/s 100(2) 100(2) 100(2) 100(2) 
46(2.0055)    528334IOPS   2063.8MiB/s 100(2) 100(2) 100(2) 100(2) 
48(2.004)    529207IOPS  2067.22MiB/s 100(2) 100(2) 100(2) 100(2) 
50(2.00399)    528123IOPS  2062.98MiB/s 100(2) 100(2) 100(2) 100(2) 
52(2.0035)    528873IOPS  2065.91MiB/s 100(2) 100(2) 100(2) 100(2) 
54(2.0045)    528372IOPS  2063.95MiB/s 100(2) 100(2) 100(2) 100(2) 
56(2.00299)    528667IOPS  2065.11MiB/s 100(2) 100(2) 100(2) 100(2) 
58(2.00302)    528754IOPS  2065.45MiB/s 100(2) 100(2) 100(2) 100(2) 
60(2.00349)    528017IOPS  2062.57MiB/s 100(2) 100(2) 100(2) 100(2) 
62(2.00351)    528331IOPS  2063.79MiB/s 100(2) 100(2) 100(2) 100(2) 
64(2.00449)    528675IOPS  2065.14MiB/s 100(2) 100(2) 100(2) 100(2) 
66(2.00499)    529156IOPS  2067.02MiB/s 100(2) 100(2) 100(2) 100(2) 
68(2.0045)    529079IOPS  2066.72MiB/s 100(2) 100(2) 100(2) 100(2) 
70(2.00401)    528543IOPS  2064.62MiB/s 100(2) 100(2) 100(2) 100(2) 
