 479033  479033 crimson-osd       0	pid 479033's current affinity list: 0
 479033  479040 reactor-1        56	pid 479040's current affinity list: 56
 479033  479041 reactor-2         1	pid 479041's current affinity list: 1
 479033  479042 reactor-3        57	pid 479042's current affinity list: 57
 479033  479043 reactor-4         2	pid 479043's current affinity list: 2
 479033  479044 reactor-5        58	pid 479044's current affinity list: 58
 479033  479045 reactor-6         3	pid 479045's current affinity list: 3
 479033  479046 reactor-7        59	pid 479046's current affinity list: 59
 479033  479047 syscall-0         0	pid 479047's current affinity list: 0
 479033  479048 syscall-1        56	pid 479048's current affinity list: 56
 479033  479049 syscall-7        59	pid 479049's current affinity list: 59
 479033  479050 syscall-4         2	pid 479050's current affinity list: 2
 479033  479051 syscall-6         3	pid 479051's current affinity list: 3
 479033  479052 syscall-2         1	pid 479052's current affinity list: 1
 479033  479053 syscall-5        58	pid 479053's current affinity list: 58
 479033  479054 syscall-3        57	pid 479054's current affinity list: 57
 479033  479055 crimson-osd       0	pid 479055's current affinity list: 0
 479033  479056 reactor-1        56	pid 479056's current affinity list: 56
 479033  479057 reactor-7        59	pid 479057's current affinity list: 59
 479033  479058 reactor-5        58	pid 479058's current affinity list: 58
 479033  479059 reactor-3        57	pid 479059's current affinity list: 57
 479033  479060 reactor-2         1	pid 479060's current affinity list: 1
 479033  479061 reactor-4         2	pid 479061's current affinity list: 2
 479033  479062 reactor-6         3	pid 479062's current affinity list: 3
 479033  479033 crimson-osd       0	pid 479033's current affinity list: 0
 479033  479040 reactor-1        56	pid 479040's current affinity list: 56
 479033  479041 reactor-2         1	pid 479041's current affinity list: 1
 479033  479042 reactor-3        57	pid 479042's current affinity list: 57
 479033  479043 reactor-4         2	pid 479043's current affinity list: 2
 479033  479044 reactor-5        58	pid 479044's current affinity list: 58
 479033  479045 reactor-6         3	pid 479045's current affinity list: 3
 479033  479046 reactor-7        59	pid 479046's current affinity list: 59
 479033  479047 syscall-0         0	pid 479047's current affinity list: 0
 479033  479048 syscall-1        56	pid 479048's current affinity list: 56
 479033  479049 syscall-7        59	pid 479049's current affinity list: 59
 479033  479050 syscall-4         2	pid 479050's current affinity list: 2
 479033  479051 syscall-6         3	pid 479051's current affinity list: 3
 479033  479052 syscall-2         1	pid 479052's current affinity list: 1
 479033  479053 syscall-5        58	pid 479053's current affinity list: 58
 479033  479054 syscall-3        57	pid 479054's current affinity list: 57
 479033  479055 crimson-osd       0	pid 479055's current affinity list: 0
 479033  479056 reactor-1        56	pid 479056's current affinity list: 56
 479033  479057 reactor-7        59	pid 479057's current affinity list: 59
 479033  479058 reactor-5        58	pid 479058's current affinity list: 58
 479033  479059 reactor-3        57	pid 479059's current affinity list: 57
 479033  479060 reactor-2         1	pid 479060's current affinity list: 1
 479033  479061 reactor-4         2	pid 479061's current affinity list: 2
 479033  479062 reactor-6         3	pid 479062's current affinity list: 3
