2465810 2465810 crimson-osd       0	pid 2465810's current affinity list: 0
2465810 2465818 reactor-1        56	pid 2465818's current affinity list: 56
2465810 2465819 reactor-2         1	pid 2465819's current affinity list: 1
2465810 2465820 reactor-3        57	pid 2465820's current affinity list: 57
2465810 2465821 reactor-4         2	pid 2465821's current affinity list: 2
2465810 2465822 reactor-5        58	pid 2465822's current affinity list: 58
2465810 2465823 reactor-6         3	pid 2465823's current affinity list: 3
2465810 2465824 reactor-7        59	pid 2465824's current affinity list: 59
2465810 2465825 reactor-8         4	pid 2465825's current affinity list: 4
2465810 2465826 reactor-9        60	pid 2465826's current affinity list: 60
2465810 2465827 reactor-10        5	pid 2465827's current affinity list: 5
2465810 2465828 reactor-11       61	pid 2465828's current affinity list: 61
2465810 2465829 reactor-12        6	pid 2465829's current affinity list: 6
2465810 2465830 reactor-13       62	pid 2465830's current affinity list: 62
2465810 2465831 reactor-14        7	pid 2465831's current affinity list: 7
2465810 2465832 reactor-15       63	pid 2465832's current affinity list: 63
2465810 2465833 reactor-16        8	pid 2465833's current affinity list: 8
2465810 2465834 reactor-17       64	pid 2465834's current affinity list: 64
2465810 2465835 reactor-18        9	pid 2465835's current affinity list: 9
2465810 2465836 reactor-19       65	pid 2465836's current affinity list: 65
2465810 2465837 reactor-20       10	pid 2465837's current affinity list: 10
2465810 2465838 reactor-21       66	pid 2465838's current affinity list: 66
2465810 2465839 reactor-22       11	pid 2465839's current affinity list: 11
2465810 2465840 reactor-23       67	pid 2465840's current affinity list: 67
2465810 2465841 reactor-24       12	pid 2465841's current affinity list: 12
2465810 2465842 reactor-25       68	pid 2465842's current affinity list: 68
2465810 2465843 reactor-26       13	pid 2465843's current affinity list: 13
2465810 2465844 reactor-27       69	pid 2465844's current affinity list: 69
2465810 2465845 reactor-28       14	pid 2465845's current affinity list: 14
2465810 2465846 reactor-29       70	pid 2465846's current affinity list: 70
2465810 2465847 reactor-30       15	pid 2465847's current affinity list: 15
2465810 2465848 reactor-31       71	pid 2465848's current affinity list: 71
2465810 2465849 reactor-32       16	pid 2465849's current affinity list: 16
2465810 2465850 reactor-33       72	pid 2465850's current affinity list: 72
2465810 2465851 reactor-34       17	pid 2465851's current affinity list: 17
2465810 2465852 reactor-35       73	pid 2465852's current affinity list: 73
2465810 2465853 reactor-36       18	pid 2465853's current affinity list: 18
2465810 2465854 reactor-37       74	pid 2465854's current affinity list: 74
2465810 2465855 reactor-38       19	pid 2465855's current affinity list: 19
2465810 2465856 reactor-39       75	pid 2465856's current affinity list: 75
2465810 2465857 reactor-40       20	pid 2465857's current affinity list: 20
2465810 2465858 reactor-41       76	pid 2465858's current affinity list: 76
2465810 2465859 reactor-42       21	pid 2465859's current affinity list: 21
2465810 2465860 reactor-43       77	pid 2465860's current affinity list: 77
2465810 2465861 reactor-44       22	pid 2465861's current affinity list: 22
2465810 2465862 reactor-45       78	pid 2465862's current affinity list: 78
2465810 2465863 reactor-46       23	pid 2465863's current affinity list: 23
2465810 2465864 reactor-47       79	pid 2465864's current affinity list: 79
2465810 2465865 reactor-48       24	pid 2465865's current affinity list: 24
2465810 2465866 reactor-49       80	pid 2465866's current affinity list: 80
2465810 2465867 reactor-50       25	pid 2465867's current affinity list: 25
2465810 2465868 reactor-51       81	pid 2465868's current affinity list: 81
2465810 2465869 reactor-52       26	pid 2465869's current affinity list: 26
2465810 2465870 reactor-53       82	pid 2465870's current affinity list: 82
2465810 2465871 reactor-54       27	pid 2465871's current affinity list: 27
2465810 2465872 reactor-55       83	pid 2465872's current affinity list: 83
2465810 2465873 syscall-0         0	pid 2465873's current affinity list: 0
2465810 2465874 syscall-32       16	pid 2465874's current affinity list: 16
2465810 2465875 syscall-7        59	pid 2465875's current affinity list: 59
2465810 2465876 syscall-31       71	pid 2465876's current affinity list: 71
2465810 2465877 syscall-1        56	pid 2465877's current affinity list: 56
2465810 2465878 syscall-5        58	pid 2465878's current affinity list: 58
2465810 2465879 syscall-10        5	pid 2465879's current affinity list: 5
2465810 2465880 syscall-6         3	pid 2465880's current affinity list: 3
2465810 2465881 syscall-38       19	pid 2465881's current affinity list: 19
2465810 2465882 syscall-8         4	pid 2465882's current affinity list: 4
2465810 2465883 syscall-9        60	pid 2465883's current affinity list: 60
2465810 2465884 syscall-4         2	pid 2465884's current affinity list: 2
2465810 2465885 syscall-2         1	pid 2465885's current affinity list: 1
2465810 2465886 syscall-43       77	pid 2465886's current affinity list: 77
2465810 2465887 syscall-18        9	pid 2465887's current affinity list: 9
2465810 2465888 syscall-28       14	pid 2465888's current affinity list: 14
2465810 2465889 syscall-12        6	pid 2465889's current affinity list: 6
2465810 2465890 syscall-19       65	pid 2465890's current affinity list: 65
2465810 2465891 syscall-20       10	pid 2465891's current affinity list: 10
2465810 2465892 syscall-29       70	pid 2465892's current affinity list: 70
2465810 2465893 syscall-33       72	pid 2465893's current affinity list: 72
2465810 2465894 syscall-13       62	pid 2465894's current affinity list: 62
2465810 2465895 syscall-24       12	pid 2465895's current affinity list: 12
2465810 2465896 syscall-21       66	pid 2465896's current affinity list: 66
2465810 2465897 syscall-16        8	pid 2465897's current affinity list: 8
2465810 2465898 syscall-30       15	pid 2465898's current affinity list: 15
2465810 2465899 syscall-3        57	pid 2465899's current affinity list: 57
2465810 2465900 syscall-22       11	pid 2465900's current affinity list: 11
2465810 2465901 syscall-34       17	pid 2465901's current affinity list: 17
2465810 2465902 syscall-23       67	pid 2465902's current affinity list: 67
2465810 2465903 syscall-17       64	pid 2465903's current affinity list: 64
2465810 2465904 syscall-14        7	pid 2465904's current affinity list: 7
2465810 2465905 syscall-36       18	pid 2465905's current affinity list: 18
2465810 2465906 syscall-11       61	pid 2465906's current affinity list: 61
2465810 2465907 syscall-26       13	pid 2465907's current affinity list: 13
2465810 2465908 syscall-15       63	pid 2465908's current affinity list: 63
2465810 2465909 syscall-45       78	pid 2465909's current affinity list: 78
2465810 2465910 syscall-39       75	pid 2465910's current affinity list: 75
2465810 2465911 syscall-27       69	pid 2465911's current affinity list: 69
2465810 2465912 syscall-40       20	pid 2465912's current affinity list: 20
2465810 2465913 syscall-50       25	pid 2465913's current affinity list: 25
2465810 2465914 syscall-25       68	pid 2465914's current affinity list: 68
2465810 2465915 syscall-42       21	pid 2465915's current affinity list: 21
2465810 2465916 syscall-37       74	pid 2465916's current affinity list: 74
2465810 2465917 syscall-35       73	pid 2465917's current affinity list: 73
2465810 2465918 syscall-44       22	pid 2465918's current affinity list: 22
2465810 2465919 syscall-41       76	pid 2465919's current affinity list: 76
2465810 2465920 syscall-47       79	pid 2465920's current affinity list: 79
2465810 2465921 syscall-48       24	pid 2465921's current affinity list: 24
2465810 2465922 syscall-46       23	pid 2465922's current affinity list: 23
2465810 2465923 syscall-51       81	pid 2465923's current affinity list: 81
2465810 2465924 syscall-49       80	pid 2465924's current affinity list: 80
2465810 2465925 syscall-52       26	pid 2465925's current affinity list: 26
2465810 2465926 syscall-55       83	pid 2465926's current affinity list: 83
2465810 2465927 syscall-54       27	pid 2465927's current affinity list: 27
2465810 2465928 syscall-53       82	pid 2465928's current affinity list: 82
2465810 2465929 crimson-osd       0	pid 2465929's current affinity list: 0
2465810 2465930 reactor-1        56	pid 2465930's current affinity list: 56
2465810 2465931 reactor-47       79	pid 2465931's current affinity list: 79
2465810 2465932 reactor-43       77	pid 2465932's current affinity list: 77
2465810 2465933 reactor-20       10	pid 2465933's current affinity list: 10
2465810 2465934 reactor-27       69	pid 2465934's current affinity list: 69
2465810 2465935 reactor-16        8	pid 2465935's current affinity list: 8
2465810 2465936 reactor-32       16	pid 2465936's current affinity list: 16
2465810 2465937 reactor-15       63	pid 2465937's current affinity list: 63
2465810 2465938 reactor-6         3	pid 2465938's current affinity list: 3
2465810 2465939 reactor-14        7	pid 2465939's current affinity list: 7
2465810 2465940 reactor-8         4	pid 2465940's current affinity list: 4
2465810 2465941 reactor-18        9	pid 2465941's current affinity list: 9
2465810 2465942 reactor-35       73	pid 2465942's current affinity list: 73
2465810 2465943 reactor-25       68	pid 2465943's current affinity list: 68
2465810 2465944 reactor-4         2	pid 2465944's current affinity list: 2
2465810 2465945 reactor-10        5	pid 2465945's current affinity list: 5
2465810 2465946 reactor-5        58	pid 2465946's current affinity list: 58
2465810 2465947 reactor-11       61	pid 2465947's current affinity list: 61
2465810 2465948 reactor-39       75	pid 2465948's current affinity list: 75
2465810 2465949 reactor-38       19	pid 2465949's current affinity list: 19
2465810 2465950 reactor-29       70	pid 2465950's current affinity list: 70
2465810 2465951 reactor-12        6	pid 2465951's current affinity list: 6
2465810 2465952 reactor-46       23	pid 2465952's current affinity list: 23
2465810 2465953 reactor-13       62	pid 2465953's current affinity list: 62
2465810 2465954 reactor-28       14	pid 2465954's current affinity list: 14
2465810 2465955 reactor-21       66	pid 2465955's current affinity list: 66
2465810 2465956 reactor-33       72	pid 2465956's current affinity list: 72
2465810 2465957 reactor-17       64	pid 2465957's current affinity list: 64
2465810 2465958 reactor-55       83	pid 2465958's current affinity list: 83
2465810 2465959 reactor-34       17	pid 2465959's current affinity list: 17
2465810 2465960 reactor-50       25	pid 2465960's current affinity list: 25
2465810 2465961 reactor-9        60	pid 2465961's current affinity list: 60
2465810 2465962 reactor-44       22	pid 2465962's current affinity list: 22
2465810 2465963 reactor-2         1	pid 2465963's current affinity list: 1
2465810 2465964 reactor-36       18	pid 2465964's current affinity list: 18
2465810 2465965 reactor-52       26	pid 2465965's current affinity list: 26
2465810 2465966 reactor-41       76	pid 2465966's current affinity list: 76
2465810 2465967 reactor-45       78	pid 2465967's current affinity list: 78
2465810 2465968 reactor-54       27	pid 2465968's current affinity list: 27
2465810 2465969 reactor-51       81	pid 2465969's current affinity list: 81
2465810 2465970 reactor-42       21	pid 2465970's current affinity list: 21
2465810 2465971 reactor-24       12	pid 2465971's current affinity list: 12
2465810 2465972 reactor-22       11	pid 2465972's current affinity list: 11
2465810 2465973 reactor-3        57	pid 2465973's current affinity list: 57
2465810 2465974 reactor-40       20	pid 2465974's current affinity list: 20
2465810 2465975 reactor-23       67	pid 2465975's current affinity list: 67
2465810 2465976 reactor-7        59	pid 2465976's current affinity list: 59
2465810 2465977 reactor-48       24	pid 2465977's current affinity list: 24
2465810 2465978 reactor-49       80	pid 2465978's current affinity list: 80
2465810 2465979 reactor-19       65	pid 2465979's current affinity list: 65
2465810 2465980 reactor-30       15	pid 2465980's current affinity list: 15
2465810 2465981 reactor-53       82	pid 2465981's current affinity list: 82
2465810 2465982 reactor-31       71	pid 2465982's current affinity list: 71
2465810 2465983 reactor-26       13	pid 2465983's current affinity list: 13
2465810 2465984 reactor-37       74	pid 2465984's current affinity list: 74
2465810 2465810 crimson-osd       0	pid 2465810's current affinity list: 0
2465810 2465818 reactor-1        56	pid 2465818's current affinity list: 56
2465810 2465819 reactor-2         1	pid 2465819's current affinity list: 1
2465810 2465820 reactor-3        57	pid 2465820's current affinity list: 57
2465810 2465821 reactor-4         2	pid 2465821's current affinity list: 2
2465810 2465822 reactor-5        58	pid 2465822's current affinity list: 58
2465810 2465823 reactor-6         3	pid 2465823's current affinity list: 3
2465810 2465824 reactor-7        59	pid 2465824's current affinity list: 59
2465810 2465825 reactor-8         4	pid 2465825's current affinity list: 4
2465810 2465826 reactor-9        60	pid 2465826's current affinity list: 60
2465810 2465827 reactor-10        5	pid 2465827's current affinity list: 5
2465810 2465828 reactor-11       61	pid 2465828's current affinity list: 61
2465810 2465829 reactor-12        6	pid 2465829's current affinity list: 6
2465810 2465830 reactor-13       62	pid 2465830's current affinity list: 62
2465810 2465831 reactor-14        7	pid 2465831's current affinity list: 7
2465810 2465832 reactor-15       63	pid 2465832's current affinity list: 63
2465810 2465833 reactor-16        8	pid 2465833's current affinity list: 8
2465810 2465834 reactor-17       64	pid 2465834's current affinity list: 64
2465810 2465835 reactor-18        9	pid 2465835's current affinity list: 9
2465810 2465836 reactor-19       65	pid 2465836's current affinity list: 65
2465810 2465837 reactor-20       10	pid 2465837's current affinity list: 10
2465810 2465838 reactor-21       66	pid 2465838's current affinity list: 66
2465810 2465839 reactor-22       11	pid 2465839's current affinity list: 11
2465810 2465840 reactor-23       67	pid 2465840's current affinity list: 67
2465810 2465841 reactor-24       12	pid 2465841's current affinity list: 12
2465810 2465842 reactor-25       68	pid 2465842's current affinity list: 68
2465810 2465843 reactor-26       13	pid 2465843's current affinity list: 13
2465810 2465844 reactor-27       69	pid 2465844's current affinity list: 69
2465810 2465845 reactor-28       14	pid 2465845's current affinity list: 14
2465810 2465846 reactor-29       70	pid 2465846's current affinity list: 70
2465810 2465847 reactor-30       15	pid 2465847's current affinity list: 15
2465810 2465848 reactor-31       71	pid 2465848's current affinity list: 71
2465810 2465849 reactor-32       16	pid 2465849's current affinity list: 16
2465810 2465850 reactor-33       72	pid 2465850's current affinity list: 72
2465810 2465851 reactor-34       17	pid 2465851's current affinity list: 17
2465810 2465852 reactor-35       73	pid 2465852's current affinity list: 73
2465810 2465853 reactor-36       18	pid 2465853's current affinity list: 18
2465810 2465854 reactor-37       74	pid 2465854's current affinity list: 74
2465810 2465855 reactor-38       19	pid 2465855's current affinity list: 19
2465810 2465856 reactor-39       75	pid 2465856's current affinity list: 75
2465810 2465857 reactor-40       20	pid 2465857's current affinity list: 20
2465810 2465858 reactor-41       76	pid 2465858's current affinity list: 76
2465810 2465859 reactor-42       21	pid 2465859's current affinity list: 21
2465810 2465860 reactor-43       77	pid 2465860's current affinity list: 77
2465810 2465861 reactor-44       22	pid 2465861's current affinity list: 22
2465810 2465862 reactor-45       78	pid 2465862's current affinity list: 78
2465810 2465863 reactor-46       23	pid 2465863's current affinity list: 23
2465810 2465864 reactor-47       79	pid 2465864's current affinity list: 79
2465810 2465865 reactor-48       24	pid 2465865's current affinity list: 24
2465810 2465866 reactor-49       80	pid 2465866's current affinity list: 80
2465810 2465867 reactor-50       25	pid 2465867's current affinity list: 25
2465810 2465868 reactor-51       81	pid 2465868's current affinity list: 81
2465810 2465869 reactor-52       26	pid 2465869's current affinity list: 26
2465810 2465870 reactor-53       82	pid 2465870's current affinity list: 82
2465810 2465871 reactor-54       27	pid 2465871's current affinity list: 27
2465810 2465872 reactor-55       83	pid 2465872's current affinity list: 83
2465810 2465873 syscall-0         0	pid 2465873's current affinity list: 0
2465810 2465874 syscall-32       16	pid 2465874's current affinity list: 16
2465810 2465875 syscall-7        59	pid 2465875's current affinity list: 59
2465810 2465876 syscall-31       71	pid 2465876's current affinity list: 71
2465810 2465877 syscall-1        56	pid 2465877's current affinity list: 56
2465810 2465878 syscall-5        58	pid 2465878's current affinity list: 58
2465810 2465879 syscall-10        5	pid 2465879's current affinity list: 5
2465810 2465880 syscall-6         3	pid 2465880's current affinity list: 3
2465810 2465881 syscall-38       19	pid 2465881's current affinity list: 19
2465810 2465882 syscall-8         4	pid 2465882's current affinity list: 4
2465810 2465883 syscall-9        60	pid 2465883's current affinity list: 60
2465810 2465884 syscall-4         2	pid 2465884's current affinity list: 2
2465810 2465885 syscall-2         1	pid 2465885's current affinity list: 1
2465810 2465886 syscall-43       77	pid 2465886's current affinity list: 77
2465810 2465887 syscall-18        9	pid 2465887's current affinity list: 9
2465810 2465888 syscall-28       14	pid 2465888's current affinity list: 14
2465810 2465889 syscall-12        6	pid 2465889's current affinity list: 6
2465810 2465890 syscall-19       65	pid 2465890's current affinity list: 65
2465810 2465891 syscall-20       10	pid 2465891's current affinity list: 10
2465810 2465892 syscall-29       70	pid 2465892's current affinity list: 70
2465810 2465893 syscall-33       72	pid 2465893's current affinity list: 72
2465810 2465894 syscall-13       62	pid 2465894's current affinity list: 62
2465810 2465895 syscall-24       12	pid 2465895's current affinity list: 12
2465810 2465896 syscall-21       66	pid 2465896's current affinity list: 66
2465810 2465897 syscall-16        8	pid 2465897's current affinity list: 8
2465810 2465898 syscall-30       15	pid 2465898's current affinity list: 15
2465810 2465899 syscall-3        57	pid 2465899's current affinity list: 57
2465810 2465900 syscall-22       11	pid 2465900's current affinity list: 11
2465810 2465901 syscall-34       17	pid 2465901's current affinity list: 17
2465810 2465902 syscall-23       67	pid 2465902's current affinity list: 67
2465810 2465903 syscall-17       64	pid 2465903's current affinity list: 64
2465810 2465904 syscall-14        7	pid 2465904's current affinity list: 7
2465810 2465905 syscall-36       18	pid 2465905's current affinity list: 18
2465810 2465906 syscall-11       61	pid 2465906's current affinity list: 61
2465810 2465907 syscall-26       13	pid 2465907's current affinity list: 13
2465810 2465908 syscall-15       63	pid 2465908's current affinity list: 63
2465810 2465909 syscall-45       78	pid 2465909's current affinity list: 78
2465810 2465910 syscall-39       75	pid 2465910's current affinity list: 75
2465810 2465911 syscall-27       69	pid 2465911's current affinity list: 69
2465810 2465912 syscall-40       20	pid 2465912's current affinity list: 20
2465810 2465913 syscall-50       25	pid 2465913's current affinity list: 25
2465810 2465914 syscall-25       68	pid 2465914's current affinity list: 68
2465810 2465915 syscall-42       21	pid 2465915's current affinity list: 21
2465810 2465916 syscall-37       74	pid 2465916's current affinity list: 74
2465810 2465917 syscall-35       73	pid 2465917's current affinity list: 73
2465810 2465918 syscall-44       22	pid 2465918's current affinity list: 22
2465810 2465919 syscall-41       76	pid 2465919's current affinity list: 76
2465810 2465920 syscall-47       79	pid 2465920's current affinity list: 79
2465810 2465921 syscall-48       24	pid 2465921's current affinity list: 24
2465810 2465922 syscall-46       23	pid 2465922's current affinity list: 23
2465810 2465923 syscall-51       81	pid 2465923's current affinity list: 81
2465810 2465924 syscall-49       80	pid 2465924's current affinity list: 80
2465810 2465925 syscall-52       26	pid 2465925's current affinity list: 26
2465810 2465926 syscall-55       83	pid 2465926's current affinity list: 83
2465810 2465927 syscall-54       27	pid 2465927's current affinity list: 27
2465810 2465928 syscall-53       82	pid 2465928's current affinity list: 82
2465810 2465929 crimson-osd       0	pid 2465929's current affinity list: 0
2465810 2465930 reactor-1        56	pid 2465930's current affinity list: 56
2465810 2465931 reactor-47       79	pid 2465931's current affinity list: 79
2465810 2465932 reactor-43       77	pid 2465932's current affinity list: 77
2465810 2465933 reactor-20       10	pid 2465933's current affinity list: 10
2465810 2465934 reactor-27       69	pid 2465934's current affinity list: 69
2465810 2465935 reactor-16        8	pid 2465935's current affinity list: 8
2465810 2465936 reactor-32       16	pid 2465936's current affinity list: 16
2465810 2465937 reactor-15       63	pid 2465937's current affinity list: 63
2465810 2465938 reactor-6         3	pid 2465938's current affinity list: 3
2465810 2465939 reactor-14        7	pid 2465939's current affinity list: 7
2465810 2465940 reactor-8         4	pid 2465940's current affinity list: 4
2465810 2465941 reactor-18        9	pid 2465941's current affinity list: 9
2465810 2465942 reactor-35       73	pid 2465942's current affinity list: 73
2465810 2465943 reactor-25       68	pid 2465943's current affinity list: 68
2465810 2465944 reactor-4         2	pid 2465944's current affinity list: 2
2465810 2465945 reactor-10        5	pid 2465945's current affinity list: 5
2465810 2465946 reactor-5        58	pid 2465946's current affinity list: 58
2465810 2465947 reactor-11       61	pid 2465947's current affinity list: 61
2465810 2465948 reactor-39       75	pid 2465948's current affinity list: 75
2465810 2465949 reactor-38       19	pid 2465949's current affinity list: 19
2465810 2465950 reactor-29       70	pid 2465950's current affinity list: 70
2465810 2465951 reactor-12        6	pid 2465951's current affinity list: 6
2465810 2465952 reactor-46       23	pid 2465952's current affinity list: 23
2465810 2465953 reactor-13       62	pid 2465953's current affinity list: 62
2465810 2465954 reactor-28       14	pid 2465954's current affinity list: 14
2465810 2465955 reactor-21       66	pid 2465955's current affinity list: 66
2465810 2465956 reactor-33       72	pid 2465956's current affinity list: 72
2465810 2465957 reactor-17       64	pid 2465957's current affinity list: 64
2465810 2465958 reactor-55       83	pid 2465958's current affinity list: 83
2465810 2465959 reactor-34       17	pid 2465959's current affinity list: 17
2465810 2465960 reactor-50       25	pid 2465960's current affinity list: 25
2465810 2465961 reactor-9        60	pid 2465961's current affinity list: 60
2465810 2465962 reactor-44       22	pid 2465962's current affinity list: 22
2465810 2465963 reactor-2         1	pid 2465963's current affinity list: 1
2465810 2465964 reactor-36       18	pid 2465964's current affinity list: 18
2465810 2465965 reactor-52       26	pid 2465965's current affinity list: 26
2465810 2465966 reactor-41       76	pid 2465966's current affinity list: 76
2465810 2465967 reactor-45       78	pid 2465967's current affinity list: 78
2465810 2465968 reactor-54       27	pid 2465968's current affinity list: 27
2465810 2465969 reactor-51       81	pid 2465969's current affinity list: 81
2465810 2465970 reactor-42       21	pid 2465970's current affinity list: 21
2465810 2465971 reactor-24       12	pid 2465971's current affinity list: 12
2465810 2465972 reactor-22       11	pid 2465972's current affinity list: 11
2465810 2465973 reactor-3        57	pid 2465973's current affinity list: 57
2465810 2465974 reactor-40       20	pid 2465974's current affinity list: 20
2465810 2465975 reactor-23       67	pid 2465975's current affinity list: 67
2465810 2465976 reactor-7        59	pid 2465976's current affinity list: 59
2465810 2465977 reactor-48       24	pid 2465977's current affinity list: 24
2465810 2465978 reactor-49       80	pid 2465978's current affinity list: 80
2465810 2465979 reactor-19       65	pid 2465979's current affinity list: 65
2465810 2465980 reactor-30       15	pid 2465980's current affinity list: 15
2465810 2465981 reactor-53       82	pid 2465981's current affinity list: 82
2465810 2465982 reactor-31       71	pid 2465982's current affinity list: 71
2465810 2465983 reactor-26       13	pid 2465983's current affinity list: 13
2465810 2465984 reactor-37       74	pid 2465984's current affinity list: 74
