1271764 1271764 perf-crimson-ms  28	pid 1271764's current affinity list: 28
1271764 1271766 reactor-1        29	pid 1271766's current affinity list: 29
1271764 1271767 reactor-2        30	pid 1271767's current affinity list: 30
1271764 1271768 reactor-3        31	pid 1271768's current affinity list: 31
1271764 1271769 reactor-4        32	pid 1271769's current affinity list: 32
1271764 1271770 reactor-5        33	pid 1271770's current affinity list: 33
1271764 1271771 reactor-6        34	pid 1271771's current affinity list: 34
1271764 1271772 reactor-7        35	pid 1271772's current affinity list: 35
1271764 1271773 reactor-8        36	pid 1271773's current affinity list: 36
1271764 1271774 reactor-9        37	pid 1271774's current affinity list: 37
1271764 1271775 reactor-10       38	pid 1271775's current affinity list: 38
1271764 1271776 reactor-11       39	pid 1271776's current affinity list: 39
1271764 1271777 reactor-12       40	pid 1271777's current affinity list: 40
1271764 1271778 reactor-13       41	pid 1271778's current affinity list: 41
1271764 1271779 reactor-14       42	pid 1271779's current affinity list: 42
1271764 1271780 reactor-15       43	pid 1271780's current affinity list: 43
1271764 1271781 syscall-0        28	pid 1271781's current affinity list: 28
1271764 1271782 syscall-6        34	pid 1271782's current affinity list: 34
1271764 1271783 syscall-2        30	pid 1271783's current affinity list: 30
1271764 1271784 syscall-7        35	pid 1271784's current affinity list: 35
1271764 1271785 syscall-14       42	pid 1271785's current affinity list: 42
1271764 1271786 syscall-13       41	pid 1271786's current affinity list: 41
1271764 1271787 syscall-11       39	pid 1271787's current affinity list: 39
1271764 1271788 syscall-5        33	pid 1271788's current affinity list: 33
1271764 1271789 syscall-9        37	pid 1271789's current affinity list: 37
1271764 1271790 syscall-12       40	pid 1271790's current affinity list: 40
1271764 1271791 syscall-1        29	pid 1271791's current affinity list: 29
1271764 1271792 syscall-4        32	pid 1271792's current affinity list: 32
1271764 1271793 syscall-8        36	pid 1271793's current affinity list: 36
1271764 1271794 syscall-15       43	pid 1271794's current affinity list: 43
1271764 1271795 syscall-10       38	pid 1271795's current affinity list: 38
1271764 1271796 syscall-3        31	pid 1271796's current affinity list: 31
