1271732 1271732 perf-async-msgr   3	pid 1271732's current affinity list: 0-15
1271732 1271734 log               4	pid 1271734's current affinity list: 0-15
1271732 1271735 service           5	pid 1271735's current affinity list: 0-15
1271732 1271736 admin_socket      6	pid 1271736's current affinity list: 0-15
1271732 1271737 msgr-worker-0     7	pid 1271737's current affinity list: 0-15
1271732 1271738 msgr-worker-1    10	pid 1271738's current affinity list: 0-15
1271732 1271739 msgr-worker-2    11	pid 1271739's current affinity list: 0-15
1271732 1271740 msgr-worker-3    12	pid 1271740's current affinity list: 0-15
1271732 1271741 msgr-worker-4    13	pid 1271741's current affinity list: 0-15
1271732 1271742 msgr-worker-5    14	pid 1271742's current affinity list: 0-15
1271732 1271743 msgr-worker-6    15	pid 1271743's current affinity list: 0-15
1271732 1271744 msgr-worker-7     0	pid 1271744's current affinity list: 0-15
1271732 1271745 msgr-worker-8     2	pid 1271745's current affinity list: 0-15
1271732 1271746 msgr-worker-9     1	pid 1271746's current affinity list: 0-15
1271732 1271747 msgr-worker-10    8	pid 1271747's current affinity list: 0-15
1271732 1271748 msgr-worker-11    9	pid 1271748's current affinity list: 0-15
1271732 1271749 msgr-worker-12    4	pid 1271749's current affinity list: 0-15
1271732 1271750 msgr-worker-13    5	pid 1271750's current affinity list: 0-15
1271732 1271751 msgr-worker-14    6	pid 1271751's current affinity list: 0-15
1271732 1271752 msgr-worker-15    7	pid 1271752's current affinity list: 0-15
1271732 1271753 ms_dispatch      10	pid 1271753's current affinity list: 0-15
1271732 1271754 ms_local         11	pid 1271754's current affinity list: 0-15
