   sec  depth      IOPS     MB/s  lat(ms)
1.0044   1720    323206  1262.52  5.55549 -- 97,96,
1.0035   1707    324624  1268.06  5.57945 -- 97,96,
1.00238   2001    324377   1267.1  5.55982 -- 97,96,
1.00336   1650    323767  1264.72  5.59913 -- 96,96,
1.00265   2048    322994   1261.7  5.59723 -- 96,96,
1.00444   1987    323724  1264.55  5.58991 -- 97,96,
1.00261   2000    323987  1265.57  5.58644 -- 96,96,
1.00128   2048    323294  1262.87  5.56736 -- 96,96,
1.0015   2048    323258  1262.73  5.63421 -- 96,96,
1.00329   1870    324538  1267.73  5.57307 -- 96,96,
-------------- summary --------------
10.0329     -  323774 1264.74 5.58425

1.008   1989    323688  1264.41  5.55425 -- 96,96,
1.004   1599    323456   1263.5  5.56702 -- 96,96,
1.00269   1924    322590  1260.12  5.60397 -- 96,96,
1.00495   1782    323490  1263.63  5.60185 -- 96,96,
1.00297   2045    323436  1263.42  5.60171 -- 96,96,
1.00238   1883    324625  1268.07  5.57078 -- 96,96,
1.00444   2048    323414  1263.34  5.61869 -- 96,96,
1.00267   2048    323868  1265.11  5.55763 -- 96,96,
1.00239   1788    323782  1264.77  5.58942 -- 97,96,
1.0045   1858    321935  1257.56  5.65346 -- 96,96,
-------------- summary --------------
20.0704     -  323595 1264.04 5.58806

1.00525   1617    323562  1263.91  5.58551 -- 96,95,
1.00405   1789    324096     1266  5.58252 -- 96,96,
1.00408   1807    322179  1258.51  5.60929 -- 96,96,
1.00316   2048    321091  1254.26  5.65248 -- 96,96,
1.00458   1981    323878  1265.15  5.54765 -- 96,96,
1.00298   1851    324080  1265.94  5.60439 -- 96,96,
1.00361   2020    323452  1263.48  5.60896 -- 96,96,
1.00513   1972    323797  1264.83  5.55561 -- 96,96,
1.00245   1957    323336  1263.03  5.57755 -- 97,96,
1.00271   1641    324140  1266.17  5.59199 -- 97,96,
-------------- summary --------------
30.1085     -  323515 1263.73 5.58918

1.00576   1753    323746  1264.63  5.57293 -- 97,96,
1.00241   2048    323359  1263.12  5.64557 -- 97,96,
1.00272   1988    323695  1264.43   5.6046 -- 97,96,
1.00248   1850    323873  1265.13  5.56838 -- 97,96,
1.00313   1734    323297  1262.88  5.60176 -- 97,96,
1.00211   2048    323557  1263.89  5.59929 -- 97,96,
1.0022   1969    323899  1265.23  5.56235 -- 97,96,
1.00339   1796    323814   1264.9  5.57686 -- 97,96,
1.00399   1643    323729  1264.57  5.57025 -- 97,96,
1.0045   1843    323537  1263.82  5.59559 -- 97,96,
-------------- summary --------------
 40.141     -  323552 1263.88 5.58932

1.00459   1813    323093  1262.08  5.58473 -- 97,96,
1.00448   1408    324044   1265.8  5.54923 -- 97,96,
1.0039   2003    323204  1262.51  5.58806 -- 97,96,
1.00299   1671    324227  1266.51  5.58314 -- 97,96,
1.00336   1727    323702  1264.46  5.57361 -- 97,95,
1.00339   2048    323773  1264.74  5.56435 -- 97,95,
1.00251   1792    323652  1264.27  5.59636 -- 97,95,
1.00329   2015    323909  1265.27   5.5548 -- 97,95,
1.00189   1876    324081  1265.94  5.59709 -- 97,95,
1.00149   1894    323522  1263.76  5.58127 -- 97,95,
-------------- summary --------------
50.1739     -  323587 1264.01 5.58692

1.00578   2048    323682  1264.38  5.57975 -- 97,95,
1.00264   1946    324060  1265.86  5.57672 -- 97,96,
1.00419   1983    323388  1263.23   5.5663 -- 97,96,
1.00162   1944    323618  1264.13  5.55974 -- 96,96,
1.00281   1918    323939  1265.39  5.60984 -- 96,96,
1.00413   1672    323039  1261.87  5.60466 -- 96,96,
1.0044   2019    322806  1260.96  5.56184 -- 97,95,
1.00384   1872    323779  1264.76   5.5847 -- 97,95,
1.00327   2048    322788  1260.89  5.58568 -- 97,95,
1.00346   2026    323667  1264.32  5.57157 -- 96,96,
-------------- summary --------------
60.2085     -  323569 1263.94 5.58577

client0Conn0@0(depth=512):
  connect time: 0.000630s
  messages received: 4896525
  messaging time: 60.210029s
  latency: 5.564219ms
  IOPS: 81324.075853
  out throughput: 317.672171MB/s
client0Conn1@0(depth=512):
  connect time: 0.000414s
  messages received: 4910668
  messaging time: 60.209953s
  latency: 5.541506ms
  IOPS: 81559.074472
  out throughput: 318.590135MB/s
client1Conn0@1(depth=512):
  connect time: 0.000415s
  messages received: 4830973
  messaging time: 60.209225s
  latency: 5.624967ms
  IOPS: 80236.425692
  out throughput: 313.423538MB/s
client1Conn1@1(depth=512):
  connect time: 0.000332s
  messages received: 4843873
  messaging time: 60.209238s
  latency: 5.613346ms
  IOPS: 80450.660658
  out throughput: 314.260393MB/s

per client:
client0(depth=1024):
  connect time: 0.000522s
  messages received: 9807193
  messaging time: 60.209991s
  latency: 5.552862ms
  IOPS: 162883.150325
  out throughput: 636.262306MB/s
client1(depth=1024):
  connect time: 0.000373s
  messages received: 9674846
  messaging time: 60.209232s
  latency: 5.619157ms
  IOPS: 160687.086350
  out throughput: 627.683931MB/s

all(depth=2048):
  connect time: 0.000447s
  messages received: 19482039
  messaging time: 60.209611s
  latency: 5.586010ms
  IOPS: 323570.236676
  out throughput: 1263.946237MB/s
