 637928  637928 crimson-osd       0	pid 637928's current affinity list: 0
 637928  637935 reactor-1        56	pid 637935's current affinity list: 56
 637928  637936 reactor-2         1	pid 637936's current affinity list: 1
 637928  637937 reactor-3        57	pid 637937's current affinity list: 57
 637928  637938 reactor-4         2	pid 637938's current affinity list: 2
 637928  637939 reactor-5        58	pid 637939's current affinity list: 58
 637928  637940 reactor-6         3	pid 637940's current affinity list: 3
 637928  637941 reactor-7        59	pid 637941's current affinity list: 59
 637928  637942 reactor-8         4	pid 637942's current affinity list: 4
 637928  637943 reactor-9        60	pid 637943's current affinity list: 60
 637928  637944 reactor-10        5	pid 637944's current affinity list: 5
 637928  637945 reactor-11       61	pid 637945's current affinity list: 61
 637928  637946 reactor-12        6	pid 637946's current affinity list: 6
 637928  637947 reactor-13       62	pid 637947's current affinity list: 62
 637928  637948 reactor-14        7	pid 637948's current affinity list: 7
 637928  637949 reactor-15       63	pid 637949's current affinity list: 63
 637928  637950 reactor-16        8	pid 637950's current affinity list: 8
 637928  637951 reactor-17       64	pid 637951's current affinity list: 64
 637928  637952 reactor-18        9	pid 637952's current affinity list: 9
 637928  637953 reactor-19       65	pid 637953's current affinity list: 65
 637928  637954 reactor-20       10	pid 637954's current affinity list: 10
 637928  637955 reactor-21       66	pid 637955's current affinity list: 66
 637928  637956 reactor-22       11	pid 637956's current affinity list: 11
 637928  637957 reactor-23       67	pid 637957's current affinity list: 67
 637928  637958 reactor-24       12	pid 637958's current affinity list: 12
 637928  637959 reactor-25       68	pid 637959's current affinity list: 68
 637928  637960 reactor-26       13	pid 637960's current affinity list: 13
 637928  637961 reactor-27       69	pid 637961's current affinity list: 69
 637928  637962 reactor-28       14	pid 637962's current affinity list: 14
 637928  637963 reactor-29       70	pid 637963's current affinity list: 70
 637928  637964 reactor-30       15	pid 637964's current affinity list: 15
 637928  637965 reactor-31       71	pid 637965's current affinity list: 71
 637928  637966 reactor-32       16	pid 637966's current affinity list: 16
 637928  637967 reactor-33       72	pid 637967's current affinity list: 72
 637928  637968 reactor-34       17	pid 637968's current affinity list: 17
 637928  637969 reactor-35       73	pid 637969's current affinity list: 73
 637928  637970 reactor-36       18	pid 637970's current affinity list: 18
 637928  637971 reactor-37       74	pid 637971's current affinity list: 74
 637928  637972 reactor-38       19	pid 637972's current affinity list: 19
 637928  637973 reactor-39       75	pid 637973's current affinity list: 75
 637928  637974 reactor-40       20	pid 637974's current affinity list: 20
 637928  637975 reactor-41       76	pid 637975's current affinity list: 76
 637928  637976 reactor-42       21	pid 637976's current affinity list: 21
 637928  637977 reactor-43       77	pid 637977's current affinity list: 77
 637928  637978 reactor-44       22	pid 637978's current affinity list: 22
 637928  637979 reactor-45       78	pid 637979's current affinity list: 78
 637928  637980 reactor-46       23	pid 637980's current affinity list: 23
 637928  637981 reactor-47       79	pid 637981's current affinity list: 79
 637928  637982 reactor-48       24	pid 637982's current affinity list: 24
 637928  637983 reactor-49       80	pid 637983's current affinity list: 80
 637928  637984 reactor-50       25	pid 637984's current affinity list: 25
 637928  637985 reactor-51       81	pid 637985's current affinity list: 81
 637928  637986 reactor-52       26	pid 637986's current affinity list: 26
 637928  637987 reactor-53       82	pid 637987's current affinity list: 82
 637928  637988 reactor-54       27	pid 637988's current affinity list: 27
 637928  637989 reactor-55       83	pid 637989's current affinity list: 83
 637928  637990 syscall-0         0	pid 637990's current affinity list: 0
 637928  637991 syscall-33       72	pid 637991's current affinity list: 72
 637928  637992 syscall-34       17	pid 637992's current affinity list: 17
 637928  637993 syscall-4         2	pid 637993's current affinity list: 2
 637928  637994 syscall-35       73	pid 637994's current affinity list: 73
 637928  637995 syscall-53       82	pid 637995's current affinity list: 82
 637928  637996 syscall-44       22	pid 637996's current affinity list: 22
 637928  637997 syscall-5        58	pid 637997's current affinity list: 58
 637928  637998 syscall-1        56	pid 637998's current affinity list: 56
 637928  637999 syscall-18        9	pid 637999's current affinity list: 9
 637928  638000 syscall-2         1	pid 638000's current affinity list: 1
 637928  638001 syscall-21       66	pid 638001's current affinity list: 66
 637928  638002 syscall-25       68	pid 638002's current affinity list: 68
 637928  638003 syscall-20       10	pid 638003's current affinity list: 10
 637928  638004 syscall-39       75	pid 638004's current affinity list: 75
 637928  638005 syscall-14        7	pid 638005's current affinity list: 7
 637928  638006 syscall-3        57	pid 638006's current affinity list: 57
 637928  638007 syscall-26       13	pid 638007's current affinity list: 13
 637928  638008 syscall-30       15	pid 638008's current affinity list: 15
 637928  638009 syscall-32       16	pid 638009's current affinity list: 16
 637928  638010 syscall-10        5	pid 638010's current affinity list: 5
 637928  638011 syscall-19       65	pid 638011's current affinity list: 65
 637928  638012 syscall-17       64	pid 638012's current affinity list: 64
 637928  638013 syscall-29       70	pid 638013's current affinity list: 70
 637928  638014 syscall-6         3	pid 638014's current affinity list: 3
 637928  638015 syscall-8         4	pid 638015's current affinity list: 4
 637928  638016 syscall-12        6	pid 638016's current affinity list: 6
 637928  638017 syscall-13       62	pid 638017's current affinity list: 62
 637928  638018 syscall-23       67	pid 638018's current affinity list: 67
 637928  638019 syscall-7        59	pid 638019's current affinity list: 59
 637928  638020 syscall-16        8	pid 638020's current affinity list: 8
 637928  638021 syscall-15       63	pid 638021's current affinity list: 63
 637928  638022 syscall-9        60	pid 638022's current affinity list: 60
 637928  638023 syscall-47       79	pid 638023's current affinity list: 79
 637928  638024 syscall-42       21	pid 638024's current affinity list: 21
 637928  638025 syscall-22       11	pid 638025's current affinity list: 11
 637928  638026 syscall-11       61	pid 638026's current affinity list: 61
 637928  638027 syscall-28       14	pid 638027's current affinity list: 14
 637928  638028 syscall-24       12	pid 638028's current affinity list: 12
 637928  638029 syscall-27       69	pid 638029's current affinity list: 69
 637928  638030 syscall-45       78	pid 638030's current affinity list: 78
 637928  638031 syscall-38       19	pid 638031's current affinity list: 19
 637928  638032 syscall-36       18	pid 638032's current affinity list: 18
 637928  638033 syscall-31       71	pid 638033's current affinity list: 71
 637928  638034 syscall-43       77	pid 638034's current affinity list: 77
 637928  638035 syscall-41       76	pid 638035's current affinity list: 76
 637928  638036 syscall-40       20	pid 638036's current affinity list: 20
 637928  638037 syscall-37       74	pid 638037's current affinity list: 74
 637928  638038 syscall-50       25	pid 638038's current affinity list: 25
 637928  638039 syscall-52       26	pid 638039's current affinity list: 26
 637928  638040 syscall-51       81	pid 638040's current affinity list: 81
 637928  638041 syscall-46       23	pid 638041's current affinity list: 23
 637928  638042 syscall-48       24	pid 638042's current affinity list: 24
 637928  638043 syscall-49       80	pid 638043's current affinity list: 80
 637928  638044 syscall-55       83	pid 638044's current affinity list: 83
 637928  638045 syscall-54       27	pid 638045's current affinity list: 27
 637928  638046 crimson-osd       0	pid 638046's current affinity list: 0
 637928  638047 reactor-2         1	pid 638047's current affinity list: 1
 637928  638048 reactor-46       23	pid 638048's current affinity list: 23
 637928  638049 reactor-12        6	pid 638049's current affinity list: 6
 637928  638050 reactor-13       62	pid 638050's current affinity list: 62
 637928  638051 reactor-23       67	pid 638051's current affinity list: 67
 637928  638052 reactor-40       20	pid 638052's current affinity list: 20
 637928  638053 reactor-27       69	pid 638053's current affinity list: 69
 637928  638054 reactor-26       13	pid 638054's current affinity list: 13
 637928  638055 reactor-10        5	pid 638055's current affinity list: 5
 637928  638056 reactor-35       73	pid 638056's current affinity list: 73
 637928  638057 reactor-3        57	pid 638057's current affinity list: 57
 637928  638058 reactor-1        56	pid 638058's current affinity list: 56
 637928  638059 reactor-4         2	pid 638059's current affinity list: 2
 637928  638060 reactor-44       22	pid 638060's current affinity list: 22
 637928  638061 reactor-36       18	pid 638061's current affinity list: 18
 637928  638062 reactor-41       76	pid 638062's current affinity list: 76
 637928  638063 reactor-5        58	pid 638063's current affinity list: 58
 637928  638064 reactor-11       61	pid 638064's current affinity list: 61
 637928  638065 reactor-47       79	pid 638065's current affinity list: 79
 637928  638066 reactor-9        60	pid 638066's current affinity list: 60
 637928  638067 reactor-8         4	pid 638067's current affinity list: 4
 637928  638068 reactor-16        8	pid 638068's current affinity list: 8
 637928  638069 reactor-17       64	pid 638069's current affinity list: 64
 637928  638070 reactor-20       10	pid 638070's current affinity list: 10
 637928  638071 reactor-22       11	pid 638071's current affinity list: 11
 637928  638072 reactor-18        9	pid 638072's current affinity list: 9
 637928  638073 reactor-19       65	pid 638073's current affinity list: 65
 637928  638074 reactor-25       68	pid 638074's current affinity list: 68
 637928  638075 reactor-24       12	pid 638075's current affinity list: 12
 637928  638076 reactor-45       78	pid 638076's current affinity list: 78
 637928  638077 reactor-6         3	pid 638077's current affinity list: 3
 637928  638078 reactor-7        59	pid 638078's current affinity list: 59
 637928  638079 reactor-38       19	pid 638079's current affinity list: 19
 637928  638080 reactor-34       17	pid 638080's current affinity list: 17
 637928  638081 reactor-33       72	pid 638081's current affinity list: 72
 637928  638082 reactor-15       63	pid 638082's current affinity list: 63
 637928  638083 reactor-14        7	pid 638083's current affinity list: 7
 637928  638084 reactor-53       82	pid 638084's current affinity list: 82
 637928  638085 reactor-52       26	pid 638085's current affinity list: 26
 637928  638086 reactor-32       16	pid 638086's current affinity list: 16
 637928  638087 reactor-48       24	pid 638087's current affinity list: 24
 637928  638088 reactor-49       80	pid 638088's current affinity list: 80
 637928  638089 reactor-21       66	pid 638089's current affinity list: 66
 637928  638090 reactor-50       25	pid 638090's current affinity list: 25
 637928  638091 reactor-29       70	pid 638091's current affinity list: 70
 637928  638092 reactor-51       81	pid 638092's current affinity list: 81
 637928  638093 reactor-39       75	pid 638093's current affinity list: 75
 637928  638094 reactor-43       77	pid 638094's current affinity list: 77
 637928  638095 reactor-55       83	pid 638095's current affinity list: 83
 637928  638096 reactor-54       27	pid 638096's current affinity list: 27
 637928  638097 reactor-42       21	pid 638097's current affinity list: 21
 637928  638098 reactor-30       15	pid 638098's current affinity list: 15
 637928  638099 reactor-31       71	pid 638099's current affinity list: 71
 637928  638100 reactor-28       14	pid 638100's current affinity list: 14
 637928  638101 reactor-37       74	pid 638101's current affinity list: 74
 637928  637928 crimson-osd       0	pid 637928's current affinity list: 0
 637928  637935 reactor-1        56	pid 637935's current affinity list: 56
 637928  637936 reactor-2         1	pid 637936's current affinity list: 1
 637928  637937 reactor-3        57	pid 637937's current affinity list: 57
 637928  637938 reactor-4         2	pid 637938's current affinity list: 2
 637928  637939 reactor-5        58	pid 637939's current affinity list: 58
 637928  637940 reactor-6         3	pid 637940's current affinity list: 3
 637928  637941 reactor-7        59	pid 637941's current affinity list: 59
 637928  637942 reactor-8         4	pid 637942's current affinity list: 4
 637928  637943 reactor-9        60	pid 637943's current affinity list: 60
 637928  637944 reactor-10        5	pid 637944's current affinity list: 5
 637928  637945 reactor-11       61	pid 637945's current affinity list: 61
 637928  637946 reactor-12        6	pid 637946's current affinity list: 6
 637928  637947 reactor-13       62	pid 637947's current affinity list: 62
 637928  637948 reactor-14        7	pid 637948's current affinity list: 7
 637928  637949 reactor-15       63	pid 637949's current affinity list: 63
 637928  637950 reactor-16        8	pid 637950's current affinity list: 8
 637928  637951 reactor-17       64	pid 637951's current affinity list: 64
 637928  637952 reactor-18        9	pid 637952's current affinity list: 9
 637928  637953 reactor-19       65	pid 637953's current affinity list: 65
 637928  637954 reactor-20       10	pid 637954's current affinity list: 10
 637928  637955 reactor-21       66	pid 637955's current affinity list: 66
 637928  637956 reactor-22       11	pid 637956's current affinity list: 11
 637928  637957 reactor-23       67	pid 637957's current affinity list: 67
 637928  637958 reactor-24       12	pid 637958's current affinity list: 12
 637928  637959 reactor-25       68	pid 637959's current affinity list: 68
 637928  637960 reactor-26       13	pid 637960's current affinity list: 13
 637928  637961 reactor-27       69	pid 637961's current affinity list: 69
 637928  637962 reactor-28       14	pid 637962's current affinity list: 14
 637928  637963 reactor-29       70	pid 637963's current affinity list: 70
 637928  637964 reactor-30       15	pid 637964's current affinity list: 15
 637928  637965 reactor-31       71	pid 637965's current affinity list: 71
 637928  637966 reactor-32       16	pid 637966's current affinity list: 16
 637928  637967 reactor-33       72	pid 637967's current affinity list: 72
 637928  637968 reactor-34       17	pid 637968's current affinity list: 17
 637928  637969 reactor-35       73	pid 637969's current affinity list: 73
 637928  637970 reactor-36       18	pid 637970's current affinity list: 18
 637928  637971 reactor-37       74	pid 637971's current affinity list: 74
 637928  637972 reactor-38       19	pid 637972's current affinity list: 19
 637928  637973 reactor-39       75	pid 637973's current affinity list: 75
 637928  637974 reactor-40       20	pid 637974's current affinity list: 20
 637928  637975 reactor-41       76	pid 637975's current affinity list: 76
 637928  637976 reactor-42       21	pid 637976's current affinity list: 21
 637928  637977 reactor-43       77	pid 637977's current affinity list: 77
 637928  637978 reactor-44       22	pid 637978's current affinity list: 22
 637928  637979 reactor-45       78	pid 637979's current affinity list: 78
 637928  637980 reactor-46       23	pid 637980's current affinity list: 23
 637928  637981 reactor-47       79	pid 637981's current affinity list: 79
 637928  637982 reactor-48       24	pid 637982's current affinity list: 24
 637928  637983 reactor-49       80	pid 637983's current affinity list: 80
 637928  637984 reactor-50       25	pid 637984's current affinity list: 25
 637928  637985 reactor-51       81	pid 637985's current affinity list: 81
 637928  637986 reactor-52       26	pid 637986's current affinity list: 26
 637928  637987 reactor-53       82	pid 637987's current affinity list: 82
 637928  637988 reactor-54       27	pid 637988's current affinity list: 27
 637928  637989 reactor-55       83	pid 637989's current affinity list: 83
 637928  637990 syscall-0         0	pid 637990's current affinity list: 0
 637928  637991 syscall-33       72	pid 637991's current affinity list: 72
 637928  637992 syscall-34       17	pid 637992's current affinity list: 17
 637928  637993 syscall-4         2	pid 637993's current affinity list: 2
 637928  637994 syscall-35       73	pid 637994's current affinity list: 73
 637928  637995 syscall-53       82	pid 637995's current affinity list: 82
 637928  637996 syscall-44       22	pid 637996's current affinity list: 22
 637928  637997 syscall-5        58	pid 637997's current affinity list: 58
 637928  637998 syscall-1        56	pid 637998's current affinity list: 56
 637928  637999 syscall-18        9	pid 637999's current affinity list: 9
 637928  638000 syscall-2         1	pid 638000's current affinity list: 1
 637928  638001 syscall-21       66	pid 638001's current affinity list: 66
 637928  638002 syscall-25       68	pid 638002's current affinity list: 68
 637928  638003 syscall-20       10	pid 638003's current affinity list: 10
 637928  638004 syscall-39       75	pid 638004's current affinity list: 75
 637928  638005 syscall-14        7	pid 638005's current affinity list: 7
 637928  638006 syscall-3        57	pid 638006's current affinity list: 57
 637928  638007 syscall-26       13	pid 638007's current affinity list: 13
 637928  638008 syscall-30       15	pid 638008's current affinity list: 15
 637928  638009 syscall-32       16	pid 638009's current affinity list: 16
 637928  638010 syscall-10        5	pid 638010's current affinity list: 5
 637928  638011 syscall-19       65	pid 638011's current affinity list: 65
 637928  638012 syscall-17       64	pid 638012's current affinity list: 64
 637928  638013 syscall-29       70	pid 638013's current affinity list: 70
 637928  638014 syscall-6         3	pid 638014's current affinity list: 3
 637928  638015 syscall-8         4	pid 638015's current affinity list: 4
 637928  638016 syscall-12        6	pid 638016's current affinity list: 6
 637928  638017 syscall-13       62	pid 638017's current affinity list: 62
 637928  638018 syscall-23       67	pid 638018's current affinity list: 67
 637928  638019 syscall-7        59	pid 638019's current affinity list: 59
 637928  638020 syscall-16        8	pid 638020's current affinity list: 8
 637928  638021 syscall-15       63	pid 638021's current affinity list: 63
 637928  638022 syscall-9        60	pid 638022's current affinity list: 60
 637928  638023 syscall-47       79	pid 638023's current affinity list: 79
 637928  638024 syscall-42       21	pid 638024's current affinity list: 21
 637928  638025 syscall-22       11	pid 638025's current affinity list: 11
 637928  638026 syscall-11       61	pid 638026's current affinity list: 61
 637928  638027 syscall-28       14	pid 638027's current affinity list: 14
 637928  638028 syscall-24       12	pid 638028's current affinity list: 12
 637928  638029 syscall-27       69	pid 638029's current affinity list: 69
 637928  638030 syscall-45       78	pid 638030's current affinity list: 78
 637928  638031 syscall-38       19	pid 638031's current affinity list: 19
 637928  638032 syscall-36       18	pid 638032's current affinity list: 18
 637928  638033 syscall-31       71	pid 638033's current affinity list: 71
 637928  638034 syscall-43       77	pid 638034's current affinity list: 77
 637928  638035 syscall-41       76	pid 638035's current affinity list: 76
 637928  638036 syscall-40       20	pid 638036's current affinity list: 20
 637928  638037 syscall-37       74	pid 638037's current affinity list: 74
 637928  638038 syscall-50       25	pid 638038's current affinity list: 25
 637928  638039 syscall-52       26	pid 638039's current affinity list: 26
 637928  638040 syscall-51       81	pid 638040's current affinity list: 81
 637928  638041 syscall-46       23	pid 638041's current affinity list: 23
 637928  638042 syscall-48       24	pid 638042's current affinity list: 24
 637928  638043 syscall-49       80	pid 638043's current affinity list: 80
 637928  638044 syscall-55       83	pid 638044's current affinity list: 83
 637928  638045 syscall-54       27	pid 638045's current affinity list: 27
 637928  638046 crimson-osd       0	pid 638046's current affinity list: 0
 637928  638047 reactor-2         1	pid 638047's current affinity list: 1
 637928  638048 reactor-46       23	pid 638048's current affinity list: 23
 637928  638049 reactor-12        6	pid 638049's current affinity list: 6
 637928  638050 reactor-13       62	pid 638050's current affinity list: 62
 637928  638051 reactor-23       67	pid 638051's current affinity list: 67
 637928  638052 reactor-40       20	pid 638052's current affinity list: 20
 637928  638053 reactor-27       69	pid 638053's current affinity list: 69
 637928  638054 reactor-26       13	pid 638054's current affinity list: 13
 637928  638055 reactor-10        5	pid 638055's current affinity list: 5
 637928  638056 reactor-35       73	pid 638056's current affinity list: 73
 637928  638057 reactor-3        57	pid 638057's current affinity list: 57
 637928  638058 reactor-1        56	pid 638058's current affinity list: 56
 637928  638059 reactor-4         2	pid 638059's current affinity list: 2
 637928  638060 reactor-44       22	pid 638060's current affinity list: 22
 637928  638061 reactor-36       18	pid 638061's current affinity list: 18
 637928  638062 reactor-41       76	pid 638062's current affinity list: 76
 637928  638063 reactor-5        58	pid 638063's current affinity list: 58
 637928  638064 reactor-11       61	pid 638064's current affinity list: 61
 637928  638065 reactor-47       79	pid 638065's current affinity list: 79
 637928  638066 reactor-9        60	pid 638066's current affinity list: 60
 637928  638067 reactor-8         4	pid 638067's current affinity list: 4
 637928  638068 reactor-16        8	pid 638068's current affinity list: 8
 637928  638069 reactor-17       64	pid 638069's current affinity list: 64
 637928  638070 reactor-20       10	pid 638070's current affinity list: 10
 637928  638071 reactor-22       11	pid 638071's current affinity list: 11
 637928  638072 reactor-18        9	pid 638072's current affinity list: 9
 637928  638073 reactor-19       65	pid 638073's current affinity list: 65
 637928  638074 reactor-25       68	pid 638074's current affinity list: 68
 637928  638075 reactor-24       12	pid 638075's current affinity list: 12
 637928  638076 reactor-45       78	pid 638076's current affinity list: 78
 637928  638077 reactor-6         3	pid 638077's current affinity list: 3
 637928  638078 reactor-7        59	pid 638078's current affinity list: 59
 637928  638079 reactor-38       19	pid 638079's current affinity list: 19
 637928  638080 reactor-34       17	pid 638080's current affinity list: 17
 637928  638081 reactor-33       72	pid 638081's current affinity list: 72
 637928  638082 reactor-15       63	pid 638082's current affinity list: 63
 637928  638083 reactor-14        7	pid 638083's current affinity list: 7
 637928  638084 reactor-53       82	pid 638084's current affinity list: 82
 637928  638085 reactor-52       26	pid 638085's current affinity list: 26
 637928  638086 reactor-32       16	pid 638086's current affinity list: 16
 637928  638087 reactor-48       24	pid 638087's current affinity list: 24
 637928  638088 reactor-49       80	pid 638088's current affinity list: 80
 637928  638089 reactor-21       66	pid 638089's current affinity list: 66
 637928  638090 reactor-50       25	pid 638090's current affinity list: 25
 637928  638091 reactor-29       70	pid 638091's current affinity list: 70
 637928  638092 reactor-51       81	pid 638092's current affinity list: 81
 637928  638093 reactor-39       75	pid 638093's current affinity list: 75
 637928  638094 reactor-43       77	pid 638094's current affinity list: 77
 637928  638095 reactor-55       83	pid 638095's current affinity list: 83
 637928  638096 reactor-54       27	pid 638096's current affinity list: 27
 637928  638097 reactor-42       21	pid 638097's current affinity list: 21
 637928  638098 reactor-30       15	pid 638098's current affinity list: 15
 637928  638099 reactor-31       71	pid 638099's current affinity list: 71
 637928  638100 reactor-28       14	pid 638100's current affinity list: 14
 637928  638101 reactor-37       74	pid 638101's current affinity list: 74
