['fio_sea_1osd_56reactor_32fio_bal_osd_rc_1job_1io_4k_randread_p0.json', 'fio_sea_1osd_56reactor_32fio_bal_osd_rc_1job_2io_4k_randread_p0.json', 'fio_sea_1osd_56reactor_32fio_bal_osd_rc_1job_4io_4k_randread_p0.json', 'fio_sea_1osd_56reactor_32fio_bal_osd_rc_1job_8io_4k_randread_p0.json', 'fio_sea_1osd_56reactor_32fio_bal_osd_rc_1job_16io_4k_randread_p0.json', 'fio_sea_1osd_56reactor_32fio_bal_osd_rc_1job_24io_4k_randread_p0.json', 'fio_sea_1osd_56reactor_32fio_bal_osd_rc_1job_32io_4k_randread_p0.json', 'fio_sea_1osd_56reactor_32fio_bal_osd_rc_1job_40io_4k_randread_p0.json', 'fio_sea_1osd_56reactor_32fio_bal_osd_rc_1job_52io_4k_randread_p0.json', 'fio_sea_1osd_56reactor_32fio_bal_osd_rc_1job_64io_4k_randread_p0.json']
loading 10 .json files ...
Num jobs: 1
== fio_sea_1osd_56reactor_32fio_bal_osd_rc_1job_1io_4k_randread_p0.json ==
{'clat_ms': 0.247271545904,
 'clat_stdev': 0.065491096113,
 'iodepth': '1',
 'iops': 127415.12195,
 'jobname': 'randread',
 'sys_cpu': 1.643729,
 'timestamp': '1750934078',
 'total_ios': 38224664,
 'usr_cpu': 1.769979}
Num jobs: 1
== fio_sea_1osd_56reactor_32fio_bal_osd_rc_1job_2io_4k_randread_p0.json ==
{'clat_ms': 0.343170087129,
 'clat_stdev': 0.138785650938,
 'iodepth': '2',
 'iops': 184462.970247,
 'jobname': 'randread',
 'sys_cpu': 2.325271,
 'timestamp': '1750934411',
 'total_ios': 55339260,
 'usr_cpu': 2.444875}
Num jobs: 1
== fio_sea_1osd_56reactor_32fio_bal_osd_rc_1job_4io_4k_randread_p0.json ==
{'clat_ms': 0.461626760593,
 'clat_stdev': 0.202857382945,
 'iodepth': '4',
 'iops': 275018.43321,
 'jobname': 'randread',
 'sys_cpu': 3.205739,
 'timestamp': '1750934743',
 'total_ios': 82506080,
 'usr_cpu': 3.657989}
Num jobs: 1
== fio_sea_1osd_56reactor_32fio_bal_osd_rc_1job_8io_4k_randread_p0.json ==
{'clat_ms': 0.831200976108,
 'clat_stdev': 0.503003889098,
 'iodepth': '8',
 'iops': 306818.421211,
 'jobname': 'randread',
 'sys_cpu': 2.859769,
 'timestamp': '1750935075',
 'total_ios': 92046140,
 'usr_cpu': 3.492268}
Num jobs: 1
== fio_sea_1osd_56reactor_32fio_bal_osd_rc_1job_16io_4k_randread_p0.json ==
{'clat_ms': 1.266094337225,
 'clat_stdev': 0.827285186467,
 'iodepth': '16',
 'iops': 403441.670778,
 'jobname': 'randread',
 'sys_cpu': 3.245326,
 'timestamp': '1750935408',
 'total_ios': 121034115,
 'usr_cpu': 4.49102}
Num jobs: 1
== fio_sea_1osd_56reactor_32fio_bal_osd_rc_1job_24io_4k_randread_p0.json ==
{'clat_ms': 2.282455320225,
 'clat_stdev': 8.975679899709,
 'iodepth': '24',
 'iops': 336080.188255,
 'jobname': 'randread',
 'sys_cpu': 2.711442,
 'timestamp': '1750935740',
 'total_ios': 100830442,
 'usr_cpu': 3.495671}
Num jobs: 1
== fio_sea_1osd_56reactor_32fio_bal_osd_rc_1job_32io_4k_randread_p0.json ==
{'clat_ms': 2.503530842701,
 'clat_stdev': 6.482945222694,
 'iodepth': '32',
 'iops': 408547.045981,
 'jobname': 'randread',
 'sys_cpu': 3.24598,
 'timestamp': '1750936072',
 'total_ios': 122570242,
 'usr_cpu': 4.50205}
Num jobs: 1
== fio_sea_1osd_56reactor_32fio_bal_osd_rc_1job_40io_4k_randread_p0.json ==
{'clat_ms': 4.011480412032,
 'clat_stdev': 26.140252962105,
 'iodepth': '40',
 'iops': 318944.204478,
 'jobname': 'randread',
 'sys_cpu': 2.66696,
 'timestamp': '1750936404',
 'total_ios': 95696657,
 'usr_cpu': 3.354572}
Num jobs: 1
== fio_sea_1osd_56reactor_32fio_bal_osd_rc_1job_52io_4k_randread_p0.json ==
{'clat_ms': 4.258507052859,
 'clat_stdev': 20.04272952011,
 'iodepth': '52',
 'iops': 390550.77806,
 'jobname': 'randread',
 'sys_cpu': 3.258812,
 'timestamp': '1750936737',
 'total_ios': 117181246,
 'usr_cpu': 4.493086}
Num jobs: 1
== fio_sea_1osd_56reactor_32fio_bal_osd_rc_1job_64io_4k_randread_p0.json ==
{'clat_ms': 6.738305646952001,
 'clat_stdev': 54.241037518169,
 'iodepth': '64',
 'iops': 303900.212618,
 'jobname': 'randread',
 'sys_cpu': 2.580536,
 'timestamp': '1750937069',
 'total_ios': 91190729,
 'usr_cpu': 3.338}
Note: clat_ns has been converted to milliseconds
Note: bw has been converted to MiBs
 avg_cpu list has: 1 items
Table (after aggregating OSD CPU avg data):
{'OSD_cpu': [4235.606666666625,
             4730.043333333309,
             5148.8499999999685,
             5260.269999999961,
             5369.079999999968,
             5325.249999999954,
             5373.963333333301,
             5308.556666666626,
             5365.9733333333015,
             5290.19999999995],
 'OSD_mem': [3480.480000000245,
             3628.8000000002853,
             3628.8000000002853,
             3645.0399999996835,
             3645.599999999684,
             3645.599999999684,
             3645.599999999684,
             3645.599999999684,
             3645.599999999684,
             3645.599999999684],
 'clat_ms': [0.247271545904,
             0.343170087129,
             0.461626760593,
             0.831200976108,
             1.266094337225,
             2.282455320225,
             2.503530842701,
             4.011480412032,
             4.258507052859,
             6.738305646952001],
 'clat_stdev': [0.065491096113,
                0.138785650938,
                0.202857382945,
                0.503003889098,
                0.827285186467,
                8.975679899709,
                6.482945222694,
                26.140252962105,
                20.04272952011,
                54.241037518169],
 'iodepth': ['1', '2', '4', '8', '16',
             '24', '32', '40', '52',
             '64'],
 'iops': [127415.12195, 184462.970247,
          275018.43321, 306818.421211,
          403441.670778, 336080.188255,
          408547.045981, 318944.204478,
          390550.77806, 303900.212618],
 'sys_cpu': [1.643729, 2.325271,
             3.205739, 2.859769,
             3.245326, 2.711442, 3.24598,
             2.66696, 3.258812,
             2.580536],
 'total_ios': [38224664, 55339260,
               82506080, 92046140,
               121034115, 100830442,
               122570242, 95696657,
               117181246, 91190729],
 'usr_cpu': [1.769979, 2.444875,
             3.657989, 3.492268, 4.49102,
             3.495671, 4.50205, 3.354572,
             4.493086, 3.338]}
 avg_cpu list has: 1 items
Table (after aggregating FIO CPU avg data):
{'FIO_cpu': [761.5866666666473,
             1136.4466666666415,
             1636.2966666666757,
             1570.2799999999963,
             1912.203333333336,
             1531.1333333333328,
             1896.129999999999,
             1485.6666666666652, 1885.5,
             1455.5333333333342],
 'FIO_mem': [0.0, 0.0, 0.0, 0.0, 0.0,
             0.0, 0.0, 0.0, 0.0, 0.0],
 'OSD_cpu': [4235.606666666625,
             4730.043333333309,
             5148.8499999999685,
             5260.269999999961,
             5369.079999999968,
             5325.249999999954,
             5373.963333333301,
             5308.556666666626,
             5365.9733333333015,
             5290.19999999995],
 'OSD_mem': [3480.480000000245,
             3628.8000000002853,
             3628.8000000002853,
             3645.0399999996835,
             3645.599999999684,
             3645.599999999684,
             3645.599999999684,
             3645.599999999684,
             3645.599999999684,
             3645.599999999684],
 'clat_ms': [0.247271545904,
             0.343170087129,
             0.461626760593,
             0.831200976108,
             1.266094337225,
             2.282455320225,
             2.503530842701,
             4.011480412032,
             4.258507052859,
             6.738305646952001],
 'clat_stdev': [0.065491096113,
                0.138785650938,
                0.202857382945,
                0.503003889098,
                0.827285186467,
                8.975679899709,
                6.482945222694,
                26.140252962105,
                20.04272952011,
                54.241037518169],
 'iodepth': ['1', '2', '4', '8', '16',
             '24', '32', '40', '52',
             '64'],
 'iops': [127415.12195, 184462.970247,
          275018.43321, 306818.421211,
          403441.670778, 336080.188255,
          408547.045981, 318944.204478,
          390550.77806, 303900.212618],
 'sys_cpu': [1.643729, 2.325271,
             3.205739, 2.859769,
             3.245326, 2.711442, 3.24598,
             2.66696, 3.258812,
             2.580536],
 'total_ios': [38224664, 55339260,
               82506080, 92046140,
               121034115, 100830442,
               122570242, 95696657,
               117181246, 91190729],
 'usr_cpu': [1.769979, 2.444875,
             3.657989, 3.492268, 4.49102,
             3.495671, 4.50205, 3.354572,
             4.493086, 3.338]}
 Wiki table: sea_1osd_56reactor_32fio_bal_osd_rc_1procs_randread
{| class="wikitable"
|- 
 ! colspan="11"  | 
        sea_1osd_56reactor_32fio_bal_osd_rc_1procs_randread
|-
! iodepth !! iops !! total_ios !! clat_ms !! clat_stdev !! usr_cpu !! sys_cpu !! OSD_cpu !! OSD_mem !! FIO_cpu !! FIO_mem
|-
 | 1  || 127415.12  || 38224664.00  || 0.25  || 0.07  || 1.77  || 1.64  || 4235.61  || 3480.48  || 761.59  || 0.00 
|-
 | 2  || 184462.97  || 55339260.00  || 0.34  || 0.14  || 2.44  || 2.33  || 4730.04  || 3628.80  || 1136.45  || 0.00 
|-
 | 4  || 275018.43  || 82506080.00  || 0.46  || 0.20  || 3.66  || 3.21  || 5148.85  || 3628.80  || 1636.30  || 0.00 
|-
 | 8  || 306818.42  || 92046140.00  || 0.83  || 0.50  || 3.49  || 2.86  || 5260.27  || 3645.04  || 1570.28  || 0.00 
|-
 | 16  || 403441.67  || 121034115.00  || 1.27  || 0.83  || 4.49  || 3.25  || 5369.08  || 3645.60  || 1912.20  || 0.00 
|-
 | 24  || 336080.19  || 100830442.00  || 2.28  || 8.98  || 3.50  || 2.71  || 5325.25  || 3645.60  || 1531.13  || 0.00 
|-
 | 32  || 408547.05  || 122570242.00  || 2.50  || 6.48  || 4.50  || 3.25  || 5373.96  || 3645.60  || 1896.13  || 0.00 
|-
 | 40  || 318944.20  || 95696657.00  || 4.01  || 26.14  || 3.35  || 2.67  || 5308.56  || 3645.60  || 1485.67  || 0.00 
|-
 | 52  || 390550.78  || 117181246.00  || 4.26  || 20.04  || 4.49  || 3.26  || 5365.97  || 3645.60  || 1885.50  || 0.00 
|-
 | 64  || 303900.21  || 91190729.00  || 6.74  || 54.24  || 3.34  || 2.58  || 5290.20  || 3645.60  || 1455.53  || 0.00 
|-
|}


\begin{table}[h!]
\centering
\begin{tabular}[t]{*{11 }{|c|}}
\hline 
iodepth & iops & total\_ios & clat\_ms & clat\_stdev & usr\_cpu & sys\_cpu & OSD\_cpu & OSD\_mem & FIO\_cpu & FIO\_mem\\
\hline
1  & 127415.12  & 38224664.00  & 0.25  & 0.07  & 1.77  & 1.64  & 4235.61  & 3480.48  & 761.59  & 0.00 \\
\hline
2  & 184462.97  & 55339260.00  & 0.34  & 0.14  & 2.44  & 2.33  & 4730.04  & 3628.80  & 1136.45  & 0.00 \\
\hline
4  & 275018.43  & 82506080.00  & 0.46  & 0.20  & 3.66  & 3.21  & 5148.85  & 3628.80  & 1636.30  & 0.00 \\
\hline
8  & 306818.42  & 92046140.00  & 0.83  & 0.50  & 3.49  & 2.86  & 5260.27  & 3645.04  & 1570.28  & 0.00 \\
\hline
16  & 403441.67  & 121034115.00  & 1.27  & 0.83  & 4.49  & 3.25  & 5369.08  & 3645.60  & 1912.20  & 0.00 \\
\hline
24  & 336080.19  & 100830442.00  & 2.28  & 8.98  & 3.50  & 2.71  & 5325.25  & 3645.60  & 1531.13  & 0.00 \\
\hline
32  & 408547.05  & 122570242.00  & 2.50  & 6.48  & 4.50  & 3.25  & 5373.96  & 3645.60  & 1896.13  & 0.00 \\
\hline
40  & 318944.20  & 95696657.00  & 4.01  & 26.14  & 3.35  & 2.67  & 5308.56  & 3645.60  & 1485.67  & 0.00 \\
\hline
52  & 390550.78  & 117181246.00  & 4.26  & 20.04  & 4.49  & 3.26  & 5365.97  & 3645.60  & 1885.50  & 0.00 \\
\hline
64  & 303900.21  & 91190729.00  & 6.74  & 54.24  & 3.34  & 2.58  & 5290.20  & 3645.60  & 1455.53  & 0.00 \\
\hline

\hline
\end{tabular}
\caption{Performance Throughput vs Latency vs CPU util: sea_1osd_56reactor_32fio_bal_osd_rc_1procs_randread.}
\label{table:iops-lat-cpu-sea_1osd_56reactor_32fio_bal_osd_rc_1procs_randread}
\end{table}

Done
