['fio_classic_1osd_32fio_rc_1job_1io_64k_seqwrite_p0.json', 'fio_classic_1osd_32fio_rc_1job_2io_64k_seqwrite_p0.json', 'fio_classic_1osd_32fio_rc_1job_4io_64k_seqwrite_p0.json', 'fio_classic_1osd_32fio_rc_1job_8io_64k_seqwrite_p0.json', 'fio_classic_1osd_32fio_rc_1job_16io_64k_seqwrite_p0.json', 'fio_classic_1osd_32fio_rc_1job_24io_64k_seqwrite_p0.json', 'fio_classic_1osd_32fio_rc_1job_32io_64k_seqwrite_p0.json', 'fio_classic_1osd_32fio_rc_1job_40io_64k_seqwrite_p0.json', 'fio_classic_1osd_32fio_rc_1job_52io_64k_seqwrite_p0.json', 'fio_classic_1osd_32fio_rc_1job_64io_64k_seqwrite_p0.json']
loading 10 .json files ...
Num jobs: 1
== fio_classic_1osd_32fio_rc_1job_1io_64k_seqwrite_p0.json ==
{'bw': 2162.183,
 'clat_ms': 0.932309447328,
 'clat_stdev': 0.410124370971,
 'iodepth': '1',
 'jobname': 'write',
 'sys_cpu': 0.581291,
 'timestamp': '1747207733',
 'total_ios': 10135304,
 'usr_cpu': 1.699311}
Num jobs: 1
== fio_classic_1osd_32fio_rc_1job_2io_64k_seqwrite_p0.json ==
{'bw': 2082.303,
 'clat_ms': 1.952224642045,
 'clat_stdev': 0.854072940126,
 'iodepth': '2',
 'jobname': 'write',
 'sys_cpu': 0.575146,
 'timestamp': '1747208068',
 'total_ios': 9760829,
 'usr_cpu': 1.606229}
Num jobs: 1
== fio_classic_1osd_32fio_rc_1job_4io_64k_seqwrite_p0.json ==
{'bw': 2208.907,
 'clat_ms': 3.690862992702,
 'clat_stdev': 1.425157033212,
 'iodepth': '4',
 'jobname': 'write',
 'sys_cpu': 0.699168,
 'timestamp': '1747208404',
 'total_ios': 10354365,
 'usr_cpu': 1.977245}
Num jobs: 1
== fio_classic_1osd_32fio_rc_1job_8io_64k_seqwrite_p0.json ==
{'bw': 1885.281,
 'clat_ms': 8.668181149794,
 'clat_stdev': 4.602533951992,
 'iodepth': '8',
 'jobname': 'write',
 'sys_cpu': 0.556139,
 'timestamp': '1747208739',
 'total_ios': 8837240,
 'usr_cpu': 1.976581}
Num jobs: 1
== fio_classic_1osd_32fio_rc_1job_16io_64k_seqwrite_p0.json ==
{'bw': 1941.073,
 'clat_ms': 16.850142386046997,
 'clat_stdev': 18.323146796418,
 'iodepth': '16',
 'jobname': 'write',
 'sys_cpu': 0.407085,
 'timestamp': '1747209074',
 'total_ios': 9098787,
 'usr_cpu': 2.097072}
Num jobs: 1
== fio_classic_1osd_32fio_rc_1job_24io_64k_seqwrite_p0.json ==
{'bw': 1912.981,
 'clat_ms': 25.647650684324,
 'clat_stdev': 43.545087562576,
 'iodepth': '24',
 'jobname': 'write',
 'sys_cpu': 0.290269,
 'timestamp': '1747209409',
 'total_ios': 8968009,
 'usr_cpu': 1.964723}
Num jobs: 1
== fio_classic_1osd_32fio_rc_1job_32io_64k_seqwrite_p0.json ==
{'bw': 2148.328,
 'clat_ms': 28.823774239822,
 'clat_stdev': 60.60624878456,
 'iodepth': '32',
 'jobname': 'write',
 'sys_cpu': 0.310613,
 'timestamp': '1747209744',
 'total_ios': 10071851,
 'usr_cpu': 2.262242}
Num jobs: 1
== fio_classic_1osd_32fio_rc_1job_40io_64k_seqwrite_p0.json ==
{'bw': 1831.811,
 'clat_ms': 31.244779167182,
 'clat_stdev': 63.439782803351996,
 'iodepth': '40',
 'jobname': 'write',
 'sys_cpu': 0.36114,
 'timestamp': '1747210079',
 'total_ios': 8589060,
 'usr_cpu': 2.762488}
Num jobs: 1
== fio_classic_1osd_32fio_rc_1job_52io_64k_seqwrite_p0.json ==
{'bw': 1782.444,
 'clat_ms': 29.65701004357,
 'clat_stdev': 58.835980274507,
 'iodepth': '52',
 'jobname': 'write',
 'sys_cpu': 0.469312,
 'timestamp': '1747210414',
 'total_ios': 8356807,
 'usr_cpu': 3.646293}
Num jobs: 1
== fio_classic_1osd_32fio_rc_1job_64io_64k_seqwrite_p0.json ==
{'bw': 1634.199,
 'clat_ms': 26.046431608933002,
 'clat_stdev': 46.428765537915,
 'iodepth': '64',
 'jobname': 'write',
 'sys_cpu': 0.629327,
 'timestamp': '1747210749',
 'total_ios': 7660973,
 'usr_cpu': 4.995094}
Note: clat_ns has been converted to milliseconds
Note: bw has been converted to MiBs
 avg_cpu list has: 1 items
Table (after aggregating OSD CPU avg data):
{'OSD_cpu': [567.8533333333334,
             534.3233333333334,
             611.4266666666663,
             528.7400000000004,
             531.2200000000006,
             510.6066666666668,
             561.7566666666663,
             491.526666666666,
             467.7966666666667,
             441.14999999999975],
 'OSD_mem': [39.149999999999864,
             44.39999999999973,
             48.59333333333425,
             51.306666666668384,
             52.29333333333495,
             53.28000000000102,
             54.760000000000474,
             54.76000000000035,
             55.006666666666646,
             53.7733333333347],
 'bw': [2162.183, 2082.303, 2208.907,
        1885.281, 1941.073, 1912.981,
        2148.328, 1831.811, 1782.444,
        1634.199],
 'clat_ms': [0.932309447328,
             1.952224642045,
             3.690862992702,
             8.668181149794,
             16.850142386046997,
             25.647650684324,
             28.823774239822,
             31.244779167182,
             29.65701004357,
             26.046431608933002],
 'clat_stdev': [0.410124370971,
                0.854072940126,
                1.425157033212,
                4.602533951992,
                18.323146796418,
                43.545087562576,
                60.60624878456,
                63.439782803351996,
                58.835980274507,
                46.428765537915],
 'iodepth': ['1', '2', '4', '8', '16',
             '24', '32', '40', '52',
             '64'],
 'sys_cpu': [0.581291, 0.575146,
             0.699168, 0.556139,
             0.407085, 0.290269,
             0.310613, 0.36114, 0.469312,
             0.629327],
 'total_ios': [10135304, 9760829,
               10354365, 8837240,
               9098787, 8968009,
               10071851, 8589060,
               8356807, 7660973],
 'usr_cpu': [1.699311, 1.606229,
             1.977245, 1.976581,
             2.097072, 1.964723,
             2.262242, 2.762488,
             3.646293, 4.995094]}
 avg_cpu list has: 1 items
Table (after aggregating FIO CPU avg data):
{'FIO_cpu': [412.6466666666686,
             436.95999999999697,
             491.3299999999969,
             414.7499999999994,
             360.97666666667186,
             291.32000000000374,
             298.22666666667084,
             268.30666666666934,
             268.3200000000019,
             222.01666666666787],
 'FIO_mem': [68.99999999999862,
             62.99999999999978,
             90.00000000001769,
             79.50000000001587,
             81.00000000001735,
             82.50000000001883,
             82.70000000001636,
             57.073333333344095,
             39.3900000000056,
             27.43333333333585],
 'OSD_cpu': [567.8533333333334,
             534.3233333333334,
             611.4266666666663,
             528.7400000000004,
             531.2200000000006,
             510.6066666666668,
             561.7566666666663,
             491.526666666666,
             467.7966666666667,
             441.14999999999975],
 'OSD_mem': [39.149999999999864,
             44.39999999999973,
             48.59333333333425,
             51.306666666668384,
             52.29333333333495,
             53.28000000000102,
             54.760000000000474,
             54.76000000000035,
             55.006666666666646,
             53.7733333333347],
 'bw': [2162.183, 2082.303, 2208.907,
        1885.281, 1941.073, 1912.981,
        2148.328, 1831.811, 1782.444,
        1634.199],
 'clat_ms': [0.932309447328,
             1.952224642045,
             3.690862992702,
             8.668181149794,
             16.850142386046997,
             25.647650684324,
             28.823774239822,
             31.244779167182,
             29.65701004357,
             26.046431608933002],
 'clat_stdev': [0.410124370971,
                0.854072940126,
                1.425157033212,
                4.602533951992,
                18.323146796418,
                43.545087562576,
                60.60624878456,
                63.439782803351996,
                58.835980274507,
                46.428765537915],
 'iodepth': ['1', '2', '4', '8', '16',
             '24', '32', '40', '52',
             '64'],
 'sys_cpu': [0.581291, 0.575146,
             0.699168, 0.556139,
             0.407085, 0.290269,
             0.310613, 0.36114, 0.469312,
             0.629327],
 'total_ios': [10135304, 9760829,
               10354365, 8837240,
               9098787, 8968009,
               10071851, 8589060,
               8356807, 7660973],
 'usr_cpu': [1.699311, 1.606229,
             1.977245, 1.976581,
             2.097072, 1.964723,
             2.262242, 2.762488,
             3.646293, 4.995094]}
 Wiki table: classic_1osd_32fio_rc_1procs_seqwrite
{| class="wikitable"
|- 
 ! colspan="11"  | 
        classic_1osd_32fio_rc_1procs_seqwrite
|-
! iodepth !! bw !! total_ios !! clat_ms !! clat_stdev !! usr_cpu !! sys_cpu !! OSD_cpu !! OSD_mem !! FIO_cpu !! FIO_mem
|-
 | 1  || 2162.18  || 10135304.00  || 0.93  || 0.41  || 1.70  || 0.58  || 567.85  || 39.15  || 412.65  || 69.00 
|-
 | 2  || 2082.30  || 9760829.00  || 1.95  || 0.85  || 1.61  || 0.58  || 534.32  || 44.40  || 436.96  || 63.00 
|-
 | 4  || 2208.91  || 10354365.00  || 3.69  || 1.43  || 1.98  || 0.70  || 611.43  || 48.59  || 491.33  || 90.00 
|-
 | 8  || 1885.28  || 8837240.00  || 8.67  || 4.60  || 1.98  || 0.56  || 528.74  || 51.31  || 414.75  || 79.50 
|-
 | 16  || 1941.07  || 9098787.00  || 16.85  || 18.32  || 2.10  || 0.41  || 531.22  || 52.29  || 360.98  || 81.00 
|-
 | 24  || 1912.98  || 8968009.00  || 25.65  || 43.55  || 1.96  || 0.29  || 510.61  || 53.28  || 291.32  || 82.50 
|-
 | 32  || 2148.33  || 10071851.00  || 28.82  || 60.61  || 2.26  || 0.31  || 561.76  || 54.76  || 298.23  || 82.70 
|-
 | 40  || 1831.81  || 8589060.00  || 31.24  || 63.44  || 2.76  || 0.36  || 491.53  || 54.76  || 268.31  || 57.07 
|-
 | 52  || 1782.44  || 8356807.00  || 29.66  || 58.84  || 3.65  || 0.47  || 467.80  || 55.01  || 268.32  || 39.39 
|-
 | 64  || 1634.20  || 7660973.00  || 26.05  || 46.43  || 5.00  || 0.63  || 441.15  || 53.77  || 222.02  || 27.43 
|-
|}


\begin{table}[h!]
\centering
\begin{tabular}[t]{*{11 }{|c|}}
\hline 
iodepth & bw & total\_ios & clat\_ms & clat\_stdev & usr\_cpu & sys\_cpu & OSD\_cpu & OSD\_mem & FIO\_cpu & FIO\_mem\\
\hline
1  & 2162.18  & 10135304.00  & 0.93  & 0.41  & 1.70  & 0.58  & 567.85  & 39.15  & 412.65  & 69.00 \\
\hline
2  & 2082.30  & 9760829.00  & 1.95  & 0.85  & 1.61  & 0.58  & 534.32  & 44.40  & 436.96  & 63.00 \\
\hline
4  & 2208.91  & 10354365.00  & 3.69  & 1.43  & 1.98  & 0.70  & 611.43  & 48.59  & 491.33  & 90.00 \\
\hline
8  & 1885.28  & 8837240.00  & 8.67  & 4.60  & 1.98  & 0.56  & 528.74  & 51.31  & 414.75  & 79.50 \\
\hline
16  & 1941.07  & 9098787.00  & 16.85  & 18.32  & 2.10  & 0.41  & 531.22  & 52.29  & 360.98  & 81.00 \\
\hline
24  & 1912.98  & 8968009.00  & 25.65  & 43.55  & 1.96  & 0.29  & 510.61  & 53.28  & 291.32  & 82.50 \\
\hline
32  & 2148.33  & 10071851.00  & 28.82  & 60.61  & 2.26  & 0.31  & 561.76  & 54.76  & 298.23  & 82.70 \\
\hline
40  & 1831.81  & 8589060.00  & 31.24  & 63.44  & 2.76  & 0.36  & 491.53  & 54.76  & 268.31  & 57.07 \\
\hline
52  & 1782.44  & 8356807.00  & 29.66  & 58.84  & 3.65  & 0.47  & 467.80  & 55.01  & 268.32  & 39.39 \\
\hline
64  & 1634.20  & 7660973.00  & 26.05  & 46.43  & 5.00  & 0.63  & 441.15  & 53.77  & 222.02  & 27.43 \\
\hline

\hline
\end{tabular}
\caption{Performance Throughput vs Latency vs CPU util: classic_1osd_32fio_rc_1procs_seqwrite.}
\label{table:iops-lat-cpu-classic_1osd_32fio_rc_1procs_seqwrite}
\end{table}

Done
