                  nvme7n1p2  nvme1n1p2  ...  nvme3n1p2  nvme8n1p2
reads_completed           0          0  ...          0          0
writes_completed          0          0  ...          0          0

[2 rows x 10 columns]
               nvme7n1p2  nvme1n1p2  nvme2n1p2  ...  nvme9n1p2  nvme3n1p2  nvme8n1p2
read_time_ms           0          0          0  ...     106326          0          0
write_time_ms          0          0          0  ...     336457          0          0

[2 rows x 10 columns]
                  nvme7n1p2  nvme1n1p2  ...  nvme3n1p2  nvme8n1p2
reads_completed           0          0  ...          0          0
writes_completed          0          0  ...          0          0

[2 rows x 10 columns]
               nvme7n1p2  nvme1n1p2  nvme2n1p2  ...  nvme9n1p2  nvme3n1p2  nvme8n1p2
read_time_ms           0          0          0  ...      47183          0          0
write_time_ms          0          0          0  ...     392618          0          0

[2 rows x 10 columns]
                  nvme7n1p2  nvme1n1p2  ...  nvme3n1p2  nvme8n1p2
reads_completed           0          0  ...          0          0
writes_completed          0          0  ...          0          0

[2 rows x 10 columns]
               nvme7n1p2  nvme1n1p2  nvme2n1p2  ...  nvme9n1p2  nvme3n1p2  nvme8n1p2
read_time_ms           0          0          0  ...      47518          0          0
write_time_ms          0          0          0  ...     389799          0          0

[2 rows x 10 columns]
                  nvme7n1p2  nvme1n1p2  ...  nvme3n1p2  nvme8n1p2
reads_completed           0          0  ...          0          0
writes_completed          0          0  ...          0          0

[2 rows x 10 columns]
               nvme7n1p2  nvme1n1p2  nvme2n1p2  ...  nvme9n1p2  nvme3n1p2  nvme8n1p2
read_time_ms           0          0          0  ...      48209          0          0
write_time_ms          0          0          0  ...     395095          0          0

[2 rows x 10 columns]
                  nvme7n1p2  nvme1n1p2  ...  nvme3n1p2  nvme8n1p2
reads_completed           0          0  ...          0          0
writes_completed          0          0  ...          0          0

[2 rows x 10 columns]
               nvme7n1p2  nvme1n1p2  nvme2n1p2  ...  nvme9n1p2  nvme3n1p2  nvme8n1p2
read_time_ms           0          0          0  ...      52476          0          0
write_time_ms          0          0          0  ...     416589          0          0

[2 rows x 10 columns]
                  nvme7n1p2  nvme1n1p2  ...  nvme3n1p2  nvme8n1p2
reads_completed           0          0  ...          0          0
writes_completed          0          0  ...          0          0

[2 rows x 10 columns]
               nvme7n1p2  nvme1n1p2  nvme2n1p2  ...  nvme9n1p2  nvme3n1p2  nvme8n1p2
read_time_ms           0          0          0  ...      89071          0          0
write_time_ms          0          0          0  ...    1012418          0          0

[2 rows x 10 columns]
                  nvme7n1p2  nvme1n1p2  ...  nvme3n1p2  nvme8n1p2
reads_completed           0          0  ...          0          0
writes_completed          0          0  ...          0          0

[2 rows x 10 columns]
               nvme7n1p2  nvme1n1p2  nvme2n1p2  ...  nvme9n1p2  nvme3n1p2  nvme8n1p2
read_time_ms           0          0          0  ...      90013          0          0
write_time_ms          0          0          0  ...     721871          0          0

[2 rows x 10 columns]
                  nvme7n1p2  nvme1n1p2  ...  nvme3n1p2  nvme8n1p2
reads_completed           0          0  ...          0          0
writes_completed          0          0  ...          0          0

[2 rows x 10 columns]
               nvme7n1p2  nvme1n1p2  nvme2n1p2  ...  nvme9n1p2  nvme3n1p2  nvme8n1p2
read_time_ms           0          0          0  ...      92357          0          0
write_time_ms          0          0          0  ...     937739          0          0

[2 rows x 10 columns]
                  nvme7n1p2  nvme1n1p2  ...  nvme3n1p2  nvme8n1p2
reads_completed           0          0  ...          0          0
writes_completed          0          0  ...          0          0

[2 rows x 10 columns]
               nvme7n1p2  nvme1n1p2  nvme2n1p2  ...  nvme9n1p2  nvme3n1p2  nvme8n1p2
read_time_ms           0          0          0  ...      95700          0          0
write_time_ms          0          0          0  ...    1284314          0          0

[2 rows x 10 columns]
                  nvme7n1p2  nvme1n1p2  ...  nvme3n1p2  nvme8n1p2
reads_completed           0          0  ...          0          0
writes_completed          0          0  ...          0          0

[2 rows x 10 columns]
               nvme7n1p2  nvme1n1p2  nvme2n1p2  ...  nvme9n1p2  nvme3n1p2  nvme8n1p2
read_time_ms           0          0          0  ...      96732          0          0
write_time_ms          0          0          0  ...    1332135          0          0

[2 rows x 10 columns]
                  nvme7n1p2  nvme1n1p2  ...  nvme3n1p2  nvme8n1p2
reads_completed           0          0  ...          0          0
writes_completed          0          0  ...          0          0

[2 rows x 10 columns]
               nvme7n1p2  nvme1n1p2  nvme2n1p2  ...  nvme9n1p2  nvme3n1p2  nvme8n1p2
read_time_ms           0          0          0  ...      86410          0          0
write_time_ms          0          0          0  ...     862961          0          0

[2 rows x 10 columns]
                  nvme7n1p2  nvme1n1p2  ...  nvme3n1p2  nvme8n1p2
reads_completed           0          0  ...          0          0
writes_completed          0          0  ...          0          0

[2 rows x 10 columns]
               nvme7n1p2  nvme1n1p2  nvme2n1p2  ...  nvme9n1p2  nvme3n1p2  nvme8n1p2
read_time_ms           0          0          0  ...      96416          0          0
write_time_ms          0          0          0  ...    1871269          0          0

[2 rows x 10 columns]
                  nvme7n1p2  nvme1n1p2  ...  nvme3n1p2  nvme8n1p2
reads_completed           0          0  ...          0          0
writes_completed          0          0  ...          0          0

[2 rows x 10 columns]
               nvme7n1p2  nvme1n1p2  nvme2n1p2  ...  nvme9n1p2  nvme3n1p2  nvme8n1p2
read_time_ms           0          0          0  ...      95057          0          0
write_time_ms          0          0          0  ...    1783370          0          0

[2 rows x 10 columns]
                  nvme7n1p2  nvme1n1p2  ...  nvme3n1p2  nvme8n1p2
reads_completed           0          0  ...          0          0
writes_completed          0          0  ...          0          0

[2 rows x 10 columns]
               nvme7n1p2  nvme1n1p2  nvme2n1p2  ...  nvme9n1p2  nvme3n1p2  nvme8n1p2
read_time_ms           0          0          0  ...      76515          0          0
write_time_ms          0          0          0  ...     807438          0          0

[2 rows x 10 columns]
                  nvme7n1p2  nvme1n1p2  ...  nvme3n1p2  nvme8n1p2
reads_completed           0          0  ...          0          0
writes_completed          0          0  ...          0          0

[2 rows x 10 columns]
               nvme7n1p2  nvme1n1p2  nvme2n1p2  ...  nvme9n1p2  nvme3n1p2  nvme8n1p2
read_time_ms           0          0          0  ...      73261          0          0
write_time_ms          0          0          0  ...     566258          0          0

[2 rows x 10 columns]
                  nvme7n1p2  nvme1n1p2  ...  nvme3n1p2  nvme8n1p2
reads_completed           0          0  ...          0          0
writes_completed          0          0  ...          0          0

[2 rows x 10 columns]
               nvme7n1p2  nvme1n1p2  nvme2n1p2  ...  nvme9n1p2  nvme3n1p2  nvme8n1p2
read_time_ms           0          0          0  ...      64920          0          0
write_time_ms          0          0          0  ...     475793          0          0

[2 rows x 10 columns]
                  nvme7n1p2  nvme1n1p2  ...  nvme3n1p2  nvme8n1p2
reads_completed           0          0  ...          0          0
writes_completed          0          0  ...          0          0

[2 rows x 10 columns]
               nvme7n1p2  nvme1n1p2  nvme2n1p2  ...  nvme9n1p2  nvme3n1p2  nvme8n1p2
read_time_ms           0          0          0  ...      62043          0          0
write_time_ms          0          0          0  ...     475076          0          0

[2 rows x 10 columns]
                  nvme7n1p2  nvme1n1p2  ...  nvme3n1p2  nvme8n1p2
reads_completed           0          0  ...          0          0
writes_completed          0          0  ...          0          0

[2 rows x 10 columns]
               nvme7n1p2  nvme1n1p2  nvme2n1p2  ...  nvme9n1p2  nvme3n1p2  nvme8n1p2
read_time_ms           0          0          0  ...      59698          0          0
write_time_ms          0          0          0  ...     448556          0          0

[2 rows x 10 columns]
                  nvme7n1p2  nvme1n1p2  ...  nvme3n1p2  nvme8n1p2
reads_completed           0          0  ...          0          0
writes_completed          0          0  ...          0          0

[2 rows x 10 columns]
               nvme7n1p2  nvme1n1p2  nvme2n1p2  ...  nvme9n1p2  nvme3n1p2  nvme8n1p2
read_time_ms           0          0          0  ...      42362          0          0
write_time_ms          0          0          0  ...     384752          0          0

[2 rows x 10 columns]
                  nvme7n1p2  nvme1n1p2  ...  nvme3n1p2  nvme8n1p2
reads_completed           0          0  ...          0          0
writes_completed          0          0  ...          0          0

[2 rows x 10 columns]
               nvme7n1p2  nvme1n1p2  nvme2n1p2  ...  nvme9n1p2  nvme3n1p2  nvme8n1p2
read_time_ms           0          0          0  ...      32194          0          0
write_time_ms          0          0          0  ...     374378          0          0

[2 rows x 10 columns]
                  nvme7n1p2  nvme1n1p2  ...  nvme3n1p2  nvme8n1p2
reads_completed           0          0  ...          0          0
writes_completed          0          0  ...          0          0

[2 rows x 10 columns]
               nvme7n1p2  nvme1n1p2  nvme2n1p2  ...  nvme9n1p2  nvme3n1p2  nvme8n1p2
read_time_ms           0          0          0  ...      36336          0          0
write_time_ms          0          0          0  ...     387559          0          0

[2 rows x 10 columns]
                  nvme7n1p2  nvme1n1p2  ...  nvme3n1p2  nvme8n1p2
reads_completed           0          0  ...          0          0
writes_completed          0          0  ...          0          0

[2 rows x 10 columns]
               nvme7n1p2  nvme1n1p2  nvme2n1p2  ...  nvme9n1p2  nvme3n1p2  nvme8n1p2
read_time_ms           0          0          0  ...      48344          0          0
write_time_ms          0          0          0  ...     425993          0          0

[2 rows x 10 columns]
