4(2.00002)         0IOPS       -1MiB/s 23(0) 20(0) 20(0) 20(0) 20(0) 20(0) 20(0) 20(0) 
6(2.00009)         0IOPS       -1MiB/s 0(0) 0(0) 0(0) 0(0) 0(0) 0(0) 0(0) 0(0) 
8(2.00219)    769700IOPS  3006.64MiB/s 15(2) 18(2) 18(2) 18(2) 18(2) 18(2) 18(2) 18(2) 
10(2.00345) 1.64885e+06IOPS  6440.81MiB/s 55(2) 58(2) 57(2) 57(2) 57(2) 57(2) 58(2) 57(2) 
12(2.00453) 1.6465e+06IOPS  6431.64MiB/s 95(2) 97(2) 97(2) 96(2) 96(2) 96(2) 97(2) 96(2) 
14(2.0045) 1.65015e+06IOPS   6445.9MiB/s 100(2) 99(2) 98(2) 97(2) 97(2) 98(2) 98(2) 98(2) 
16(2.00257) 1.64862e+06IOPS  6439.92MiB/s 100(2) 99(2) 99(2) 97(2) 97(2) 98(2) 98(2) 98(2) 
18(2.00288) 1.64977e+06IOPS  6444.43MiB/s 100(2) 99(2) 99(2) 97(2) 97(2) 97(2) 98(2) 98(2) 
20(2.00354) 1.64965e+06IOPS  6443.93MiB/s 100(2) 99(2) 99(2) 97(2) 97(2) 97(2) 98(2) 98(2) 
22(2.00336) 1.6529e+06IOPS  6456.65MiB/s 100(2) 99(2) 98(2) 98(2) 97(2) 98(2) 98(2) 98(2) 
24(2.00319) 1.65064e+06IOPS   6447.8MiB/s 100(2) 99(2) 98(2) 97(2) 97(2) 98(2) 98(2) 98(2) 
26(2.00143) 1.6531e+06IOPS  6457.42MiB/s 100(2) 99(2) 98(2) 98(2) 97(2) 98(2) 98(2) 98(2) 
28(2.00397) 1.6473e+06IOPS  6434.77MiB/s 100(2) 99(2) 98(2) 98(2) 97(2) 98(2) 98(2) 98(2) 
30(2.00202) 1.65282e+06IOPS  6456.34MiB/s 100(2) 99(2) 98(2) 97(2) 97(2) 98(2) 98(2) 98(2) 
32(2.00249) 1.6478e+06IOPS  6436.72MiB/s 100(2) 99(2) 98(2) 98(2) 97(2) 98(2) 98(2) 98(2) 
34(2.0043) 1.64868e+06IOPS  6440.18MiB/s 100(2) 99(2) 98(2) 98(2) 97(2) 98(2) 98(2) 98(2) 
36(2.0028) 1.6496e+06IOPS  6443.74MiB/s 100(2) 99(2) 98(2) 98(2) 97(2) 98(2) 98(2) 98(2) 
38(2.00332) 1.64819e+06IOPS  6438.24MiB/s 100(2) 99(2) 98(2) 97(2) 97(2) 98(2) 98(2) 98(2) 
40(2.00277) 1.6518e+06IOPS  6452.35MiB/s 100(2) 99(2) 99(2) 97(2) 97(2) 98(2) 98(2) 98(2) 
42(2.00431) 1.65075e+06IOPS  6448.24MiB/s 100(2) 99(2) 99(2) 97(2) 97(2) 98(2) 98(2) 98(2) 
44(2.004) 1.649e+06IOPS  6441.41MiB/s 100(2) 99(2) 99(2) 97(2) 97(2) 98(2) 98(2) 98(2) 
46(2.00253) 1.651e+06IOPS  6449.22MiB/s 100(2) 99(2) 98(2) 97(2) 97(2) 97(2) 98(2) 98(2) 
48(2.00353) 1.64487e+06IOPS  6425.27MiB/s 100(2) 99(2) 98(2) 97(2) 97(2) 97(2) 98(2) 98(2) 
50(2.00296) 1.6496e+06IOPS  6443.74MiB/s 100(2) 99(2) 99(2) 97(2) 97(2) 98(2) 98(2) 98(2) 
52(2.00251) 1.64917e+06IOPS  6442.05MiB/s 100(2) 99(2) 99(2) 98(2) 97(2) 97(2) 98(2) 98(2) 
54(2.00248) 1.64975e+06IOPS  6444.33MiB/s 100(2) 99(2) 99(2) 98(2) 97(2) 97(2) 98(2) 98(2) 
56(2.00355) 1.64916e+06IOPS  6442.05MiB/s 100(2) 99(2) 99(2) 98(2) 97(2) 98(2) 98(2) 98(2) 
58(2.00236) 1.64887e+06IOPS  6440.89MiB/s 100(2) 99(2) 99(2) 97(2) 97(2) 98(2) 98(2) 98(2) 
60(2.00351) 1.64717e+06IOPS  6434.25MiB/s 100(2) 98(2) 99(2) 98(2) 97(2) 98(2) 98(2) 98(2) 
62(2.00259) 1.65074e+06IOPS  6448.22MiB/s 100(2) 98(2) 98(2) 98(2) 97(2) 97(2) 98(2) 98(2) 
64(2.00402) 1.64769e+06IOPS  6436.28MiB/s 100(2) 99(2) 98(2) 98(2) 97(2) 98(2) 98(2) 98(2) 
66(2.00361) 1.65244e+06IOPS  6454.83MiB/s 100(2) 99(2) 99(2) 97(2) 97(2) 98(2) 98(2) 98(2) 
68(2.00286) 1.65028e+06IOPS  6446.41MiB/s 100(2) 99(2) 99(2) 97(2) 97(2) 98(2) 98(2) 98(2) 
70(2.00301) 1.65073e+06IOPS  6448.18MiB/s 100(2) 99(2) 99(2) 98(2) 97(2) 98(2) 98(2) 98(2) 
72(2.00403) 1.65047e+06IOPS  6447.16MiB/s 100(2) 99(2) 99(2) 98(2) 97(2) 97(2) 98(2) 98(2) 
