   sec  depth      IOPS     MB/s  lat(ms)
1.00459   6094 1.65271e+06  6455.88  3.87988 -- 100,100,100,100,100,100,100,100,
1.0055   5465 1.64837e+06  6438.94  3.87756 -- 100,100,100,100,100,100,100,100,
1.0044   6168 1.64515e+06  6426.39  3.87655 -- 100,100,100,100,100,100,100,100,
1.00533   7357 1.64904e+06  6441.56  3.88373 -- 100,100,100,100,100,100,100,100,
1.00372   6601 1.65328e+06  6458.11  3.87177 -- 100,100,100,100,100,100,100,100,
1.0059   6857 1.6485e+06  6439.46  3.88353 -- 100,100,100,100,100,100,100,100,
1.00392   7587 1.64623e+06  6430.57  3.86684 -- 100,100,100,100,100,100,100,100,
1.00469   6360 1.65423e+06  6461.82  3.86611 -- 100,100,100,100,100,100,100,100,
1.0056   6396 1.65412e+06  6461.43  3.85341 -- 100,100,100,100,100,100,100,100,
1.00479   6475 1.64986e+06  6444.75  3.85947 -- 100,100,100,100,100,100,100,100,
-------------- summary --------------
10.0514     -1.6501e+06 6445.72 3.87186

1.00806   7520 1.64857e+06  6439.71  3.87096 -- 100,100,100,100,100,100,100,100,
1.00451   6789 1.65348e+06  6458.92  3.86617 -- 100,100,100,100,100,100,100,100,
1.0039   6789 1.65447e+06  6462.77  3.87036 -- 100,100,100,100,100,100,100,100,
1.0035   6641 1.64918e+06  6442.12  3.87553 -- 100,100,100,100,100,100,100,100,
1.00403   6672 1.64632e+06  6430.92  3.86818 -- 100,100,100,100,100,100,100,100,
1.00449   7197 1.65203e+06  6453.26  3.85854 -- 100,100,100,100,100,100,100,100,
1.00457   7041 1.65278e+06  6456.16  3.87148 -- 100,100,100,100,100,100,100,100,
1.0035   6337 1.64898e+06  6441.33  3.88162 -- 100,100,100,100,100,100,100,100,
1.00541   6782 1.64461e+06  6424.27   3.8588 -- 100,100,100,100,100,100,100,100,
1.00501   6542 1.65189e+06  6452.71  3.86778 -- 100,100,100,100,100,100,100,100,
-------------- summary --------------
20.0989     -1.65022e+06 6446.18 3.87048

1.00758   6886 1.64971e+06   6444.2  3.86229 -- 100,100,100,100,100,100,100,100,
1.00443   7320 1.64841e+06  6439.09    3.865 -- 100,100,100,100,100,100,100,100,
1.00405   7374 1.64572e+06  6428.61  3.86919 -- 100,100,100,100,100,100,100,100,
1.00549   6317 1.65378e+06  6460.08  3.86186 -- 100,100,100,100,100,100,100,100,
1.00603   7378 1.64795e+06  6437.31  3.86273 -- 100,100,100,100,100,100,100,100,
1.00398   6416 1.64826e+06  6438.53  3.87982 -- 100,100,100,100,100,100,100,100,
1.00699   6754 1.64792e+06   6437.2  3.87734 -- 100,100,100,100,100,100,100,100,
1.00332   7910 1.65504e+06     6465  3.87087 -- 100,100,100,100,100,100,100,100,
1.00453   6923 1.65398e+06  6460.85  3.87183 -- 100,100,100,100,100,100,100,100,
1.00419   6836 1.64946e+06  6443.21  3.84503 -- 100,100,100,100,100,100,100,100,
-------------- summary --------------
30.1494     -1.65014e+06 6445.85  3.8692

1.00901   6880 1.64626e+06  6430.68   3.8766 -- 100,100,100,100,100,100,100,100,
1.00497   6686 1.65121e+06  6450.03  3.86806 -- 100,100,100,100,100,100,100,100,
1.00426   7379 1.65113e+06  6449.73  3.86914 -- 100,100,100,100,100,100,100,100,
1.0052   7734 1.64738e+06  6435.06   3.8484 -- 100,100,100,100,100,100,100,100,
1.00406   6730 1.6442e+06  6422.66  3.87407 -- 100,100,100,100,100,100,100,100,
1.00397   7312 1.64885e+06   6440.8   3.8642 -- 100,100,100,100,100,100,100,100,
1.00461   6027 1.65076e+06   6448.3  3.86819 -- 100,100,100,100,100,100,100,100,
1.00447   6048 1.64741e+06   6435.2  3.86517 -- 100,100,100,100,100,100,100,100,
1.00383   6667 1.6444e+06  6423.42  3.85576 -- 100,100,100,100,100,100,100,100,
1.00412   7008 1.65363e+06   6459.5   3.8888 -- 100,100,100,100,100,100,100,100,
-------------- summary --------------
 40.198     -1.64975e+06 6444.35 3.86882

1.00908   6580 1.65095e+06  6449.02  3.86138 -- 100,100,100,100,100,100,100,100,
1.00501   6715 1.64798e+06  6437.44  3.87746 -- 100,100,100,100,100,100,100,100,
1.00336   7433 1.64547e+06   6427.6  3.87641 -- 100,100,100,100,100,100,100,100,
1.0046   7013 1.65482e+06  6464.12  3.84372 -- 100,100,100,100,100,100,100,100,
1.00317   6921 1.65123e+06  6450.12    3.868 -- 100,100,100,100,100,100,100,100,
1.00611   7473 1.64151e+06  6412.17  3.85383 -- 100,100,100,100,100,100,100,100,
1.0052   6559 1.64514e+06  6426.34   3.8831 -- 100,100,100,100,100,100,100,100,
1.00538   6457 1.65487e+06  6464.33  3.86007 -- 100,100,100,100,100,100,100,100,
1.00367   6936 1.65148e+06  6451.09  3.86347 -- 100,100,100,100,100,100,100,100,
1.00392   6737 1.64785e+06  6436.91  3.86511 -- 100,100,100,100,100,100,100,100,
-------------- summary --------------
50.2479     -1.64962e+06 6443.84 3.86812

1.00855   6116 1.64535e+06  6427.14  3.86426 -- 100,100,100,100,100,100,100,100,
1.00495   6403 1.65435e+06  6462.32  3.87457 -- 100,100,100,100,100,100,100,100,
1.00402   6897 1.6516e+06  6451.56  3.86003 -- 100,100,100,100,100,100,100,100,
1.00605   6314 1.64886e+06  6440.85  3.87598 -- 100,100,100,100,100,100,100,100,
1.00547   6881 1.64728e+06  6434.69  3.87352 -- 100,100,100,100,100,100,100,100,
1.00433   7234 1.65509e+06   6465.2  3.86022 -- 100,100,100,100,100,100,100,100,
1.00418   6682 1.65324e+06  6457.97  3.86561 -- 100,100,100,100,100,100,100,100,
1.00546   6905 1.64731e+06  6434.82   3.8685 -- 100,100,100,100,100,100,100,100,
1.00438   7446 1.64647e+06  6431.51  3.87481 -- 100,100,100,100,100,100,100,100,
1.00362   6713 1.65617e+06  6469.41  3.85363 -- 100,100,100,100,100,100,100,100,
-------------- summary --------------
60.2976     -1.64976e+06 6444.37 3.86795

client0Conn0@0(depth=512):
  connect time: 0.001141s
  messages received: 5973145
  messaging time: 60.300381s
  latency: 4.150633ms
  IOPS: 99056.504602
  out throughput: 386.939471MB/s
client0Conn1@0(depth=512):
  connect time: 0.000633s
  messages received: 6422845
  messaging time: 60.300389s
  latency: 3.773732ms
  IOPS: 106514.155290
  out throughput: 416.070919MB/s
client1Conn0@1(depth=512):
  connect time: 0.000685s
  messages received: 6175834
  messaging time: 60.300278s
  latency: 3.912646ms
  IOPS: 102418.002231
  out throughput: 400.070321MB/s
client1Conn1@1(depth=512):
  connect time: 0.001034s
  messages received: 6287743
  messaging time: 60.300294s
  latency: 3.813562ms
  IOPS: 104273.835686
  out throughput: 407.319671MB/s
client2Conn0@2(depth=512):
  connect time: 0.001090s
  messages received: 6190607
  messaging time: 60.301114s
  latency: 3.847565ms
  IOPS: 102661.570043
  out throughput: 401.021758MB/s
client2Conn1@2(depth=512):
  connect time: 0.000955s
  messages received: 6239963
  messaging time: 60.301109s
  latency: 3.798073ms
  IOPS: 103480.069755
  out throughput: 404.219022MB/s
client3Conn0@3(depth=512):
  connect time: 0.001106s
  messages received: 6194821
  messaging time: 60.300510s
  latency: 3.878405ms
  IOPS: 102732.480379
  out throughput: 401.298751MB/s
client3Conn1@3(depth=512):
  connect time: 0.000967s
  messages received: 6269913
  messaging time: 60.300515s
  latency: 3.806620ms
  IOPS: 103977.768012
  out throughput: 406.163156MB/s
client4Conn0@4(depth=512):
  connect time: 0.001011s
  messages received: 6486874
  messaging time: 60.301043s
  latency: 3.719712ms
  IOPS: 107574.822554
  out throughput: 420.214151MB/s
client4Conn1@4(depth=512):
  connect time: 0.001053s
  messages received: 5963067
  messaging time: 60.301270s
  latency: 4.163758ms
  IOPS: 98887.917329
  out throughput: 386.280927MB/s
client5Conn0@5(depth=512):
  connect time: 0.001176s
  messages received: 6242211
  messaging time: 60.301322s
  latency: 3.826325ms
  IOPS: 103516.983671
  out throughput: 404.363217MB/s
client5Conn1@5(depth=512):
  connect time: 0.001024s
  messages received: 6191300
  messaging time: 60.301305s
  latency: 3.879782ms
  IOPS: 102672.735861
  out throughput: 401.065374MB/s
client6Conn0@6(depth=512):
  connect time: 0.000979s
  messages received: 6204083
  messaging time: 60.300760s
  latency: 3.821944ms
  IOPS: 102885.651637
  out throughput: 401.897077MB/s
client6Conn1@6(depth=512):
  connect time: 0.000898s
  messages received: 6156289
  messaging time: 60.300744s
  latency: 3.862538ms
  IOPS: 102093.085403
  out throughput: 398.801115MB/s
client7Conn0@7(depth=512):
  connect time: 0.000971s
  messages received: 6319253
  messaging time: 60.300065s
  latency: 3.764112ms
  IOPS: 104796.785113
  out throughput: 409.362442MB/s
client7Conn1@7(depth=512):
  connect time: 0.000924s
  messages received: 6164839
  messaging time: 60.300047s
  latency: 3.904395ms
  IOPS: 102236.056278
  out throughput: 399.359595MB/s

per client:
client0(depth=1024):
  connect time: 0.000887s
  messages received: 12395990
  messaging time: 60.300385s
  latency: 3.962183ms
  IOPS: 205570.659891
  out throughput: 803.010390MB/s
client1(depth=1024):
  connect time: 0.000860s
  messages received: 12463577
  messaging time: 60.300286s
  latency: 3.863104ms
  IOPS: 206691.837918
  out throughput: 807.389992MB/s
client2(depth=1024):
  connect time: 0.001022s
  messages received: 12430570
  messaging time: 60.301111s
  latency: 3.822819ms
  IOPS: 206141.639799
  out throughput: 805.240780MB/s
client3(depth=1024):
  connect time: 0.001036s
  messages received: 12464734
  messaging time: 60.300513s
  latency: 3.842513ms
  IOPS: 206710.248391
  out throughput: 807.461908MB/s
client4(depth=1024):
  connect time: 0.001032s
  messages received: 12449941
  messaging time: 60.301156s
  latency: 3.941735ms
  IOPS: 206462.739882
  out throughput: 806.495078MB/s
client5(depth=1024):
  connect time: 0.001100s
  messages received: 12433511
  messaging time: 60.301314s
  latency: 3.853053ms
  IOPS: 206189.719532
  out throughput: 805.428592MB/s
client6(depth=1024):
  connect time: 0.000939s
  messages received: 12360372
  messaging time: 60.300752s
  latency: 3.842241ms
  IOPS: 204978.737040
  out throughput: 800.698192MB/s
client7(depth=1024):
  connect time: 0.000947s
  messages received: 12484092
  messaging time: 60.300056s
  latency: 3.834254ms
  IOPS: 207032.841391
  out throughput: 808.722037MB/s

all(depth=8192):
  connect time: 0.000978s
  messages received: 99482787
  messaging time: 60.300697s
  latency: 3.870238ms
  IOPS: 1649778.423845
  out throughput: 6444.446968MB/s
