['fio_sea_1osd_56reactor_32fio_bal_osd_rc_1job_1io_64k_seqwrite_p0.json', 'fio_sea_1osd_56reactor_32fio_bal_osd_rc_1job_2io_64k_seqwrite_p0.json', 'fio_sea_1osd_56reactor_32fio_bal_osd_rc_1job_4io_64k_seqwrite_p0.json', 'fio_sea_1osd_56reactor_32fio_bal_osd_rc_1job_8io_64k_seqwrite_p0.json', 'fio_sea_1osd_56reactor_32fio_bal_osd_rc_1job_16io_64k_seqwrite_p0.json', 'fio_sea_1osd_56reactor_32fio_bal_osd_rc_1job_24io_64k_seqwrite_p0.json', 'fio_sea_1osd_56reactor_32fio_bal_osd_rc_1job_32io_64k_seqwrite_p0.json', 'fio_sea_1osd_56reactor_32fio_bal_osd_rc_1job_40io_64k_seqwrite_p0.json', 'fio_sea_1osd_56reactor_32fio_bal_osd_rc_1job_52io_64k_seqwrite_p0.json', 'fio_sea_1osd_56reactor_32fio_bal_osd_rc_1job_64io_64k_seqwrite_p0.json']
loading 10 .json files ...
Num jobs: 1
== fio_sea_1osd_56reactor_32fio_bal_osd_rc_1job_1io_64k_seqwrite_p0.json ==
{'bw': 744.215,
 'clat_ms': 2.730693800603,
 'clat_stdev': 232.424160125559,
 'iodepth': '1',
 'jobname': 'write',
 'sys_cpu': 0.228356,
 'timestamp': '1747163052',
 'total_ios': 1510200,
 'usr_cpu': 0.635982}
Num jobs: 1
== fio_sea_1osd_56reactor_32fio_bal_osd_rc_1job_2io_64k_seqwrite_p0.json ==
{'bw': 217.712,
 'clat_ms': 18.717016301801998,
 'clat_stdev': 833.158179144727,
 'iodepth': '2',
 'jobname': 'write',
 'sys_cpu': 0.089004,
 'timestamp': '1747163186',
 'total_ios': 203618,
 'usr_cpu': 0.215224}
Num jobs: 1
== fio_sea_1osd_56reactor_32fio_bal_osd_rc_1job_4io_64k_seqwrite_p0.json ==
{'bw': 439.649,
 'clat_ms': 18.559045816571,
 'clat_stdev': 772.302353509784,
 'iodepth': '4',
 'jobname': 'write',
 'sys_cpu': 0.163825,
 'timestamp': '1747163416',
 'total_ios': 582914,
 'usr_cpu': 0.389951}
Num jobs: 1
== fio_sea_1osd_56reactor_32fio_bal_osd_rc_1job_8io_64k_seqwrite_p0.json ==
{'bw': 110.086,
 'clat_ms': 145.911639583945,
 'clat_stdev': 2656.7644692035233,
 'iodepth': '8',
 'jobname': 'write',
 'sys_cpu': 0.043234,
 'timestamp': '1747163590',
 'total_ios': 94153,
 'usr_cpu': 0.110537}
Num jobs: 1
== fio_sea_1osd_56reactor_32fio_bal_osd_rc_1job_16io_64k_seqwrite_p0.json ==
{'bw': 336.494,
 'clat_ms': 97.013262229878,
 'clat_stdev': 1940.141133214609,
 'iodepth': '16',
 'jobname': 'write',
 'sys_cpu': 0.115473,
 'timestamp': '1747163825',
 'total_ios': 419443,
 'usr_cpu': 0.402388}
Num jobs: 1
== fio_sea_1osd_56reactor_32fio_bal_osd_rc_1job_24io_64k_seqwrite_p0.json ==
{'bw': 413.195,
 'clat_ms': 118.508357596846,
 'clat_stdev': 2210.456704470914,
 'iodepth': '24',
 'jobname': 'write',
 'sys_cpu': 0.130025,
 'timestamp': '1747164050',
 'total_ios': 611754,
 'usr_cpu': 0.500778}
Num jobs: 1
== fio_sea_1osd_56reactor_32fio_bal_osd_rc_1job_32io_64k_seqwrite_p0.json ==
{'bw': 1135.639,
 'clat_ms': 57.629417717793004,
 'clat_stdev': 49.163917361147,
 'iodepth': '32',
 'jobname': 'write',
 'sys_cpu': 0.356565,
 'timestamp': '1747164471',
 'total_ios': 5323596,
 'usr_cpu': 1.452152}
Num jobs: 1
== fio_sea_1osd_56reactor_32fio_bal_osd_rc_1job_40io_64k_seqwrite_p0.json ==
{'bw': 1376.8,
 'clat_ms': 59.412311265617994,
 'clat_stdev': 53.818675797596995,
 'iodepth': '40',
 'jobname': 'write',
 'sys_cpu': 0.386384,
 'timestamp': '1747164806',
 'total_ios': 6454999,
 'usr_cpu': 1.688723}
Num jobs: 1
== fio_sea_1osd_56reactor_32fio_bal_osd_rc_1job_52io_64k_seqwrite_p0.json ==
{'bw': 1470.672,
 'clat_ms': 72.283448421797,
 'clat_stdev': 69.713932681984,
 'iodepth': '52',
 'jobname': 'write',
 'sys_cpu': 0.410074,
 'timestamp': '1747165141',
 'total_ios': 6895065,
 'usr_cpu': 1.843597}
Num jobs: 1
== fio_sea_1osd_56reactor_32fio_bal_osd_rc_1job_64io_64k_seqwrite_p0.json ==
{'bw': 1200.147,
 'clat_ms': 89.43490336147299,
 'clat_stdev': 83.318206892706,
 'iodepth': '64',
 'jobname': 'write',
 'sys_cpu': 0.473723,
 'timestamp': '1747165476',
 'total_ios': 5626077,
 'usr_cpu': 1.982553}
Note: clat_ns has been converted to milliseconds
Note: bw has been converted to MiBs
 avg_cpu list has: 1 items
Table (after aggregating OSD CPU avg data):
{'OSD_cpu': [0.0, 0.0, 0.0, 0.0, 0.0,
             0.0, 0.0, 0.0, 0.0, 0.0],
 'OSD_mem': [0.0, 0.0, 0.0, 0.0, 0.0,
             0.0, 0.0, 0.0, 0.0, 0.0],
 'bw': [744.215, 217.712, 439.649,
        110.086, 336.494, 413.195,
        1135.639, 1376.8, 1470.672,
        1200.147],
 'clat_ms': [2.730693800603,
             18.717016301801998,
             18.559045816571,
             145.911639583945,
             97.013262229878,
             118.508357596846,
             57.629417717793004,
             59.412311265617994,
             72.283448421797,
             89.43490336147299],
 'clat_stdev': [232.424160125559,
                833.158179144727,
                772.302353509784,
                2656.7644692035233,
                1940.141133214609,
                2210.456704470914,
                49.163917361147,
                53.818675797596995,
                69.713932681984,
                83.318206892706],
 'iodepth': ['1', '2', '4', '8', '16',
             '24', '32', '40', '52',
             '64'],
 'sys_cpu': [0.228356, 0.089004,
             0.163825, 0.043234,
             0.115473, 0.130025,
             0.356565, 0.386384,
             0.410074, 0.473723],
 'total_ios': [1510200, 203618, 582914,
               94153, 419443, 611754,
               5323596, 6454999, 6895065,
               5626077],
 'usr_cpu': [0.635982, 0.215224,
             0.389951, 0.110537,
             0.402388, 0.500778,
             1.452152, 1.688723,
             1.843597, 1.982553]}
 avg_cpu list has: 1 items
Table (after aggregating FIO CPU avg data):
{'FIO_cpu': [222.7300000000018,
             42.53333333333319,
             100.3466666666673,
             21.769999999999975,
             76.6066666666666,
             102.22000000000034,
             234.83333333333564,
             281.57666666667154,
             309.51000000000204,
             277.7533333333352],
 'FIO_mem': [41.999999999998316,
             27.89333333333739,
             41.999999999998316,
             28.500000000004196,
             40.49999999999968,
             43.49999999999695,
             58.50000000001101,
             64.50000000001243,
             79.50000000000931,
             57.046666666677446],
 'OSD_cpu': [0.0, 0.0, 0.0, 0.0, 0.0,
             0.0, 0.0, 0.0, 0.0, 0.0],
 'OSD_mem': [0.0, 0.0, 0.0, 0.0, 0.0,
             0.0, 0.0, 0.0, 0.0, 0.0],
 'bw': [744.215, 217.712, 439.649,
        110.086, 336.494, 413.195,
        1135.639, 1376.8, 1470.672,
        1200.147],
 'clat_ms': [2.730693800603,
             18.717016301801998,
             18.559045816571,
             145.911639583945,
             97.013262229878,
             118.508357596846,
             57.629417717793004,
             59.412311265617994,
             72.283448421797,
             89.43490336147299],
 'clat_stdev': [232.424160125559,
                833.158179144727,
                772.302353509784,
                2656.7644692035233,
                1940.141133214609,
                2210.456704470914,
                49.163917361147,
                53.818675797596995,
                69.713932681984,
                83.318206892706],
 'iodepth': ['1', '2', '4', '8', '16',
             '24', '32', '40', '52',
             '64'],
 'sys_cpu': [0.228356, 0.089004,
             0.163825, 0.043234,
             0.115473, 0.130025,
             0.356565, 0.386384,
             0.410074, 0.473723],
 'total_ios': [1510200, 203618, 582914,
               94153, 419443, 611754,
               5323596, 6454999, 6895065,
               5626077],
 'usr_cpu': [0.635982, 0.215224,
             0.389951, 0.110537,
             0.402388, 0.500778,
             1.452152, 1.688723,
             1.843597, 1.982553]}
 Wiki table: sea_1osd_56reactor_32fio_bal_osd_rc_1procs_seqwrite
{| class="wikitable"
|- 
 ! colspan="11"  | 
        sea_1osd_56reactor_32fio_bal_osd_rc_1procs_seqwrite
|-
! iodepth !! bw !! total_ios !! clat_ms !! clat_stdev !! usr_cpu !! sys_cpu !! OSD_cpu !! OSD_mem !! FIO_cpu !! FIO_mem
|-
 | 1  || 744.22  || 1510200.00  || 2.73  || 232.42  || 0.64  || 0.23  || 0.00  || 0.00  || 222.73  || 42.00 
|-
 | 2  || 217.71  || 203618.00  || 18.72  || 833.16  || 0.22  || 0.09  || 0.00  || 0.00  || 42.53  || 27.89 
|-
 | 4  || 439.65  || 582914.00  || 18.56  || 772.30  || 0.39  || 0.16  || 0.00  || 0.00  || 100.35  || 42.00 
|-
 | 8  || 110.09  || 94153.00  || 145.91  || 2656.76  || 0.11  || 0.04  || 0.00  || 0.00  || 21.77  || 28.50 
|-
 | 16  || 336.49  || 419443.00  || 97.01  || 1940.14  || 0.40  || 0.12  || 0.00  || 0.00  || 76.61  || 40.50 
|-
 | 24  || 413.19  || 611754.00  || 118.51  || 2210.46  || 0.50  || 0.13  || 0.00  || 0.00  || 102.22  || 43.50 
|-
 | 32  || 1135.64  || 5323596.00  || 57.63  || 49.16  || 1.45  || 0.36  || 0.00  || 0.00  || 234.83  || 58.50 
|-
 | 40  || 1376.80  || 6454999.00  || 59.41  || 53.82  || 1.69  || 0.39  || 0.00  || 0.00  || 281.58  || 64.50 
|-
 | 52  || 1470.67  || 6895065.00  || 72.28  || 69.71  || 1.84  || 0.41  || 0.00  || 0.00  || 309.51  || 79.50 
|-
 | 64  || 1200.15  || 5626077.00  || 89.43  || 83.32  || 1.98  || 0.47  || 0.00  || 0.00  || 277.75  || 57.05 
|-
|}


\begin{table}[h!]
\centering
\begin{tabular}[t]{*{11 }{|c|}}
\hline 
iodepth & bw & total\_ios & clat\_ms & clat\_stdev & usr\_cpu & sys\_cpu & OSD\_cpu & OSD\_mem & FIO\_cpu & FIO\_mem\\
\hline
1  & 744.22  & 1510200.00  & 2.73  & 232.42  & 0.64  & 0.23  & 0.00  & 0.00  & 222.73  & 42.00 \\
\hline
2  & 217.71  & 203618.00  & 18.72  & 833.16  & 0.22  & 0.09  & 0.00  & 0.00  & 42.53  & 27.89 \\
\hline
4  & 439.65  & 582914.00  & 18.56  & 772.30  & 0.39  & 0.16  & 0.00  & 0.00  & 100.35  & 42.00 \\
\hline
8  & 110.09  & 94153.00  & 145.91  & 2656.76  & 0.11  & 0.04  & 0.00  & 0.00  & 21.77  & 28.50 \\
\hline
16  & 336.49  & 419443.00  & 97.01  & 1940.14  & 0.40  & 0.12  & 0.00  & 0.00  & 76.61  & 40.50 \\
\hline
24  & 413.19  & 611754.00  & 118.51  & 2210.46  & 0.50  & 0.13  & 0.00  & 0.00  & 102.22  & 43.50 \\
\hline
32  & 1135.64  & 5323596.00  & 57.63  & 49.16  & 1.45  & 0.36  & 0.00  & 0.00  & 234.83  & 58.50 \\
\hline
40  & 1376.80  & 6454999.00  & 59.41  & 53.82  & 1.69  & 0.39  & 0.00  & 0.00  & 281.58  & 64.50 \\
\hline
52  & 1470.67  & 6895065.00  & 72.28  & 69.71  & 1.84  & 0.41  & 0.00  & 0.00  & 309.51  & 79.50 \\
\hline
64  & 1200.15  & 5626077.00  & 89.43  & 83.32  & 1.98  & 0.47  & 0.00  & 0.00  & 277.75  & 57.05 \\
\hline

\hline
\end{tabular}
\caption{Performance Throughput vs Latency vs CPU util: sea_1osd_56reactor_32fio_bal_osd_rc_1procs_seqwrite.}
\label{table:iops-lat-cpu-sea_1osd_56reactor_32fio_bal_osd_rc_1procs_seqwrite}
\end{table}

Done
