   sec  depth      IOPS     MB/s  lat(ms)
1.00345   8062    667117  2605.93  11.5704 -- 63,61,61,61,58,63,61,58,
1.00226   8069    672295  2626.15  11.5365 -- 62,60,61,61,58,64,61,58,
1.00342   7743    672314  2626.22  11.5275 -- 60,60,62,61,59,65,61,57,
1.00131   8088    671204  2621.89  11.5246 -- 60,59,62,61,58,65,60,57,
1.00135   7946    667578  2607.73  11.6112 -- 59,59,63,60,58,66,60,57,
1.00322   7645    678575  2650.68  11.3746 -- 59,58,63,60,58,66,60,57,
1.00249   8087    678666  2651.04  11.3796 -- 59,59,63,60,58,66,60,57,
1.00195   8018    679632  2654.81  11.3691 -- 59,59,63,60,59,66,60,58,
1.00178   8079    680154  2656.85  11.3688 -- 60,59,62,61,59,65,61,58,
1.00317   8192    679182  2653.05  11.4219 -- 60,60,62,61,59,65,61,58,
-------------- summary --------------
10.0253     -  674648 2635.34 11.4678

1.00268   8030    677103  2644.93  11.4278 -- 60,60,62,61,59,65,61,58,
1.00322   7568    678256  2649.44  11.4011 -- 60,60,62,62,59,65,61,58,
1.00303   8151    674686  2635.49  11.4793 -- 60,60,61,62,59,65,61,58,
1.00264   7117    678897  2651.94  11.4266 -- 60,60,62,61,59,65,61,58,
1.00132   7986    677603  2646.89  11.4215 -- 60,59,62,61,59,65,61,58,
1.00192   7555    679342  2653.68  11.3737 -- 60,59,62,61,59,65,61,58,
1.00342   7691    679519  2654.37  11.4047 -- 60,60,63,61,59,65,61,58,
1.00492   7840    678996  2652.33  11.3692 -- 60,60,63,61,59,65,61,58,
1.00127   8160    679021  2652.43   11.408 -- 60,60,62,61,59,65,61,58,
1.00288   7977    678273   2649.5  11.3997 -- 60,60,62,61,59,65,61,58,
-------------- summary --------------
20.0542     -  676389 2642.14 11.4395

1.00362   7464    677614  2646.93  11.4162 -- 60,60,62,61,59,65,60,58,
1.00168   7928    679432  2654.03  11.3648 -- 60,60,62,61,60,65,60,58,
1.00141   8012    679087  2652.68  11.3743 -- 60,60,62,61,60,65,60,59,
1.00309   7845    677116  2644.98  11.4031 -- 60,60,62,61,59,65,60,58,
1.00482   8039    679751  2655.28  11.3376 -- 60,60,62,61,60,65,61,58,
1.00396   7979    678594  2650.76    11.41 -- 60,60,62,61,60,65,61,58,
1.00445   7889    678139  2648.98  11.4324 -- 59,60,62,61,59,65,61,58,
1.00209   8024    673384  2630.41  11.5104 -- 59,60,62,61,59,65,61,58,
1.00438   7727    677692  2647.23  11.4303 -- 59,60,62,61,59,65,61,58,
1.00416   7651    676353     2642  11.4332 -- 59,60,63,61,59,66,61,58,
-------------- summary --------------
30.0873     -  676861 2643.99 11.4299

1.00468   7946    677299   2645.7  11.4482 -- 59,59,63,60,59,66,61,58,
1.00141   7998    675248  2637.69  11.4561 -- 59,59,63,61,59,66,61,57,
1.00304   8149    675856  2640.06  11.4288 -- 58,59,64,60,59,66,61,57,
1.00192   8147    676921  2644.22  11.4166 -- 59,59,64,61,59,66,61,57,
1.00188   7948    677311  2645.74  11.3984 -- 59,59,64,61,59,66,61,57,
1.00199   8057    676907  2644.17  11.3777 -- 59,59,64,60,59,66,61,57,
1.0023   7709    677799  2647.65  11.3901 -- 59,59,64,60,59,66,61,57,
1.00274   7994    677734   2647.4  11.3873 -- 59,58,64,60,59,66,61,57,
1.00328   7460    677036  2644.67   11.409 -- 59,58,64,60,59,66,61,57,
1.00261   7940    675661   2639.3  11.4044 -- 60,58,64,60,59,66,61,57,
-------------- summary --------------
40.1149     -  676829 2643.86 11.4252

1.00578   8043    676218  2641.48  11.4433 -- 60,59,64,60,59,66,61,57,
1.00171   7679    676759  2643.59  11.4432 -- 60,58,64,60,59,66,61,57,
1.00391   7475    676290  2641.76  11.4238 -- 60,58,64,60,59,66,61,57,
1.00275   7985    676756  2643.58  11.4261 -- 59,59,64,60,59,66,61,57,
1.00329   7849    678232  2649.34  11.4111 -- 59,59,64,61,58,66,60,57,
1.00258   7554    676831  2643.87  11.4256 -- 59,59,64,61,58,66,60,57,
1.00129   8060    676125  2641.11  11.4246 -- 59,60,63,61,58,67,61,57,
1.00203   8113    676589  2642.92  11.4359 -- 59,59,63,61,59,66,61,57,
1.00202   7975    678465  2650.25  11.3677 -- 59,59,63,61,59,66,61,57,
1.00297   7752    676998  2644.52  11.4394 -- 59,59,63,61,59,67,61,57,
-------------- summary --------------
50.1409     -  676848 2643.94 11.4252

1.00448   7489    676542  2642.74  11.3944 -- 58,59,63,61,59,66,61,58,
1.00358   7642    677191  2645.28  11.4468 -- 58,59,63,61,59,66,61,58,
1.00197   7671    677056  2644.75  11.4302 -- 58,59,63,61,59,66,61,58,
1.00234   8093    675852  2640.05  11.4322 -- 58,59,63,61,59,66,61,58,
1.00257   7638    677998  2648.43  11.4077 -- 58,59,63,61,59,66,61,58,
1.00237   7858    676445  2642.36  11.4334 -- 59,59,63,60,59,66,61,57,
1.00129   8007    674607  2635.18  11.4528 -- 59,59,63,60,59,66,61,57,
1.00125   8172    673601  2631.25  11.4641 -- 58,58,64,60,59,66,61,57,
1.0016   7942    674217  2633.66  11.4864 -- 58,58,64,60,59,66,61,57,
1.00155   7749    676988  2644.48  11.4397 -- 58,58,64,60,58,66,61,57,
-------------- summary --------------
60.1645     -  676708 2643.39 11.4274

client0Conn0@0(depth=512):
  connect time: 0.000985s
  messages received: 2511555
  messaging time: 60.167530s
  latency: 11.577622ms
  IOPS: 41742.697155
  out throughput: 163.057411MB/s
client0Conn1@0(depth=512):
  connect time: 0.000618s
  messages received: 2352513
  messaging time: 60.167656s
  latency: 12.429663ms
  IOPS: 39099.296379
  out throughput: 152.731626MB/s
client1Conn0@1(depth=512):
  connect time: 0.000687s
  messages received: 2500821
  messaging time: 60.167365s
  latency: 11.629576ms
  IOPS: 41564.409386
  out throughput: 162.360974MB/s
client1Conn1@1(depth=512):
  connect time: 0.000435s
  messages received: 2328177
  messaging time: 60.167397s
  latency: 12.543305ms
  IOPS: 38694.992857
  out throughput: 151.152316MB/s
client2Conn0@2(depth=512):
  connect time: 0.000663s
  messages received: 2618488
  messaging time: 60.167558s
  latency: 11.099355ms
  IOPS: 43519.931609
  out throughput: 169.999733MB/s
client2Conn1@2(depth=512):
  connect time: 0.000469s
  messages received: 2663685
  messaging time: 60.167578s
  latency: 10.877287ms
  IOPS: 44271.102192
  out throughput: 172.933993MB/s
client3Conn0@3(depth=512):
  connect time: 0.000801s
  messages received: 2577665
  messaging time: 60.167602s
  latency: 11.313901ms
  IOPS: 42841.411567
  out throughput: 167.349264MB/s
client3Conn1@3(depth=512):
  connect time: 0.000627s
  messages received: 2615827
  messaging time: 60.167660s
  latency: 11.114558ms
  IOPS: 43475.631127
  out throughput: 169.826684MB/s
client4Conn0@4(depth=512):
  connect time: 0.000491s
  messages received: 2298593
  messaging time: 60.168505s
  latency: 12.722324ms
  IOPS: 38202.594361
  out throughput: 149.228884MB/s
client4Conn1@4(depth=512):
  connect time: 0.000542s
  messages received: 2617241
  messaging time: 60.168523s
  latency: 11.084213ms
  IOPS: 43498.508355
  out throughput: 169.916048MB/s
client5Conn0@5(depth=512):
  connect time: 0.000587s
  messages received: 2788907
  messaging time: 60.168434s
  latency: 10.322098ms
  IOPS: 46351.663772
  out throughput: 181.061187MB/s
client5Conn1@5(depth=512):
  connect time: 0.000506s
  messages received: 2754069
  messaging time: 60.168506s
  latency: 10.455028ms
  IOPS: 45772.600341
  out throughput: 178.799220MB/s
client6Conn0@6(depth=512):
  connect time: 0.000675s
  messages received: 2618167
  messaging time: 60.166788s
  latency: 11.108837ms
  IOPS: 43515.153155
  out throughput: 169.981067MB/s
client6Conn1@6(depth=512):
  connect time: 0.000548s
  messages received: 2545699
  messaging time: 60.166828s
  latency: 11.437645ms
  IOPS: 42310.673154
  out throughput: 165.276067MB/s
client7Conn0@7(depth=512):
  connect time: 0.000732s
  messages received: 2328688
  messaging time: 60.167267s
  latency: 12.575746ms
  IOPS: 38703.569526
  out throughput: 151.185818MB/s
client7Conn1@7(depth=512):
  connect time: 0.000606s
  messages received: 2595830
  messaging time: 60.167308s
  latency: 11.198912ms
  IOPS: 43143.528866
  out throughput: 168.529410MB/s

per client:
client0(depth=1024):
  connect time: 0.000802s
  messages received: 4864068
  messaging time: 60.167593s
  latency: 12.003642ms
  IOPS: 80841.993534
  out throughput: 315.789037MB/s
client1(depth=1024):
  connect time: 0.000561s
  messages received: 4828998
  messaging time: 60.167381s
  latency: 12.086441ms
  IOPS: 80259.402243
  out throughput: 313.513290MB/s
client2(depth=1024):
  connect time: 0.000566s
  messages received: 5282173
  messaging time: 60.167568s
  latency: 10.988321ms
  IOPS: 87791.033802
  out throughput: 342.933726MB/s
client3(depth=1024):
  connect time: 0.000714s
  messages received: 5193492
  messaging time: 60.167631s
  latency: 11.214230ms
  IOPS: 86317.042694
  out throughput: 337.175948MB/s
client4(depth=1024):
  connect time: 0.000516s
  messages received: 4915834
  messaging time: 60.168514s
  latency: 11.903268ms
  IOPS: 81701.102716
  out throughput: 319.144932MB/s
client5(depth=1024):
  connect time: 0.000547s
  messages received: 5542976
  messaging time: 60.168470s
  latency: 10.388563ms
  IOPS: 92124.264113
  out throughput: 359.860407MB/s
client6(depth=1024):
  connect time: 0.000612s
  messages received: 5163866
  messaging time: 60.166808s
  latency: 11.273241ms
  IOPS: 85825.826310
  out throughput: 335.257134MB/s
client7(depth=1024):
  connect time: 0.000669s
  messages received: 4924518
  messaging time: 60.167288s
  latency: 11.887329ms
  IOPS: 81847.098393
  out throughput: 319.715228MB/s

all(depth=8192):
  connect time: 0.000623s
  messages received: 40715925
  messaging time: 60.167657s
  latency: 11.468129ms
  IOPS: 676707.763804
  out throughput: 2643.389702MB/s
