['fio_sea_1osd_16reactor_32fio_bal_osd_rc_1job_1io_64k_seqread_p0.json', 'fio_sea_1osd_16reactor_32fio_bal_osd_rc_1job_2io_64k_seqread_p0.json', 'fio_sea_1osd_16reactor_32fio_bal_osd_rc_1job_4io_64k_seqread_p0.json', 'fio_sea_1osd_16reactor_32fio_bal_osd_rc_1job_8io_64k_seqread_p0.json', 'fio_sea_1osd_16reactor_32fio_bal_osd_rc_1job_8io_64k_seqread_p0.json', 'fio_sea_1osd_16reactor_32fio_bal_osd_rc_1job_8io_64k_seqread_p0.json', 'fio_sea_1osd_16reactor_32fio_bal_osd_rc_1job_16io_64k_seqread_p0.json', 'fio_sea_1osd_16reactor_32fio_bal_osd_rc_1job_16io_64k_seqread_p0.json', 'fio_sea_1osd_16reactor_32fio_bal_osd_rc_1job_16io_64k_seqread_p0.json', 'fio_sea_1osd_16reactor_32fio_bal_osd_rc_1job_24io_64k_seqread_p0.json', 'fio_sea_1osd_16reactor_32fio_bal_osd_rc_1job_24io_64k_seqread_p0.json', 'fio_sea_1osd_16reactor_32fio_bal_osd_rc_1job_24io_64k_seqread_p0.json', 'fio_sea_1osd_16reactor_32fio_bal_osd_rc_1job_32io_64k_seqread_p0.json', 'fio_sea_1osd_16reactor_32fio_bal_osd_rc_1job_32io_64k_seqread_p0.json', 'fio_sea_1osd_16reactor_32fio_bal_osd_rc_1job_32io_64k_seqread_p0.json', 'fio_sea_1osd_16reactor_32fio_bal_osd_rc_1job_40io_64k_seqread_p0.json', 'fio_sea_1osd_16reactor_32fio_bal_osd_rc_1job_40io_64k_seqread_p0.json', 'fio_sea_1osd_16reactor_32fio_bal_osd_rc_1job_40io_64k_seqread_p0.json', 'fio_sea_1osd_16reactor_32fio_bal_osd_rc_1job_52io_64k_seqread_p0.json', 'fio_sea_1osd_16reactor_32fio_bal_osd_rc_1job_52io_64k_seqread_p0.json', 'fio_sea_1osd_16reactor_32fio_bal_osd_rc_1job_52io_64k_seqread_p0.json', 'fio_sea_1osd_16reactor_32fio_bal_osd_rc_1job_64io_64k_seqread_p0.json', 'fio_sea_1osd_16reactor_32fio_bal_osd_rc_1job_64io_64k_seqread_p0.json', 'fio_sea_1osd_16reactor_32fio_bal_osd_rc_1job_64io_64k_seqread_p0.json']
loading 24 .json files ...
Num jobs: 1
== fio_sea_1osd_16reactor_32fio_bal_osd_rc_1job_1io_64k_seqread_p0.json ==
{'bw': 659.202,
 'clat_ms': 3.097913579362,
 'clat_stdev': 1.946797402201,
 'iodepth': '1',
 'jobname': 'read',
 'sys_cpu': 0.274353,
 'timestamp': '1751027323',
 'total_ios': 3090054,
 'usr_cpu': 0.36379}
Num jobs: 1
== fio_sea_1osd_16reactor_32fio_bal_osd_rc_1job_2io_64k_seqread_p0.json ==
{'bw': 686.957,
 'clat_ms': 5.954102693254,
 'clat_stdev': 4.037757887751,
 'iodepth': '2',
 'jobname': 'read',
 'sys_cpu': 0.275132,
 'timestamp': '1751027656',
 'total_ios': 3220178,
 'usr_cpu': 0.357933}
Num jobs: 1
== fio_sea_1osd_16reactor_32fio_bal_osd_rc_1job_4io_64k_seqread_p0.json ==
{'bw': 661.496,
 'clat_ms': 12.375175243915,
 'clat_stdev': 7.077948468112,
 'iodepth': '4',
 'jobname': 'read',
 'sys_cpu': 0.273667,
 'timestamp': '1751027988',
 'total_ios': 3100857,
 'usr_cpu': 0.361445}
Num jobs: 1
== fio_sea_1osd_16reactor_32fio_bal_osd_rc_1job_8io_64k_seqread_p0.json ==
{'bw': 680.335,
 'clat_ms': 24.073961631106002,
 'clat_stdev': 14.222731504391,
 'iodepth': '8',
 'jobname': 'read',
 'sys_cpu': 0.275489,
 'timestamp': '1751028985',
 'total_ios': 3189273,
 'usr_cpu': 0.35289}
Num jobs: 1
== fio_sea_1osd_16reactor_32fio_bal_osd_rc_1job_8io_64k_seqread_p0.json ==
{'bw': 680.335,
 'clat_ms': 24.073961631106002,
 'clat_stdev': 14.222731504391,
 'iodepth': '8',
 'jobname': 'read',
 'sys_cpu': 0.275489,
 'timestamp': '1751028985',
 'total_ios': 3189273,
 'usr_cpu': 0.35289}
Num jobs: 1
== fio_sea_1osd_16reactor_32fio_bal_osd_rc_1job_8io_64k_seqread_p0.json ==
{'bw': 680.335,
 'clat_ms': 24.073961631106002,
 'clat_stdev': 14.222731504391,
 'iodepth': '8',
 'jobname': 'read',
 'sys_cpu': 0.275489,
 'timestamp': '1751028985',
 'total_ios': 3189273,
 'usr_cpu': 0.35289}
Num jobs: 1
== fio_sea_1osd_16reactor_32fio_bal_osd_rc_1job_16io_64k_seqread_p0.json ==
{'bw': 688.959,
 'clat_ms': 47.555861525261996,
 'clat_stdev': 30.597467956651,
 'iodepth': '16',
 'jobname': 'read',
 'sys_cpu': 0.275603,
 'timestamp': '1751029982',
 'total_ios': 3229781,
 'usr_cpu': 0.353611}
Num jobs: 1
== fio_sea_1osd_16reactor_32fio_bal_osd_rc_1job_16io_64k_seqread_p0.json ==
{'bw': 688.959,
 'clat_ms': 47.555861525261996,
 'clat_stdev': 30.597467956651,
 'iodepth': '16',
 'jobname': 'read',
 'sys_cpu': 0.275603,
 'timestamp': '1751029982',
 'total_ios': 3229781,
 'usr_cpu': 0.353611}
Num jobs: 1
== fio_sea_1osd_16reactor_32fio_bal_osd_rc_1job_16io_64k_seqread_p0.json ==
{'bw': 688.959,
 'clat_ms': 47.555861525261996,
 'clat_stdev': 30.597467956651,
 'iodepth': '16',
 'jobname': 'read',
 'sys_cpu': 0.275603,
 'timestamp': '1751029982',
 'total_ios': 3229781,
 'usr_cpu': 0.353611}
Num jobs: 1
== fio_sea_1osd_16reactor_32fio_bal_osd_rc_1job_24io_64k_seqread_p0.json ==
{'bw': 726.082,
 'clat_ms': 67.684193263419,
 'clat_stdev': 50.241354898223,
 'iodepth': '24',
 'jobname': 'read',
 'sys_cpu': 0.277077,
 'timestamp': '1751030979',
 'total_ios': 3404410,
 'usr_cpu': 0.354495}
Num jobs: 1
== fio_sea_1osd_16reactor_32fio_bal_osd_rc_1job_24io_64k_seqread_p0.json ==
{'bw': 726.082,
 'clat_ms': 67.684193263419,
 'clat_stdev': 50.241354898223,
 'iodepth': '24',
 'jobname': 'read',
 'sys_cpu': 0.277077,
 'timestamp': '1751030979',
 'total_ios': 3404410,
 'usr_cpu': 0.354495}
Num jobs: 1
== fio_sea_1osd_16reactor_32fio_bal_osd_rc_1job_24io_64k_seqread_p0.json ==
{'bw': 726.082,
 'clat_ms': 67.684193263419,
 'clat_stdev': 50.241354898223,
 'iodepth': '24',
 'jobname': 'read',
 'sys_cpu': 0.277077,
 'timestamp': '1751030979',
 'total_ios': 3404410,
 'usr_cpu': 0.354495}
Num jobs: 1
== fio_sea_1osd_16reactor_32fio_bal_osd_rc_1job_32io_64k_seqread_p0.json ==
{'bw': 748.308,
 'clat_ms': 86.90703164075201,
 'clat_stdev': 76.176618173934,
 'iodepth': '32',
 'jobname': 'read',
 'sys_cpu': 0.280674,
 'timestamp': '1751031977',
 'total_ios': 3509055,
 'usr_cpu': 0.350496}
Num jobs: 1
== fio_sea_1osd_16reactor_32fio_bal_osd_rc_1job_32io_64k_seqread_p0.json ==
{'bw': 748.308,
 'clat_ms': 86.90703164075201,
 'clat_stdev': 76.176618173934,
 'iodepth': '32',
 'jobname': 'read',
 'sys_cpu': 0.280674,
 'timestamp': '1751031977',
 'total_ios': 3509055,
 'usr_cpu': 0.350496}
Num jobs: 1
== fio_sea_1osd_16reactor_32fio_bal_osd_rc_1job_32io_64k_seqread_p0.json ==
{'bw': 748.308,
 'clat_ms': 86.90703164075201,
 'clat_stdev': 76.176618173934,
 'iodepth': '32',
 'jobname': 'read',
 'sys_cpu': 0.280674,
 'timestamp': '1751031977',
 'total_ios': 3509055,
 'usr_cpu': 0.350496}
Num jobs: 1
== fio_sea_1osd_16reactor_32fio_bal_osd_rc_1job_40io_64k_seqread_p0.json ==
{'bw': 736.852,
 'clat_ms': 92.218874028689,
 'clat_stdev': 83.195592410409,
 'iodepth': '40',
 'jobname': 'read',
 'sys_cpu': 0.326795,
 'timestamp': '1751032975',
 'total_ios': 3454198,
 'usr_cpu': 0.408568}
Num jobs: 1
== fio_sea_1osd_16reactor_32fio_bal_osd_rc_1job_40io_64k_seqread_p0.json ==
{'bw': 736.852,
 'clat_ms': 92.218874028689,
 'clat_stdev': 83.195592410409,
 'iodepth': '40',
 'jobname': 'read',
 'sys_cpu': 0.326795,
 'timestamp': '1751032975',
 'total_ios': 3454198,
 'usr_cpu': 0.408568}
Num jobs: 1
== fio_sea_1osd_16reactor_32fio_bal_osd_rc_1job_40io_64k_seqread_p0.json ==
{'bw': 736.852,
 'clat_ms': 92.218874028689,
 'clat_stdev': 83.195592410409,
 'iodepth': '40',
 'jobname': 'read',
 'sys_cpu': 0.326795,
 'timestamp': '1751032975',
 'total_ios': 3454198,
 'usr_cpu': 0.408568}
Num jobs: 1
== fio_sea_1osd_16reactor_32fio_bal_osd_rc_1job_52io_64k_seqread_p0.json ==
{'bw': 733.264,
 'clat_ms': 95.534708099083,
 'clat_stdev': 87.083574539581,
 'iodepth': '52',
 'jobname': 'read',
 'sys_cpu': 0.410958,
 'timestamp': '1751033973',
 'total_ios': 3437722,
 'usr_cpu': 0.488193}
Num jobs: 1
== fio_sea_1osd_16reactor_32fio_bal_osd_rc_1job_52io_64k_seqread_p0.json ==
{'bw': 733.264,
 'clat_ms': 95.534708099083,
 'clat_stdev': 87.083574539581,
 'iodepth': '52',
 'jobname': 'read',
 'sys_cpu': 0.410958,
 'timestamp': '1751033973',
 'total_ios': 3437722,
 'usr_cpu': 0.488193}
Num jobs: 1
== fio_sea_1osd_16reactor_32fio_bal_osd_rc_1job_52io_64k_seqread_p0.json ==
{'bw': 733.264,
 'clat_ms': 95.534708099083,
 'clat_stdev': 87.083574539581,
 'iodepth': '52',
 'jobname': 'read',
 'sys_cpu': 0.410958,
 'timestamp': '1751033973',
 'total_ios': 3437722,
 'usr_cpu': 0.488193}
Num jobs: 1
== fio_sea_1osd_16reactor_32fio_bal_osd_rc_1job_64io_64k_seqread_p0.json ==
{'bw': 894.584,
 'clat_ms': 63.754715950801,
 'clat_stdev': 81.65695797511201,
 'iodepth': '64',
 'jobname': 'read',
 'sys_cpu': 0.644942,
 'timestamp': '1751034971',
 'total_ios': 4192760,
 'usr_cpu': 0.654435}
Num jobs: 1
== fio_sea_1osd_16reactor_32fio_bal_osd_rc_1job_64io_64k_seqread_p0.json ==
{'bw': 894.584,
 'clat_ms': 63.754715950801,
 'clat_stdev': 81.65695797511201,
 'iodepth': '64',
 'jobname': 'read',
 'sys_cpu': 0.644942,
 'timestamp': '1751034971',
 'total_ios': 4192760,
 'usr_cpu': 0.654435}
Num jobs: 1
== fio_sea_1osd_16reactor_32fio_bal_osd_rc_1job_64io_64k_seqread_p0.json ==
{'bw': 894.584,
 'clat_ms': 63.754715950801,
 'clat_stdev': 81.65695797511201,
 'iodepth': '64',
 'jobname': 'read',
 'sys_cpu': 0.644942,
 'timestamp': '1751034971',
 'total_ios': 4192760,
 'usr_cpu': 0.654435}
Note: clat_ns has been converted to milliseconds
Note: bw has been converted to MiBs
 avg_cpu list has: 1 items
Table (after aggregating OSD CPU avg data):
{'OSD_cpu': [1324.6266666666668,
             1372.316666666666,
             1374.0500000000009,
             1400.5433333333326,
             1398.4199999999992,
             1385.4799999999998,
             1424.7266666666685,
             1426.4666666666665,
             1422.803333333334,
             1447.0766666666682,
             1435.4699999999998,
             1445.7366666666678,
             1468.0833333333344,
             1469.910000000001,
             1462.5133333333338,
             1473.2500000000007,
             1467.8933333333362,
             1486.586666666666,
             1437.450000000003,
             1469.4033333333339,
             1474.6499999999992,
             1459.970000000001,
             1475.6566666666681,
             1458.326666666669],
 'OSD_mem': [660.6599999999828,
             686.3999999999814,
             686.3999999999814,
             686.3999999999814,
             686.3999999999814,
             686.3999999999814,
             686.3999999999814,
             686.3999999999814,
             686.3999999999814,
             686.3999999999814,
             686.3999999999814,
             686.3999999999814,
             686.3999999999814,
             686.3999999999814,
             686.3999999999814,
             686.3999999999814,
             686.3999999999814,
             686.3999999999814,
             686.3999999999814,
             686.3999999999814,
             686.3999999999814,
             686.3999999999814,
             686.3999999999814,
             686.3999999999814],
 'bw': [659.202, 686.957, 661.496,
        680.335, 688.959, 726.082,
        748.308, 736.852, 733.264,
        894.584],
 'clat_ms': [3.097913579362,
             5.954102693254,
             12.375175243915,
             24.073961631106002,
             47.555861525261996,
             67.684193263419,
             86.90703164075201,
             92.218874028689,
             95.534708099083,
             63.754715950801],
 'clat_stdev': [1.946797402201,
                4.037757887751,
                7.077948468112,
                14.222731504391,
                30.597467956651,
                50.241354898223,
                76.176618173934,
                83.195592410409,
                87.083574539581,
                81.65695797511201],
 'iodepth': ['1', '2', '4', '8', '16',
             '24', '32', '40', '52',
             '64'],
 'sys_cpu': [0.274353, 0.275132,
             0.273667, 0.275489,
             0.275603, 0.277077,
             0.280674, 0.326795,
             0.410958, 0.644942],
 'total_ios': [3090054, 3220178, 3100857,
               3189273, 3229781, 3404410,
               3509055, 3454198, 3437722,
               4192760],
 'usr_cpu': [0.36379, 0.357933, 0.361445,
             0.35289, 0.353611, 0.354495,
             0.350496, 0.408568,
             0.488193, 0.654435]}
 avg_cpu list has: 1 items
Table (after aggregating FIO CPU avg data):
{'FIO_cpu': [182.06666666666663,
             194.80000000000058,
             194.03666666666743,
             194.98000000000098,
             193.7100000000011,
             192.89333333333397,
             197.92333333333514,
             195.91333333333495,
             197.3666666666683,
             199.336666666668,
             200.5233333333351,
             199.81666666666868,
             202.96666666666837,
             200.7133333333351,
             202.0100000000021,
             204.8166666666681,
             201.63666666666623,
             205.00000000000168,
             189.34333333333416,
             201.30000000000027,
             202.25666666666592,
             193.15333333333407,
             198.62333333333234,
             195.01333333333326],
 'FIO_mem': [0.0, 0.0, 0.0, 0.0,
             1.5000000000000122, 0.0,
             43.49999999999695,
             33.000000000005215,
             36.00000000000377,
             44.99999999999559,
             44.99999999999559,
             44.99999999999559,
             44.626666666662594,
             44.95333333332896,
             44.99999999999559,
             43.973333333329855,
             38.98000000000106,
             44.626666666662594,
             29.6933333333378,
             37.06666666666947,
             36.460000000003355,
             29.226666666671026,
             33.240000000005274,
             29.50666666667109],
 'OSD_cpu': [1324.6266666666668,
             1372.316666666666,
             1374.0500000000009,
             1400.5433333333326,
             1398.4199999999992,
             1385.4799999999998,
             1424.7266666666685,
             1426.4666666666665,
             1422.803333333334,
             1447.0766666666682,
             1435.4699999999998,
             1445.7366666666678,
             1468.0833333333344,
             1469.910000000001,
             1462.5133333333338,
             1473.2500000000007,
             1467.8933333333362,
             1486.586666666666,
             1437.450000000003,
             1469.4033333333339,
             1474.6499999999992,
             1459.970000000001,
             1475.6566666666681,
             1458.326666666669],
 'OSD_mem': [660.6599999999828,
             686.3999999999814,
             686.3999999999814,
             686.3999999999814,
             686.3999999999814,
             686.3999999999814,
             686.3999999999814,
             686.3999999999814,
             686.3999999999814,
             686.3999999999814,
             686.3999999999814,
             686.3999999999814,
             686.3999999999814,
             686.3999999999814,
             686.3999999999814,
             686.3999999999814,
             686.3999999999814,
             686.3999999999814,
             686.3999999999814,
             686.3999999999814,
             686.3999999999814,
             686.3999999999814,
             686.3999999999814,
             686.3999999999814],
 'bw': [659.202, 686.957, 661.496,
        680.335, 688.959, 726.082,
        748.308, 736.852, 733.264,
        894.584],
 'clat_ms': [3.097913579362,
             5.954102693254,
             12.375175243915,
             24.073961631106002,
             47.555861525261996,
             67.684193263419,
             86.90703164075201,
             92.218874028689,
             95.534708099083,
             63.754715950801],
 'clat_stdev': [1.946797402201,
                4.037757887751,
                7.077948468112,
                14.222731504391,
                30.597467956651,
                50.241354898223,
                76.176618173934,
                83.195592410409,
                87.083574539581,
                81.65695797511201],
 'iodepth': ['1', '2', '4', '8', '16',
             '24', '32', '40', '52',
             '64'],
 'sys_cpu': [0.274353, 0.275132,
             0.273667, 0.275489,
             0.275603, 0.277077,
             0.280674, 0.326795,
             0.410958, 0.644942],
 'total_ios': [3090054, 3220178, 3100857,
               3189273, 3229781, 3404410,
               3509055, 3454198, 3437722,
               4192760],
 'usr_cpu': [0.36379, 0.357933, 0.361445,
             0.35289, 0.353611, 0.354495,
             0.350496, 0.408568,
             0.488193, 0.654435]}
 Wiki table: sea_1osd_16reactor_32fio_bal_osd_rc_1procs_seqread
{| class="wikitable"
|- 
 ! colspan="11"  | 
        sea_1osd_16reactor_32fio_bal_osd_rc_1procs_seqread
|-
! iodepth !! bw !! total_ios !! clat_ms !! clat_stdev !! usr_cpu !! sys_cpu !! OSD_cpu !! OSD_mem !! FIO_cpu !! FIO_mem
|-
 | 1  || 659.20  || 3090054.00  || 3.10  || 1.95  || 0.36  || 0.27  || 1324.63  || 660.66  || 182.07  || 0.00 
|-
 | 2  || 686.96  || 3220178.00  || 5.95  || 4.04  || 0.36  || 0.28  || 1372.32  || 686.40  || 194.80  || 0.00 
|-
 | 4  || 661.50  || 3100857.00  || 12.38  || 7.08  || 0.36  || 0.27  || 1374.05  || 686.40  || 194.04  || 0.00 
|-
 | 8  || 680.34  || 3189273.00  || 24.07  || 14.22  || 0.35  || 0.28  || 1400.54  || 686.40  || 194.98  || 0.00 
|-
 | 16  || 688.96  || 3229781.00  || 47.56  || 30.60  || 0.35  || 0.28  || 1398.42  || 686.40  || 193.71  || 1.50 
|-
 | 24  || 726.08  || 3404410.00  || 67.68  || 50.24  || 0.35  || 0.28  || 1385.48  || 686.40  || 192.89  || 0.00 
|-
 | 32  || 748.31  || 3509055.00  || 86.91  || 76.18  || 0.35  || 0.28  || 1424.73  || 686.40  || 197.92  || 43.50 
|-
 | 40  || 736.85  || 3454198.00  || 92.22  || 83.20  || 0.41  || 0.33  || 1426.47  || 686.40  || 195.91  || 33.00 
|-
 | 52  || 733.26  || 3437722.00  || 95.53  || 87.08  || 0.49  || 0.41  || 1422.80  || 686.40  || 197.37  || 36.00 
|-
 | 64  || 894.58  || 4192760.00  || 63.75  || 81.66  || 0.65  || 0.64  || 1447.08  || 686.40  || 199.34  || 45.00 
|-
|}


\begin{table}[h!]
\centering
\begin{tabular}[t]{*{11 }{|c|}}
\hline 
iodepth & bw & total\_ios & clat\_ms & clat\_stdev & usr\_cpu & sys\_cpu & OSD\_cpu & OSD\_mem & FIO\_cpu & FIO\_mem\\
\hline
1  & 659.20  & 3090054.00  & 3.10  & 1.95  & 0.36  & 0.27  & 1324.63  & 660.66  & 182.07  & 0.00 \\
\hline
2  & 686.96  & 3220178.00  & 5.95  & 4.04  & 0.36  & 0.28  & 1372.32  & 686.40  & 194.80  & 0.00 \\
\hline
4  & 661.50  & 3100857.00  & 12.38  & 7.08  & 0.36  & 0.27  & 1374.05  & 686.40  & 194.04  & 0.00 \\
\hline
8  & 680.34  & 3189273.00  & 24.07  & 14.22  & 0.35  & 0.28  & 1400.54  & 686.40  & 194.98  & 0.00 \\
\hline
16  & 688.96  & 3229781.00  & 47.56  & 30.60  & 0.35  & 0.28  & 1398.42  & 686.40  & 193.71  & 1.50 \\
\hline
24  & 726.08  & 3404410.00  & 67.68  & 50.24  & 0.35  & 0.28  & 1385.48  & 686.40  & 192.89  & 0.00 \\
\hline
32  & 748.31  & 3509055.00  & 86.91  & 76.18  & 0.35  & 0.28  & 1424.73  & 686.40  & 197.92  & 43.50 \\
\hline
40  & 736.85  & 3454198.00  & 92.22  & 83.20  & 0.41  & 0.33  & 1426.47  & 686.40  & 195.91  & 33.00 \\
\hline
52  & 733.26  & 3437722.00  & 95.53  & 87.08  & 0.49  & 0.41  & 1422.80  & 686.40  & 197.37  & 36.00 \\
\hline
64  & 894.58  & 4192760.00  & 63.75  & 81.66  & 0.65  & 0.64  & 1447.08  & 686.40  & 199.34  & 45.00 \\
\hline

\hline
\end{tabular}
\caption{Performance Throughput vs Latency vs CPU util: sea_1osd_16reactor_32fio_bal_osd_rc_1procs_seqread.}
\label{table:iops-lat-cpu-sea_1osd_16reactor_32fio_bal_osd_rc_1procs_seqread}
\end{table}

Done
