 771841  771841 crimson-osd       0	pid 771841's current affinity list: 0
 771841  771848 reactor-1        56	pid 771848's current affinity list: 56
 771841  771849 reactor-2         1	pid 771849's current affinity list: 1
 771841  771850 reactor-3        57	pid 771850's current affinity list: 57
 771841  771851 reactor-4         2	pid 771851's current affinity list: 2
 771841  771852 reactor-5        58	pid 771852's current affinity list: 58
 771841  771853 reactor-6         3	pid 771853's current affinity list: 3
 771841  771854 reactor-7        59	pid 771854's current affinity list: 59
 771841  771855 reactor-8         4	pid 771855's current affinity list: 4
 771841  771856 reactor-9        60	pid 771856's current affinity list: 60
 771841  771857 reactor-10        5	pid 771857's current affinity list: 5
 771841  771858 reactor-11       61	pid 771858's current affinity list: 61
 771841  771859 reactor-12        6	pid 771859's current affinity list: 6
 771841  771860 reactor-13       62	pid 771860's current affinity list: 62
 771841  771861 reactor-14        7	pid 771861's current affinity list: 7
 771841  771862 reactor-15       63	pid 771862's current affinity list: 63
 771841  771863 reactor-16        8	pid 771863's current affinity list: 8
 771841  771864 reactor-17       64	pid 771864's current affinity list: 64
 771841  771865 reactor-18        9	pid 771865's current affinity list: 9
 771841  771866 reactor-19       65	pid 771866's current affinity list: 65
 771841  771867 reactor-20       10	pid 771867's current affinity list: 10
 771841  771868 reactor-21       66	pid 771868's current affinity list: 66
 771841  771869 reactor-22       11	pid 771869's current affinity list: 11
 771841  771870 reactor-23       67	pid 771870's current affinity list: 67
 771841  771871 reactor-24       12	pid 771871's current affinity list: 12
 771841  771872 reactor-25       68	pid 771872's current affinity list: 68
 771841  771873 reactor-26       13	pid 771873's current affinity list: 13
 771841  771874 reactor-27       69	pid 771874's current affinity list: 69
 771841  771875 reactor-28       14	pid 771875's current affinity list: 14
 771841  771876 reactor-29       70	pid 771876's current affinity list: 70
 771841  771877 reactor-30       15	pid 771877's current affinity list: 15
 771841  771878 reactor-31       71	pid 771878's current affinity list: 71
 771841  771879 reactor-32       16	pid 771879's current affinity list: 16
 771841  771880 reactor-33       72	pid 771880's current affinity list: 72
 771841  771881 reactor-34       17	pid 771881's current affinity list: 17
 771841  771882 reactor-35       73	pid 771882's current affinity list: 73
 771841  771883 reactor-36       18	pid 771883's current affinity list: 18
 771841  771884 reactor-37       74	pid 771884's current affinity list: 74
 771841  771885 reactor-38       19	pid 771885's current affinity list: 19
 771841  771886 reactor-39       75	pid 771886's current affinity list: 75
 771841  771887 reactor-40       20	pid 771887's current affinity list: 20
 771841  771888 reactor-41       76	pid 771888's current affinity list: 76
 771841  771889 reactor-42       21	pid 771889's current affinity list: 21
 771841  771890 reactor-43       77	pid 771890's current affinity list: 77
 771841  771891 reactor-44       22	pid 771891's current affinity list: 22
 771841  771892 reactor-45       78	pid 771892's current affinity list: 78
 771841  771893 reactor-46       23	pid 771893's current affinity list: 23
 771841  771894 reactor-47       79	pid 771894's current affinity list: 79
 771841  771895 reactor-48       24	pid 771895's current affinity list: 24
 771841  771896 reactor-49       80	pid 771896's current affinity list: 80
 771841  771897 reactor-50       25	pid 771897's current affinity list: 25
 771841  771898 reactor-51       81	pid 771898's current affinity list: 81
 771841  771899 reactor-52       26	pid 771899's current affinity list: 26
 771841  771900 reactor-53       82	pid 771900's current affinity list: 82
 771841  771901 reactor-54       27	pid 771901's current affinity list: 27
 771841  771902 reactor-55       83	pid 771902's current affinity list: 83
 771841  771903 syscall-0         0	pid 771903's current affinity list: 0
 771841  771904 syscall-28       14	pid 771904's current affinity list: 14
 771841  771905 syscall-13       62	pid 771905's current affinity list: 62
 771841  771906 syscall-24       12	pid 771906's current affinity list: 12
 771841  771907 syscall-47       79	pid 771907's current affinity list: 79
 771841  771908 syscall-27       69	pid 771908's current affinity list: 69
 771841  771909 syscall-17       64	pid 771909's current affinity list: 64
 771841  771910 syscall-1        56	pid 771910's current affinity list: 56
 771841  771911 syscall-37       74	pid 771911's current affinity list: 74
 771841  771912 syscall-16        8	pid 771912's current affinity list: 8
 771841  771913 syscall-29       70	pid 771913's current affinity list: 70
 771841  771914 syscall-3        57	pid 771914's current affinity list: 57
 771841  771915 syscall-22       11	pid 771915's current affinity list: 11
 771841  771916 syscall-30       15	pid 771916's current affinity list: 15
 771841  771917 syscall-35       73	pid 771917's current affinity list: 73
 771841  771918 syscall-8         4	pid 771918's current affinity list: 4
 771841  771919 syscall-12        6	pid 771919's current affinity list: 6
 771841  771920 syscall-5        58	pid 771920's current affinity list: 58
 771841  771921 syscall-6         3	pid 771921's current affinity list: 3
 771841  771922 syscall-11       61	pid 771922's current affinity list: 61
 771841  771923 syscall-41       76	pid 771923's current affinity list: 76
 771841  771924 syscall-2         1	pid 771924's current affinity list: 1
 771841  771925 syscall-7        59	pid 771925's current affinity list: 59
 771841  771926 syscall-9        60	pid 771926's current affinity list: 60
 771841  771927 syscall-18        9	pid 771927's current affinity list: 9
 771841  771928 syscall-10        5	pid 771928's current affinity list: 5
 771841  771929 syscall-4         2	pid 771929's current affinity list: 2
 771841  771930 syscall-20       10	pid 771930's current affinity list: 10
 771841  771931 syscall-25       68	pid 771931's current affinity list: 68
 771841  771932 syscall-14        7	pid 771932's current affinity list: 7
 771841  771933 syscall-32       16	pid 771933's current affinity list: 16
 771841  771934 syscall-21       66	pid 771934's current affinity list: 66
 771841  771935 syscall-15       63	pid 771935's current affinity list: 63
 771841  771936 syscall-40       20	pid 771936's current affinity list: 20
 771841  771937 syscall-23       67	pid 771937's current affinity list: 67
 771841  771938 syscall-39       75	pid 771938's current affinity list: 75
 771841  771939 syscall-26       13	pid 771939's current affinity list: 13
 771841  771940 syscall-36       18	pid 771940's current affinity list: 18
 771841  771941 syscall-55       83	pid 771941's current affinity list: 83
 771841  771942 syscall-19       65	pid 771942's current affinity list: 65
 771841  771943 syscall-34       17	pid 771943's current affinity list: 17
 771841  771944 syscall-38       19	pid 771944's current affinity list: 19
 771841  771945 syscall-33       72	pid 771945's current affinity list: 72
 771841  771946 syscall-42       21	pid 771946's current affinity list: 21
 771841  771947 syscall-31       71	pid 771947's current affinity list: 71
 771841  771948 syscall-43       77	pid 771948's current affinity list: 77
 771841  771949 syscall-44       22	pid 771949's current affinity list: 22
 771841  771950 syscall-45       78	pid 771950's current affinity list: 78
 771841  771951 syscall-46       23	pid 771951's current affinity list: 23
 771841  771952 syscall-52       26	pid 771952's current affinity list: 26
 771841  771953 syscall-54       27	pid 771953's current affinity list: 27
 771841  771954 syscall-48       24	pid 771954's current affinity list: 24
 771841  771955 syscall-50       25	pid 771955's current affinity list: 25
 771841  771956 syscall-49       80	pid 771956's current affinity list: 80
 771841  771957 syscall-51       81	pid 771957's current affinity list: 81
 771841  771958 syscall-53       82	pid 771958's current affinity list: 82
 771841  771959 crimson-osd       0	pid 771959's current affinity list: 0
 771841  771960 reactor-8         4	pid 771960's current affinity list: 4
 771841  771961 reactor-50       25	pid 771961's current affinity list: 25
 771841  771962 reactor-47       79	pid 771962's current affinity list: 79
 771841  771963 reactor-13       62	pid 771963's current affinity list: 62
 771841  771964 reactor-2         1	pid 771964's current affinity list: 1
 771841  771965 reactor-3        57	pid 771965's current affinity list: 57
 771841  771966 reactor-17       64	pid 771966's current affinity list: 64
 771841  771967 reactor-16        8	pid 771967's current affinity list: 8
 771841  771968 reactor-18        9	pid 771968's current affinity list: 9
 771841  771969 reactor-19       65	pid 771969's current affinity list: 65
 771841  771970 reactor-38       19	pid 771970's current affinity list: 19
 771841  771971 reactor-28       14	pid 771971's current affinity list: 14
 771841  771972 reactor-24       12	pid 771972's current affinity list: 12
 771841  771973 reactor-23       67	pid 771973's current affinity list: 67
 771841  771974 reactor-36       18	pid 771974's current affinity list: 18
 771841  771975 reactor-21       66	pid 771975's current affinity list: 66
 771841  771976 reactor-4         2	pid 771976's current affinity list: 2
 771841  771977 reactor-5        58	pid 771977's current affinity list: 58
 771841  771978 reactor-33       72	pid 771978's current affinity list: 72
 771841  771979 reactor-22       11	pid 771979's current affinity list: 11
 771841  771980 reactor-29       70	pid 771980's current affinity list: 70
 771841  771981 reactor-31       71	pid 771981's current affinity list: 71
 771841  771982 reactor-43       77	pid 771982's current affinity list: 77
 771841  771983 reactor-26       13	pid 771983's current affinity list: 13
 771841  771984 reactor-27       69	pid 771984's current affinity list: 69
 771841  771985 reactor-14        7	pid 771985's current affinity list: 7
 771841  771986 reactor-25       68	pid 771986's current affinity list: 68
 771841  771987 reactor-15       63	pid 771987's current affinity list: 63
 771841  771988 reactor-1        56	pid 771988's current affinity list: 56
 771841  771989 reactor-44       22	pid 771989's current affinity list: 22
 771841  771990 reactor-49       80	pid 771990's current affinity list: 80
 771841  771991 reactor-46       23	pid 771991's current affinity list: 23
 771841  771992 reactor-51       81	pid 771992's current affinity list: 81
 771841  771993 reactor-52       26	pid 771993's current affinity list: 26
 771841  771994 reactor-48       24	pid 771994's current affinity list: 24
 771841  771995 reactor-10        5	pid 771995's current affinity list: 5
 771841  771996 reactor-11       61	pid 771996's current affinity list: 61
 771841  771997 reactor-32       16	pid 771997's current affinity list: 16
 771841  771998 reactor-34       17	pid 771998's current affinity list: 17
 771841  771999 reactor-42       21	pid 771999's current affinity list: 21
 771841  772000 reactor-37       74	pid 772000's current affinity list: 74
 771841  772001 reactor-35       73	pid 772001's current affinity list: 73
 771841  772002 reactor-41       76	pid 772002's current affinity list: 76
 771841  772003 reactor-39       75	pid 772003's current affinity list: 75
 771841  772004 reactor-40       20	pid 772004's current affinity list: 20
 771841  772005 reactor-53       82	pid 772005's current affinity list: 82
 771841  772006 reactor-30       15	pid 772006's current affinity list: 15
 771841  772007 reactor-45       78	pid 772007's current affinity list: 78
 771841  772008 reactor-20       10	pid 772008's current affinity list: 10
 771841  772009 reactor-12        6	pid 772009's current affinity list: 6
 771841  772010 reactor-7        59	pid 772010's current affinity list: 59
 771841  772011 reactor-9        60	pid 772011's current affinity list: 60
 771841  772012 reactor-55       83	pid 772012's current affinity list: 83
 771841  772013 reactor-54       27	pid 772013's current affinity list: 27
 771841  772014 reactor-6         3	pid 772014's current affinity list: 3
 771841  771841 crimson-osd       0	pid 771841's current affinity list: 0
 771841  771848 reactor-1        56	pid 771848's current affinity list: 56
 771841  771849 reactor-2         1	pid 771849's current affinity list: 1
 771841  771850 reactor-3        57	pid 771850's current affinity list: 57
 771841  771851 reactor-4         2	pid 771851's current affinity list: 2
 771841  771852 reactor-5        58	pid 771852's current affinity list: 58
 771841  771853 reactor-6         3	pid 771853's current affinity list: 3
 771841  771854 reactor-7        59	pid 771854's current affinity list: 59
 771841  771855 reactor-8         4	pid 771855's current affinity list: 4
 771841  771856 reactor-9        60	pid 771856's current affinity list: 60
 771841  771857 reactor-10        5	pid 771857's current affinity list: 5
 771841  771858 reactor-11       61	pid 771858's current affinity list: 61
 771841  771859 reactor-12        6	pid 771859's current affinity list: 6
 771841  771860 reactor-13       62	pid 771860's current affinity list: 62
 771841  771861 reactor-14        7	pid 771861's current affinity list: 7
 771841  771862 reactor-15       63	pid 771862's current affinity list: 63
 771841  771863 reactor-16        8	pid 771863's current affinity list: 8
 771841  771864 reactor-17       64	pid 771864's current affinity list: 64
 771841  771865 reactor-18        9	pid 771865's current affinity list: 9
 771841  771866 reactor-19       65	pid 771866's current affinity list: 65
 771841  771867 reactor-20       10	pid 771867's current affinity list: 10
 771841  771868 reactor-21       66	pid 771868's current affinity list: 66
 771841  771869 reactor-22       11	pid 771869's current affinity list: 11
 771841  771870 reactor-23       67	pid 771870's current affinity list: 67
 771841  771871 reactor-24       12	pid 771871's current affinity list: 12
 771841  771872 reactor-25       68	pid 771872's current affinity list: 68
 771841  771873 reactor-26       13	pid 771873's current affinity list: 13
 771841  771874 reactor-27       69	pid 771874's current affinity list: 69
 771841  771875 reactor-28       14	pid 771875's current affinity list: 14
 771841  771876 reactor-29       70	pid 771876's current affinity list: 70
 771841  771877 reactor-30       15	pid 771877's current affinity list: 15
 771841  771878 reactor-31       71	pid 771878's current affinity list: 71
 771841  771879 reactor-32       16	pid 771879's current affinity list: 16
 771841  771880 reactor-33       72	pid 771880's current affinity list: 72
 771841  771881 reactor-34       17	pid 771881's current affinity list: 17
 771841  771882 reactor-35       73	pid 771882's current affinity list: 73
 771841  771883 reactor-36       18	pid 771883's current affinity list: 18
 771841  771884 reactor-37       74	pid 771884's current affinity list: 74
 771841  771885 reactor-38       19	pid 771885's current affinity list: 19
 771841  771886 reactor-39       75	pid 771886's current affinity list: 75
 771841  771887 reactor-40       20	pid 771887's current affinity list: 20
 771841  771888 reactor-41       76	pid 771888's current affinity list: 76
 771841  771889 reactor-42       21	pid 771889's current affinity list: 21
 771841  771890 reactor-43       77	pid 771890's current affinity list: 77
 771841  771891 reactor-44       22	pid 771891's current affinity list: 22
 771841  771892 reactor-45       78	pid 771892's current affinity list: 78
 771841  771893 reactor-46       23	pid 771893's current affinity list: 23
 771841  771894 reactor-47       79	pid 771894's current affinity list: 79
 771841  771895 reactor-48       24	pid 771895's current affinity list: 24
 771841  771896 reactor-49       80	pid 771896's current affinity list: 80
 771841  771897 reactor-50       25	pid 771897's current affinity list: 25
 771841  771898 reactor-51       81	pid 771898's current affinity list: 81
 771841  771899 reactor-52       26	pid 771899's current affinity list: 26
 771841  771900 reactor-53       82	pid 771900's current affinity list: 82
 771841  771901 reactor-54       27	pid 771901's current affinity list: 27
 771841  771902 reactor-55       83	pid 771902's current affinity list: 83
 771841  771903 syscall-0         0	pid 771903's current affinity list: 0
 771841  771904 syscall-28       14	pid 771904's current affinity list: 14
 771841  771905 syscall-13       62	pid 771905's current affinity list: 62
 771841  771906 syscall-24       12	pid 771906's current affinity list: 12
 771841  771907 syscall-47       79	pid 771907's current affinity list: 79
 771841  771908 syscall-27       69	pid 771908's current affinity list: 69
 771841  771909 syscall-17       64	pid 771909's current affinity list: 64
 771841  771910 syscall-1        56	pid 771910's current affinity list: 56
 771841  771911 syscall-37       74	pid 771911's current affinity list: 74
 771841  771912 syscall-16        8	pid 771912's current affinity list: 8
 771841  771913 syscall-29       70	pid 771913's current affinity list: 70
 771841  771914 syscall-3        57	pid 771914's current affinity list: 57
 771841  771915 syscall-22       11	pid 771915's current affinity list: 11
 771841  771916 syscall-30       15	pid 771916's current affinity list: 15
 771841  771917 syscall-35       73	pid 771917's current affinity list: 73
 771841  771918 syscall-8         4	pid 771918's current affinity list: 4
 771841  771919 syscall-12        6	pid 771919's current affinity list: 6
 771841  771920 syscall-5        58	pid 771920's current affinity list: 58
 771841  771921 syscall-6         3	pid 771921's current affinity list: 3
 771841  771922 syscall-11       61	pid 771922's current affinity list: 61
 771841  771923 syscall-41       76	pid 771923's current affinity list: 76
 771841  771924 syscall-2         1	pid 771924's current affinity list: 1
 771841  771925 syscall-7        59	pid 771925's current affinity list: 59
 771841  771926 syscall-9        60	pid 771926's current affinity list: 60
 771841  771927 syscall-18        9	pid 771927's current affinity list: 9
 771841  771928 syscall-10        5	pid 771928's current affinity list: 5
 771841  771929 syscall-4         2	pid 771929's current affinity list: 2
 771841  771930 syscall-20       10	pid 771930's current affinity list: 10
 771841  771931 syscall-25       68	pid 771931's current affinity list: 68
 771841  771932 syscall-14        7	pid 771932's current affinity list: 7
 771841  771933 syscall-32       16	pid 771933's current affinity list: 16
 771841  771934 syscall-21       66	pid 771934's current affinity list: 66
 771841  771935 syscall-15       63	pid 771935's current affinity list: 63
 771841  771936 syscall-40       20	pid 771936's current affinity list: 20
 771841  771937 syscall-23       67	pid 771937's current affinity list: 67
 771841  771938 syscall-39       75	pid 771938's current affinity list: 75
 771841  771939 syscall-26       13	pid 771939's current affinity list: 13
 771841  771940 syscall-36       18	pid 771940's current affinity list: 18
 771841  771941 syscall-55       83	pid 771941's current affinity list: 83
 771841  771942 syscall-19       65	pid 771942's current affinity list: 65
 771841  771943 syscall-34       17	pid 771943's current affinity list: 17
 771841  771944 syscall-38       19	pid 771944's current affinity list: 19
 771841  771945 syscall-33       72	pid 771945's current affinity list: 72
 771841  771946 syscall-42       21	pid 771946's current affinity list: 21
 771841  771947 syscall-31       71	pid 771947's current affinity list: 71
 771841  771948 syscall-43       77	pid 771948's current affinity list: 77
 771841  771949 syscall-44       22	pid 771949's current affinity list: 22
 771841  771950 syscall-45       78	pid 771950's current affinity list: 78
 771841  771951 syscall-46       23	pid 771951's current affinity list: 23
 771841  771952 syscall-52       26	pid 771952's current affinity list: 26
 771841  771953 syscall-54       27	pid 771953's current affinity list: 27
 771841  771954 syscall-48       24	pid 771954's current affinity list: 24
 771841  771955 syscall-50       25	pid 771955's current affinity list: 25
 771841  771956 syscall-49       80	pid 771956's current affinity list: 80
 771841  771957 syscall-51       81	pid 771957's current affinity list: 81
 771841  771958 syscall-53       82	pid 771958's current affinity list: 82
 771841  771959 crimson-osd       0	pid 771959's current affinity list: 0
 771841  771960 reactor-8         4	pid 771960's current affinity list: 4
 771841  771961 reactor-50       25	pid 771961's current affinity list: 25
 771841  771962 reactor-47       79	pid 771962's current affinity list: 79
 771841  771963 reactor-13       62	pid 771963's current affinity list: 62
 771841  771964 reactor-2         1	pid 771964's current affinity list: 1
 771841  771965 reactor-3        57	pid 771965's current affinity list: 57
 771841  771966 reactor-17       64	pid 771966's current affinity list: 64
 771841  771967 reactor-16        8	pid 771967's current affinity list: 8
 771841  771968 reactor-18        9	pid 771968's current affinity list: 9
 771841  771969 reactor-19       65	pid 771969's current affinity list: 65
 771841  771970 reactor-38       19	pid 771970's current affinity list: 19
 771841  771971 reactor-28       14	pid 771971's current affinity list: 14
 771841  771972 reactor-24       12	pid 771972's current affinity list: 12
 771841  771973 reactor-23       67	pid 771973's current affinity list: 67
 771841  771974 reactor-36       18	pid 771974's current affinity list: 18
 771841  771975 reactor-21       66	pid 771975's current affinity list: 66
 771841  771976 reactor-4         2	pid 771976's current affinity list: 2
 771841  771977 reactor-5        58	pid 771977's current affinity list: 58
 771841  771978 reactor-33       72	pid 771978's current affinity list: 72
 771841  771979 reactor-22       11	pid 771979's current affinity list: 11
 771841  771980 reactor-29       70	pid 771980's current affinity list: 70
 771841  771981 reactor-31       71	pid 771981's current affinity list: 71
 771841  771982 reactor-43       77	pid 771982's current affinity list: 77
 771841  771983 reactor-26       13	pid 771983's current affinity list: 13
 771841  771984 reactor-27       69	pid 771984's current affinity list: 69
 771841  771985 reactor-14        7	pid 771985's current affinity list: 7
 771841  771986 reactor-25       68	pid 771986's current affinity list: 68
 771841  771987 reactor-15       63	pid 771987's current affinity list: 63
 771841  771988 reactor-1        56	pid 771988's current affinity list: 56
 771841  771989 reactor-44       22	pid 771989's current affinity list: 22
 771841  771990 reactor-49       80	pid 771990's current affinity list: 80
 771841  771991 reactor-46       23	pid 771991's current affinity list: 23
 771841  771992 reactor-51       81	pid 771992's current affinity list: 81
 771841  771993 reactor-52       26	pid 771993's current affinity list: 26
 771841  771994 reactor-48       24	pid 771994's current affinity list: 24
 771841  771995 reactor-10        5	pid 771995's current affinity list: 5
 771841  771996 reactor-11       61	pid 771996's current affinity list: 61
 771841  771997 reactor-32       16	pid 771997's current affinity list: 16
 771841  771998 reactor-34       17	pid 771998's current affinity list: 17
 771841  771999 reactor-42       21	pid 771999's current affinity list: 21
 771841  772000 reactor-37       74	pid 772000's current affinity list: 74
 771841  772001 reactor-35       73	pid 772001's current affinity list: 73
 771841  772002 reactor-41       76	pid 772002's current affinity list: 76
 771841  772003 reactor-39       75	pid 772003's current affinity list: 75
 771841  772004 reactor-40       20	pid 772004's current affinity list: 20
 771841  772005 reactor-53       82	pid 772005's current affinity list: 82
 771841  772006 reactor-30       15	pid 772006's current affinity list: 15
 771841  772007 reactor-45       78	pid 772007's current affinity list: 78
 771841  772008 reactor-20       10	pid 772008's current affinity list: 10
 771841  772009 reactor-12        6	pid 772009's current affinity list: 6
 771841  772010 reactor-7        59	pid 772010's current affinity list: 59
 771841  772011 reactor-9        60	pid 772011's current affinity list: 60
 771841  772012 reactor-55       83	pid 772012's current affinity list: 83
 771841  772013 reactor-54       27	pid 772013's current affinity list: 27
 771841  772014 reactor-6         3	pid 772014's current affinity list: 3
