 780037  780037 crimson-osd       0	pid 780037's current affinity list: 0
 780037  780044 reactor-1        56	pid 780044's current affinity list: 56
 780037  780045 reactor-2         1	pid 780045's current affinity list: 1
 780037  780046 reactor-3        57	pid 780046's current affinity list: 57
 780037  780047 reactor-4         2	pid 780047's current affinity list: 2
 780037  780048 reactor-5        58	pid 780048's current affinity list: 58
 780037  780049 reactor-6         3	pid 780049's current affinity list: 3
 780037  780050 reactor-7        59	pid 780050's current affinity list: 59
 780037  780051 reactor-8         4	pid 780051's current affinity list: 4
 780037  780052 reactor-9        60	pid 780052's current affinity list: 60
 780037  780053 reactor-10        5	pid 780053's current affinity list: 5
 780037  780054 reactor-11       61	pid 780054's current affinity list: 61
 780037  780055 reactor-12        6	pid 780055's current affinity list: 6
 780037  780056 reactor-13       62	pid 780056's current affinity list: 62
 780037  780057 reactor-14        7	pid 780057's current affinity list: 7
 780037  780058 reactor-15       63	pid 780058's current affinity list: 63
 780037  780059 syscall-0         0	pid 780059's current affinity list: 0
 780037  780060 syscall-1        56	pid 780060's current affinity list: 56
 780037  780061 syscall-7        59	pid 780061's current affinity list: 59
 780037  780062 syscall-13       62	pid 780062's current affinity list: 62
 780037  780063 syscall-10        5	pid 780063's current affinity list: 5
 780037  780064 syscall-6         3	pid 780064's current affinity list: 3
 780037  780065 syscall-5        58	pid 780065's current affinity list: 58
 780037  780066 syscall-2         1	pid 780066's current affinity list: 1
 780037  780067 syscall-11       61	pid 780067's current affinity list: 61
 780037  780068 syscall-14        7	pid 780068's current affinity list: 7
 780037  780069 syscall-15       63	pid 780069's current affinity list: 63
 780037  780070 syscall-4         2	pid 780070's current affinity list: 2
 780037  780071 syscall-8         4	pid 780071's current affinity list: 4
 780037  780072 syscall-9        60	pid 780072's current affinity list: 60
 780037  780073 syscall-3        57	pid 780073's current affinity list: 57
 780037  780074 syscall-12        6	pid 780074's current affinity list: 6
 780037  780075 crimson-osd       0	pid 780075's current affinity list: 0
 780037  780076 reactor-1        56	pid 780076's current affinity list: 56
 780037  780077 reactor-13       62	pid 780077's current affinity list: 62
 780037  780078 reactor-14        7	pid 780078's current affinity list: 7
 780037  780079 reactor-15       63	pid 780079's current affinity list: 63
 780037  780080 reactor-5        58	pid 780080's current affinity list: 58
 780037  780081 reactor-6         3	pid 780081's current affinity list: 3
 780037  780082 reactor-8         4	pid 780082's current affinity list: 4
 780037  780083 reactor-9        60	pid 780083's current affinity list: 60
 780037  780084 reactor-7        59	pid 780084's current affinity list: 59
 780037  780085 reactor-3        57	pid 780085's current affinity list: 57
 780037  780086 reactor-4         2	pid 780086's current affinity list: 2
 780037  780087 reactor-2         1	pid 780087's current affinity list: 1
 780037  780088 reactor-12        6	pid 780088's current affinity list: 6
 780037  780089 reactor-11       61	pid 780089's current affinity list: 61
 780037  780090 reactor-10        5	pid 780090's current affinity list: 5
 780037  780037 crimson-osd       0	pid 780037's current affinity list: 0
 780037  780044 reactor-1        56	pid 780044's current affinity list: 56
 780037  780045 reactor-2         1	pid 780045's current affinity list: 1
 780037  780046 reactor-3        57	pid 780046's current affinity list: 57
 780037  780047 reactor-4         2	pid 780047's current affinity list: 2
 780037  780048 reactor-5        58	pid 780048's current affinity list: 58
 780037  780049 reactor-6         3	pid 780049's current affinity list: 3
 780037  780050 reactor-7        59	pid 780050's current affinity list: 59
 780037  780051 reactor-8         4	pid 780051's current affinity list: 4
 780037  780052 reactor-9        60	pid 780052's current affinity list: 60
 780037  780053 reactor-10        5	pid 780053's current affinity list: 5
 780037  780054 reactor-11       61	pid 780054's current affinity list: 61
 780037  780055 reactor-12        6	pid 780055's current affinity list: 6
 780037  780056 reactor-13       62	pid 780056's current affinity list: 62
 780037  780057 reactor-14        7	pid 780057's current affinity list: 7
 780037  780058 reactor-15       63	pid 780058's current affinity list: 63
 780037  780059 syscall-0         0	pid 780059's current affinity list: 0
 780037  780060 syscall-1        56	pid 780060's current affinity list: 56
 780037  780061 syscall-7        59	pid 780061's current affinity list: 59
 780037  780062 syscall-13       62	pid 780062's current affinity list: 62
 780037  780063 syscall-10        5	pid 780063's current affinity list: 5
 780037  780064 syscall-6         3	pid 780064's current affinity list: 3
 780037  780065 syscall-5        58	pid 780065's current affinity list: 58
 780037  780066 syscall-2         1	pid 780066's current affinity list: 1
 780037  780067 syscall-11       61	pid 780067's current affinity list: 61
 780037  780068 syscall-14        7	pid 780068's current affinity list: 7
 780037  780069 syscall-15       63	pid 780069's current affinity list: 63
 780037  780070 syscall-4         2	pid 780070's current affinity list: 2
 780037  780071 syscall-8         4	pid 780071's current affinity list: 4
 780037  780072 syscall-9        60	pid 780072's current affinity list: 60
 780037  780073 syscall-3        57	pid 780073's current affinity list: 57
 780037  780074 syscall-12        6	pid 780074's current affinity list: 6
 780037  780075 crimson-osd       0	pid 780075's current affinity list: 0
 780037  780076 reactor-1        56	pid 780076's current affinity list: 56
 780037  780077 reactor-13       62	pid 780077's current affinity list: 62
 780037  780078 reactor-14        7	pid 780078's current affinity list: 7
 780037  780079 reactor-15       63	pid 780079's current affinity list: 63
 780037  780080 reactor-5        58	pid 780080's current affinity list: 58
 780037  780081 reactor-6         3	pid 780081's current affinity list: 3
 780037  780082 reactor-8         4	pid 780082's current affinity list: 4
 780037  780083 reactor-9        60	pid 780083's current affinity list: 60
 780037  780084 reactor-7        59	pid 780084's current affinity list: 59
 780037  780085 reactor-3        57	pid 780085's current affinity list: 57
 780037  780086 reactor-4         2	pid 780086's current affinity list: 2
 780037  780087 reactor-2         1	pid 780087's current affinity list: 1
 780037  780088 reactor-12        6	pid 780088's current affinity list: 6
 780037  780089 reactor-11       61	pid 780089's current affinity list: 61
 780037  780090 reactor-10        5	pid 780090's current affinity list: 5
