['fio_sea_1osd_16reactor_32fio_bal_osd_rc_1job_1io_4k_randread_p0.json', 'fio_sea_1osd_16reactor_32fio_bal_osd_rc_1job_2io_4k_randread_p0.json', 'fio_sea_1osd_16reactor_32fio_bal_osd_rc_1job_4io_4k_randread_p0.json', 'fio_sea_1osd_16reactor_32fio_bal_osd_rc_1job_8io_4k_randread_p0.json', 'fio_sea_1osd_16reactor_32fio_bal_osd_rc_1job_16io_4k_randread_p0.json', 'fio_sea_1osd_16reactor_32fio_bal_osd_rc_1job_24io_4k_randread_p0.json', 'fio_sea_1osd_16reactor_32fio_bal_osd_rc_1job_32io_4k_randread_p0.json', 'fio_sea_1osd_16reactor_32fio_bal_osd_rc_1job_40io_4k_randread_p0.json', 'fio_sea_1osd_16reactor_32fio_bal_osd_rc_1job_52io_4k_randread_p0.json', 'fio_sea_1osd_16reactor_32fio_bal_osd_rc_1job_64io_4k_randread_p0.json']
loading 10 .json files ...
Num jobs: 1
== fio_sea_1osd_16reactor_32fio_bal_osd_rc_1job_1io_4k_randread_p0.json ==
{'clat_ms': 0.357595464294,
 'clat_stdev': 0.170254548457,
 'iodepth': '1',
 'iops': 88584.332771,
 'jobname': 'randread',
 'sys_cpu': 1.049354,
 'timestamp': '1751018571',
 'total_ios': 26575477,
 'usr_cpu': 1.168771}
Num jobs: 1
== fio_sea_1osd_16reactor_32fio_bal_osd_rc_1job_2io_4k_randread_p0.json ==
{'clat_ms': 0.575518881167,
 'clat_stdev': 0.355362136563,
 'iodepth': '2',
 'iops': 110531.876454,
 'jobname': 'randread',
 'sys_cpu': 1.254479,
 'timestamp': '1751018904',
 'total_ios': 33159784,
 'usr_cpu': 1.384343}
Num jobs: 1
== fio_sea_1osd_16reactor_32fio_bal_osd_rc_1job_4io_4k_randread_p0.json ==
{'clat_ms': 0.972020792784,
 'clat_stdev': 0.6004538694,
 'iodepth': '4',
 'iops': 131227.683631,
 'jobname': 'randread',
 'sys_cpu': 1.384005,
 'timestamp': '1751019236',
 'total_ios': 39368830,
 'usr_cpu': 1.576369}
Num jobs: 1
== fio_sea_1osd_16reactor_32fio_bal_osd_rc_1job_8io_4k_randread_p0.json ==
{'clat_ms': 1.7124497818509998,
 'clat_stdev': 1.017714824374,
 'iodepth': '8',
 'iops': 149219.197808,
 'jobname': 'randread',
 'sys_cpu': 1.396777,
 'timestamp': '1751019568',
 'total_ios': 44766207,
 'usr_cpu': 1.66586}
Num jobs: 1
== fio_sea_1osd_16reactor_32fio_bal_osd_rc_1job_16io_4k_randread_p0.json ==
{'clat_ms': 3.215278407208,
 'clat_stdev': 2.705864114587,
 'iodepth': '16',
 'iops': 159088.763412,
 'jobname': 'randread',
 'sys_cpu': 1.384166,
 'timestamp': '1751019901',
 'total_ios': 47728379,
 'usr_cpu': 1.720127}
Num jobs: 1
== fio_sea_1osd_16reactor_32fio_bal_osd_rc_1job_24io_4k_randread_p0.json ==
{'clat_ms': 4.769140192133,
 'clat_stdev': 6.2945070024,
 'iodepth': '24',
 'iops': 160936.354243,
 'jobname': 'randread',
 'sys_cpu': 1.354134,
 'timestamp': '1751020233',
 'total_ios': 48284125,
 'usr_cpu': 1.664098}
Num jobs: 1
== fio_sea_1osd_16reactor_32fio_bal_osd_rc_1job_32io_4k_randread_p0.json ==
{'clat_ms': 6.527516654825,
 'clat_stdev': 18.687513905827,
 'iodepth': '32',
 'iops': 156804.819357,
 'jobname': 'randread',
 'sys_cpu': 1.370614,
 'timestamp': '1751020565',
 'total_ios': 47047718,
 'usr_cpu': 1.690775}
Num jobs: 1
== fio_sea_1osd_16reactor_32fio_bal_osd_rc_1job_40io_4k_randread_p0.json ==
{'clat_ms': 8.33053262452,
 'clat_stdev': 30.286148942565003,
 'iodepth': '40',
 'iops': 153616.917114,
 'jobname': 'randread',
 'sys_cpu': 1.302619,
 'timestamp': '1751020897',
 'total_ios': 46094753,
 'usr_cpu': 1.629546}
Num jobs: 1
== fio_sea_1osd_16reactor_32fio_bal_osd_rc_1job_52io_4k_randread_p0.json ==
{'clat_ms': 10.56553224801,
 'clat_stdev': 38.118588890293005,
 'iodepth': '52',
 'iops': 157496.937259,
 'jobname': 'randread',
 'sys_cpu': 1.455116,
 'timestamp': '1751021230',
 'total_ios': 47258216,
 'usr_cpu': 1.782797}
Num jobs: 1
== fio_sea_1osd_16reactor_32fio_bal_osd_rc_1job_64io_4k_randread_p0.json ==
{'clat_ms': 13.430616626760001,
 'clat_stdev': 60.994158504967,
 'iodepth': '64',
 'iops': 152506.684483,
 'jobname': 'randread',
 'sys_cpu': 1.328618,
 'timestamp': '1751021562',
 'total_ios': 45766951,
 'usr_cpu': 1.69157}
Note: clat_ns has been converted to milliseconds
Note: bw has been converted to MiBs
 avg_cpu list has: 1 items
Table (after aggregating OSD CPU avg data):
{'OSD_cpu': [1441.2800000000027,
             1510.183333333337,
             1503.536666666669,
             1511.4266666666697,
             1523.193333333335,
             1525.2200000000025,
             1523.6766666666679,
             1526.3933333333339,
             1527.1466666666677,
             1522.9333333333348],
 'OSD_mem': [442.24000000001064,
             479.35999999999996,
             540.3199999999858,
             560.9600000000149,
             568.319999999999,
             599.8399999999999, 600.0,
             600.0, 600.0, 600.0],
 'clat_ms': [0.357595464294,
             0.575518881167,
             0.972020792784,
             1.7124497818509998,
             3.215278407208,
             4.769140192133,
             6.527516654825,
             8.33053262452,
             10.56553224801,
             13.430616626760001],
 'clat_stdev': [0.170254548457,
                0.355362136563,
                0.6004538694,
                1.017714824374,
                2.705864114587,
                6.2945070024,
                18.687513905827,
                30.286148942565003,
                38.118588890293005,
                60.994158504967],
 'iodepth': ['1', '2', '4', '8', '16',
             '24', '32', '40', '52',
             '64'],
 'iops': [88584.332771, 110531.876454,
          131227.683631, 149219.197808,
          159088.763412, 160936.354243,
          156804.819357, 153616.917114,
          157496.937259, 152506.684483],
 'sys_cpu': [1.049354, 1.254479,
             1.384005, 1.396777,
             1.384166, 1.354134,
             1.370614, 1.302619,
             1.455116, 1.328618],
 'total_ios': [26575477, 33159784,
               39368830, 44766207,
               47728379, 48284125,
               47047718, 46094753,
               47258216, 45766951],
 'usr_cpu': [1.168771, 1.384343,
             1.576369, 1.66586, 1.720127,
             1.664098, 1.690775,
             1.629546, 1.782797,
             1.69157]}
 avg_cpu list has: 1 items
Table (after aggregating FIO CPU avg data):
{'FIO_cpu': [519.6366666666679,
             646.569999999991,
             724.473333333318,
             759.4499999999811,
             774.4999999999789,
             752.5066666666477,
             762.8166666666449,
             730.6199999999812,
             761.6399999999779,
             754.7766666666454],
 'FIO_mem': [0.0, 0.0, 0.0, 0.0, 0.0,
             0.0, 0.0, 0.0, 0.0, 0.0],
 'OSD_cpu': [1441.2800000000027,
             1510.183333333337,
             1503.536666666669,
             1511.4266666666697,
             1523.193333333335,
             1525.2200000000025,
             1523.6766666666679,
             1526.3933333333339,
             1527.1466666666677,
             1522.9333333333348],
 'OSD_mem': [442.24000000001064,
             479.35999999999996,
             540.3199999999858,
             560.9600000000149,
             568.319999999999,
             599.8399999999999, 600.0,
             600.0, 600.0, 600.0],
 'clat_ms': [0.357595464294,
             0.575518881167,
             0.972020792784,
             1.7124497818509998,
             3.215278407208,
             4.769140192133,
             6.527516654825,
             8.33053262452,
             10.56553224801,
             13.430616626760001],
 'clat_stdev': [0.170254548457,
                0.355362136563,
                0.6004538694,
                1.017714824374,
                2.705864114587,
                6.2945070024,
                18.687513905827,
                30.286148942565003,
                38.118588890293005,
                60.994158504967],
 'iodepth': ['1', '2', '4', '8', '16',
             '24', '32', '40', '52',
             '64'],
 'iops': [88584.332771, 110531.876454,
          131227.683631, 149219.197808,
          159088.763412, 160936.354243,
          156804.819357, 153616.917114,
          157496.937259, 152506.684483],
 'sys_cpu': [1.049354, 1.254479,
             1.384005, 1.396777,
             1.384166, 1.354134,
             1.370614, 1.302619,
             1.455116, 1.328618],
 'total_ios': [26575477, 33159784,
               39368830, 44766207,
               47728379, 48284125,
               47047718, 46094753,
               47258216, 45766951],
 'usr_cpu': [1.168771, 1.384343,
             1.576369, 1.66586, 1.720127,
             1.664098, 1.690775,
             1.629546, 1.782797,
             1.69157]}
 Wiki table: sea_1osd_16reactor_32fio_bal_osd_rc_1procs_randread
{| class="wikitable"
|- 
 ! colspan="11"  | 
        sea_1osd_16reactor_32fio_bal_osd_rc_1procs_randread
|-
! iodepth !! iops !! total_ios !! clat_ms !! clat_stdev !! usr_cpu !! sys_cpu !! OSD_cpu !! OSD_mem !! FIO_cpu !! FIO_mem
|-
 | 1  || 88584.33  || 26575477.00  || 0.36  || 0.17  || 1.17  || 1.05  || 1441.28  || 442.24  || 519.64  || 0.00 
|-
 | 2  || 110531.88  || 33159784.00  || 0.58  || 0.36  || 1.38  || 1.25  || 1510.18  || 479.36  || 646.57  || 0.00 
|-
 | 4  || 131227.68  || 39368830.00  || 0.97  || 0.60  || 1.58  || 1.38  || 1503.54  || 540.32  || 724.47  || 0.00 
|-
 | 8  || 149219.20  || 44766207.00  || 1.71  || 1.02  || 1.67  || 1.40  || 1511.43  || 560.96  || 759.45  || 0.00 
|-
 | 16  || 159088.76  || 47728379.00  || 3.22  || 2.71  || 1.72  || 1.38  || 1523.19  || 568.32  || 774.50  || 0.00 
|-
 | 24  || 160936.35  || 48284125.00  || 4.77  || 6.29  || 1.66  || 1.35  || 1525.22  || 599.84  || 752.51  || 0.00 
|-
 | 32  || 156804.82  || 47047718.00  || 6.53  || 18.69  || 1.69  || 1.37  || 1523.68  || 600.00  || 762.82  || 0.00 
|-
 | 40  || 153616.92  || 46094753.00  || 8.33  || 30.29  || 1.63  || 1.30  || 1526.39  || 600.00  || 730.62  || 0.00 
|-
 | 52  || 157496.94  || 47258216.00  || 10.57  || 38.12  || 1.78  || 1.46  || 1527.15  || 600.00  || 761.64  || 0.00 
|-
 | 64  || 152506.68  || 45766951.00  || 13.43  || 60.99  || 1.69  || 1.33  || 1522.93  || 600.00  || 754.78  || 0.00 
|-
|}


\begin{table}[h!]
\centering
\begin{tabular}[t]{*{11 }{|c|}}
\hline 
iodepth & iops & total\_ios & clat\_ms & clat\_stdev & usr\_cpu & sys\_cpu & OSD\_cpu & OSD\_mem & FIO\_cpu & FIO\_mem\\
\hline
1  & 88584.33  & 26575477.00  & 0.36  & 0.17  & 1.17  & 1.05  & 1441.28  & 442.24  & 519.64  & 0.00 \\
\hline
2  & 110531.88  & 33159784.00  & 0.58  & 0.36  & 1.38  & 1.25  & 1510.18  & 479.36  & 646.57  & 0.00 \\
\hline
4  & 131227.68  & 39368830.00  & 0.97  & 0.60  & 1.58  & 1.38  & 1503.54  & 540.32  & 724.47  & 0.00 \\
\hline
8  & 149219.20  & 44766207.00  & 1.71  & 1.02  & 1.67  & 1.40  & 1511.43  & 560.96  & 759.45  & 0.00 \\
\hline
16  & 159088.76  & 47728379.00  & 3.22  & 2.71  & 1.72  & 1.38  & 1523.19  & 568.32  & 774.50  & 0.00 \\
\hline
24  & 160936.35  & 48284125.00  & 4.77  & 6.29  & 1.66  & 1.35  & 1525.22  & 599.84  & 752.51  & 0.00 \\
\hline
32  & 156804.82  & 47047718.00  & 6.53  & 18.69  & 1.69  & 1.37  & 1523.68  & 600.00  & 762.82  & 0.00 \\
\hline
40  & 153616.92  & 46094753.00  & 8.33  & 30.29  & 1.63  & 1.30  & 1526.39  & 600.00  & 730.62  & 0.00 \\
\hline
52  & 157496.94  & 47258216.00  & 10.57  & 38.12  & 1.78  & 1.46  & 1527.15  & 600.00  & 761.64  & 0.00 \\
\hline
64  & 152506.68  & 45766951.00  & 13.43  & 60.99  & 1.69  & 1.33  & 1522.93  & 600.00  & 754.78  & 0.00 \\
\hline

\hline
\end{tabular}
\caption{Performance Throughput vs Latency vs CPU util: sea_1osd_16reactor_32fio_bal_osd_rc_1procs_randread.}
\label{table:iops-lat-cpu-sea_1osd_16reactor_32fio_bal_osd_rc_1procs_randread}
\end{table}

Done
