                  nvme7n1p2  nvme1n1p2  ...  nvme3n1p2  nvme8n1p2
reads_completed           0          0  ...          0          0
writes_completed          0          0  ...          0          0

[2 rows x 10 columns]
               nvme7n1p2  nvme1n1p2  nvme2n1p2  ...  nvme9n1p2  nvme3n1p2  nvme8n1p2
read_time_ms           0          0          0  ...        133          0          0
write_time_ms          0          0          0  ...      16370          0          0

[2 rows x 10 columns]
                  nvme7n1p2  nvme1n1p2  ...  nvme3n1p2  nvme8n1p2
reads_completed           0          0  ...          0          0
writes_completed          0          0  ...          0          0

[2 rows x 10 columns]
               nvme7n1p2  nvme1n1p2  nvme2n1p2  ...  nvme9n1p2  nvme3n1p2  nvme8n1p2
read_time_ms           0          0          0  ...        200          0          0
write_time_ms          0          0          0  ...      24297          0          0

[2 rows x 10 columns]
                  nvme7n1p2  nvme1n1p2  ...  nvme3n1p2  nvme8n1p2
reads_completed           0          0  ...          0          0
writes_completed          0          0  ...          0          0

[2 rows x 10 columns]
               nvme7n1p2  nvme1n1p2  nvme2n1p2  ...  nvme9n1p2  nvme3n1p2  nvme8n1p2
read_time_ms           0          0          0  ...        246          0          0
write_time_ms          0          0          0  ...      28408          0          0

[2 rows x 10 columns]
                  nvme7n1p2  nvme1n1p2  ...  nvme3n1p2  nvme8n1p2
reads_completed           0          0  ...          0          0
writes_completed          0          0  ...          0          0

[2 rows x 10 columns]
               nvme7n1p2  nvme1n1p2  nvme2n1p2  ...  nvme9n1p2  nvme3n1p2  nvme8n1p2
read_time_ms           0          0          0  ...        297          0          0
write_time_ms          0          0          0  ...      30065          0          0

[2 rows x 10 columns]
                  nvme7n1p2  nvme1n1p2  ...  nvme3n1p2  nvme8n1p2
reads_completed           0          0  ...          0          0
writes_completed          0          0  ...          0          0

[2 rows x 10 columns]
               nvme7n1p2  nvme1n1p2  nvme2n1p2  ...  nvme9n1p2  nvme3n1p2  nvme8n1p2
read_time_ms           0          0          0  ...        262          0          0
write_time_ms          0          0          0  ...      29780          0          0

[2 rows x 10 columns]
                  nvme7n1p2  nvme1n1p2  ...  nvme3n1p2  nvme8n1p2
reads_completed           0          0  ...          0          0
writes_completed          0          0  ...          0          0

[2 rows x 10 columns]
               nvme7n1p2  nvme1n1p2  nvme2n1p2  ...  nvme9n1p2  nvme3n1p2  nvme8n1p2
read_time_ms           0          0          0  ...        257          0          0
write_time_ms          0          0          0  ...      28023          0          0

[2 rows x 10 columns]
                  nvme7n1p2  nvme1n1p2  ...  nvme3n1p2  nvme8n1p2
reads_completed           0          0  ...          0          0
writes_completed          0          0  ...          0          0

[2 rows x 10 columns]
               nvme7n1p2  nvme1n1p2  nvme2n1p2  ...  nvme9n1p2  nvme3n1p2  nvme8n1p2
read_time_ms           0          0          0  ...        247          0          0
write_time_ms          0          0          0  ...      26889          0          0

[2 rows x 10 columns]
                  nvme7n1p2  nvme1n1p2  ...  nvme3n1p2  nvme8n1p2
reads_completed           0          0  ...          0          0
writes_completed          0          0  ...          0          0

[2 rows x 10 columns]
               nvme7n1p2  nvme1n1p2  nvme2n1p2  ...  nvme9n1p2  nvme3n1p2  nvme8n1p2
read_time_ms           0          0          0  ...        195          0          0
write_time_ms          0          0          0  ...      25128          0          0

[2 rows x 10 columns]
                  nvme7n1p2  nvme1n1p2  ...  nvme3n1p2  nvme8n1p2
reads_completed           0          0  ...          0          0
writes_completed          0          0  ...          0          0

[2 rows x 10 columns]
               nvme7n1p2  nvme1n1p2  nvme2n1p2  ...  nvme9n1p2  nvme3n1p2  nvme8n1p2
read_time_ms           0          0          0  ...        227          0          0
write_time_ms          0          0          0  ...      24455          0          0

[2 rows x 10 columns]
                  nvme7n1p2  nvme1n1p2  ...  nvme3n1p2  nvme8n1p2
reads_completed           0          0  ...          0          0
writes_completed          0          0  ...          0          0

[2 rows x 10 columns]
               nvme7n1p2  nvme1n1p2  nvme2n1p2  ...  nvme9n1p2  nvme3n1p2  nvme8n1p2
read_time_ms           0          0          0  ...         22          0          0
write_time_ms          0          0          0  ...       4973          0          0

[2 rows x 10 columns]
                  nvme7n1p2  nvme1n1p2  ...  nvme3n1p2  nvme8n1p2
reads_completed           0          0  ...          0          0
writes_completed          0          0  ...          0          0

[2 rows x 10 columns]
               nvme7n1p2  nvme1n1p2  nvme2n1p2  ...  nvme9n1p2  nvme3n1p2  nvme8n1p2
read_time_ms           0          0          0  ...         17          0          0
write_time_ms          0          0          0  ...       2345          0          0

[2 rows x 10 columns]
                  nvme7n1p2  nvme1n1p2  ...  nvme3n1p2  nvme8n1p2
reads_completed           0          0  ...          0          0
writes_completed          0          0  ...          0          0

[2 rows x 10 columns]
               nvme7n1p2  nvme1n1p2  nvme2n1p2  ...  nvme9n1p2  nvme3n1p2  nvme8n1p2
read_time_ms           0          0          0  ...        145          0          0
write_time_ms          0          0          0  ...      22059          0          0

[2 rows x 10 columns]
