2583117 2583117 crimson-osd       0	pid 2583117's current affinity list: 0
2583117 2583125 reactor-1         1	pid 2583125's current affinity list: 1
2583117 2583126 reactor-2         2	pid 2583126's current affinity list: 2
2583117 2583127 reactor-3         3	pid 2583127's current affinity list: 3
2583117 2583128 reactor-4         4	pid 2583128's current affinity list: 4
2583117 2583129 reactor-5         5	pid 2583129's current affinity list: 5
2583117 2583130 reactor-6         6	pid 2583130's current affinity list: 6
2583117 2583131 reactor-7         7	pid 2583131's current affinity list: 7
2583117 2583132 reactor-8         8	pid 2583132's current affinity list: 8
2583117 2583133 reactor-9         9	pid 2583133's current affinity list: 9
2583117 2583134 reactor-10       10	pid 2583134's current affinity list: 10
2583117 2583135 reactor-11       11	pid 2583135's current affinity list: 11
2583117 2583136 reactor-12       12	pid 2583136's current affinity list: 12
2583117 2583137 reactor-13       13	pid 2583137's current affinity list: 13
2583117 2583138 reactor-14       14	pid 2583138's current affinity list: 14
2583117 2583139 reactor-15       15	pid 2583139's current affinity list: 15
2583117 2583140 reactor-16       16	pid 2583140's current affinity list: 16
2583117 2583141 reactor-17       17	pid 2583141's current affinity list: 17
2583117 2583142 reactor-18       18	pid 2583142's current affinity list: 18
2583117 2583143 reactor-19       19	pid 2583143's current affinity list: 19
2583117 2583144 reactor-20       20	pid 2583144's current affinity list: 20
2583117 2583145 reactor-21       21	pid 2583145's current affinity list: 21
2583117 2583146 reactor-22       22	pid 2583146's current affinity list: 22
2583117 2583147 reactor-23       23	pid 2583147's current affinity list: 23
2583117 2583148 reactor-24       24	pid 2583148's current affinity list: 24
2583117 2583149 reactor-25       25	pid 2583149's current affinity list: 25
2583117 2583150 reactor-26       26	pid 2583150's current affinity list: 26
2583117 2583151 reactor-27       27	pid 2583151's current affinity list: 27
2583117 2583152 reactor-28       56	pid 2583152's current affinity list: 56
2583117 2583153 reactor-29       57	pid 2583153's current affinity list: 57
2583117 2583154 reactor-30       58	pid 2583154's current affinity list: 58
2583117 2583155 reactor-31       59	pid 2583155's current affinity list: 59
2583117 2583156 reactor-32       60	pid 2583156's current affinity list: 60
2583117 2583157 reactor-33       61	pid 2583157's current affinity list: 61
2583117 2583158 reactor-34       62	pid 2583158's current affinity list: 62
2583117 2583159 reactor-35       63	pid 2583159's current affinity list: 63
2583117 2583160 reactor-36       64	pid 2583160's current affinity list: 64
2583117 2583161 reactor-37       65	pid 2583161's current affinity list: 65
2583117 2583162 reactor-38       66	pid 2583162's current affinity list: 66
2583117 2583163 reactor-39       67	pid 2583163's current affinity list: 67
2583117 2583164 reactor-40       68	pid 2583164's current affinity list: 68
2583117 2583165 reactor-41       69	pid 2583165's current affinity list: 69
2583117 2583166 reactor-42       70	pid 2583166's current affinity list: 70
2583117 2583167 reactor-43       71	pid 2583167's current affinity list: 71
2583117 2583168 reactor-44       72	pid 2583168's current affinity list: 72
2583117 2583169 reactor-45       73	pid 2583169's current affinity list: 73
2583117 2583170 reactor-46       74	pid 2583170's current affinity list: 74
2583117 2583171 reactor-47       75	pid 2583171's current affinity list: 75
2583117 2583172 reactor-48       76	pid 2583172's current affinity list: 76
2583117 2583173 reactor-49       77	pid 2583173's current affinity list: 77
2583117 2583174 reactor-50       78	pid 2583174's current affinity list: 78
2583117 2583175 reactor-51       79	pid 2583175's current affinity list: 79
2583117 2583176 reactor-52       80	pid 2583176's current affinity list: 80
2583117 2583177 reactor-53       81	pid 2583177's current affinity list: 81
2583117 2583178 reactor-54       82	pid 2583178's current affinity list: 82
2583117 2583179 reactor-55       83	pid 2583179's current affinity list: 83
2583117 2583180 syscall-0         0	pid 2583180's current affinity list: 0
2583117 2583181 syscall-36       64	pid 2583181's current affinity list: 64
2583117 2583182 syscall-50       78	pid 2583182's current affinity list: 78
2583117 2583183 syscall-23       23	pid 2583183's current affinity list: 23
2583117 2583184 syscall-7         7	pid 2583184's current affinity list: 7
2583117 2583185 syscall-43       71	pid 2583185's current affinity list: 71
2583117 2583186 syscall-2         2	pid 2583186's current affinity list: 2
2583117 2583187 syscall-8         8	pid 2583187's current affinity list: 8
2583117 2583188 syscall-13       13	pid 2583188's current affinity list: 13
2583117 2583189 syscall-33       61	pid 2583189's current affinity list: 61
2583117 2583190 syscall-1         1	pid 2583190's current affinity list: 1
2583117 2583191 syscall-22       22	pid 2583191's current affinity list: 22
2583117 2583192 syscall-28       56	pid 2583192's current affinity list: 56
2583117 2583193 syscall-11       11	pid 2583193's current affinity list: 11
2583117 2583194 syscall-16       16	pid 2583194's current affinity list: 16
2583117 2583195 syscall-17       17	pid 2583195's current affinity list: 17
2583117 2583196 syscall-5         5	pid 2583196's current affinity list: 5
2583117 2583197 syscall-9         9	pid 2583197's current affinity list: 9
2583117 2583198 syscall-15       15	pid 2583198's current affinity list: 15
2583117 2583199 syscall-34       62	pid 2583199's current affinity list: 62
2583117 2583200 syscall-30       58	pid 2583200's current affinity list: 58
2583117 2583201 syscall-10       10	pid 2583201's current affinity list: 10
2583117 2583202 syscall-4         4	pid 2583202's current affinity list: 4
2583117 2583203 syscall-12       12	pid 2583203's current affinity list: 12
2583117 2583204 syscall-18       18	pid 2583204's current affinity list: 18
2583117 2583205 syscall-3         3	pid 2583205's current affinity list: 3
2583117 2583206 syscall-29       57	pid 2583206's current affinity list: 57
2583117 2583207 syscall-19       19	pid 2583207's current affinity list: 19
2583117 2583208 syscall-31       59	pid 2583208's current affinity list: 59
2583117 2583209 syscall-41       69	pid 2583209's current affinity list: 69
2583117 2583210 syscall-37       65	pid 2583210's current affinity list: 65
2583117 2583211 syscall-6         6	pid 2583211's current affinity list: 6
2583117 2583212 syscall-21       21	pid 2583212's current affinity list: 21
2583117 2583213 syscall-20       20	pid 2583213's current affinity list: 20
2583117 2583214 syscall-35       63	pid 2583214's current affinity list: 63
2583117 2583215 syscall-44       72	pid 2583215's current affinity list: 72
2583117 2583216 syscall-27       27	pid 2583216's current affinity list: 27
2583117 2583217 syscall-14       14	pid 2583217's current affinity list: 14
2583117 2583218 syscall-38       66	pid 2583218's current affinity list: 66
2583117 2583219 syscall-39       67	pid 2583219's current affinity list: 67
2583117 2583220 syscall-32       60	pid 2583220's current affinity list: 60
2583117 2583221 syscall-46       74	pid 2583221's current affinity list: 74
2583117 2583222 syscall-26       26	pid 2583222's current affinity list: 26
2583117 2583223 syscall-25       25	pid 2583223's current affinity list: 25
2583117 2583224 syscall-45       73	pid 2583224's current affinity list: 73
2583117 2583225 syscall-24       24	pid 2583225's current affinity list: 24
2583117 2583226 syscall-42       70	pid 2583226's current affinity list: 70
2583117 2583227 syscall-40       68	pid 2583227's current affinity list: 68
2583117 2583228 syscall-51       79	pid 2583228's current affinity list: 79
2583117 2583229 syscall-49       77	pid 2583229's current affinity list: 77
2583117 2583230 syscall-53       81	pid 2583230's current affinity list: 81
2583117 2583231 syscall-54       82	pid 2583231's current affinity list: 82
2583117 2583232 syscall-55       83	pid 2583232's current affinity list: 83
2583117 2583233 syscall-48       76	pid 2583233's current affinity list: 76
2583117 2583234 syscall-52       80	pid 2583234's current affinity list: 80
2583117 2583235 syscall-47       75	pid 2583235's current affinity list: 75
2583117 2583236 crimson-osd       0	pid 2583236's current affinity list: 0
2583117 2583237 reactor-4         4	pid 2583237's current affinity list: 4
2583117 2583238 reactor-44       72	pid 2583238's current affinity list: 72
2583117 2583239 reactor-14       14	pid 2583239's current affinity list: 14
2583117 2583240 reactor-26       26	pid 2583240's current affinity list: 26
2583117 2583241 reactor-32       60	pid 2583241's current affinity list: 60
2583117 2583242 reactor-43       71	pid 2583242's current affinity list: 71
2583117 2583243 reactor-54       82	pid 2583243's current affinity list: 82
2583117 2583244 reactor-6         6	pid 2583244's current affinity list: 6
2583117 2583245 reactor-19       19	pid 2583245's current affinity list: 19
2583117 2583246 reactor-46       74	pid 2583246's current affinity list: 74
2583117 2583247 reactor-9         9	pid 2583247's current affinity list: 9
2583117 2583248 reactor-49       77	pid 2583248's current affinity list: 77
2583117 2583249 reactor-2         2	pid 2583249's current affinity list: 2
2583117 2583250 reactor-5         5	pid 2583250's current affinity list: 5
2583117 2583251 reactor-3         3	pid 2583251's current affinity list: 3
2583117 2583252 reactor-1         1	pid 2583252's current affinity list: 1
2583117 2583253 reactor-42       70	pid 2583253's current affinity list: 70
2583117 2583254 reactor-55       83	pid 2583254's current affinity list: 83
2583117 2583255 reactor-7         7	pid 2583255's current affinity list: 7
2583117 2583256 reactor-8         8	pid 2583256's current affinity list: 8
2583117 2583257 reactor-36       64	pid 2583257's current affinity list: 64
2583117 2583258 reactor-39       67	pid 2583258's current affinity list: 67
2583117 2583259 reactor-25       25	pid 2583259's current affinity list: 25
2583117 2583260 reactor-35       63	pid 2583260's current affinity list: 63
2583117 2583261 reactor-11       11	pid 2583261's current affinity list: 11
2583117 2583262 reactor-13       13	pid 2583262's current affinity list: 13
2583117 2583263 reactor-28       56	pid 2583263's current affinity list: 56
2583117 2583264 reactor-48       76	pid 2583264's current affinity list: 76
2583117 2583265 reactor-16       16	pid 2583265's current affinity list: 16
2583117 2583266 reactor-41       69	pid 2583266's current affinity list: 69
2583117 2583267 reactor-23       23	pid 2583267's current affinity list: 23
2583117 2583268 reactor-31       59	pid 2583268's current affinity list: 59
2583117 2583269 reactor-47       75	pid 2583269's current affinity list: 75
2583117 2583270 reactor-22       22	pid 2583270's current affinity list: 22
2583117 2583271 reactor-50       78	pid 2583271's current affinity list: 78
2583117 2583272 reactor-15       15	pid 2583272's current affinity list: 15
2583117 2583273 reactor-30       58	pid 2583273's current affinity list: 58
2583117 2583274 reactor-33       61	pid 2583274's current affinity list: 61
2583117 2583275 reactor-12       12	pid 2583275's current affinity list: 12
2583117 2583276 reactor-40       68	pid 2583276's current affinity list: 68
2583117 2583277 reactor-20       20	pid 2583277's current affinity list: 20
2583117 2583278 reactor-37       65	pid 2583278's current affinity list: 65
2583117 2583279 reactor-17       17	pid 2583279's current affinity list: 17
2583117 2583280 reactor-45       73	pid 2583280's current affinity list: 73
2583117 2583281 reactor-18       18	pid 2583281's current affinity list: 18
2583117 2583282 reactor-27       27	pid 2583282's current affinity list: 27
2583117 2583283 reactor-51       79	pid 2583283's current affinity list: 79
2583117 2583284 reactor-10       10	pid 2583284's current affinity list: 10
2583117 2583285 reactor-53       81	pid 2583285's current affinity list: 81
2583117 2583286 reactor-34       62	pid 2583286's current affinity list: 62
2583117 2583287 reactor-38       66	pid 2583287's current affinity list: 66
2583117 2583288 reactor-29       57	pid 2583288's current affinity list: 57
2583117 2583289 reactor-21       21	pid 2583289's current affinity list: 21
2583117 2583290 reactor-52       80	pid 2583290's current affinity list: 80
2583117 2583291 reactor-24       24	pid 2583291's current affinity list: 24
2583117 2583117 crimson-osd       0	pid 2583117's current affinity list: 0
2583117 2583125 reactor-1         1	pid 2583125's current affinity list: 1
2583117 2583126 reactor-2         2	pid 2583126's current affinity list: 2
2583117 2583127 reactor-3         3	pid 2583127's current affinity list: 3
2583117 2583128 reactor-4         4	pid 2583128's current affinity list: 4
2583117 2583129 reactor-5         5	pid 2583129's current affinity list: 5
2583117 2583130 reactor-6         6	pid 2583130's current affinity list: 6
2583117 2583131 reactor-7         7	pid 2583131's current affinity list: 7
2583117 2583132 reactor-8         8	pid 2583132's current affinity list: 8
2583117 2583133 reactor-9         9	pid 2583133's current affinity list: 9
2583117 2583134 reactor-10       10	pid 2583134's current affinity list: 10
2583117 2583135 reactor-11       11	pid 2583135's current affinity list: 11
2583117 2583136 reactor-12       12	pid 2583136's current affinity list: 12
2583117 2583137 reactor-13       13	pid 2583137's current affinity list: 13
2583117 2583138 reactor-14       14	pid 2583138's current affinity list: 14
2583117 2583139 reactor-15       15	pid 2583139's current affinity list: 15
2583117 2583140 reactor-16       16	pid 2583140's current affinity list: 16
2583117 2583141 reactor-17       17	pid 2583141's current affinity list: 17
2583117 2583142 reactor-18       18	pid 2583142's current affinity list: 18
2583117 2583143 reactor-19       19	pid 2583143's current affinity list: 19
2583117 2583144 reactor-20       20	pid 2583144's current affinity list: 20
2583117 2583145 reactor-21       21	pid 2583145's current affinity list: 21
2583117 2583146 reactor-22       22	pid 2583146's current affinity list: 22
2583117 2583147 reactor-23       23	pid 2583147's current affinity list: 23
2583117 2583148 reactor-24       24	pid 2583148's current affinity list: 24
2583117 2583149 reactor-25       25	pid 2583149's current affinity list: 25
2583117 2583150 reactor-26       26	pid 2583150's current affinity list: 26
2583117 2583151 reactor-27       27	pid 2583151's current affinity list: 27
2583117 2583152 reactor-28       56	pid 2583152's current affinity list: 56
2583117 2583153 reactor-29       57	pid 2583153's current affinity list: 57
2583117 2583154 reactor-30       58	pid 2583154's current affinity list: 58
2583117 2583155 reactor-31       59	pid 2583155's current affinity list: 59
2583117 2583156 reactor-32       60	pid 2583156's current affinity list: 60
2583117 2583157 reactor-33       61	pid 2583157's current affinity list: 61
2583117 2583158 reactor-34       62	pid 2583158's current affinity list: 62
2583117 2583159 reactor-35       63	pid 2583159's current affinity list: 63
2583117 2583160 reactor-36       64	pid 2583160's current affinity list: 64
2583117 2583161 reactor-37       65	pid 2583161's current affinity list: 65
2583117 2583162 reactor-38       66	pid 2583162's current affinity list: 66
2583117 2583163 reactor-39       67	pid 2583163's current affinity list: 67
2583117 2583164 reactor-40       68	pid 2583164's current affinity list: 68
2583117 2583165 reactor-41       69	pid 2583165's current affinity list: 69
2583117 2583166 reactor-42       70	pid 2583166's current affinity list: 70
2583117 2583167 reactor-43       71	pid 2583167's current affinity list: 71
2583117 2583168 reactor-44       72	pid 2583168's current affinity list: 72
2583117 2583169 reactor-45       73	pid 2583169's current affinity list: 73
2583117 2583170 reactor-46       74	pid 2583170's current affinity list: 74
2583117 2583171 reactor-47       75	pid 2583171's current affinity list: 75
2583117 2583172 reactor-48       76	pid 2583172's current affinity list: 76
2583117 2583173 reactor-49       77	pid 2583173's current affinity list: 77
2583117 2583174 reactor-50       78	pid 2583174's current affinity list: 78
2583117 2583175 reactor-51       79	pid 2583175's current affinity list: 79
2583117 2583176 reactor-52       80	pid 2583176's current affinity list: 80
2583117 2583177 reactor-53       81	pid 2583177's current affinity list: 81
2583117 2583178 reactor-54       82	pid 2583178's current affinity list: 82
2583117 2583179 reactor-55       83	pid 2583179's current affinity list: 83
2583117 2583180 syscall-0         0	pid 2583180's current affinity list: 0
2583117 2583181 syscall-36       64	pid 2583181's current affinity list: 64
2583117 2583182 syscall-50       78	pid 2583182's current affinity list: 78
2583117 2583183 syscall-23       23	pid 2583183's current affinity list: 23
2583117 2583184 syscall-7         7	pid 2583184's current affinity list: 7
2583117 2583185 syscall-43       71	pid 2583185's current affinity list: 71
2583117 2583186 syscall-2         2	pid 2583186's current affinity list: 2
2583117 2583187 syscall-8         8	pid 2583187's current affinity list: 8
2583117 2583188 syscall-13       13	pid 2583188's current affinity list: 13
2583117 2583189 syscall-33       61	pid 2583189's current affinity list: 61
2583117 2583190 syscall-1         1	pid 2583190's current affinity list: 1
2583117 2583191 syscall-22       22	pid 2583191's current affinity list: 22
2583117 2583192 syscall-28       56	pid 2583192's current affinity list: 56
2583117 2583193 syscall-11       11	pid 2583193's current affinity list: 11
2583117 2583194 syscall-16       16	pid 2583194's current affinity list: 16
2583117 2583195 syscall-17       17	pid 2583195's current affinity list: 17
2583117 2583196 syscall-5         5	pid 2583196's current affinity list: 5
2583117 2583197 syscall-9         9	pid 2583197's current affinity list: 9
2583117 2583198 syscall-15       15	pid 2583198's current affinity list: 15
2583117 2583199 syscall-34       62	pid 2583199's current affinity list: 62
2583117 2583200 syscall-30       58	pid 2583200's current affinity list: 58
2583117 2583201 syscall-10       10	pid 2583201's current affinity list: 10
2583117 2583202 syscall-4         4	pid 2583202's current affinity list: 4
2583117 2583203 syscall-12       12	pid 2583203's current affinity list: 12
2583117 2583204 syscall-18       18	pid 2583204's current affinity list: 18
2583117 2583205 syscall-3         3	pid 2583205's current affinity list: 3
2583117 2583206 syscall-29       57	pid 2583206's current affinity list: 57
2583117 2583207 syscall-19       19	pid 2583207's current affinity list: 19
2583117 2583208 syscall-31       59	pid 2583208's current affinity list: 59
2583117 2583209 syscall-41       69	pid 2583209's current affinity list: 69
2583117 2583210 syscall-37       65	pid 2583210's current affinity list: 65
2583117 2583211 syscall-6         6	pid 2583211's current affinity list: 6
2583117 2583212 syscall-21       21	pid 2583212's current affinity list: 21
2583117 2583213 syscall-20       20	pid 2583213's current affinity list: 20
2583117 2583214 syscall-35       63	pid 2583214's current affinity list: 63
2583117 2583215 syscall-44       72	pid 2583215's current affinity list: 72
2583117 2583216 syscall-27       27	pid 2583216's current affinity list: 27
2583117 2583217 syscall-14       14	pid 2583217's current affinity list: 14
2583117 2583218 syscall-38       66	pid 2583218's current affinity list: 66
2583117 2583219 syscall-39       67	pid 2583219's current affinity list: 67
2583117 2583220 syscall-32       60	pid 2583220's current affinity list: 60
2583117 2583221 syscall-46       74	pid 2583221's current affinity list: 74
2583117 2583222 syscall-26       26	pid 2583222's current affinity list: 26
2583117 2583223 syscall-25       25	pid 2583223's current affinity list: 25
2583117 2583224 syscall-45       73	pid 2583224's current affinity list: 73
2583117 2583225 syscall-24       24	pid 2583225's current affinity list: 24
2583117 2583226 syscall-42       70	pid 2583226's current affinity list: 70
2583117 2583227 syscall-40       68	pid 2583227's current affinity list: 68
2583117 2583228 syscall-51       79	pid 2583228's current affinity list: 79
2583117 2583229 syscall-49       77	pid 2583229's current affinity list: 77
2583117 2583230 syscall-53       81	pid 2583230's current affinity list: 81
2583117 2583231 syscall-54       82	pid 2583231's current affinity list: 82
2583117 2583232 syscall-55       83	pid 2583232's current affinity list: 83
2583117 2583233 syscall-48       76	pid 2583233's current affinity list: 76
2583117 2583234 syscall-52       80	pid 2583234's current affinity list: 80
2583117 2583235 syscall-47       75	pid 2583235's current affinity list: 75
2583117 2583236 crimson-osd       0	pid 2583236's current affinity list: 0
2583117 2583237 reactor-4         4	pid 2583237's current affinity list: 4
2583117 2583238 reactor-44       72	pid 2583238's current affinity list: 72
2583117 2583239 reactor-14       14	pid 2583239's current affinity list: 14
2583117 2583240 reactor-26       26	pid 2583240's current affinity list: 26
2583117 2583241 reactor-32       60	pid 2583241's current affinity list: 60
2583117 2583242 reactor-43       71	pid 2583242's current affinity list: 71
2583117 2583243 reactor-54       82	pid 2583243's current affinity list: 82
2583117 2583244 reactor-6         6	pid 2583244's current affinity list: 6
2583117 2583245 reactor-19       19	pid 2583245's current affinity list: 19
2583117 2583246 reactor-46       74	pid 2583246's current affinity list: 74
2583117 2583247 reactor-9         9	pid 2583247's current affinity list: 9
2583117 2583248 reactor-49       77	pid 2583248's current affinity list: 77
2583117 2583249 reactor-2         2	pid 2583249's current affinity list: 2
2583117 2583250 reactor-5         5	pid 2583250's current affinity list: 5
2583117 2583251 reactor-3         3	pid 2583251's current affinity list: 3
2583117 2583252 reactor-1         1	pid 2583252's current affinity list: 1
2583117 2583253 reactor-42       70	pid 2583253's current affinity list: 70
2583117 2583254 reactor-55       83	pid 2583254's current affinity list: 83
2583117 2583255 reactor-7         7	pid 2583255's current affinity list: 7
2583117 2583256 reactor-8         8	pid 2583256's current affinity list: 8
2583117 2583257 reactor-36       64	pid 2583257's current affinity list: 64
2583117 2583258 reactor-39       67	pid 2583258's current affinity list: 67
2583117 2583259 reactor-25       25	pid 2583259's current affinity list: 25
2583117 2583260 reactor-35       63	pid 2583260's current affinity list: 63
2583117 2583261 reactor-11       11	pid 2583261's current affinity list: 11
2583117 2583262 reactor-13       13	pid 2583262's current affinity list: 13
2583117 2583263 reactor-28       56	pid 2583263's current affinity list: 56
2583117 2583264 reactor-48       76	pid 2583264's current affinity list: 76
2583117 2583265 reactor-16       16	pid 2583265's current affinity list: 16
2583117 2583266 reactor-41       69	pid 2583266's current affinity list: 69
2583117 2583267 reactor-23       23	pid 2583267's current affinity list: 23
2583117 2583268 reactor-31       59	pid 2583268's current affinity list: 59
2583117 2583269 reactor-47       75	pid 2583269's current affinity list: 75
2583117 2583270 reactor-22       22	pid 2583270's current affinity list: 22
2583117 2583271 reactor-50       78	pid 2583271's current affinity list: 78
2583117 2583272 reactor-15       15	pid 2583272's current affinity list: 15
2583117 2583273 reactor-30       58	pid 2583273's current affinity list: 58
2583117 2583274 reactor-33       61	pid 2583274's current affinity list: 61
2583117 2583275 reactor-12       12	pid 2583275's current affinity list: 12
2583117 2583276 reactor-40       68	pid 2583276's current affinity list: 68
2583117 2583277 reactor-20       20	pid 2583277's current affinity list: 20
2583117 2583278 reactor-37       65	pid 2583278's current affinity list: 65
2583117 2583279 reactor-17       17	pid 2583279's current affinity list: 17
2583117 2583280 reactor-45       73	pid 2583280's current affinity list: 73
2583117 2583281 reactor-18       18	pid 2583281's current affinity list: 18
2583117 2583282 reactor-27       27	pid 2583282's current affinity list: 27
2583117 2583283 reactor-51       79	pid 2583283's current affinity list: 79
2583117 2583284 reactor-10       10	pid 2583284's current affinity list: 10
2583117 2583285 reactor-53       81	pid 2583285's current affinity list: 81
2583117 2583286 reactor-34       62	pid 2583286's current affinity list: 62
2583117 2583287 reactor-38       66	pid 2583287's current affinity list: 66
2583117 2583288 reactor-29       57	pid 2583288's current affinity list: 57
2583117 2583289 reactor-21       21	pid 2583289's current affinity list: 21
2583117 2583290 reactor-52       80	pid 2583290's current affinity list: 80
2583117 2583291 reactor-24       24	pid 2583291's current affinity list: 24
