['fio_sea_1osd_56reactor_32fio_bal_osd_rc_1job_1io_4k_randread_p0.json', 'fio_sea_1osd_56reactor_32fio_bal_osd_rc_1job_2io_4k_randread_p0.json', 'fio_sea_1osd_56reactor_32fio_bal_osd_rc_1job_4io_4k_randread_p0.json', 'fio_sea_1osd_56reactor_32fio_bal_osd_rc_1job_8io_4k_randread_p0.json', 'fio_sea_1osd_56reactor_32fio_bal_osd_rc_1job_16io_4k_randread_p0.json', 'fio_sea_1osd_56reactor_32fio_bal_osd_rc_1job_24io_4k_randread_p0.json', 'fio_sea_1osd_56reactor_32fio_bal_osd_rc_1job_32io_4k_randread_p0.json', 'fio_sea_1osd_56reactor_32fio_bal_osd_rc_1job_40io_4k_randread_p0.json', 'fio_sea_1osd_56reactor_32fio_bal_osd_rc_1job_52io_4k_randread_p0.json', 'fio_sea_1osd_56reactor_32fio_bal_osd_rc_1job_64io_4k_randread_p0.json']
loading 10 .json files ...
Num jobs: 1
== fio_sea_1osd_56reactor_32fio_bal_osd_rc_1job_1io_4k_randread_p0.json ==
{'clat_ms': 0.249874371017,
 'clat_stdev': 0.065600927513,
 'iodepth': '1',
 'iops': 125921.230263,
 'jobname': 'randread',
 'sys_cpu': 1.644917,
 'timestamp': '1747832248',
 'total_ios': 37776495,
 'usr_cpu': 1.900365}
Num jobs: 1
== fio_sea_1osd_56reactor_32fio_bal_osd_rc_1job_2io_4k_randread_p0.json ==
{'clat_ms': 12620.670487578125,
 'clat_stdev': 12720.49669708247,
 'iodepth': '2',
 'iops': 32000.0,
 'jobname': 'randread',
 'sys_cpu': 0.0,
 'timestamp': '1747832306',
 'total_ios': 32,
 'usr_cpu': 0.0}
Num jobs: 1
== fio_sea_1osd_56reactor_32fio_bal_osd_rc_1job_4io_4k_randread_p0.json ==
{'clat_ms': 1.4356172395309998,
 'clat_stdev': 141.989894351084,
 'iodepth': '4',
 'iops': 88861.727959,
 'jobname': 'randread',
 'sys_cpu': 1.079326,
 'timestamp': '1747832502',
 'total_ios': 4025614,
 'usr_cpu': 1.275322}
Num jobs: 1
== fio_sea_1osd_56reactor_32fio_bal_osd_rc_1job_8io_4k_randread_p0.json ==
{'clat_ms': 0.794995239341,
 'clat_stdev': 0.931139417835,
 'iodepth': '8',
 'iops': 320161.992253,
 'jobname': 'randread',
 'sys_cpu': 3.409249,
 'timestamp': '1747832970',
 'total_ios': 96049238,
 'usr_cpu': 4.575728}
Num jobs: 1
== fio_sea_1osd_56reactor_32fio_bal_osd_rc_1job_16io_4k_randread_p0.json ==
{'clat_ms': 1.411988697867,
 'clat_stdev': 1.11035834619,
 'iodepth': '16',
 'iops': 361535.755952,
 'jobname': 'randread',
 'sys_cpu': 2.795916,
 'timestamp': '1747833344',
 'total_ios': 108462896,
 'usr_cpu': 4.174218}
Num jobs: 1
== fio_sea_1osd_56reactor_32fio_bal_osd_rc_1job_24io_4k_randread_p0.json ==
{'clat_ms': 1.940099551635,
 'clat_stdev': 5.668597265048,
 'iodepth': '24',
 'iops': 394367.09097,
 'jobname': 'randread',
 'sys_cpu': 3.382016,
 'timestamp': '1747833720',
 'total_ios': 118318409,
 'usr_cpu': 5.043114}
Num jobs: 1
== fio_sea_1osd_56reactor_32fio_bal_osd_rc_1job_32io_4k_randread_p0.json ==
{'clat_ms': 3.103489623242,
 'clat_stdev': 19.210329288504,
 'iodepth': '32',
 'iops': 328232.407534,
 'jobname': 'randread',
 'sys_cpu': 2.77367,
 'timestamp': '1747834089',
 'total_ios': 98479241,
 'usr_cpu': 3.971354}
Num jobs: 1
== fio_sea_1osd_56reactor_32fio_bal_osd_rc_1job_40io_4k_randread_p0.json ==
{'clat_ms': 3.34982454825,
 'clat_stdev': 16.620821464355,
 'iodepth': '40',
 'iops': 380369.355468,
 'jobname': 'randread',
 'sys_cpu': 3.342119,
 'timestamp': '1747834464',
 'total_ios': 114128684,
 'usr_cpu': 4.951578}
Num jobs: 1
== fio_sea_1osd_56reactor_32fio_bal_osd_rc_1job_52io_4k_randread_p0.json ==
{'clat_ms': 5.3999113639019996,
 'clat_stdev': 45.211293914490994,
 'iodepth': '52',
 'iops': 305607.551697,
 'jobname': 'randread',
 'sys_cpu': 2.730139,
 'timestamp': '1747834830',
 'total_ios': 91702130,
 'usr_cpu': 3.732593}
Num jobs: 1
== fio_sea_1osd_56reactor_32fio_bal_osd_rc_1job_64io_4k_randread_p0.json ==
{'clat_ms': 5.916409299815,
 'clat_stdev': 39.950011311527,
 'iodepth': '64',
 'iops': 343601.184982,
 'jobname': 'randread',
 'sys_cpu': 3.170237,
 'timestamp': '1747835201',
 'total_ios': 103110936,
 'usr_cpu': 4.536708}
Note: clat_ns has been converted to milliseconds
Note: bw has been converted to MiBs
 avg_cpu list has: 1 items
Table (after aggregating OSD CPU avg data):
{'OSD_cpu': [4231.676666666628,
             288.3366666666663, 0.0, 0.0,
             0.0, 0.0, 0.0, 0.0, 0.0,
             0.0],
 'OSD_mem': [3473.2800000002435,
             725.7599999999944, 0.0, 0.0,
             0.0, 0.0, 0.0, 0.0, 0.0,
             0.0],
 'clat_ms': [0.249874371017,
             12620.670487578125,
             1.4356172395309998,
             0.794995239341,
             1.411988697867,
             1.940099551635,
             3.103489623242,
             3.34982454825,
             5.3999113639019996,
             5.916409299815],
 'clat_stdev': [0.065600927513,
                12720.49669708247,
                141.989894351084,
                0.931139417835,
                1.11035834619,
                5.668597265048,
                19.210329288504,
                16.620821464355,
                45.211293914490994,
                39.950011311527],
 'iodepth': ['1', '2', '4', '8', '16',
             '24', '32', '40', '52',
             '64'],
 'iops': [125921.230263, 32000.0,
          88861.727959, 320161.992253,
          361535.755952, 394367.09097,
          328232.407534, 380369.355468,
          305607.551697, 343601.184982],
 'sys_cpu': [1.644917, 0.0, 1.079326,
             3.409249, 2.795916,
             3.382016, 2.77367, 3.342119,
             2.730139, 3.170237],
 'total_ios': [37776495, 32, 4025614,
               96049238, 108462896,
               118318409, 98479241,
               114128684, 91702130,
               103110936],
 'usr_cpu': [1.900365, 0.0, 1.275322,
             4.575728, 4.174218,
             5.043114, 3.971354,
             4.951578, 3.732593,
             4.536708]}
 avg_cpu list has: 1 items
Table (after aggregating FIO CPU avg data):
{'FIO_cpu': [757.4433333333151,
             55.036666666666754,
             316.1033333333343,
             1407.1299999999828,
             1621.0099999999986,
             1920.0533333333317,
             1555.9866666666605,
             1871.1533333333346,
             1491.3566666666645,
             1740.533333333336],
 'FIO_mem': [197.99999999997314,
             13.499999999999913,
             53.99999999999391,
             342.0000000000058,
             515.999999999981,
             570.0000000000612,
             490.499999999997,
             544.5000000000041,
             462.00000000000074,
             494.99999999999085],
 'OSD_cpu': [4231.676666666628,
             288.3366666666663, 0.0, 0.0,
             0.0, 0.0, 0.0, 0.0, 0.0,
             0.0],
 'OSD_mem': [3473.2800000002435,
             725.7599999999944, 0.0, 0.0,
             0.0, 0.0, 0.0, 0.0, 0.0,
             0.0],
 'clat_ms': [0.249874371017,
             12620.670487578125,
             1.4356172395309998,
             0.794995239341,
             1.411988697867,
             1.940099551635,
             3.103489623242,
             3.34982454825,
             5.3999113639019996,
             5.916409299815],
 'clat_stdev': [0.065600927513,
                12720.49669708247,
                141.989894351084,
                0.931139417835,
                1.11035834619,
                5.668597265048,
                19.210329288504,
                16.620821464355,
                45.211293914490994,
                39.950011311527],
 'iodepth': ['1', '2', '4', '8', '16',
             '24', '32', '40', '52',
             '64'],
 'iops': [125921.230263, 32000.0,
          88861.727959, 320161.992253,
          361535.755952, 394367.09097,
          328232.407534, 380369.355468,
          305607.551697, 343601.184982],
 'sys_cpu': [1.644917, 0.0, 1.079326,
             3.409249, 2.795916,
             3.382016, 2.77367, 3.342119,
             2.730139, 3.170237],
 'total_ios': [37776495, 32, 4025614,
               96049238, 108462896,
               118318409, 98479241,
               114128684, 91702130,
               103110936],
 'usr_cpu': [1.900365, 0.0, 1.275322,
             4.575728, 4.174218,
             5.043114, 3.971354,
             4.951578, 3.732593,
             4.536708]}
 Wiki table: sea_1osd_56reactor_32fio_bal_osd_rc_1procs_randread
{| class="wikitable"
|- 
 ! colspan="11"  | 
        sea_1osd_56reactor_32fio_bal_osd_rc_1procs_randread
|-
! iodepth !! iops !! total_ios !! clat_ms !! clat_stdev !! usr_cpu !! sys_cpu !! OSD_cpu !! OSD_mem !! FIO_cpu !! FIO_mem
|-
 | 1  || 125921.23  || 37776495.00  || 0.25  || 0.07  || 1.90  || 1.64  || 4231.68  || 3473.28  || 757.44  || 198.00 
|-
 | 2  || 32000.00  || 32.00  || 12620.67  || 12720.50  || 0.00  || 0.00  || 288.34  || 725.76  || 55.04  || 13.50 
|-
 | 4  || 88861.73  || 4025614.00  || 1.44  || 141.99  || 1.28  || 1.08  || 0.00  || 0.00  || 316.10  || 54.00 
|-
 | 8  || 320161.99  || 96049238.00  || 0.79  || 0.93  || 4.58  || 3.41  || 0.00  || 0.00  || 1407.13  || 342.00 
|-
 | 16  || 361535.76  || 108462896.00  || 1.41  || 1.11  || 4.17  || 2.80  || 0.00  || 0.00  || 1621.01  || 516.00 
|-
 | 24  || 394367.09  || 118318409.00  || 1.94  || 5.67  || 5.04  || 3.38  || 0.00  || 0.00  || 1920.05  || 570.00 
|-
 | 32  || 328232.41  || 98479241.00  || 3.10  || 19.21  || 3.97  || 2.77  || 0.00  || 0.00  || 1555.99  || 490.50 
|-
 | 40  || 380369.36  || 114128684.00  || 3.35  || 16.62  || 4.95  || 3.34  || 0.00  || 0.00  || 1871.15  || 544.50 
|-
 | 52  || 305607.55  || 91702130.00  || 5.40  || 45.21  || 3.73  || 2.73  || 0.00  || 0.00  || 1491.36  || 462.00 
|-
 | 64  || 343601.18  || 103110936.00  || 5.92  || 39.95  || 4.54  || 3.17  || 0.00  || 0.00  || 1740.53  || 495.00 
|-
|}


\begin{table}[h!]
\centering
\begin{tabular}[t]{*{11 }{|c|}}
\hline 
iodepth & iops & total\_ios & clat\_ms & clat\_stdev & usr\_cpu & sys\_cpu & OSD\_cpu & OSD\_mem & FIO\_cpu & FIO\_mem\\
\hline
1  & 125921.23  & 37776495.00  & 0.25  & 0.07  & 1.90  & 1.64  & 4231.68  & 3473.28  & 757.44  & 198.00 \\
\hline
2  & 32000.00  & 32.00  & 12620.67  & 12720.50  & 0.00  & 0.00  & 288.34  & 725.76  & 55.04  & 13.50 \\
\hline
4  & 88861.73  & 4025614.00  & 1.44  & 141.99  & 1.28  & 1.08  & 0.00  & 0.00  & 316.10  & 54.00 \\
\hline
8  & 320161.99  & 96049238.00  & 0.79  & 0.93  & 4.58  & 3.41  & 0.00  & 0.00  & 1407.13  & 342.00 \\
\hline
16  & 361535.76  & 108462896.00  & 1.41  & 1.11  & 4.17  & 2.80  & 0.00  & 0.00  & 1621.01  & 516.00 \\
\hline
24  & 394367.09  & 118318409.00  & 1.94  & 5.67  & 5.04  & 3.38  & 0.00  & 0.00  & 1920.05  & 570.00 \\
\hline
32  & 328232.41  & 98479241.00  & 3.10  & 19.21  & 3.97  & 2.77  & 0.00  & 0.00  & 1555.99  & 490.50 \\
\hline
40  & 380369.36  & 114128684.00  & 3.35  & 16.62  & 4.95  & 3.34  & 0.00  & 0.00  & 1871.15  & 544.50 \\
\hline
52  & 305607.55  & 91702130.00  & 5.40  & 45.21  & 3.73  & 2.73  & 0.00  & 0.00  & 1491.36  & 462.00 \\
\hline
64  & 343601.18  & 103110936.00  & 5.92  & 39.95  & 4.54  & 3.17  & 0.00  & 0.00  & 1740.53  & 495.00 \\
\hline

\hline
\end{tabular}
\caption{Performance Throughput vs Latency vs CPU util: sea_1osd_56reactor_32fio_bal_osd_rc_1procs_randread.}
\label{table:iops-lat-cpu-sea_1osd_56reactor_32fio_bal_osd_rc_1procs_randread}
\end{table}

Done
