['fio_sea_1osd_56reactor_32fio_bal_osd_rc_1job_1io_64k_seqread_p0.json', 'fio_sea_1osd_56reactor_32fio_bal_osd_rc_1job_2io_64k_seqread_p0.json', 'fio_sea_1osd_56reactor_32fio_bal_osd_rc_1job_4io_64k_seqread_p0.json', 'fio_sea_1osd_56reactor_32fio_bal_osd_rc_1job_8io_64k_seqread_p0.json', 'fio_sea_1osd_56reactor_32fio_bal_osd_rc_1job_16io_64k_seqread_p0.json', 'fio_sea_1osd_56reactor_32fio_bal_osd_rc_1job_24io_64k_seqread_p0.json', 'fio_sea_1osd_56reactor_32fio_bal_osd_rc_1job_32io_64k_seqread_p0.json', 'fio_sea_1osd_56reactor_32fio_bal_osd_rc_1job_40io_64k_seqread_p0.json', 'fio_sea_1osd_56reactor_32fio_bal_osd_rc_1job_52io_64k_seqread_p0.json', 'fio_sea_1osd_56reactor_32fio_bal_osd_rc_1job_64io_64k_seqread_p0.json']
loading 10 .json files ...
Num jobs: 1
== fio_sea_1osd_56reactor_32fio_bal_osd_rc_1job_1io_64k_seqread_p0.json ==
{'bw': 1475.629,
 'clat_ms': 1.382421220746,
 'clat_stdev': 0.747975628227,
 'iodepth': '1',
 'jobname': 'read',
 'sys_cpu': 0.388218,
 'timestamp': '1747841989',
 'total_ios': 6917107,
 'usr_cpu': 0.47002}
Num jobs: 1
== fio_sea_1osd_56reactor_32fio_bal_osd_rc_1job_2io_64k_seqread_p0.json ==
{'bw': 157.792,
 'clat_ms': 25.874963603089,
 'clat_stdev': 1288.769547730419,
 'iodepth': '2',
 'jobname': 'read',
 'sys_cpu': 0.04513,
 'timestamp': '1747842102',
 'total_ios': 196886,
 'usr_cpu': 0.049093}
Num jobs: 1
== fio_sea_1osd_56reactor_32fio_bal_osd_rc_1job_4io_64k_seqread_p0.json ==
{'bw': 1634.39,
 'clat_ms': 5.0063878246449995,
 'clat_stdev': 3.415121846753,
 'iodepth': '4',
 'jobname': 'read',
 'sys_cpu': 0.410129,
 'timestamp': '1747842550',
 'total_ios': 7661467,
 'usr_cpu': 0.48844}
Num jobs: 1
== fio_sea_1osd_56reactor_32fio_bal_osd_rc_1job_8io_64k_seqread_p0.json ==
{'bw': 432.898,
 'clat_ms': 37.768490214376,
 'clat_stdev': 1196.847137100074,
 'iodepth': '8',
 'jobname': 'read',
 'sys_cpu': 0.103628,
 'timestamp': '1747842643',
 'total_ios': 407648,
 'usr_cpu': 0.113233}
Num jobs: 1
== fio_sea_1osd_56reactor_32fio_bal_osd_rc_1job_16io_64k_seqread_p0.json ==
{'bw': 1827.27,
 'clat_ms': 17.919059679567003,
 'clat_stdev': 15.614070279695001,
 'iodepth': '16',
 'jobname': 'read',
 'sys_cpu': 0.442197,
 'timestamp': '1747843090',
 'total_ios': 8565934,
 'usr_cpu': 0.506828}
Num jobs: 1
== fio_sea_1osd_56reactor_32fio_bal_osd_rc_1job_24io_64k_seqread_p0.json ==
{'bw': 2160.479,
 'clat_ms': 22.734126739056,
 'clat_stdev': 22.918761204181,
 'iodepth': '24',
 'jobname': 'read',
 'sys_cpu': 0.490015,
 'timestamp': '1747843426',
 'total_ios': 10128164,
 'usr_cpu': 0.551894}
Num jobs: 1
== fio_sea_1osd_56reactor_32fio_bal_osd_rc_1job_32io_64k_seqread_p0.json ==
{'bw': 2186.519,
 'clat_ms': 29.941813377465,
 'clat_stdev': 32.414691733287,
 'iodepth': '32',
 'jobname': 'read',
 'sys_cpu': 0.489688,
 'timestamp': '1747843762',
 'total_ios': 10252621,
 'usr_cpu': 0.554094}
Num jobs: 1
== fio_sea_1osd_56reactor_32fio_bal_osd_rc_1job_40io_64k_seqread_p0.json ==
{'bw': 2310.41,
 'clat_ms': 35.413480969516,
 'clat_stdev': 43.103580562025,
 'iodepth': '40',
 'jobname': 'read',
 'sys_cpu': 0.515719,
 'timestamp': '1747844099',
 'total_ios': 10832232,
 'usr_cpu': 0.57372}
Num jobs: 1
== fio_sea_1osd_56reactor_32fio_bal_osd_rc_1job_52io_64k_seqread_p0.json ==
{'bw': 2370.575,
 'clat_ms': 44.851439421742995,
 'clat_stdev': 59.333358288929,
 'iodepth': '52',
 'jobname': 'read',
 'sys_cpu': 0.522485,
 'timestamp': '1747844435',
 'total_ios': 11116145,
 'usr_cpu': 0.576661}
Num jobs: 1
== fio_sea_1osd_56reactor_32fio_bal_osd_rc_1job_64io_64k_seqread_p0.json ==
{'bw': 69.908,
 'clat_ms': 1797.9150430305021,
 'clat_stdev': 9152.804550838579,
 'iodepth': '64',
 'jobname': 'read',
 'sys_cpu': 0.018889,
 'timestamp': '1747844519',
 'total_ios': 53785,
 'usr_cpu': 0.020794}
Note: clat_ns has been converted to milliseconds
Note: bw has been converted to MiBs
 avg_cpu list has: 1 items
Table (after aggregating OSD CPU avg data):
{'OSD_cpu': [0.0, 0.0, 0.0, 0.0, 0.0,
             0.0, 0.0, 0.0, 0.0, 0.0],
 'OSD_mem': [0.0, 0.0, 0.0, 0.0, 0.0,
             0.0, 0.0, 0.0, 0.0, 0.0],
 'bw': [1475.629, 157.792, 1634.39,
        432.898, 1827.27, 2160.479,
        2186.519, 2310.41, 2370.575,
        69.908],
 'clat_ms': [1.382421220746,
             25.874963603089,
             5.0063878246449995,
             37.768490214376,
             17.919059679567003,
             22.734126739056,
             29.941813377465,
             35.413480969516,
             44.851439421742995,
             1797.9150430305021],
 'clat_stdev': [0.747975628227,
                1288.769547730419,
                3.415121846753,
                1196.847137100074,
                15.614070279695001,
                22.918761204181,
                32.414691733287,
                43.103580562025,
                59.333358288929,
                9152.804550838579],
 'iodepth': ['1', '2', '4', '8', '16',
             '24', '32', '40', '52',
             '64'],
 'sys_cpu': [0.388218, 0.04513, 0.410129,
             0.103628, 0.442197,
             0.490015, 0.489688,
             0.515719, 0.522485,
             0.018889],
 'total_ios': [6917107, 196886, 7661467,
               407648, 8565934, 10128164,
               10252621, 10832232,
               11116145, 53785],
 'usr_cpu': [0.47002, 0.049093, 0.48844,
             0.113233, 0.506828,
             0.551894, 0.554094, 0.57372,
             0.576661, 0.020794]}
 avg_cpu list has: 1 items
Table (after aggregating FIO CPU avg data):
{'FIO_cpu': [267.8733333333355,
             48.33666666666658,
             249.64666666666773,
             74.69333333333346,
             268.8333333333346,
             374.66666666666725,
             375.2633333333341,
             395.6199999999991,
             403.1866666666649,
             30.19000000000002],
 'FIO_mem': [60.000000000011354,
             41.99999999999837,
             43.50000000000377,
             34.500000000005194,
             57.00000000001067,
             84.00000000001685,
             87.00000000001815,
             90.0000000000194,
             91.50000000001917,
             30.566666666671427],
 'OSD_cpu': [0.0, 0.0, 0.0, 0.0, 0.0,
             0.0, 0.0, 0.0, 0.0, 0.0],
 'OSD_mem': [0.0, 0.0, 0.0, 0.0, 0.0,
             0.0, 0.0, 0.0, 0.0, 0.0],
 'bw': [1475.629, 157.792, 1634.39,
        432.898, 1827.27, 2160.479,
        2186.519, 2310.41, 2370.575,
        69.908],
 'clat_ms': [1.382421220746,
             25.874963603089,
             5.0063878246449995,
             37.768490214376,
             17.919059679567003,
             22.734126739056,
             29.941813377465,
             35.413480969516,
             44.851439421742995,
             1797.9150430305021],
 'clat_stdev': [0.747975628227,
                1288.769547730419,
                3.415121846753,
                1196.847137100074,
                15.614070279695001,
                22.918761204181,
                32.414691733287,
                43.103580562025,
                59.333358288929,
                9152.804550838579],
 'iodepth': ['1', '2', '4', '8', '16',
             '24', '32', '40', '52',
             '64'],
 'sys_cpu': [0.388218, 0.04513, 0.410129,
             0.103628, 0.442197,
             0.490015, 0.489688,
             0.515719, 0.522485,
             0.018889],
 'total_ios': [6917107, 196886, 7661467,
               407648, 8565934, 10128164,
               10252621, 10832232,
               11116145, 53785],
 'usr_cpu': [0.47002, 0.049093, 0.48844,
             0.113233, 0.506828,
             0.551894, 0.554094, 0.57372,
             0.576661, 0.020794]}
 Wiki table: sea_1osd_56reactor_32fio_bal_osd_rc_1procs_seqread
{| class="wikitable"
|- 
 ! colspan="11"  | 
        sea_1osd_56reactor_32fio_bal_osd_rc_1procs_seqread
|-
! iodepth !! bw !! total_ios !! clat_ms !! clat_stdev !! usr_cpu !! sys_cpu !! OSD_cpu !! OSD_mem !! FIO_cpu !! FIO_mem
|-
 | 1  || 1475.63  || 6917107.00  || 1.38  || 0.75  || 0.47  || 0.39  || 0.00  || 0.00  || 267.87  || 60.00 
|-
 | 2  || 157.79  || 196886.00  || 25.87  || 1288.77  || 0.05  || 0.05  || 0.00  || 0.00  || 48.34  || 42.00 
|-
 | 4  || 1634.39  || 7661467.00  || 5.01  || 3.42  || 0.49  || 0.41  || 0.00  || 0.00  || 249.65  || 43.50 
|-
 | 8  || 432.90  || 407648.00  || 37.77  || 1196.85  || 0.11  || 0.10  || 0.00  || 0.00  || 74.69  || 34.50 
|-
 | 16  || 1827.27  || 8565934.00  || 17.92  || 15.61  || 0.51  || 0.44  || 0.00  || 0.00  || 268.83  || 57.00 
|-
 | 24  || 2160.48  || 10128164.00  || 22.73  || 22.92  || 0.55  || 0.49  || 0.00  || 0.00  || 374.67  || 84.00 
|-
 | 32  || 2186.52  || 10252621.00  || 29.94  || 32.41  || 0.55  || 0.49  || 0.00  || 0.00  || 375.26  || 87.00 
|-
 | 40  || 2310.41  || 10832232.00  || 35.41  || 43.10  || 0.57  || 0.52  || 0.00  || 0.00  || 395.62  || 90.00 
|-
 | 52  || 2370.57  || 11116145.00  || 44.85  || 59.33  || 0.58  || 0.52  || 0.00  || 0.00  || 403.19  || 91.50 
|-
 | 64  || 69.91  || 53785.00  || 1797.92  || 9152.80  || 0.02  || 0.02  || 0.00  || 0.00  || 30.19  || 30.57 
|-
|}


\begin{table}[h!]
\centering
\begin{tabular}[t]{*{11 }{|c|}}
\hline 
iodepth & bw & total\_ios & clat\_ms & clat\_stdev & usr\_cpu & sys\_cpu & OSD\_cpu & OSD\_mem & FIO\_cpu & FIO\_mem\\
\hline
1  & 1475.63  & 6917107.00  & 1.38  & 0.75  & 0.47  & 0.39  & 0.00  & 0.00  & 267.87  & 60.00 \\
\hline
2  & 157.79  & 196886.00  & 25.87  & 1288.77  & 0.05  & 0.05  & 0.00  & 0.00  & 48.34  & 42.00 \\
\hline
4  & 1634.39  & 7661467.00  & 5.01  & 3.42  & 0.49  & 0.41  & 0.00  & 0.00  & 249.65  & 43.50 \\
\hline
8  & 432.90  & 407648.00  & 37.77  & 1196.85  & 0.11  & 0.10  & 0.00  & 0.00  & 74.69  & 34.50 \\
\hline
16  & 1827.27  & 8565934.00  & 17.92  & 15.61  & 0.51  & 0.44  & 0.00  & 0.00  & 268.83  & 57.00 \\
\hline
24  & 2160.48  & 10128164.00  & 22.73  & 22.92  & 0.55  & 0.49  & 0.00  & 0.00  & 374.67  & 84.00 \\
\hline
32  & 2186.52  & 10252621.00  & 29.94  & 32.41  & 0.55  & 0.49  & 0.00  & 0.00  & 375.26  & 87.00 \\
\hline
40  & 2310.41  & 10832232.00  & 35.41  & 43.10  & 0.57  & 0.52  & 0.00  & 0.00  & 395.62  & 90.00 \\
\hline
52  & 2370.57  & 11116145.00  & 44.85  & 59.33  & 0.58  & 0.52  & 0.00  & 0.00  & 403.19  & 91.50 \\
\hline
64  & 69.91  & 53785.00  & 1797.92  & 9152.80  & 0.02  & 0.02  & 0.00  & 0.00  & 30.19  & 30.57 \\
\hline

\hline
\end{tabular}
\caption{Performance Throughput vs Latency vs CPU util: sea_1osd_56reactor_32fio_bal_osd_rc_1procs_seqread.}
\label{table:iops-lat-cpu-sea_1osd_56reactor_32fio_bal_osd_rc_1procs_seqread}
\end{table}

Done
