['fio_classic_1osd_32fio_rc_1job_1io_64k_seqread_p0.json', 'fio_classic_1osd_32fio_rc_1job_2io_64k_seqread_p0.json', 'fio_classic_1osd_32fio_rc_1job_4io_64k_seqread_p0.json', 'fio_classic_1osd_32fio_rc_1job_8io_64k_seqread_p0.json', 'fio_classic_1osd_32fio_rc_1job_16io_64k_seqread_p0.json', 'fio_classic_1osd_32fio_rc_1job_24io_64k_seqread_p0.json', 'fio_classic_1osd_32fio_rc_1job_32io_64k_seqread_p0.json', 'fio_classic_1osd_32fio_rc_1job_40io_64k_seqread_p0.json', 'fio_classic_1osd_32fio_rc_1job_52io_64k_seqread_p0.json', 'fio_classic_1osd_32fio_rc_1job_64io_64k_seqread_p0.json']
loading 10 .json files ...
Num jobs: 1
== fio_classic_1osd_32fio_rc_1job_1io_64k_seqread_p0.json ==
{'bw': 2145.858,
 'clat_ms': 0.9501808620100001,
 'clat_stdev': 0.47079385267499996,
 'iodepth': '1',
 'jobname': 'read',
 'sys_cpu': 0.442292,
 'timestamp': '1747204311',
 'total_ios': 10058777,
 'usr_cpu': 0.520969}
Num jobs: 1
== fio_classic_1osd_32fio_rc_1job_2io_64k_seqread_p0.json ==
{'bw': 2134.109,
 'clat_ms': 1.91511000019,
 'clat_stdev': 1.17387537916,
 'iodepth': '2',
 'jobname': 'read',
 'sys_cpu': 0.433134,
 'timestamp': '1747204647',
 'total_ios': 10003706,
 'usr_cpu': 0.489884}
Num jobs: 1
== fio_classic_1osd_32fio_rc_1job_4io_64k_seqread_p0.json ==
{'bw': 2100.209,
 'clat_ms': 3.8960197693540004,
 'clat_stdev': 2.508182472128,
 'iodepth': '4',
 'jobname': 'read',
 'sys_cpu': 0.429465,
 'timestamp': '1747204982',
 'total_ios': 9844864,
 'usr_cpu': 0.484986}
Num jobs: 1
== fio_classic_1osd_32fio_rc_1job_8io_64k_seqread_p0.json ==
{'bw': 2073.532,
 'clat_ms': 7.895703181211,
 'clat_stdev': 5.228689799742,
 'iodepth': '8',
 'jobname': 'read',
 'sys_cpu': 0.422543,
 'timestamp': '1747205317',
 'total_ios': 9719946,
 'usr_cpu': 0.473416}
Num jobs: 1
== fio_classic_1osd_32fio_rc_1job_16io_64k_seqread_p0.json ==
{'bw': 1774.972,
 'clat_ms': 18.433198200771997,
 'clat_stdev': 31.369266632987,
 'iodepth': '16',
 'jobname': 'read',
 'sys_cpu': 0.364166,
 'timestamp': '1747205651',
 'total_ios': 8320897,
 'usr_cpu': 0.397487}
Num jobs: 1
== fio_classic_1osd_32fio_rc_1job_24io_64k_seqread_p0.json ==
{'bw': 1658.165,
 'clat_ms': 17.723475018117,
 'clat_stdev': 30.552242555453,
 'iodepth': '24',
 'jobname': 'read',
 'sys_cpu': 0.564396,
 'timestamp': '1747205986',
 'total_ios': 7772719,
 'usr_cpu': 0.562659}
Num jobs: 1
== fio_classic_1osd_32fio_rc_1job_32io_64k_seqread_p0.json ==
{'bw': 1604.022,
 'clat_ms': 18.080505667326,
 'clat_stdev': 30.934245175042,
 'iodepth': '32',
 'jobname': 'read',
 'sys_cpu': 0.733693,
 'timestamp': '1747206321',
 'total_ios': 7518890,
 'usr_cpu': 0.714978}
Num jobs: 1
== fio_classic_1osd_32fio_rc_1job_40io_64k_seqread_p0.json ==
{'bw': 1551.167,
 'clat_ms': 17.327527663645,
 'clat_stdev': 27.109920847651,
 'iodepth': '40',
 'jobname': 'read',
 'sys_cpu': 0.942936,
 'timestamp': '1747206656',
 'total_ios': 7270333,
 'usr_cpu': 0.889789}
Num jobs: 1
== fio_classic_1osd_32fio_rc_1job_52io_64k_seqread_p0.json ==
{'bw': 1483.756,
 'clat_ms': 17.354078524846,
 'clat_stdev': 36.883178767649,
 'iodepth': '52',
 'jobname': 'read',
 'sys_cpu': 1.182527,
 'timestamp': '1747206990',
 'total_ios': 6954128,
 'usr_cpu': 1.052276}
Num jobs: 1
== fio_classic_1osd_32fio_rc_1job_64io_64k_seqread_p0.json ==
{'bw': 1427.761,
 'clat_ms': 18.053447682427,
 'clat_stdev': 50.57626609573,
 'iodepth': '64',
 'jobname': 'read',
 'sys_cpu': 1.410278,
 'timestamp': '1747207325',
 'total_ios': 6691153,
 'usr_cpu': 1.21599}
Note: clat_ns has been converted to milliseconds
Note: bw has been converted to MiBs
 avg_cpu list has: 1 items
Table (after aggregating OSD CPU avg data):
{'OSD_cpu': [234.4300000000006,
             249.44666666666726,
             247.94333333333353,
             244.73666666666702,
             215.97333333333424,
             202.32333333333432,
             193.23000000000098,
             188.08333333333405,
             182.0866666666674,
             171.68000000000055],
 'OSD_mem': [69.72999999999999,
             81.15333333332995,
             81.3999999999966,
             81.3999999999966,
             81.3999999999966,
             81.3999999999966,
             81.3999999999966,
             74.24666666666667,
             75.97333333333363,
             75.23333333333345],
 'bw': [2145.858, 2134.109, 2100.209,
        2073.532, 1774.972, 1658.165,
        1604.022, 1551.167, 1483.756,
        1427.761],
 'clat_ms': [0.9501808620100001,
             1.91511000019,
             3.8960197693540004,
             7.895703181211,
             18.433198200771997,
             17.723475018117,
             18.080505667326,
             17.327527663645,
             17.354078524846,
             18.053447682427],
 'clat_stdev': [0.47079385267499996,
                1.17387537916,
                2.508182472128,
                5.228689799742,
                31.369266632987,
                30.552242555453,
                30.934245175042,
                27.109920847651,
                36.883178767649,
                50.57626609573],
 'iodepth': ['1', '2', '4', '8', '16',
             '24', '32', '40', '52',
             '64'],
 'sys_cpu': [0.442292, 0.433134,
             0.429465, 0.422543,
             0.364166, 0.564396,
             0.733693, 0.942936,
             1.182527, 1.410278],
 'total_ios': [10058777, 10003706,
               9844864, 9719946, 8320897,
               7772719, 7518890, 7270333,
               6954128, 6691153],
 'usr_cpu': [0.520969, 0.489884,
             0.484986, 0.473416,
             0.397487, 0.562659,
             0.714978, 0.889789,
             1.052276, 1.21599]}
 avg_cpu list has: 1 items
Table (after aggregating FIO CPU avg data):
{'FIO_cpu': [305.53333333333495,
             321.6100000000027,
             316.9166666666685,
             317.9166666666683,
             274.816666666669,
             251.84666666666823,
             235.6233333333346,
             219.3700000000003,
             208.1500000000005,
             190.42000000000024],
 'FIO_mem': [79.50000000001178,
             82.50000000001542,
             76.5000000000095,
             84.0000000000169,
             75.00000000001656,
             46.52000000000839,
             33.74666666667197,
             22.05333333333532,
             18.666666666666696,
             12.70666666666629],
 'OSD_cpu': [234.4300000000006,
             249.44666666666726,
             247.94333333333353,
             244.73666666666702,
             215.97333333333424,
             202.32333333333432,
             193.23000000000098,
             188.08333333333405,
             182.0866666666674,
             171.68000000000055],
 'OSD_mem': [69.72999999999999,
             81.15333333332995,
             81.3999999999966,
             81.3999999999966,
             81.3999999999966,
             81.3999999999966,
             81.3999999999966,
             74.24666666666667,
             75.97333333333363,
             75.23333333333345],
 'bw': [2145.858, 2134.109, 2100.209,
        2073.532, 1774.972, 1658.165,
        1604.022, 1551.167, 1483.756,
        1427.761],
 'clat_ms': [0.9501808620100001,
             1.91511000019,
             3.8960197693540004,
             7.895703181211,
             18.433198200771997,
             17.723475018117,
             18.080505667326,
             17.327527663645,
             17.354078524846,
             18.053447682427],
 'clat_stdev': [0.47079385267499996,
                1.17387537916,
                2.508182472128,
                5.228689799742,
                31.369266632987,
                30.552242555453,
                30.934245175042,
                27.109920847651,
                36.883178767649,
                50.57626609573],
 'iodepth': ['1', '2', '4', '8', '16',
             '24', '32', '40', '52',
             '64'],
 'sys_cpu': [0.442292, 0.433134,
             0.429465, 0.422543,
             0.364166, 0.564396,
             0.733693, 0.942936,
             1.182527, 1.410278],
 'total_ios': [10058777, 10003706,
               9844864, 9719946, 8320897,
               7772719, 7518890, 7270333,
               6954128, 6691153],
 'usr_cpu': [0.520969, 0.489884,
             0.484986, 0.473416,
             0.397487, 0.562659,
             0.714978, 0.889789,
             1.052276, 1.21599]}
 Wiki table: classic_1osd_32fio_rc_1procs_seqread
{| class="wikitable"
|- 
 ! colspan="11"  | 
        classic_1osd_32fio_rc_1procs_seqread
|-
! iodepth !! bw !! total_ios !! clat_ms !! clat_stdev !! usr_cpu !! sys_cpu !! OSD_cpu !! OSD_mem !! FIO_cpu !! FIO_mem
|-
 | 1  || 2145.86  || 10058777.00  || 0.95  || 0.47  || 0.52  || 0.44  || 234.43  || 69.73  || 305.53  || 79.50 
|-
 | 2  || 2134.11  || 10003706.00  || 1.92  || 1.17  || 0.49  || 0.43  || 249.45  || 81.15  || 321.61  || 82.50 
|-
 | 4  || 2100.21  || 9844864.00  || 3.90  || 2.51  || 0.48  || 0.43  || 247.94  || 81.40  || 316.92  || 76.50 
|-
 | 8  || 2073.53  || 9719946.00  || 7.90  || 5.23  || 0.47  || 0.42  || 244.74  || 81.40  || 317.92  || 84.00 
|-
 | 16  || 1774.97  || 8320897.00  || 18.43  || 31.37  || 0.40  || 0.36  || 215.97  || 81.40  || 274.82  || 75.00 
|-
 | 24  || 1658.16  || 7772719.00  || 17.72  || 30.55  || 0.56  || 0.56  || 202.32  || 81.40  || 251.85  || 46.52 
|-
 | 32  || 1604.02  || 7518890.00  || 18.08  || 30.93  || 0.71  || 0.73  || 193.23  || 81.40  || 235.62  || 33.75 
|-
 | 40  || 1551.17  || 7270333.00  || 17.33  || 27.11  || 0.89  || 0.94  || 188.08  || 74.25  || 219.37  || 22.05 
|-
 | 52  || 1483.76  || 6954128.00  || 17.35  || 36.88  || 1.05  || 1.18  || 182.09  || 75.97  || 208.15  || 18.67 
|-
 | 64  || 1427.76  || 6691153.00  || 18.05  || 50.58  || 1.22  || 1.41  || 171.68  || 75.23  || 190.42  || 12.71 
|-
|}


\begin{table}[h!]
\centering
\begin{tabular}[t]{*{11 }{|c|}}
\hline 
iodepth & bw & total\_ios & clat\_ms & clat\_stdev & usr\_cpu & sys\_cpu & OSD\_cpu & OSD\_mem & FIO\_cpu & FIO\_mem\\
\hline
1  & 2145.86  & 10058777.00  & 0.95  & 0.47  & 0.52  & 0.44  & 234.43  & 69.73  & 305.53  & 79.50 \\
\hline
2  & 2134.11  & 10003706.00  & 1.92  & 1.17  & 0.49  & 0.43  & 249.45  & 81.15  & 321.61  & 82.50 \\
\hline
4  & 2100.21  & 9844864.00  & 3.90  & 2.51  & 0.48  & 0.43  & 247.94  & 81.40  & 316.92  & 76.50 \\
\hline
8  & 2073.53  & 9719946.00  & 7.90  & 5.23  & 0.47  & 0.42  & 244.74  & 81.40  & 317.92  & 84.00 \\
\hline
16  & 1774.97  & 8320897.00  & 18.43  & 31.37  & 0.40  & 0.36  & 215.97  & 81.40  & 274.82  & 75.00 \\
\hline
24  & 1658.16  & 7772719.00  & 17.72  & 30.55  & 0.56  & 0.56  & 202.32  & 81.40  & 251.85  & 46.52 \\
\hline
32  & 1604.02  & 7518890.00  & 18.08  & 30.93  & 0.71  & 0.73  & 193.23  & 81.40  & 235.62  & 33.75 \\
\hline
40  & 1551.17  & 7270333.00  & 17.33  & 27.11  & 0.89  & 0.94  & 188.08  & 74.25  & 219.37  & 22.05 \\
\hline
52  & 1483.76  & 6954128.00  & 17.35  & 36.88  & 1.05  & 1.18  & 182.09  & 75.97  & 208.15  & 18.67 \\
\hline
64  & 1427.76  & 6691153.00  & 18.05  & 50.58  & 1.22  & 1.41  & 171.68  & 75.23  & 190.42  & 12.71 \\
\hline

\hline
\end{tabular}
\caption{Performance Throughput vs Latency vs CPU util: classic_1osd_32fio_rc_1procs_seqread.}
\label{table:iops-lat-cpu-classic_1osd_32fio_rc_1procs_seqread}
\end{table}

Done
