 299952  299952 crimson-osd       0	pid 299952's current affinity list: 0
 299952  299961 reactor-1        56	pid 299961's current affinity list: 56
 299952  299962 reactor-2         1	pid 299962's current affinity list: 1
 299952  299963 reactor-3        57	pid 299963's current affinity list: 57
 299952  299964 syscall-0         0	pid 299964's current affinity list: 0
 299952  299965 syscall-1        56	pid 299965's current affinity list: 56
 299952  299966 syscall-3        57	pid 299966's current affinity list: 57
 299952  299967 syscall-2         1	pid 299967's current affinity list: 1
 299952  299968 crimson-osd       0	pid 299968's current affinity list: 0
 299952  299969 reactor-3        57	pid 299969's current affinity list: 57
 299952  299970 reactor-1        56	pid 299970's current affinity list: 56
 299952  299971 reactor-2         1	pid 299971's current affinity list: 1
 299952  299952 crimson-osd       0	pid 299952's current affinity list: 0
 299952  299961 reactor-1        56	pid 299961's current affinity list: 56
 299952  299962 reactor-2         1	pid 299962's current affinity list: 1
 299952  299963 reactor-3        57	pid 299963's current affinity list: 57
 299952  299964 syscall-0         0	pid 299964's current affinity list: 0
 299952  299965 syscall-1        56	pid 299965's current affinity list: 56
 299952  299966 syscall-3        57	pid 299966's current affinity list: 57
 299952  299967 syscall-2         1	pid 299967's current affinity list: 1
 299952  299968 crimson-osd       0	pid 299968's current affinity list: 0
 299952  299969 reactor-3        57	pid 299969's current affinity list: 57
 299952  299970 reactor-1        56	pid 299970's current affinity list: 56
 299952  299971 reactor-2         1	pid 299971's current affinity list: 1
