['fio_sea_1osd_56reactor_32fio_bal_osd_rc_1job_1io_64k_seqread_p0.json', 'fio_sea_1osd_56reactor_32fio_bal_osd_rc_1job_2io_64k_seqread_p0.json', 'fio_sea_1osd_56reactor_32fio_bal_osd_rc_1job_4io_64k_seqread_p0.json', 'fio_sea_1osd_56reactor_32fio_bal_osd_rc_1job_8io_64k_seqread_p0.json', 'fio_sea_1osd_56reactor_32fio_bal_osd_rc_1job_16io_64k_seqread_p0.json', 'fio_sea_1osd_56reactor_32fio_bal_osd_rc_1job_24io_64k_seqread_p0.json', 'fio_sea_1osd_56reactor_32fio_bal_osd_rc_1job_32io_64k_seqread_p0.json', 'fio_sea_1osd_56reactor_32fio_bal_osd_rc_1job_40io_64k_seqread_p0.json', 'fio_sea_1osd_56reactor_32fio_bal_osd_rc_1job_52io_64k_seqread_p0.json', 'fio_sea_1osd_56reactor_32fio_bal_osd_rc_1job_64io_64k_seqread_p0.json']
loading 10 .json files ...
Num jobs: 1
== fio_sea_1osd_56reactor_32fio_bal_osd_rc_1job_1io_64k_seqread_p0.json ==
{'bw': 468.341,
 'clat_ms': 4.35756992425,
 'clat_stdev': 473.258588292239,
 'iodepth': '1',
 'jobname': 'read',
 'sys_cpu': 0.123177,
 'timestamp': '1747752043',
 'total_ios': 804003,
 'usr_cpu': 0.154049}
Num jobs: 1
== fio_sea_1osd_56reactor_32fio_bal_osd_rc_1job_2io_64k_seqread_p0.json ==
{'bw': 407.099,
 'clat_ms': 10.024193473556,
 'clat_stdev': 463.904820312183,
 'iodepth': '2',
 'jobname': 'read',
 'sys_cpu': 0.156593,
 'timestamp': '1747752253',
 'total_ios': 571638,
 'usr_cpu': 0.214544}
Num jobs: 1
== fio_sea_1osd_56reactor_32fio_bal_osd_rc_1job_4io_64k_seqread_p0.json ==
{'bw': 287.079,
 'clat_ms': 28.456815280641,
 'clat_stdev': 1082.9288846960121,
 'iodepth': '4',
 'jobname': 'read',
 'sys_cpu': 0.122602,
 'timestamp': '1747752463',
 'total_ios': 470338,
 'usr_cpu': 0.167998}
Num jobs: 1
== fio_sea_1osd_56reactor_32fio_bal_osd_rc_1job_8io_64k_seqread_p0.json ==
{'bw': 187.052,
 'clat_ms': 87.258952969127,
 'clat_stdev': 1899.015257350207,
 'iodepth': '8',
 'jobname': 'read',
 'sys_cpu': 0.085001,
 'timestamp': '1747752653',
 'total_ios': 204002,
 'usr_cpu': 0.114307}
Num jobs: 1
== fio_sea_1osd_56reactor_32fio_bal_osd_rc_1job_16io_64k_seqread_p0.json ==
{'bw': 190.79,
 'clat_ms': 170.815124657257,
 'clat_stdev': 2260.7494389466783,
 'iodepth': '16',
 'jobname': 'read',
 'sys_cpu': 0.049544,
 'timestamp': '1747752848',
 'total_ios': 148620,
 'usr_cpu': 0.073468}
Num jobs: 1
== fio_sea_1osd_56reactor_32fio_bal_osd_rc_1job_24io_64k_seqread_p0.json ==
{'bw': 1000.948,
 'clat_ms': 48.832403232376,
 'clat_stdev': 803.338239677238,
 'iodepth': '24',
 'jobname': 'read',
 'sys_cpu': 0.288917,
 'timestamp': '1747753146',
 'total_ios': 2442751,
 'usr_cpu': 0.322606}
Num jobs: 1
== fio_sea_1osd_56reactor_32fio_bal_osd_rc_1job_32io_64k_seqread_p0.json ==
{'bw': 875.176,
 'clat_ms': 73.52681141624599,
 'clat_stdev': 1014.01322633508,
 'iodepth': '32',
 'jobname': 'read',
 'sys_cpu': 0.330808,
 'timestamp': '1747753350',
 'total_ios': 1999443,
 'usr_cpu': 0.46825}
Num jobs: 1
== fio_sea_1osd_56reactor_32fio_bal_osd_rc_1job_40io_64k_seqread_p0.json ==
{'bw': 1604.711,
 'clat_ms': 50.975221897118004,
 'clat_stdev': 48.096837195665,
 'iodepth': '40',
 'jobname': 'read',
 'sys_cpu': 0.502282,
 'timestamp': '1747753717',
 'total_ios': 7523995,
 'usr_cpu': 0.675292}
Num jobs: 1
== fio_sea_1osd_56reactor_32fio_bal_osd_rc_1job_52io_64k_seqread_p0.json ==
{'bw': 1358.258,
 'clat_ms': 72.547812484927,
 'clat_stdev': 1067.5869248666231,
 'iodepth': '52',
 'jobname': 'read',
 'sys_cpu': 0.309469,
 'timestamp': '1747753850',
 'total_ios': 2133720,
 'usr_cpu': 0.349835}
Num jobs: 1
== fio_sea_1osd_56reactor_32fio_bal_osd_rc_1job_64io_64k_seqread_p0.json ==
{'bw': 96.621,
 'clat_ms': 607.241193420707,
 'clat_stdev': 4179.080920309984,
 'iodepth': '64',
 'jobname': 'read',
 'sys_cpu': 0.0456,
 'timestamp': '1747754015',
 'total_ios': 103580,
 'usr_cpu': 0.053143}
Note: clat_ns has been converted to milliseconds
Note: bw has been converted to MiBs
 avg_cpu list has: 1 items
Table (after aggregating OSD CPU avg data):
{'OSD_cpu': [0.0, 0.0, 0.0, 0.0, 0.0,
             0.0, 0.0, 0.0, 0.0, 0.0],
 'OSD_mem': [0.0, 0.0, 0.0, 0.0, 0.0,
             0.0, 0.0, 0.0, 0.0, 0.0],
 'bw': [468.341, 407.099, 287.079,
        187.052, 190.79, 1000.948,
        875.176, 1604.711, 1358.258,
        96.621],
 'clat_ms': [4.35756992425,
             10.024193473556,
             28.456815280641,
             87.258952969127,
             170.815124657257,
             48.832403232376,
             73.52681141624599,
             50.975221897118004,
             72.547812484927,
             607.241193420707],
 'clat_stdev': [473.258588292239,
                463.904820312183,
                1082.9288846960121,
                1899.015257350207,
                2260.7494389466783,
                803.338239677238,
                1014.01322633508,
                48.096837195665,
                1067.5869248666231,
                4179.080920309984],
 'iodepth': ['1', '2', '4', '8', '16',
             '24', '32', '40', '52',
             '64'],
 'sys_cpu': [0.123177, 0.156593,
             0.122602, 0.085001,
             0.049544, 0.288917,
             0.330808, 0.502282,
             0.309469, 0.0456],
 'total_ios': [804003, 571638, 470338,
               204002, 148620, 2442751,
               1999443, 7523995, 2133720,
               103580],
 'usr_cpu': [0.154049, 0.214544,
             0.167998, 0.114307,
             0.073468, 0.322606, 0.46825,
             0.675292, 0.349835,
             0.053143]}
 avg_cpu list has: 1 items
Table (after aggregating FIO CPU avg data):
{'FIO_cpu': [113.05333333333373,
             117.4166666666668,
             104.55666666666662,
             51.48999999999987,
             29.41333333333339,
             257.59333333333586,
             363.2833333333323,
             317.366666666666,
             276.78666666666896,
             22.49666666666665],
 'FIO_mem': [41.999999999998316,
             41.999999999998316,
             41.999999999998316,
             36.00000000000377,
             25.500000000003514,
             51.000000000007184,
             51.00000000000042,
             61.500000000011745,
             71.6400000000102,
             22.246666666669466],
 'OSD_cpu': [0.0, 0.0, 0.0, 0.0, 0.0,
             0.0, 0.0, 0.0, 0.0, 0.0],
 'OSD_mem': [0.0, 0.0, 0.0, 0.0, 0.0,
             0.0, 0.0, 0.0, 0.0, 0.0],
 'bw': [468.341, 407.099, 287.079,
        187.052, 190.79, 1000.948,
        875.176, 1604.711, 1358.258,
        96.621],
 'clat_ms': [4.35756992425,
             10.024193473556,
             28.456815280641,
             87.258952969127,
             170.815124657257,
             48.832403232376,
             73.52681141624599,
             50.975221897118004,
             72.547812484927,
             607.241193420707],
 'clat_stdev': [473.258588292239,
                463.904820312183,
                1082.9288846960121,
                1899.015257350207,
                2260.7494389466783,
                803.338239677238,
                1014.01322633508,
                48.096837195665,
                1067.5869248666231,
                4179.080920309984],
 'iodepth': ['1', '2', '4', '8', '16',
             '24', '32', '40', '52',
             '64'],
 'sys_cpu': [0.123177, 0.156593,
             0.122602, 0.085001,
             0.049544, 0.288917,
             0.330808, 0.502282,
             0.309469, 0.0456],
 'total_ios': [804003, 571638, 470338,
               204002, 148620, 2442751,
               1999443, 7523995, 2133720,
               103580],
 'usr_cpu': [0.154049, 0.214544,
             0.167998, 0.114307,
             0.073468, 0.322606, 0.46825,
             0.675292, 0.349835,
             0.053143]}
 Wiki table: sea_1osd_56reactor_32fio_bal_osd_rc_1procs_seqread
{| class="wikitable"
|- 
 ! colspan="11"  | 
        sea_1osd_56reactor_32fio_bal_osd_rc_1procs_seqread
|-
! iodepth !! bw !! total_ios !! clat_ms !! clat_stdev !! usr_cpu !! sys_cpu !! OSD_cpu !! OSD_mem !! FIO_cpu !! FIO_mem
|-
 | 1  || 468.34  || 804003.00  || 4.36  || 473.26  || 0.15  || 0.12  || 0.00  || 0.00  || 113.05  || 42.00 
|-
 | 2  || 407.10  || 571638.00  || 10.02  || 463.90  || 0.21  || 0.16  || 0.00  || 0.00  || 117.42  || 42.00 
|-
 | 4  || 287.08  || 470338.00  || 28.46  || 1082.93  || 0.17  || 0.12  || 0.00  || 0.00  || 104.56  || 42.00 
|-
 | 8  || 187.05  || 204002.00  || 87.26  || 1899.02  || 0.11  || 0.09  || 0.00  || 0.00  || 51.49  || 36.00 
|-
 | 16  || 190.79  || 148620.00  || 170.82  || 2260.75  || 0.07  || 0.05  || 0.00  || 0.00  || 29.41  || 25.50 
|-
 | 24  || 1000.95  || 2442751.00  || 48.83  || 803.34  || 0.32  || 0.29  || 0.00  || 0.00  || 257.59  || 51.00 
|-
 | 32  || 875.18  || 1999443.00  || 73.53  || 1014.01  || 0.47  || 0.33  || 0.00  || 0.00  || 363.28  || 51.00 
|-
 | 40  || 1604.71  || 7523995.00  || 50.98  || 48.10  || 0.68  || 0.50  || 0.00  || 0.00  || 317.37  || 61.50 
|-
 | 52  || 1358.26  || 2133720.00  || 72.55  || 1067.59  || 0.35  || 0.31  || 0.00  || 0.00  || 276.79  || 71.64 
|-
 | 64  || 96.62  || 103580.00  || 607.24  || 4179.08  || 0.05  || 0.05  || 0.00  || 0.00  || 22.50  || 22.25 
|-
|}


\begin{table}[h!]
\centering
\begin{tabular}[t]{*{11 }{|c|}}
\hline 
iodepth & bw & total\_ios & clat\_ms & clat\_stdev & usr\_cpu & sys\_cpu & OSD\_cpu & OSD\_mem & FIO\_cpu & FIO\_mem\\
\hline
1  & 468.34  & 804003.00  & 4.36  & 473.26  & 0.15  & 0.12  & 0.00  & 0.00  & 113.05  & 42.00 \\
\hline
2  & 407.10  & 571638.00  & 10.02  & 463.90  & 0.21  & 0.16  & 0.00  & 0.00  & 117.42  & 42.00 \\
\hline
4  & 287.08  & 470338.00  & 28.46  & 1082.93  & 0.17  & 0.12  & 0.00  & 0.00  & 104.56  & 42.00 \\
\hline
8  & 187.05  & 204002.00  & 87.26  & 1899.02  & 0.11  & 0.09  & 0.00  & 0.00  & 51.49  & 36.00 \\
\hline
16  & 190.79  & 148620.00  & 170.82  & 2260.75  & 0.07  & 0.05  & 0.00  & 0.00  & 29.41  & 25.50 \\
\hline
24  & 1000.95  & 2442751.00  & 48.83  & 803.34  & 0.32  & 0.29  & 0.00  & 0.00  & 257.59  & 51.00 \\
\hline
32  & 875.18  & 1999443.00  & 73.53  & 1014.01  & 0.47  & 0.33  & 0.00  & 0.00  & 363.28  & 51.00 \\
\hline
40  & 1604.71  & 7523995.00  & 50.98  & 48.10  & 0.68  & 0.50  & 0.00  & 0.00  & 317.37  & 61.50 \\
\hline
52  & 1358.26  & 2133720.00  & 72.55  & 1067.59  & 0.35  & 0.31  & 0.00  & 0.00  & 276.79  & 71.64 \\
\hline
64  & 96.62  & 103580.00  & 607.24  & 4179.08  & 0.05  & 0.05  & 0.00  & 0.00  & 22.50  & 22.25 \\
\hline

\hline
\end{tabular}
\caption{Performance Throughput vs Latency vs CPU util: sea_1osd_56reactor_32fio_bal_osd_rc_1procs_seqread.}
\label{table:iops-lat-cpu-sea_1osd_56reactor_32fio_bal_osd_rc_1procs_seqread}
\end{table}

Done
