1270972 1270972 perf-crimson-ms   7	pid 1270972's current affinity list: 7
1270972 1270974 reactor-1         8	pid 1270974's current affinity list: 8
1270972 1270975 reactor-2         9	pid 1270975's current affinity list: 9
1270972 1270976 reactor-3        10	pid 1270976's current affinity list: 10
1270972 1270977 reactor-4        11	pid 1270977's current affinity list: 11
1270972 1270978 reactor-5        12	pid 1270978's current affinity list: 12
1270972 1270979 reactor-6        13	pid 1270979's current affinity list: 13
1270972 1270980 reactor-7        35	pid 1270980's current affinity list: 35
1270972 1270981 reactor-8        36	pid 1270981's current affinity list: 36
1270972 1270982 reactor-9        37	pid 1270982's current affinity list: 37
1270972 1270983 reactor-10       38	pid 1270983's current affinity list: 38
1270972 1270984 reactor-11       39	pid 1270984's current affinity list: 39
1270972 1270985 reactor-12       40	pid 1270985's current affinity list: 40
1270972 1270986 reactor-13       41	pid 1270986's current affinity list: 41
1270972 1270987 reactor-14       63	pid 1270987's current affinity list: 63
1270972 1270988 reactor-15       64	pid 1270988's current affinity list: 64
1270972 1270989 reactor-16       65	pid 1270989's current affinity list: 65
1270972 1270990 reactor-17       66	pid 1270990's current affinity list: 66
1270972 1270991 reactor-18       67	pid 1270991's current affinity list: 67
1270972 1270992 reactor-19       68	pid 1270992's current affinity list: 68
1270972 1270993 reactor-20       69	pid 1270993's current affinity list: 69
1270972 1270994 reactor-21       91	pid 1270994's current affinity list: 91
1270972 1270995 reactor-22       92	pid 1270995's current affinity list: 92
1270972 1270996 reactor-23       93	pid 1270996's current affinity list: 93
1270972 1270997 reactor-24       94	pid 1270997's current affinity list: 94
1270972 1270998 reactor-25       95	pid 1270998's current affinity list: 95
1270972 1270999 reactor-26       96	pid 1270999's current affinity list: 96
1270972 1271000 reactor-27       97	pid 1271000's current affinity list: 97
1270972 1271001 syscall-0         7	pid 1271001's current affinity list: 7
1270972 1271002 syscall-14       63	pid 1271002's current affinity list: 63
1270972 1271003 syscall-18       67	pid 1271003's current affinity list: 67
1270972 1271004 syscall-4        11	pid 1271004's current affinity list: 11
1270972 1271005 syscall-13       41	pid 1271005's current affinity list: 41
1270972 1271006 syscall-2         9	pid 1271006's current affinity list: 9
1270972 1271007 syscall-5        12	pid 1271007's current affinity list: 12
1270972 1271008 syscall-3        10	pid 1271008's current affinity list: 10
1270972 1271009 syscall-7        35	pid 1271009's current affinity list: 35
1270972 1271010 syscall-16       65	pid 1271010's current affinity list: 65
1270972 1271011 syscall-26       96	pid 1271011's current affinity list: 96
1270972 1271012 syscall-27       97	pid 1271012's current affinity list: 97
1270972 1271013 syscall-1         8	pid 1271013's current affinity list: 8
1270972 1271014 syscall-9        37	pid 1271014's current affinity list: 37
1270972 1271015 syscall-21       91	pid 1271015's current affinity list: 91
1270972 1271016 syscall-10       38	pid 1271016's current affinity list: 38
1270972 1271017 syscall-15       64	pid 1271017's current affinity list: 64
1270972 1271018 syscall-11       39	pid 1271018's current affinity list: 39
1270972 1271019 syscall-17       66	pid 1271019's current affinity list: 66
1270972 1271020 syscall-12       40	pid 1271020's current affinity list: 40
1270972 1271021 syscall-19       68	pid 1271021's current affinity list: 68
1270972 1271022 syscall-23       93	pid 1271022's current affinity list: 93
1270972 1271023 syscall-24       94	pid 1271023's current affinity list: 94
1270972 1271024 syscall-22       92	pid 1271024's current affinity list: 92
1270972 1271025 syscall-20       69	pid 1271025's current affinity list: 69
1270972 1271026 syscall-25       95	pid 1271026's current affinity list: 95
1270972 1271027 syscall-6        13	pid 1271027's current affinity list: 13
1270972 1271028 syscall-8        36	pid 1271028's current affinity list: 36
