   sec  depth      IOPS     MB/s  lat(ms)
1.00154  28527    399273  1559.66  71.6519 -- 11,11,11,10,10,10,10,10,11,10,10,10,10,11,11,11,10,10,10,10,10,10,10,10,11,11,10,10,
1.00141  28347    413121  1613.75  68.9244 -- 10,11,11,10,10,10,10,10,11,10,10,10,10,11,11,11,10,10,10,10,10,10,10,10,11,11,10,10,
1.00149  28440    393168  1535.81  71.4527 -- 10,11,11,10,11,10,10,10,10,10,10,10,10,11,11,11,10,10,10,10,9,10,10,10,11,11,10,10,
1.00117  28672    412700  1612.11  68.9788 -- 10,11,11,10,11,10,10,10,11,10,9,10,10,10,11,10,10,10,10,10,9,10,10,10,11,11,10,11,
1.00021  28466    421750  1647.46  68.6649 -- 10,11,11,10,11,10,10,10,10,10,10,10,10,10,11,10,10,10,10,10,9,10,10,10,11,11,11,11,
1.00136  28559    401264  1567.44  68.5398 -- 10,11,11,10,11,10,10,10,10,10,10,10,10,11,11,11,10,10,10,10,9,10,11,10,11,11,11,11,
1.00136  28672    418992  1636.69  68.4724 -- 10,11,11,10,11,10,10,10,11,10,10,10,10,11,11,11,10,10,10,10,10,10,10,10,11,11,11,11,
1.00021  28393    419822  1639.93  67.8681 -- 10,11,11,10,11,10,10,10,11,10,10,10,10,11,12,10,10,10,10,10,10,10,11,10,11,11,11,11,
1.00158  28630    418264  1633.84  68.8715 -- 10,11,11,10,11,10,10,10,11,10,10,10,10,11,12,11,10,10,10,10,10,10,11,10,10,11,11,11,
1.00166  28490    406774  1588.96  68.9029 -- 10,11,11,10,11,10,10,10,11,10,10,10,10,11,12,11,10,10,10,10,10,10,11,10,11,11,11,11,
-------------- summary --------------
10.0135     -  410600 1603.91 69.2153

1.00273  28672    419460  1638.52  68.4118 -- 10,11,11,10,11,10,10,10,11,10,10,10,10,11,11,11,11,10,10,10,10,10,11,10,11,11,11,11,
1.00014  28672    406224  1586.81  70.7296 -- 10,11,11,10,11,10,10,10,11,10,10,10,10,11,11,11,11,10,10,10,10,10,11,10,10,11,10,11,
1.00012  28672    413594   1615.6  68.4172 -- 10,11,11,10,10,10,10,10,11,10,10,10,10,11,11,11,11,10,10,10,10,10,11,10,10,11,11,11,
1.00012  28672    404709   1580.9  69.0707 -- 10,11,11,10,11,10,10,10,11,10,10,10,10,11,11,11,11,10,10,10,10,10,10,10,11,11,11,11,
1.00013  28672    423090   1652.7  67.8278 -- 10,11,11,10,11,10,10,10,11,10,10,10,10,11,11,11,11,10,10,10,10,10,11,10,10,11,11,11,
1.00018  28463    414337  1618.51  68.2808 -- 10,11,11,10,11,10,10,10,11,10,10,10,10,10,11,11,11,10,10,10,10,10,10,10,10,11,11,11,
1.00124  28596    406409  1587.53  69.0589 -- 10,11,11,10,11,10,10,10,11,10,10,10,10,11,11,11,11,10,10,10,10,10,10,10,11,11,11,11,
1.00155  28244    418029  1632.93  70.3671 -- 10,11,11,10,11,10,11,10,11,10,10,10,10,10,11,11,11,10,10,10,10,10,10,10,11,11,11,11,
1.00209  28672    401778  1569.45  68.6886 -- 10,11,11,10,11,10,10,10,11,10,10,11,10,10,11,11,11,10,10,10,10,10,11,10,10,11,11,11,
1.00166  28612    422067   1648.7  68.6156 -- 10,11,11,10,11,10,10,10,11,10,10,11,10,11,11,11,11,10,10,10,10,10,10,10,11,11,11,11,
-------------- summary --------------
20.0231     -  411717 1608.27 69.0757

1.00188  28672    413925  1616.89   68.229 -- 10,11,11,10,11,10,10,10,11,10,10,10,10,11,11,11,11,10,10,10,10,10,11,10,11,11,11,11,
1.00199  28033    416864  1628.38  68.0677 -- 10,11,12,10,11,10,10,10,11,10,10,11,10,11,11,11,11,10,11,10,10,10,10,10,11,11,11,11,
1.00281  28602    413414   1614.9  68.2566 -- 10,11,12,10,11,10,10,10,11,10,10,11,10,11,11,11,11,10,11,10,10,10,11,10,11,11,11,11,
1.00102  28672    422028  1648.55  68.3333 -- 10,11,12,10,11,10,10,10,11,10,10,11,10,11,11,11,11,10,11,10,10,10,11,10,11,11,11,11,
1.00029  28439    415544  1623.22  68.6581 -- 11,11,12,10,11,10,10,10,11,10,10,10,10,11,11,11,11,10,11,10,10,10,10,10,11,11,11,11,
1.00175  28640    405408  1583.63  68.4466 -- 11,11,11,10,11,10,10,10,11,10,10,10,10,11,11,11,11,10,11,10,10,10,10,11,11,11,11,11,
1.00144  28672    423118  1652.81  67.3592 -- 11,11,11,10,11,10,10,10,11,10,10,10,10,11,11,11,11,10,11,10,10,10,11,10,11,11,11,11,
1.00025  28415    417347  1630.26  68.2011 -- 11,11,11,10,11,10,10,10,11,10,10,11,10,11,11,11,11,10,11,10,10,10,11,10,11,11,11,11,
1.00149  28672    423060  1652.58  68.3834 -- 11,11,11,10,11,10,10,10,11,10,10,11,10,11,11,11,11,10,11,10,10,10,11,10,11,11,11,11,
1.00038  27585    416002  1625.01  68.4224 -- 10,11,11,10,11,10,10,10,11,10,10,11,10,11,11,11,11,10,11,10,10,10,11,10,11,11,11,11,
-------------- summary --------------
30.0368     -  413423 1614.93 68.7929

1.00273  28672    407838  1593.12  68.8385 -- 10,11,11,10,11,10,10,10,11,10,10,11,10,11,11,11,11,10,11,10,10,10,11,10,11,11,11,11,
1.00019  28503    422705  1651.19  68.5953 -- 10,11,11,10,11,10,10,10,11,10,10,10,10,11,11,11,11,10,11,10,10,10,11,10,11,11,11,11,
1.00151  28319    409624   1600.1  68.4371 -- 10,11,11,10,11,10,10,10,11,10,10,10,10,11,11,11,11,10,11,10,10,10,11,10,11,11,11,11,
1.00143  28525    416849  1628.32  68.7192 -- 10,11,11,10,11,10,10,10,11,10,10,11,10,11,11,11,11,10,11,10,10,10,11,10,11,11,11,11,
1.00138  28561    417624  1631.34  68.3241 -- 10,11,11,10,11,10,10,10,11,10,10,11,10,11,11,11,11,10,11,10,10,10,11,10,11,11,11,11,
1.00146  28373    423418  1653.97  67.7906 -- 10,11,11,10,11,10,10,10,11,10,10,11,10,11,11,11,11,10,11,10,10,10,11,10,11,11,11,11,
1.00121  28403    407048  1590.03  68.2187 -- 10,11,11,10,11,10,10,10,11,10,10,11,10,11,11,11,11,10,11,10,10,10,11,10,11,11,11,11,
1.0012  28672    421057  1644.75  67.9311 -- 11,11,11,10,11,10,10,10,11,10,10,11,10,11,11,11,11,10,10,10,10,10,11,11,11,11,11,11,
1.00017  28672    422209  1649.25  68.4904 -- 10,11,11,10,11,10,10,10,11,10,10,11,10,11,11,11,11,10,11,10,10,10,11,10,11,11,11,11,
1.00089  28619    416957  1628.74  67.5335 -- 11,11,11,10,11,10,10,10,11,10,10,11,10,11,11,11,11,10,11,10,10,10,11,10,11,11,11,11,
-------------- summary --------------
40.0486     -  414166 1617.84 68.6653

1.00346  27973    411174  1606.15  68.5593 -- 10,11,11,10,11,10,11,10,11,10,10,10,10,11,11,11,11,10,11,10,10,10,11,10,10,11,11,11,
1.00167  28672    416624  1627.44  68.9628 -- 10,11,11,10,11,10,10,10,11,10,10,11,10,11,11,11,11,10,11,10,10,10,11,10,11,11,11,11,
1.0003  28228    422086  1648.77  67.7747 -- 10,11,11,10,11,10,10,10,11,10,10,10,10,11,11,11,11,10,10,10,10,10,11,10,11,11,11,11,
1.00227  28500    404748  1581.05  68.7596 -- 10,11,11,10,11,10,11,10,11,10,10,10,10,11,11,11,10,10,10,10,10,10,11,10,11,11,11,11,
1.00128  28672    421620  1646.95  68.7546 -- 10,11,11,10,11,10,10,10,11,10,10,10,10,11,11,11,10,10,10,10,10,10,11,10,11,11,11,11,
1.00028  28602    411210  1606.29  68.4515 -- 10,11,11,10,11,10,10,10,11,10,10,11,10,11,11,11,10,10,10,10,10,10,11,10,11,11,11,11,
1.00133  28306    411664  1608.06  67.7661 -- 10,11,11,10,11,10,10,10,11,10,10,11,10,11,11,10,10,10,10,10,10,10,11,10,11,11,11,11,
1.00206  28672    418122  1633.29  68.2452 -- 10,11,12,10,11,10,10,10,11,10,10,11,10,11,11,10,10,10,10,10,10,10,11,10,11,11,11,11,
1.00012  28672    423014   1652.4  68.4478 -- 10,11,12,10,11,10,10,10,11,10,10,11,10,11,11,10,11,10,11,10,10,10,10,10,11,11,11,11,
1.00014  28672    403854  1577.56  68.3057 -- 10,11,12,10,11,10,10,10,11,10,10,11,10,11,11,10,11,10,10,10,10,10,11,10,11,11,11,11,
-------------- summary --------------
50.0604     -  414218 1618.04 68.6126

1.00017  28672    424234  1657.17  68.1479 -- 10,11,12,10,11,10,10,10,11,10,10,11,10,11,11,11,11,10,11,10,10,10,11,10,11,11,11,11,
1.00019  28498    418577  1635.07  68.5298 -- 11,11,11,10,11,10,10,10,11,10,10,11,10,11,12,11,11,10,10,10,10,10,10,10,11,11,11,11,
1.00143  28430    417349  1630.27  68.4352 -- 11,11,11,10,10,10,10,10,11,10,10,11,10,11,11,11,11,10,10,10,10,10,10,10,11,11,11,11,
1.00215  28551    411848  1608.78  68.4924 -- 10,11,11,10,11,10,10,10,11,10,10,11,10,11,11,11,11,10,10,10,10,10,11,10,11,11,11,11,
1.0011  28672    417431  1630.59  67.9659 -- 10,11,11,10,10,10,10,10,11,10,10,11,10,11,11,11,11,10,10,10,10,10,10,10,11,11,11,11,
1.0002  28392    416843  1628.29  68.2093 -- 10,11,11,10,11,10,10,10,11,10,10,11,10,11,11,11,11,10,10,10,10,10,11,10,11,11,11,11,
1.00134  28524    414414   1618.8  68.7747 -- 10,11,11,10,10,10,10,10,11,10,10,11,10,11,11,11,11,10,10,10,10,10,11,10,11,11,11,11,
1.00116  28672    414711  1619.96  68.1499 -- 10,11,11,10,11,10,10,10,11,10,10,11,10,11,11,11,11,10,10,10,10,10,11,10,11,11,11,11,
1.00013  28672    425845  1663.46  68.1566 -- 10,11,11,10,11,10,10,10,11,10,10,11,10,11,11,11,11,10,10,10,10,10,10,10,11,11,11,11,
1.00013  28672    405174  1582.71  69.0948 -- 10,11,11,10,11,10,10,10,11,10,10,11,10,11,11,11,11,10,10,10,10,10,11,10,11,11,11,11,
-------------- summary --------------
60.0684     -  414621 1619.61 68.5758

client0Conn0@0(depth=512):
  connect time: 0.001611s
  messages received: 447125
  messaging time: 60.068826s
  latency: 68.179908ms
  IOPS: 7443.544793
  out throughput: 29.076347MB/s
client0Conn1@0(depth=512):
  connect time: 0.001259s
  messages received: 421354
  messaging time: 60.068847s
  latency: 72.441683ms
  IOPS: 7014.517896
  out throughput: 27.400461MB/s
client1Conn0@1(depth=512):
  connect time: 0.001821s
  messages received: 469249
  messaging time: 60.068308s
  latency: 64.965226ms
  IOPS: 7811.923109
  out throughput: 30.515325MB/s
client1Conn1@1(depth=512):
  connect time: 0.001504s
  messages received: 463860
  messaging time: 60.068466s
  latency: 65.715511ms
  IOPS: 7722.188166
  out throughput: 30.164798MB/s
client2Conn0@2(depth=512):
  connect time: 0.001463s
  messages received: 469408
  messaging time: 60.068058s
  latency: 64.963347ms
  IOPS: 7814.602560
  out throughput: 30.525791MB/s
client2Conn1@2(depth=512):
  connect time: 0.001356s
  messages received: 470162
  messaging time: 60.068556s
  latency: 64.916470ms
  IOPS: 7827.090080
  out throughput: 30.574571MB/s
client3Conn0@3(depth=512):
  connect time: 0.001695s
  messages received: 419886
  messaging time: 60.069039s
  latency: 72.704264ms
  IOPS: 6990.056929
  out throughput: 27.304910MB/s
client3Conn1@3(depth=512):
  connect time: 0.001373s
  messages received: 448022
  messaging time: 60.069191s
  latency: 68.021817ms
  IOPS: 7458.432344
  out throughput: 29.134501MB/s
client4Conn0@4(depth=512):
  connect time: 0.001651s
  messages received: 468281
  messaging time: 60.069881s
  latency: 65.079927ms
  IOPS: 7795.603894
  out throughput: 30.451578MB/s
client4Conn1@4(depth=512):
  connect time: 0.001042s
  messages received: 446820
  messaging time: 60.069920s
  latency: 68.215353ms
  IOPS: 7438.331833
  out throughput: 29.055984MB/s
client5Conn0@5(depth=512):
  connect time: 0.001873s
  messages received: 469413
  messaging time: 60.069668s
  latency: 64.958433ms
  IOPS: 7814.476310
  out throughput: 30.525298MB/s
client5Conn1@5(depth=512):
  connect time: 0.001512s
  messages received: 420472
  messaging time: 60.070532s
  latency: 72.587469ms
  IOPS: 6999.638380
  out throughput: 27.342337MB/s
client6Conn0@6(depth=512):
  connect time: 0.001676s
  messages received: 446445
  messaging time: 60.069571s
  latency: 68.357518ms
  IOPS: 7432.132305
  out throughput: 29.031767MB/s
client6Conn1@6(depth=512):
  connect time: 0.001618s
  messages received: 444546
  messaging time: 60.069600s
  latency: 68.665123ms
  IOPS: 7400.515409
  out throughput: 28.908263MB/s
client7Conn0@7(depth=512):
  connect time: 0.001733s
  messages received: 421556
  messaging time: 60.069347s
  latency: 72.393517ms
  IOPS: 7017.822301
  out throughput: 27.413368MB/s
client7Conn1@7(depth=512):
  connect time: 0.001403s
  messages received: 421913
  messaging time: 60.069504s
  latency: 72.337773ms
  IOPS: 7023.747000
  out throughput: 27.436512MB/s
client8Conn0@8(depth=512):
  connect time: 0.001506s
  messages received: 469342
  messaging time: 60.068806s
  latency: 64.953009ms
  IOPS: 7813.406573
  out throughput: 30.521119MB/s
client8Conn1@8(depth=512):
  connect time: 0.001001s
  messages received: 445979
  messaging time: 60.068950s
  latency: 68.424947ms
  IOPS: 7424.451341
  out throughput: 29.001763MB/s
client9Conn0@9(depth=512):
  connect time: 0.002054s
  messages received: 446014
  messaging time: 60.069552s
  latency: 68.348421ms
  IOPS: 7424.959618
  out throughput: 29.003749MB/s
client9Conn1@9(depth=512):
  connect time: 0.001765s
  messages received: 421012
  messaging time: 60.069694s
  latency: 72.500442ms
  IOPS: 7008.725528
  out throughput: 27.377834MB/s
client10Conn0@10(depth=512):
  connect time: 0.001287s
  messages received: 420455
  messaging time: 60.070608s
  latency: 72.646491ms
  IOPS: 6999.346473
  out throughput: 27.341197MB/s
client10Conn1@10(depth=512):
  connect time: 0.000922s
  messages received: 421052
  messaging time: 60.070719s
  latency: 72.429789ms
  IOPS: 7009.271892
  out throughput: 27.379968MB/s
client11Conn0@11(depth=512):
  connect time: 0.002198s
  messages received: 467267
  messaging time: 60.069508s
  latency: 65.241288ms
  IOPS: 7778.771871
  out throughput: 30.385828MB/s
client11Conn1@11(depth=512):
  connect time: 0.001430s
  messages received: 421148
  messaging time: 60.069523s
  latency: 72.424313ms
  IOPS: 7011.009588
  out throughput: 27.386756MB/s
client12Conn0@12(depth=512):
  connect time: 0.001720s
  messages received: 421406
  messaging time: 60.069328s
  latency: 72.425667ms
  IOPS: 7015.327348
  out throughput: 27.403622MB/s
client12Conn1@12(depth=512):
  connect time: 0.001609s
  messages received: 418652
  messaging time: 60.069459s
  latency: 72.844510ms
  IOPS: 6969.465117
  out throughput: 27.224473MB/s
client13Conn0@13(depth=512):
  connect time: 0.001877s
  messages received: 468977
  messaging time: 60.069773s
  latency: 64.950984ms
  IOPS: 7807.204451
  out throughput: 30.496892MB/s
client13Conn1@13(depth=512):
  connect time: 0.001076s
  messages received: 446960
  messaging time: 60.070430s
  latency: 68.293004ms
  IOPS: 7440.599366
  out throughput: 29.064841MB/s
client14Conn0@14(depth=512):
  connect time: 0.002062s
  messages received: 470966
  messaging time: 60.069617s
  latency: 64.736812ms
  IOPS: 7840.336296
  out throughput: 30.626314MB/s
client14Conn1@14(depth=512):
  connect time: 0.001656s
  messages received: 447073
  messaging time: 60.069794s
  latency: 68.115266ms
  IOPS: 7442.559246
  out throughput: 29.072497MB/s
client15Conn0@15(depth=512):
  connect time: 0.001516s
  messages received: 446488
  messaging time: 60.068804s
  latency: 68.269675ms
  IOPS: 7432.943117
  out throughput: 29.034934MB/s
client15Conn1@15(depth=512):
  connect time: 0.001515s
  messages received: 448769
  messaging time: 60.069095s
  latency: 67.995981ms
  IOPS: 7470.880033
  out throughput: 29.183125MB/s
client16Conn0@16(depth=512):
  connect time: 0.001823s
  messages received: 419583
  messaging time: 60.069037s
  latency: 72.767645ms
  IOPS: 6985.012885
  out throughput: 27.285207MB/s
client16Conn1@16(depth=512):
  connect time: 0.001641s
  messages received: 472022
  messaging time: 60.069474s
  latency: 64.534249ms
  IOPS: 7857.934603
  out throughput: 30.695057MB/s
client17Conn0@17(depth=512):
  connect time: 0.001198s
  messages received: 444876
  messaging time: 60.069718s
  latency: 68.558625ms
  IOPS: 7405.994485
  out throughput: 28.929666MB/s
client17Conn1@17(depth=512):
  connect time: 0.001143s
  messages received: 420079
  messaging time: 60.069732s
  latency: 72.593539ms
  IOPS: 6993.189145
  out throughput: 27.317145MB/s
client18Conn0@18(depth=512):
  connect time: 0.001996s
  messages received: 470183
  messaging time: 60.069208s
  latency: 64.871805ms
  IOPS: 7827.354685
  out throughput: 30.575604MB/s
client18Conn1@18(depth=512):
  connect time: 0.001790s
  messages received: 416127
  messaging time: 60.069374s
  latency: 73.357101ms
  IOPS: 6927.440303
  out throughput: 27.060314MB/s
client19Conn0@19(depth=512):
  connect time: 0.002058s
  messages received: 418826
  messaging time: 60.068872s
  latency: 72.833191ms
  IOPS: 6972.429945
  out throughput: 27.236054MB/s
client19Conn1@19(depth=512):
  connect time: 0.001679s
  messages received: 444436
  messaging time: 60.069207s
  latency: 68.574682ms
  IOPS: 7398.732586
  out throughput: 28.901299MB/s
client20Conn0@20(depth=512):
  connect time: 0.001533s
  messages received: 418686
  messaging time: 60.069687s
  latency: 72.846172ms
  IOPS: 6970.004745
  out throughput: 27.226581MB/s
client20Conn1@20(depth=512):
  connect time: 0.001422s
  messages received: 419595
  messaging time: 60.069699s
  latency: 72.711652ms
  IOPS: 6985.135690
  out throughput: 27.285686MB/s
client21Conn0@21(depth=512):
  connect time: 0.001419s
  messages received: 421055
  messaging time: 60.070055s
  latency: 72.488462ms
  IOPS: 7009.399240
  out throughput: 27.380466MB/s
client21Conn1@21(depth=512):
  connect time: 0.001344s
  messages received: 444897
  messaging time: 60.070073s
  latency: 68.600489ms
  IOPS: 7406.300296
  out throughput: 28.930861MB/s
client22Conn0@22(depth=512):
  connect time: 0.001910s
  messages received: 470918
  messaging time: 60.069774s
  latency: 64.682505ms
  IOPS: 7839.516717
  out throughput: 30.623112MB/s
client22Conn1@22(depth=512):
  connect time: 0.001699s
  messages received: 445735
  messaging time: 60.070331s
  latency: 68.502365ms
  IOPS: 7420.218770
  out throughput: 28.985230MB/s
client23Conn0@23(depth=512):
  connect time: 0.001434s
  messages received: 420981
  messaging time: 60.069263s
  latency: 72.471844ms
  IOPS: 7008.259753
  out throughput: 27.376015MB/s
client23Conn1@23(depth=512):
  connect time: 0.001496s
  messages received: 465512
  messaging time: 60.069274s
  latency: 65.492481ms
  IOPS: 7749.585890
  out throughput: 30.271820MB/s
client24Conn0@24(depth=512):
  connect time: 0.001958s
  messages received: 446876
  messaging time: 60.069629s
  latency: 68.369378ms
  IOPS: 7439.300118
  out throughput: 29.059766MB/s
client24Conn1@24(depth=512):
  connect time: 0.001661s
  messages received: 468671
  messaging time: 60.069671s
  latency: 64.986631ms
  IOPS: 7802.123683
  out throughput: 30.477046MB/s
client25Conn0@25(depth=512):
  connect time: 0.001780s
  messages received: 445578
  messaging time: 60.069959s
  latency: 68.491644ms
  IOPS: 7417.651195
  out throughput: 28.975200MB/s
client25Conn1@25(depth=512):
  connect time: 0.001336s
  messages received: 469148
  messaging time: 60.069977s
  latency: 64.980138ms
  IOPS: 7810.024607
  out throughput: 30.507909MB/s
client26Conn0@26(depth=512):
  connect time: 0.001676s
  messages received: 444994
  messaging time: 60.070005s
  latency: 68.426381ms
  IOPS: 7407.923451
  out throughput: 28.937201MB/s
client26Conn1@26(depth=512):
  connect time: 0.001613s
  messages received: 467971
  messaging time: 60.070293s
  latency: 65.139984ms
  IOPS: 7790.389872
  out throughput: 30.431210MB/s
client27Conn0@27(depth=512):
  connect time: 0.001215s
  messages received: 447744
  messaging time: 60.069248s
  latency: 68.142021ms
  IOPS: 7453.797299
  out throughput: 29.116396MB/s
client27Conn1@27(depth=512):
  connect time: 0.001222s
  messages received: 471086
  messaging time: 60.069531s
  latency: 64.553813ms
  IOPS: 7842.345187
  out throughput: 30.634161MB/s

per client:
client0(depth=1024):
  connect time: 0.001435s
  messages received: 868479
  messaging time: 60.068837s
  latency: 70.310795ms
  IOPS: 14458.062689
  out throughput: 56.476807MB/s
client1(depth=1024):
  connect time: 0.001662s
  messages received: 933109
  messaging time: 60.068387s
  latency: 65.340369ms
  IOPS: 15534.111275
  out throughput: 60.680122MB/s
client2(depth=1024):
  connect time: 0.001409s
  messages received: 939570
  messaging time: 60.068307s
  latency: 64.939909ms
  IOPS: 15641.692640
  out throughput: 61.100362MB/s
client3(depth=1024):
  connect time: 0.001534s
  messages received: 867908
  messaging time: 60.069115s
  latency: 70.363041ms
  IOPS: 14448.489273
  out throughput: 56.439411MB/s
client4(depth=1024):
  connect time: 0.001347s
  messages received: 915101
  messaging time: 60.069901s
  latency: 66.647640ms
  IOPS: 15233.935727
  out throughput: 59.507561MB/s
client5(depth=1024):
  connect time: 0.001693s
  messages received: 889885
  messaging time: 60.070100s
  latency: 68.772951ms
  IOPS: 14814.114690
  out throughput: 57.867636MB/s
client6(depth=1024):
  connect time: 0.001647s
  messages received: 890991
  messaging time: 60.069586s
  latency: 68.511321ms
  IOPS: 14832.647713
  out throughput: 57.940030MB/s
client7(depth=1024):
  connect time: 0.001568s
  messages received: 843469
  messaging time: 60.069425s
  latency: 72.365645ms
  IOPS: 14041.569301
  out throughput: 54.849880MB/s
client8(depth=1024):
  connect time: 0.001254s
  messages received: 915321
  messaging time: 60.068878s
  latency: 66.688978ms
  IOPS: 15237.857914
  out throughput: 59.522882MB/s
client9(depth=1024):
  connect time: 0.001909s
  messages received: 867026
  messaging time: 60.069623s
  latency: 70.424431ms
  IOPS: 14433.685146
  out throughput: 56.381583MB/s
client10(depth=1024):
  connect time: 0.001105s
  messages received: 841507
  messaging time: 60.070663s
  latency: 72.538140ms
  IOPS: 14008.618365
  out throughput: 54.721165MB/s
client11(depth=1024):
  connect time: 0.001814s
  messages received: 888415
  messaging time: 60.069515s
  latency: 68.832801ms
  IOPS: 14789.781460
  out throughput: 57.772584MB/s
client12(depth=1024):
  connect time: 0.001665s
  messages received: 840058
  messaging time: 60.069394s
  latency: 72.635089ms
  IOPS: 13984.792465
  out throughput: 54.628096MB/s
client13(depth=1024):
  connect time: 0.001477s
  messages received: 915937
  messaging time: 60.070101s
  latency: 66.621994ms
  IOPS: 15247.803817
  out throughput: 59.561734MB/s
client14(depth=1024):
  connect time: 0.001859s
  messages received: 918039
  messaging time: 60.069706s
  latency: 66.426039ms
  IOPS: 15282.895541
  out throughput: 59.698811MB/s
client15(depth=1024):
  connect time: 0.001516s
  messages received: 895257
  messaging time: 60.068949s
  latency: 68.132828ms
  IOPS: 14903.823150
  out throughput: 58.218059MB/s
client16(depth=1024):
  connect time: 0.001732s
  messages received: 891605
  messaging time: 60.069256s
  latency: 68.650947ms
  IOPS: 14842.947489
  out throughput: 57.980264MB/s
client17(depth=1024):
  connect time: 0.001171s
  messages received: 864955
  messaging time: 60.069725s
  latency: 70.576082ms
  IOPS: 14399.183630
  out throughput: 56.246811MB/s
client18(depth=1024):
  connect time: 0.001893s
  messages received: 886310
  messaging time: 60.069291s
  latency: 69.114453ms
  IOPS: 14754.794987
  out throughput: 57.635918MB/s
client19(depth=1024):
  connect time: 0.001869s
  messages received: 863262
  messaging time: 60.069039s
  latency: 70.703936ms
  IOPS: 14371.162531
  out throughput: 56.137354MB/s
client20(depth=1024):
  connect time: 0.001478s
  messages received: 838281
  messaging time: 60.069693s
  latency: 72.778912ms
  IOPS: 13955.140435
  out throughput: 54.512267MB/s
client21(depth=1024):
  connect time: 0.001381s
  messages received: 865952
  messaging time: 60.070064s
  latency: 70.544475ms
  IOPS: 14415.699535
  out throughput: 56.311326MB/s
client22(depth=1024):
  connect time: 0.001804s
  messages received: 916653
  messaging time: 60.070053s
  latency: 66.592435ms
  IOPS: 15259.735487
  out throughput: 59.608342MB/s
client23(depth=1024):
  connect time: 0.001465s
  messages received: 886493
  messaging time: 60.069269s
  latency: 68.982162ms
  IOPS: 14757.845642
  out throughput: 57.647835MB/s
client24(depth=1024):
  connect time: 0.001810s
  messages received: 915547
  messaging time: 60.069650s
  latency: 66.678005ms
  IOPS: 15241.423800
  out throughput: 59.536812MB/s
client25(depth=1024):
  connect time: 0.001558s
  messages received: 914726
  messaging time: 60.069968s
  latency: 66.735891ms
  IOPS: 15227.675802
  out throughput: 59.483109MB/s
client26(depth=1024):
  connect time: 0.001644s
  messages received: 912965
  messaging time: 60.070149s
  latency: 66.783182ms
  IOPS: 15198.313323
  out throughput: 59.368411MB/s
client27(depth=1024):
  connect time: 0.001219s
  messages received: 918830
  messaging time: 60.069390s
  latency: 66.347917ms
  IOPS: 15296.142486
  out throughput: 59.750557MB/s

all(depth=28672):
  connect time: 0.001568s
  messages received: 24905651
  messaging time: 60.069501s
  latency: 68.715727ms
  IOPS: 414613.946313
  out throughput: 1619.585728MB/s
