                  nvme7n1p2  nvme1n1p2  ...  nvme3n1p2  nvme8n1p2
reads_completed           0          0  ...          0          0
writes_completed          0          0  ...          0          0

[2 rows x 10 columns]
               nvme7n1p2  nvme1n1p2  nvme2n1p2  ...  nvme9n1p2  nvme3n1p2  nvme8n1p2
read_time_ms           0          0          0  ...    1528194          0          0
write_time_ms          0          0          0  ...          5          0          0

[2 rows x 10 columns]
                  nvme7n1p2  nvme1n1p2  ...  nvme3n1p2  nvme8n1p2
reads_completed           0          0  ...          0          0
writes_completed          0          0  ...          0          0

[2 rows x 10 columns]
               nvme7n1p2  nvme1n1p2  nvme2n1p2  ...  nvme9n1p2  nvme3n1p2  nvme8n1p2
read_time_ms           0          0          0  ...    1551531          0          0
write_time_ms          0          0          0  ...          5          0          0

[2 rows x 10 columns]
                  nvme7n1p2  nvme1n1p2  ...  nvme3n1p2  nvme8n1p2
reads_completed           0          0  ...          0          0
writes_completed          0          0  ...          0          0

[2 rows x 10 columns]
               nvme7n1p2  nvme1n1p2  nvme2n1p2  ...  nvme9n1p2  nvme3n1p2  nvme8n1p2
read_time_ms           0          0          0  ...    1553011          0          0
write_time_ms          0          0          0  ...          7          0          0

[2 rows x 10 columns]
                  nvme7n1p2  nvme1n1p2  ...  nvme3n1p2  nvme8n1p2
reads_completed           0          0  ...          0          0
writes_completed          0          0  ...          0          0

[2 rows x 10 columns]
               nvme7n1p2  nvme1n1p2  nvme2n1p2  ...  nvme9n1p2  nvme3n1p2  nvme8n1p2
read_time_ms           0          0          0  ...    1658598          0          0
write_time_ms          0          0          0  ...          6          0          0

[2 rows x 10 columns]
                  nvme7n1p2  nvme1n1p2  ...  nvme3n1p2  nvme8n1p2
reads_completed           0          0  ...          0          0
writes_completed          0          0  ...          0          0

[2 rows x 10 columns]
               nvme7n1p2  nvme1n1p2  nvme2n1p2  ...  nvme9n1p2  nvme3n1p2  nvme8n1p2
read_time_ms           0          0          0  ...    1717542          0          0
write_time_ms          0          0          0  ...          8          0          0

[2 rows x 10 columns]
                  nvme7n1p2  nvme1n1p2  ...  nvme3n1p2  nvme8n1p2
reads_completed           0          0  ...          0          0
writes_completed          0          0  ...          0          0

[2 rows x 10 columns]
               nvme7n1p2  nvme1n1p2  nvme2n1p2  ...  nvme9n1p2  nvme3n1p2  nvme8n1p2
read_time_ms           0          0          0  ...    1625709          0          0
write_time_ms          0          0          0  ...          7          0          0

[2 rows x 10 columns]
                  nvme7n1p2  nvme1n1p2  ...  nvme3n1p2  nvme8n1p2
reads_completed           0          0  ...          0          0
writes_completed          0          0  ...          0          0

[2 rows x 10 columns]
               nvme7n1p2  nvme1n1p2  nvme2n1p2  ...  nvme9n1p2  nvme3n1p2  nvme8n1p2
read_time_ms           0          0          0  ...    1525440          0          0
write_time_ms          0          0          0  ...          6          0          0

[2 rows x 10 columns]
                  nvme7n1p2  nvme1n1p2  ...  nvme3n1p2  nvme8n1p2
reads_completed           0          0  ...          0          0
writes_completed          0          0  ...          0          0

[2 rows x 10 columns]
               nvme7n1p2  nvme1n1p2  nvme2n1p2  ...  nvme9n1p2  nvme3n1p2  nvme8n1p2
read_time_ms           0          0          0  ...    1386509          0          0
write_time_ms          0          0          0  ...          4          0          0

[2 rows x 10 columns]
                  nvme7n1p2  nvme1n1p2  ...  nvme3n1p2  nvme8n1p2
reads_completed           0          0  ...          0          0
writes_completed          0          0  ...          0          0

[2 rows x 10 columns]
               nvme7n1p2  nvme1n1p2  nvme2n1p2  ...  nvme9n1p2  nvme3n1p2  nvme8n1p2
read_time_ms           0          0          0  ...    1387908          0          0
write_time_ms          0          0          0  ...          6          0          0

[2 rows x 10 columns]
                  nvme7n1p2  nvme1n1p2  ...  nvme3n1p2  nvme8n1p2
reads_completed           0          0  ...          0          0
writes_completed          0          0  ...          0          0

[2 rows x 10 columns]
               nvme7n1p2  nvme1n1p2  nvme2n1p2  ...  nvme9n1p2  nvme3n1p2  nvme8n1p2
read_time_ms           0          0          0  ...    1356218          0          0
write_time_ms          0          0          0  ...          3          0          0

[2 rows x 10 columns]
                  nvme7n1p2  nvme1n1p2  ...  nvme3n1p2  nvme8n1p2
reads_completed           0          0  ...          0          0
writes_completed          0          0  ...          0          0

[2 rows x 10 columns]
               nvme7n1p2  nvme1n1p2  nvme2n1p2  ...  nvme9n1p2  nvme3n1p2  nvme8n1p2
read_time_ms           0          0          0  ...    1411492          0          0
write_time_ms          0          0          0  ...          5          0          0

[2 rows x 10 columns]
                  nvme7n1p2  nvme1n1p2  ...  nvme3n1p2  nvme8n1p2
reads_completed           0          0  ...          0          0
writes_completed          0          0  ...          0          0

[2 rows x 10 columns]
               nvme7n1p2  nvme1n1p2  nvme2n1p2  ...  nvme9n1p2  nvme3n1p2  nvme8n1p2
read_time_ms           0          0          0  ...    1398533          0          0
write_time_ms          0          0          0  ...          4          0          0

[2 rows x 10 columns]
                  nvme7n1p2  nvme1n1p2  ...  nvme3n1p2  nvme8n1p2
reads_completed           0          0  ...          0          0
writes_completed          0          0  ...          0          0

[2 rows x 10 columns]
               nvme7n1p2  nvme1n1p2  nvme2n1p2  ...  nvme9n1p2  nvme3n1p2  nvme8n1p2
read_time_ms           0          0          0  ...    1426460          0          0
write_time_ms          0          0          0  ...          3          0          0

[2 rows x 10 columns]
                  nvme7n1p2  nvme1n1p2  ...  nvme3n1p2  nvme8n1p2
reads_completed           0          0  ...          0          0
writes_completed          0          0  ...          0          0

[2 rows x 10 columns]
               nvme7n1p2  nvme1n1p2  nvme2n1p2  ...  nvme9n1p2  nvme3n1p2  nvme8n1p2
read_time_ms           0          0          0  ...    1424546          0          0
write_time_ms          0          0          0  ...          4          0          0

[2 rows x 10 columns]
                  nvme7n1p2  nvme1n1p2  ...  nvme3n1p2  nvme8n1p2
reads_completed           0          0  ...          0          0
writes_completed          0          0  ...          0          0

[2 rows x 10 columns]
               nvme7n1p2  nvme1n1p2  nvme2n1p2  ...  nvme9n1p2  nvme3n1p2  nvme8n1p2
read_time_ms           0          0          0  ...    1445792          0          0
write_time_ms          0          0          0  ...          3          0          0

[2 rows x 10 columns]
                  nvme7n1p2  nvme1n1p2  ...  nvme3n1p2  nvme8n1p2
reads_completed           0          0  ...          0          0
writes_completed          0          0  ...          0          0

[2 rows x 10 columns]
               nvme7n1p2  nvme1n1p2  nvme2n1p2  ...  nvme9n1p2  nvme3n1p2  nvme8n1p2
read_time_ms           0          0          0  ...    1433766          0          0
write_time_ms          0          0          0  ...          3          0          0

[2 rows x 10 columns]
                  nvme7n1p2  nvme1n1p2  ...  nvme3n1p2  nvme8n1p2
reads_completed           0          0  ...          0          0
writes_completed          0          0  ...          0          0

[2 rows x 10 columns]
               nvme7n1p2  nvme1n1p2  nvme2n1p2  ...  nvme9n1p2  nvme3n1p2  nvme8n1p2
read_time_ms           0          0          0  ...    1321225          0          0
write_time_ms          0          0          0  ...          2          0          0

[2 rows x 10 columns]
                  nvme7n1p2  nvme1n1p2  ...  nvme3n1p2  nvme8n1p2
reads_completed           0          0  ...          0          0
writes_completed          0          0  ...          0          0

[2 rows x 10 columns]
               nvme7n1p2  nvme1n1p2  nvme2n1p2  ...  nvme9n1p2  nvme3n1p2  nvme8n1p2
read_time_ms           0          0          0  ...    1190452          0          0
write_time_ms          0          0          0  ...          2          0          0

[2 rows x 10 columns]
                  nvme7n1p2  nvme1n1p2  ...  nvme3n1p2  nvme8n1p2
reads_completed           0          0  ...          0          0
writes_completed          0          0  ...          0          0

[2 rows x 10 columns]
               nvme7n1p2  nvme1n1p2  nvme2n1p2  ...  nvme9n1p2  nvme3n1p2  nvme8n1p2
read_time_ms           0          0          0  ...    1211030          0          0
write_time_ms          0          0          0  ...          2          0          0

[2 rows x 10 columns]
                  nvme7n1p2  nvme1n1p2  ...  nvme3n1p2  nvme8n1p2
reads_completed           0          0  ...          0          0
writes_completed          0          0  ...          0          0

[2 rows x 10 columns]
               nvme7n1p2  nvme1n1p2  nvme2n1p2  ...  nvme9n1p2  nvme3n1p2  nvme8n1p2
read_time_ms           0          0          0  ...    1215020          0          0
write_time_ms          0          0          0  ...          2          0          0

[2 rows x 10 columns]
                  nvme7n1p2  nvme1n1p2  ...  nvme3n1p2  nvme8n1p2
reads_completed           0          0  ...          0          0
writes_completed          0          0  ...          0          0

[2 rows x 10 columns]
               nvme7n1p2  nvme1n1p2  nvme2n1p2  ...  nvme9n1p2  nvme3n1p2  nvme8n1p2
read_time_ms           0          0          0  ...     182237          0          0
write_time_ms          0          0          0  ...          2          0          0

[2 rows x 10 columns]
                  nvme7n1p2  nvme1n1p2  ...  nvme3n1p2  nvme8n1p2
reads_completed           0          0  ...          0          0
writes_completed          0          0  ...          0          0

[2 rows x 10 columns]
               nvme7n1p2  nvme1n1p2  nvme2n1p2  ...  nvme9n1p2  nvme3n1p2  nvme8n1p2
read_time_ms           0          0          0  ...    1168382          0          0
write_time_ms          0          0          0  ...          2          0          0

[2 rows x 10 columns]
                  nvme7n1p2  nvme1n1p2  ...  nvme3n1p2  nvme8n1p2
reads_completed           0          0  ...          0          0
writes_completed          0          0  ...          0          0

[2 rows x 10 columns]
               nvme7n1p2  nvme1n1p2  nvme2n1p2  ...  nvme9n1p2  nvme3n1p2  nvme8n1p2
read_time_ms           0          0          0  ...    1200003          0          0
write_time_ms          0          0          0  ...          2          0          0

[2 rows x 10 columns]
                  nvme7n1p2  nvme1n1p2  ...  nvme3n1p2  nvme8n1p2
reads_completed           0          0  ...          0          0
writes_completed          0          0  ...          0          0

[2 rows x 10 columns]
               nvme7n1p2  nvme1n1p2  nvme2n1p2  ...  nvme9n1p2  nvme3n1p2  nvme8n1p2
read_time_ms           0          0          0  ...     356167          0          0
write_time_ms          0          0          0  ...          2          0          0

[2 rows x 10 columns]
                  nvme7n1p2  nvme1n1p2  ...  nvme3n1p2  nvme8n1p2
reads_completed           0          0  ...          0          0
writes_completed          0          0  ...          0          0

[2 rows x 10 columns]
               nvme7n1p2  nvme1n1p2  nvme2n1p2  ...  nvme9n1p2  nvme3n1p2  nvme8n1p2
read_time_ms           0          0          0  ...     163363          0          0
write_time_ms          0          0          0  ...          2          0          0

[2 rows x 10 columns]
                  nvme7n1p2  nvme1n1p2  ...  nvme3n1p2  nvme8n1p2
reads_completed           0          0  ...          0          0
writes_completed          0          0  ...          0          0

[2 rows x 10 columns]
               nvme7n1p2  nvme1n1p2  nvme2n1p2  ...  nvme9n1p2  nvme3n1p2  nvme8n1p2
read_time_ms           0          0          0  ...    1217922          0          0
write_time_ms          0          0          0  ...          3          0          0

[2 rows x 10 columns]
