['fio_sea_1osd_4reactor_32fio_bal_osd_rc_1job_1io_64k_seqread_p0.json', 'fio_sea_1osd_4reactor_32fio_bal_osd_rc_1job_2io_64k_seqread_p0.json', 'fio_sea_1osd_4reactor_32fio_bal_osd_rc_1job_4io_64k_seqread_p0.json', 'fio_sea_1osd_4reactor_32fio_bal_osd_rc_1job_4io_64k_seqread_p0.json', 'fio_sea_1osd_4reactor_32fio_bal_osd_rc_1job_4io_64k_seqread_p0.json', 'fio_sea_1osd_4reactor_32fio_bal_osd_rc_1job_8io_64k_seqread_p0.json', 'fio_sea_1osd_4reactor_32fio_bal_osd_rc_1job_8io_64k_seqread_p0.json', 'fio_sea_1osd_4reactor_32fio_bal_osd_rc_1job_8io_64k_seqread_p0.json', 'fio_sea_1osd_4reactor_32fio_bal_osd_rc_1job_16io_64k_seqread_p0.json', 'fio_sea_1osd_4reactor_32fio_bal_osd_rc_1job_16io_64k_seqread_p0.json', 'fio_sea_1osd_4reactor_32fio_bal_osd_rc_1job_16io_64k_seqread_p0.json', 'fio_sea_1osd_4reactor_32fio_bal_osd_rc_1job_24io_64k_seqread_p0.json', 'fio_sea_1osd_4reactor_32fio_bal_osd_rc_1job_24io_64k_seqread_p0.json', 'fio_sea_1osd_4reactor_32fio_bal_osd_rc_1job_24io_64k_seqread_p0.json', 'fio_sea_1osd_4reactor_32fio_bal_osd_rc_1job_32io_64k_seqread_p0.json', 'fio_sea_1osd_4reactor_32fio_bal_osd_rc_1job_32io_64k_seqread_p0.json', 'fio_sea_1osd_4reactor_32fio_bal_osd_rc_1job_32io_64k_seqread_p0.json', 'fio_sea_1osd_4reactor_32fio_bal_osd_rc_1job_40io_64k_seqread_p0.json', 'fio_sea_1osd_4reactor_32fio_bal_osd_rc_1job_40io_64k_seqread_p0.json', 'fio_sea_1osd_4reactor_32fio_bal_osd_rc_1job_40io_64k_seqread_p0.json', 'fio_sea_1osd_4reactor_32fio_bal_osd_rc_1job_52io_64k_seqread_p0.json', 'fio_sea_1osd_4reactor_32fio_bal_osd_rc_1job_52io_64k_seqread_p0.json', 'fio_sea_1osd_4reactor_32fio_bal_osd_rc_1job_52io_64k_seqread_p0.json', 'fio_sea_1osd_4reactor_32fio_bal_osd_rc_1job_64io_64k_seqread_p0.json', 'fio_sea_1osd_4reactor_32fio_bal_osd_rc_1job_64io_64k_seqread_p0.json', 'fio_sea_1osd_4reactor_32fio_bal_osd_rc_1job_64io_64k_seqread_p0.json']
loading 26 .json files ...
Num jobs: 1
== fio_sea_1osd_4reactor_32fio_bal_osd_rc_1job_1io_64k_seqread_p0.json ==
{'bw': 354.408,
 'clat_ms': 5.765659644058,
 'clat_stdev': 3.8031277216770003,
 'iodepth': '1',
 'jobname': 'read',
 'sys_cpu': 0.208363,
 'timestamp': '1750783039',
 'total_ios': 1661336,
 'usr_cpu': 0.287102}
Num jobs: 1
== fio_sea_1osd_4reactor_32fio_bal_osd_rc_1job_2io_64k_seqread_p0.json ==
{'bw': 362.461,
 'clat_ms': 11.288272276418,
 'clat_stdev': 8.710252325473,
 'iodepth': '2',
 'jobname': 'read',
 'sys_cpu': 0.200973,
 'timestamp': '1750783371',
 'total_ios': 1699124,
 'usr_cpu': 0.272346}
Num jobs: 1
== fio_sea_1osd_4reactor_32fio_bal_osd_rc_1job_4io_64k_seqread_p0.json ==
{'bw': 357.87,
 'clat_ms': 22.878747427242,
 'clat_stdev': 18.533189561013,
 'iodepth': '4',
 'jobname': 'read',
 'sys_cpu': 0.201278,
 'timestamp': '1750784369',
 'total_ios': 1677657,
 'usr_cpu': 0.264482}
Num jobs: 1
== fio_sea_1osd_4reactor_32fio_bal_osd_rc_1job_4io_64k_seqread_p0.json ==
{'bw': 357.87,
 'clat_ms': 22.878747427242,
 'clat_stdev': 18.533189561013,
 'iodepth': '4',
 'jobname': 'read',
 'sys_cpu': 0.201278,
 'timestamp': '1750784369',
 'total_ios': 1677657,
 'usr_cpu': 0.264482}
Num jobs: 1
== fio_sea_1osd_4reactor_32fio_bal_osd_rc_1job_4io_64k_seqread_p0.json ==
{'bw': 357.87,
 'clat_ms': 22.878747427242,
 'clat_stdev': 18.533189561013,
 'iodepth': '4',
 'jobname': 'read',
 'sys_cpu': 0.201278,
 'timestamp': '1750784369',
 'total_ios': 1677657,
 'usr_cpu': 0.264482}
Num jobs: 1
== fio_sea_1osd_4reactor_32fio_bal_osd_rc_1job_8io_64k_seqread_p0.json ==
{'bw': 360.582,
 'clat_ms': 45.426205687084,
 'clat_stdev': 41.543677580358,
 'iodepth': '8',
 'jobname': 'read',
 'sys_cpu': 0.199255,
 'timestamp': '1750785366',
 'total_ios': 1690414,
 'usr_cpu': 0.25657}
Num jobs: 1
== fio_sea_1osd_4reactor_32fio_bal_osd_rc_1job_8io_64k_seqread_p0.json ==
{'bw': 360.582,
 'clat_ms': 45.426205687084,
 'clat_stdev': 41.543677580358,
 'iodepth': '8',
 'jobname': 'read',
 'sys_cpu': 0.199255,
 'timestamp': '1750785366',
 'total_ios': 1690414,
 'usr_cpu': 0.25657}
Num jobs: 1
== fio_sea_1osd_4reactor_32fio_bal_osd_rc_1job_8io_64k_seqread_p0.json ==
{'bw': 360.582,
 'clat_ms': 45.426205687084,
 'clat_stdev': 41.543677580358,
 'iodepth': '8',
 'jobname': 'read',
 'sys_cpu': 0.199255,
 'timestamp': '1750785366',
 'total_ios': 1690414,
 'usr_cpu': 0.25657}
Num jobs: 1
== fio_sea_1osd_4reactor_32fio_bal_osd_rc_1job_16io_64k_seqread_p0.json ==
{'bw': 357.952,
 'clat_ms': 84.422945221912,
 'clat_stdev': 91.82348674727,
 'iodepth': '16',
 'jobname': 'read',
 'sys_cpu': 0.210309,
 'timestamp': '1750786363',
 'total_ios': 1678317,
 'usr_cpu': 0.270961}
Num jobs: 1
== fio_sea_1osd_4reactor_32fio_bal_osd_rc_1job_16io_64k_seqread_p0.json ==
{'bw': 357.952,
 'clat_ms': 84.422945221912,
 'clat_stdev': 91.82348674727,
 'iodepth': '16',
 'jobname': 'read',
 'sys_cpu': 0.210309,
 'timestamp': '1750786363',
 'total_ios': 1678317,
 'usr_cpu': 0.270961}
Num jobs: 1
== fio_sea_1osd_4reactor_32fio_bal_osd_rc_1job_16io_64k_seqread_p0.json ==
{'bw': 357.952,
 'clat_ms': 84.422945221912,
 'clat_stdev': 91.82348674727,
 'iodepth': '16',
 'jobname': 'read',
 'sys_cpu': 0.210309,
 'timestamp': '1750786363',
 'total_ios': 1678317,
 'usr_cpu': 0.270961}
Num jobs: 1
== fio_sea_1osd_4reactor_32fio_bal_osd_rc_1job_24io_64k_seqread_p0.json ==
{'bw': 376.897,
 'clat_ms': 94.345265642316,
 'clat_stdev': 100.34622263092301,
 'iodepth': '24',
 'jobname': 'read',
 'sys_cpu': 0.277217,
 'timestamp': '1750787362',
 'total_ios': 1767365,
 'usr_cpu': 0.342998}
Num jobs: 1
== fio_sea_1osd_4reactor_32fio_bal_osd_rc_1job_24io_64k_seqread_p0.json ==
{'bw': 376.897,
 'clat_ms': 94.345265642316,
 'clat_stdev': 100.34622263092301,
 'iodepth': '24',
 'jobname': 'read',
 'sys_cpu': 0.277217,
 'timestamp': '1750787362',
 'total_ios': 1767365,
 'usr_cpu': 0.342998}
Num jobs: 1
== fio_sea_1osd_4reactor_32fio_bal_osd_rc_1job_24io_64k_seqread_p0.json ==
{'bw': 376.897,
 'clat_ms': 94.345265642316,
 'clat_stdev': 100.34622263092301,
 'iodepth': '24',
 'jobname': 'read',
 'sys_cpu': 0.277217,
 'timestamp': '1750787362',
 'total_ios': 1767365,
 'usr_cpu': 0.342998}
Num jobs: 1
== fio_sea_1osd_4reactor_32fio_bal_osd_rc_1job_32io_64k_seqread_p0.json ==
{'bw': 365.055,
 'clat_ms': 74.547017704952,
 'clat_stdev': 85.937390674286,
 'iodepth': '32',
 'jobname': 'read',
 'sys_cpu': 0.463124,
 'timestamp': '1750788360',
 'total_ios': 1711152,
 'usr_cpu': 0.547936}
Num jobs: 1
== fio_sea_1osd_4reactor_32fio_bal_osd_rc_1job_32io_64k_seqread_p0.json ==
{'bw': 365.055,
 'clat_ms': 74.547017704952,
 'clat_stdev': 85.937390674286,
 'iodepth': '32',
 'jobname': 'read',
 'sys_cpu': 0.463124,
 'timestamp': '1750788360',
 'total_ios': 1711152,
 'usr_cpu': 0.547936}
Num jobs: 1
== fio_sea_1osd_4reactor_32fio_bal_osd_rc_1job_32io_64k_seqread_p0.json ==
{'bw': 365.055,
 'clat_ms': 74.547017704952,
 'clat_stdev': 85.937390674286,
 'iodepth': '32',
 'jobname': 'read',
 'sys_cpu': 0.463124,
 'timestamp': '1750788360',
 'total_ios': 1711152,
 'usr_cpu': 0.547936}
Num jobs: 1
== fio_sea_1osd_4reactor_32fio_bal_osd_rc_1job_40io_64k_seqread_p0.json ==
{'bw': 373.396,
 'clat_ms': 48.956144284973,
 'clat_stdev': 58.155064959083994,
 'iodepth': '40',
 'jobname': 'read',
 'sys_cpu': 0.732135,
 'timestamp': '1750789357',
 'total_ios': 1749566,
 'usr_cpu': 0.769109}
Num jobs: 1
== fio_sea_1osd_4reactor_32fio_bal_osd_rc_1job_40io_64k_seqread_p0.json ==
{'bw': 373.396,
 'clat_ms': 48.956144284973,
 'clat_stdev': 58.155064959083994,
 'iodepth': '40',
 'jobname': 'read',
 'sys_cpu': 0.732135,
 'timestamp': '1750789357',
 'total_ios': 1749566,
 'usr_cpu': 0.769109}
Num jobs: 1
== fio_sea_1osd_4reactor_32fio_bal_osd_rc_1job_40io_64k_seqread_p0.json ==
{'bw': 373.396,
 'clat_ms': 48.956144284973,
 'clat_stdev': 58.155064959083994,
 'iodepth': '40',
 'jobname': 'read',
 'sys_cpu': 0.732135,
 'timestamp': '1750789357',
 'total_ios': 1749566,
 'usr_cpu': 0.769109}
Num jobs: 1
== fio_sea_1osd_4reactor_32fio_bal_osd_rc_1job_52io_64k_seqread_p0.json ==
{'bw': 376.596,
 'clat_ms': 54.617305882903004,
 'clat_stdev': 67.04206893002,
 'iodepth': '52',
 'jobname': 'read',
 'sys_cpu': 0.841901,
 'timestamp': '1750790354',
 'total_ios': 1764209,
 'usr_cpu': 0.840543}
Num jobs: 1
== fio_sea_1osd_4reactor_32fio_bal_osd_rc_1job_52io_64k_seqread_p0.json ==
{'bw': 376.596,
 'clat_ms': 54.617305882903004,
 'clat_stdev': 67.04206893002,
 'iodepth': '52',
 'jobname': 'read',
 'sys_cpu': 0.841901,
 'timestamp': '1750790354',
 'total_ios': 1764209,
 'usr_cpu': 0.840543}
Num jobs: 1
== fio_sea_1osd_4reactor_32fio_bal_osd_rc_1job_52io_64k_seqread_p0.json ==
{'bw': 376.596,
 'clat_ms': 54.617305882903004,
 'clat_stdev': 67.04206893002,
 'iodepth': '52',
 'jobname': 'read',
 'sys_cpu': 0.841901,
 'timestamp': '1750790354',
 'total_ios': 1764209,
 'usr_cpu': 0.840543}
Num jobs: 1
== fio_sea_1osd_4reactor_32fio_bal_osd_rc_1job_64io_64k_seqread_p0.json ==
{'bw': 383.628,
 'clat_ms': 55.242286132398,
 'clat_stdev': 77.108867871662,
 'iodepth': '64',
 'jobname': 'read',
 'sys_cpu': 0.986325,
 'timestamp': '1750791352',
 'total_ios': 1797075,
 'usr_cpu': 1.01513}
Num jobs: 1
== fio_sea_1osd_4reactor_32fio_bal_osd_rc_1job_64io_64k_seqread_p0.json ==
{'bw': 383.628,
 'clat_ms': 55.242286132398,
 'clat_stdev': 77.108867871662,
 'iodepth': '64',
 'jobname': 'read',
 'sys_cpu': 0.986325,
 'timestamp': '1750791352',
 'total_ios': 1797075,
 'usr_cpu': 1.01513}
Num jobs: 1
== fio_sea_1osd_4reactor_32fio_bal_osd_rc_1job_64io_64k_seqread_p0.json ==
{'bw': 383.628,
 'clat_ms': 55.242286132398,
 'clat_stdev': 77.108867871662,
 'iodepth': '64',
 'jobname': 'read',
 'sys_cpu': 0.986325,
 'timestamp': '1750791352',
 'total_ios': 1797075,
 'usr_cpu': 1.01513}
Note: clat_ns has been converted to milliseconds
Note: bw has been converted to MiBs
 avg_cpu list has: 1 items
Table (after aggregating OSD CPU avg data):
{'OSD_cpu': [366.57666666666626,
             380.83333333333303,
             381.7399999999998,
             381.9733333333331,
             382.3666666666667,
             381.913333333333,
             381.3233333333334,
             381.15333333333314,
             380.1266666666667,
             379.33666666666653,
             380.90999999999974,
             380.0499999999999,
             380.8433333333332,
             382.01999999999987,
             381.54333333333363,
             381.1800000000003,
             377.00666666666655,
             364.5033333333335,
             370.3099999999999,
             372.1700000000001,
             342.19666666666666,
             368.42999999999967,
             372.82666666666665,
             364.4933333333333,
             312.17333333333335,
             371.72000000000014],
 'OSD_mem': [57.833333333333336, 60.0,
             60.0, 60.0, 60.0, 60.0,
             60.0, 60.0, 60.0, 60.0,
             60.0, 60.0, 60.0, 60.0,
             60.0, 60.0, 60.0, 60.0,
             60.0, 60.0, 60.0, 60.0,
             60.0, 60.0, 60.0, 60.0],
 'bw': [354.408, 362.461, 357.87,
        360.582, 357.952, 376.897,
        365.055, 373.396, 376.596,
        383.628],
 'clat_ms': [5.765659644058,
             11.288272276418,
             22.878747427242,
             45.426205687084,
             84.422945221912,
             94.345265642316,
             74.547017704952,
             48.956144284973,
             54.617305882903004,
             55.242286132398],
 'clat_stdev': [3.8031277216770003,
                8.710252325473,
                18.533189561013,
                41.543677580358,
                91.82348674727,
                100.34622263092301,
                85.937390674286,
                58.155064959083994,
                67.04206893002,
                77.108867871662],
 'iodepth': ['1', '2', '4', '8', '16',
             '24', '32', '40', '52',
             '64'],
 'sys_cpu': [0.208363, 0.200973,
             0.201278, 0.199255,
             0.210309, 0.277217,
             0.463124, 0.732135,
             0.841901, 0.986325],
 'total_ios': [1661336, 1699124, 1677657,
               1690414, 1678317, 1767365,
               1711152, 1749566, 1764209,
               1797075],
 'usr_cpu': [0.287102, 0.272346,
             0.264482, 0.25657, 0.270961,
             0.342998, 0.547936,
             0.769109, 0.840543,
             1.01513]}
 avg_cpu list has: 1 items
Table (after aggregating FIO CPU avg data):
{'FIO_cpu': [127.05999999999997,
             128.66666666666634,
             127.55666666666615,
             128.3966666666668,
             128.6199999999998,
             126.91999999999948,
             126.91666666666687,
             126.21999999999996,
             123.5466666666667,
             124.11999999999976,
             123.33000000000003,
             142.39666666666662,
             124.75333333333316,
             127.71666666666674,
             130.92666666666665,
             130.22333333333316,
             115.97666666666642,
             99.34333333333338,
             100.7499999999998,
             100.94000000000003,
             95.17999999999992,
             91.0233333333333,
             97.12666666666668,
             99.45666666666679,
             88.30999999999995,
             95.13000000000002],
 'FIO_mem': [0.0, 0.0, 0.0, 0.0, 0.0,
             0.0, 0.0, 0.0,
             43.49999999999695,
             17.8133333333351,
             33.000000000005215,
             32.81333333333851,
             37.020000000002845,
             36.88000000000297,
             29.273333333337703,
             29.13333333333767,
             21.29333333333589,
             11.493333333333663,
             11.166666666666922,
             11.166666666666922,
             5.939999999999805,
             8.366666666666335,
             9.859999999999959,
             7.199999999999734,
             4.493333333333221,
             8.31999999999967],
 'OSD_cpu': [366.57666666666626,
             380.83333333333303,
             381.7399999999998,
             381.9733333333331,
             382.3666666666667,
             381.913333333333,
             381.3233333333334,
             381.15333333333314,
             380.1266666666667,
             379.33666666666653,
             380.90999999999974,
             380.0499999999999,
             380.8433333333332,
             382.01999999999987,
             381.54333333333363,
             381.1800000000003,
             377.00666666666655,
             364.5033333333335,
             370.3099999999999,
             372.1700000000001,
             342.19666666666666,
             368.42999999999967,
             372.82666666666665,
             364.4933333333333,
             312.17333333333335,
             371.72000000000014],
 'OSD_mem': [57.833333333333336, 60.0,
             60.0, 60.0, 60.0, 60.0,
             60.0, 60.0, 60.0, 60.0,
             60.0, 60.0, 60.0, 60.0,
             60.0, 60.0, 60.0, 60.0,
             60.0, 60.0, 60.0, 60.0,
             60.0, 60.0, 60.0, 60.0],
 'bw': [354.408, 362.461, 357.87,
        360.582, 357.952, 376.897,
        365.055, 373.396, 376.596,
        383.628],
 'clat_ms': [5.765659644058,
             11.288272276418,
             22.878747427242,
             45.426205687084,
             84.422945221912,
             94.345265642316,
             74.547017704952,
             48.956144284973,
             54.617305882903004,
             55.242286132398],
 'clat_stdev': [3.8031277216770003,
                8.710252325473,
                18.533189561013,
                41.543677580358,
                91.82348674727,
                100.34622263092301,
                85.937390674286,
                58.155064959083994,
                67.04206893002,
                77.108867871662],
 'iodepth': ['1', '2', '4', '8', '16',
             '24', '32', '40', '52',
             '64'],
 'sys_cpu': [0.208363, 0.200973,
             0.201278, 0.199255,
             0.210309, 0.277217,
             0.463124, 0.732135,
             0.841901, 0.986325],
 'total_ios': [1661336, 1699124, 1677657,
               1690414, 1678317, 1767365,
               1711152, 1749566, 1764209,
               1797075],
 'usr_cpu': [0.287102, 0.272346,
             0.264482, 0.25657, 0.270961,
             0.342998, 0.547936,
             0.769109, 0.840543,
             1.01513]}
 Wiki table: sea_1osd_4reactor_32fio_bal_osd_rc_1procs_seqread
{| class="wikitable"
|- 
 ! colspan="11"  | 
        sea_1osd_4reactor_32fio_bal_osd_rc_1procs_seqread
|-
! iodepth !! bw !! total_ios !! clat_ms !! clat_stdev !! usr_cpu !! sys_cpu !! OSD_cpu !! OSD_mem !! FIO_cpu !! FIO_mem
|-
 | 1  || 354.41  || 1661336.00  || 5.77  || 3.80  || 0.29  || 0.21  || 366.58  || 57.83  || 127.06  || 0.00 
|-
 | 2  || 362.46  || 1699124.00  || 11.29  || 8.71  || 0.27  || 0.20  || 380.83  || 60.00  || 128.67  || 0.00 
|-
 | 4  || 357.87  || 1677657.00  || 22.88  || 18.53  || 0.26  || 0.20  || 381.74  || 60.00  || 127.56  || 0.00 
|-
 | 8  || 360.58  || 1690414.00  || 45.43  || 41.54  || 0.26  || 0.20  || 381.97  || 60.00  || 128.40  || 0.00 
|-
 | 16  || 357.95  || 1678317.00  || 84.42  || 91.82  || 0.27  || 0.21  || 382.37  || 60.00  || 128.62  || 0.00 
|-
 | 24  || 376.90  || 1767365.00  || 94.35  || 100.35  || 0.34  || 0.28  || 381.91  || 60.00  || 126.92  || 0.00 
|-
 | 32  || 365.06  || 1711152.00  || 74.55  || 85.94  || 0.55  || 0.46  || 381.32  || 60.00  || 126.92  || 0.00 
|-
 | 40  || 373.40  || 1749566.00  || 48.96  || 58.16  || 0.77  || 0.73  || 381.15  || 60.00  || 126.22  || 0.00 
|-
 | 52  || 376.60  || 1764209.00  || 54.62  || 67.04  || 0.84  || 0.84  || 380.13  || 60.00  || 123.55  || 43.50 
|-
 | 64  || 383.63  || 1797075.00  || 55.24  || 77.11  || 1.02  || 0.99  || 379.34  || 60.00  || 124.12  || 17.81 
|-
|}


\begin{table}[h!]
\centering
\begin{tabular}[t]{*{11 }{|c|}}
\hline 
iodepth & bw & total\_ios & clat\_ms & clat\_stdev & usr\_cpu & sys\_cpu & OSD\_cpu & OSD\_mem & FIO\_cpu & FIO\_mem\\
\hline
1  & 354.41  & 1661336.00  & 5.77  & 3.80  & 0.29  & 0.21  & 366.58  & 57.83  & 127.06  & 0.00 \\
\hline
2  & 362.46  & 1699124.00  & 11.29  & 8.71  & 0.27  & 0.20  & 380.83  & 60.00  & 128.67  & 0.00 \\
\hline
4  & 357.87  & 1677657.00  & 22.88  & 18.53  & 0.26  & 0.20  & 381.74  & 60.00  & 127.56  & 0.00 \\
\hline
8  & 360.58  & 1690414.00  & 45.43  & 41.54  & 0.26  & 0.20  & 381.97  & 60.00  & 128.40  & 0.00 \\
\hline
16  & 357.95  & 1678317.00  & 84.42  & 91.82  & 0.27  & 0.21  & 382.37  & 60.00  & 128.62  & 0.00 \\
\hline
24  & 376.90  & 1767365.00  & 94.35  & 100.35  & 0.34  & 0.28  & 381.91  & 60.00  & 126.92  & 0.00 \\
\hline
32  & 365.06  & 1711152.00  & 74.55  & 85.94  & 0.55  & 0.46  & 381.32  & 60.00  & 126.92  & 0.00 \\
\hline
40  & 373.40  & 1749566.00  & 48.96  & 58.16  & 0.77  & 0.73  & 381.15  & 60.00  & 126.22  & 0.00 \\
\hline
52  & 376.60  & 1764209.00  & 54.62  & 67.04  & 0.84  & 0.84  & 380.13  & 60.00  & 123.55  & 43.50 \\
\hline
64  & 383.63  & 1797075.00  & 55.24  & 77.11  & 1.02  & 0.99  & 379.34  & 60.00  & 124.12  & 17.81 \\
\hline

\hline
\end{tabular}
\caption{Performance Throughput vs Latency vs CPU util: sea_1osd_4reactor_32fio_bal_osd_rc_1procs_seqread.}
\label{table:iops-lat-cpu-sea_1osd_4reactor_32fio_bal_osd_rc_1procs_seqread}
\end{table}

Done
