['fio_sea_1osd_16reactor_32fio_bal_osd_rc_1job_1io_64k_seqwrite_p0.json', 'fio_sea_1osd_16reactor_32fio_bal_osd_rc_1job_2io_64k_seqwrite_p0.json', 'fio_sea_1osd_16reactor_32fio_bal_osd_rc_1job_4io_64k_seqwrite_p0.json', 'fio_sea_1osd_16reactor_32fio_bal_osd_rc_1job_8io_64k_seqwrite_p0.json', 'fio_sea_1osd_16reactor_32fio_bal_osd_rc_1job_8io_64k_seqwrite_p0.json', 'fio_sea_1osd_16reactor_32fio_bal_osd_rc_1job_8io_64k_seqwrite_p0.json', 'fio_sea_1osd_16reactor_32fio_bal_osd_rc_1job_16io_64k_seqwrite_p0.json', 'fio_sea_1osd_16reactor_32fio_bal_osd_rc_1job_16io_64k_seqwrite_p0.json', 'fio_sea_1osd_16reactor_32fio_bal_osd_rc_1job_16io_64k_seqwrite_p0.json', 'fio_sea_1osd_16reactor_32fio_bal_osd_rc_1job_24io_64k_seqwrite_p0.json', 'fio_sea_1osd_16reactor_32fio_bal_osd_rc_1job_24io_64k_seqwrite_p0.json', 'fio_sea_1osd_16reactor_32fio_bal_osd_rc_1job_24io_64k_seqwrite_p0.json', 'fio_sea_1osd_16reactor_32fio_bal_osd_rc_1job_32io_64k_seqwrite_p0.json', 'fio_sea_1osd_16reactor_32fio_bal_osd_rc_1job_32io_64k_seqwrite_p0.json', 'fio_sea_1osd_16reactor_32fio_bal_osd_rc_1job_32io_64k_seqwrite_p0.json', 'fio_sea_1osd_16reactor_32fio_bal_osd_rc_1job_40io_64k_seqwrite_p0.json', 'fio_sea_1osd_16reactor_32fio_bal_osd_rc_1job_40io_64k_seqwrite_p0.json', 'fio_sea_1osd_16reactor_32fio_bal_osd_rc_1job_40io_64k_seqwrite_p0.json', 'fio_sea_1osd_16reactor_32fio_bal_osd_rc_1job_52io_64k_seqwrite_p0.json', 'fio_sea_1osd_16reactor_32fio_bal_osd_rc_1job_52io_64k_seqwrite_p0.json', 'fio_sea_1osd_16reactor_32fio_bal_osd_rc_1job_52io_64k_seqwrite_p0.json', 'fio_sea_1osd_16reactor_32fio_bal_osd_rc_1job_64io_64k_seqwrite_p0.json', 'fio_sea_1osd_16reactor_32fio_bal_osd_rc_1job_64io_64k_seqwrite_p0.json', 'fio_sea_1osd_16reactor_32fio_bal_osd_rc_1job_64io_64k_seqwrite_p0.json']
loading 24 .json files ...
Num jobs: 1
== fio_sea_1osd_16reactor_32fio_bal_osd_rc_1job_1io_64k_seqwrite_p0.json ==
{'bw': 646.517,
 'clat_ms': 3.1469219754770004,
 'clat_stdev': 2.167979577244,
 'iodepth': '1',
 'jobname': 'write',
 'sys_cpu': 0.29282,
 'timestamp': '1751035333',
 'total_ios': 3030642,
 'usr_cpu': 0.738337}
Num jobs: 1
== fio_sea_1osd_16reactor_32fio_bal_osd_rc_1job_2io_64k_seqwrite_p0.json ==
{'bw': 661.644,
 'clat_ms': 6.170685832422,
 'clat_stdev': 4.23967415245,
 'iodepth': '2',
 'jobname': 'write',
 'sys_cpu': 0.295756,
 'timestamp': '1751035665',
 'total_ios': 3101559,
 'usr_cpu': 0.72473}
Num jobs: 1
== fio_sea_1osd_16reactor_32fio_bal_osd_rc_1job_4io_64k_seqwrite_p0.json ==
{'bw': 685.355,
 'clat_ms': 11.933111928123,
 'clat_stdev': 7.577811845284,
 'iodepth': '4',
 'jobname': 'write',
 'sys_cpu': 0.290076,
 'timestamp': '1751035997',
 'total_ios': 3212666,
 'usr_cpu': 0.746544}
Num jobs: 1
== fio_sea_1osd_16reactor_32fio_bal_osd_rc_1job_8io_64k_seqwrite_p0.json ==
{'bw': 811.304,
 'clat_ms': 20.173783173671,
 'clat_stdev': 13.80360056827,
 'iodepth': '8',
 'jobname': 'write',
 'sys_cpu': 0.307539,
 'timestamp': '1751036995',
 'total_ios': 3803097,
 'usr_cpu': 0.915346}
Num jobs: 1
== fio_sea_1osd_16reactor_32fio_bal_osd_rc_1job_8io_64k_seqwrite_p0.json ==
{'bw': 811.304,
 'clat_ms': 20.173783173671,
 'clat_stdev': 13.80360056827,
 'iodepth': '8',
 'jobname': 'write',
 'sys_cpu': 0.307539,
 'timestamp': '1751036995',
 'total_ios': 3803097,
 'usr_cpu': 0.915346}
Num jobs: 1
== fio_sea_1osd_16reactor_32fio_bal_osd_rc_1job_8io_64k_seqwrite_p0.json ==
{'bw': 811.304,
 'clat_ms': 20.173783173671,
 'clat_stdev': 13.80360056827,
 'iodepth': '8',
 'jobname': 'write',
 'sys_cpu': 0.307539,
 'timestamp': '1751036995',
 'total_ios': 3803097,
 'usr_cpu': 0.915346}
Num jobs: 1
== fio_sea_1osd_16reactor_32fio_bal_osd_rc_1job_16io_64k_seqwrite_p0.json ==
{'bw': 913.744,
 'clat_ms': 35.837747601798,
 'clat_stdev': 26.338874731237002,
 'iodepth': '16',
 'jobname': 'write',
 'sys_cpu': 0.309769,
 'timestamp': '1751037992',
 'total_ios': 4283484,
 'usr_cpu': 1.150462}
Num jobs: 1
== fio_sea_1osd_16reactor_32fio_bal_osd_rc_1job_16io_64k_seqwrite_p0.json ==
{'bw': 913.744,
 'clat_ms': 35.837747601798,
 'clat_stdev': 26.338874731237002,
 'iodepth': '16',
 'jobname': 'write',
 'sys_cpu': 0.309769,
 'timestamp': '1751037992',
 'total_ios': 4283484,
 'usr_cpu': 1.150462}
Num jobs: 1
== fio_sea_1osd_16reactor_32fio_bal_osd_rc_1job_16io_64k_seqwrite_p0.json ==
{'bw': 913.744,
 'clat_ms': 35.837747601798,
 'clat_stdev': 26.338874731237002,
 'iodepth': '16',
 'jobname': 'write',
 'sys_cpu': 0.309769,
 'timestamp': '1751037992',
 'total_ios': 4283484,
 'usr_cpu': 1.150462}
Num jobs: 1
== fio_sea_1osd_16reactor_32fio_bal_osd_rc_1job_24io_64k_seqwrite_p0.json ==
{'bw': 911.887,
 'clat_ms': 53.874667453321,
 'clat_stdev': 46.085992360285,
 'iodepth': '24',
 'jobname': 'write',
 'sys_cpu': 0.308107,
 'timestamp': '1751038989',
 'total_ios': 4275120,
 'usr_cpu': 1.19002}
Num jobs: 1
== fio_sea_1osd_16reactor_32fio_bal_osd_rc_1job_24io_64k_seqwrite_p0.json ==
{'bw': 911.887,
 'clat_ms': 53.874667453321,
 'clat_stdev': 46.085992360285,
 'iodepth': '24',
 'jobname': 'write',
 'sys_cpu': 0.308107,
 'timestamp': '1751038989',
 'total_ios': 4275120,
 'usr_cpu': 1.19002}
Num jobs: 1
== fio_sea_1osd_16reactor_32fio_bal_osd_rc_1job_24io_64k_seqwrite_p0.json ==
{'bw': 911.887,
 'clat_ms': 53.874667453321,
 'clat_stdev': 46.085992360285,
 'iodepth': '24',
 'jobname': 'write',
 'sys_cpu': 0.308107,
 'timestamp': '1751038989',
 'total_ios': 4275120,
 'usr_cpu': 1.19002}
Num jobs: 1
== fio_sea_1osd_16reactor_32fio_bal_osd_rc_1job_32io_64k_seqwrite_p0.json ==
{'bw': 1369.318,
 'clat_ms': 44.113726430133,
 'clat_stdev': 54.254078057332,
 'iodepth': '32',
 'jobname': 'write',
 'sys_cpu': 0.37052,
 'timestamp': '1751039987',
 'total_ios': 6420341,
 'usr_cpu': 1.56492}
Num jobs: 1
== fio_sea_1osd_16reactor_32fio_bal_osd_rc_1job_32io_64k_seqwrite_p0.json ==
{'bw': 1369.318,
 'clat_ms': 44.113726430133,
 'clat_stdev': 54.254078057332,
 'iodepth': '32',
 'jobname': 'write',
 'sys_cpu': 0.37052,
 'timestamp': '1751039987',
 'total_ios': 6420341,
 'usr_cpu': 1.56492}
Num jobs: 1
== fio_sea_1osd_16reactor_32fio_bal_osd_rc_1job_32io_64k_seqwrite_p0.json ==
{'bw': 1369.318,
 'clat_ms': 44.113726430133,
 'clat_stdev': 54.254078057332,
 'iodepth': '32',
 'jobname': 'write',
 'sys_cpu': 0.37052,
 'timestamp': '1751039987',
 'total_ios': 6420341,
 'usr_cpu': 1.56492}
Num jobs: 1
== fio_sea_1osd_16reactor_32fio_bal_osd_rc_1job_40io_64k_seqwrite_p0.json ==
{'bw': 1362.79,
 'clat_ms': 50.458216154296004,
 'clat_stdev': 62.984137636052,
 'iodepth': '40',
 'jobname': 'write',
 'sys_cpu': 0.40474,
 'timestamp': '1751040984',
 'total_ios': 6388978,
 'usr_cpu': 1.753448}
Num jobs: 1
== fio_sea_1osd_16reactor_32fio_bal_osd_rc_1job_40io_64k_seqwrite_p0.json ==
{'bw': 1362.79,
 'clat_ms': 50.458216154296004,
 'clat_stdev': 62.984137636052,
 'iodepth': '40',
 'jobname': 'write',
 'sys_cpu': 0.40474,
 'timestamp': '1751040984',
 'total_ios': 6388978,
 'usr_cpu': 1.753448}
Num jobs: 1
== fio_sea_1osd_16reactor_32fio_bal_osd_rc_1job_40io_64k_seqwrite_p0.json ==
{'bw': 1362.79,
 'clat_ms': 50.458216154296004,
 'clat_stdev': 62.984137636052,
 'iodepth': '40',
 'jobname': 'write',
 'sys_cpu': 0.40474,
 'timestamp': '1751040984',
 'total_ios': 6388978,
 'usr_cpu': 1.753448}
Num jobs: 1
== fio_sea_1osd_16reactor_32fio_bal_osd_rc_1job_52io_64k_seqwrite_p0.json ==
{'bw': 1265.769,
 'clat_ms': 39.521771888976,
 'clat_stdev': 65.184065630895,
 'iodepth': '52',
 'jobname': 'write',
 'sys_cpu': 0.640854,
 'timestamp': '1751041982',
 'total_ios': 5933325,
 'usr_cpu': 2.529714}
Num jobs: 1
== fio_sea_1osd_16reactor_32fio_bal_osd_rc_1job_52io_64k_seqwrite_p0.json ==
{'bw': 1265.769,
 'clat_ms': 39.521771888976,
 'clat_stdev': 65.184065630895,
 'iodepth': '52',
 'jobname': 'write',
 'sys_cpu': 0.640854,
 'timestamp': '1751041982',
 'total_ios': 5933325,
 'usr_cpu': 2.529714}
Num jobs: 1
== fio_sea_1osd_16reactor_32fio_bal_osd_rc_1job_52io_64k_seqwrite_p0.json ==
{'bw': 1265.769,
 'clat_ms': 39.521771888976,
 'clat_stdev': 65.184065630895,
 'iodepth': '52',
 'jobname': 'write',
 'sys_cpu': 0.640854,
 'timestamp': '1751041982',
 'total_ios': 5933325,
 'usr_cpu': 2.529714}
Num jobs: 1
== fio_sea_1osd_16reactor_32fio_bal_osd_rc_1job_64io_64k_seqwrite_p0.json ==
{'bw': 1391.663,
 'clat_ms': 52.353557109316,
 'clat_stdev': 73.905269468548,
 'iodepth': '64',
 'jobname': 'write',
 'sys_cpu': 0.579767,
 'timestamp': '1751042980',
 'total_ios': 6523774,
 'usr_cpu': 2.568516}
Num jobs: 1
== fio_sea_1osd_16reactor_32fio_bal_osd_rc_1job_64io_64k_seqwrite_p0.json ==
{'bw': 1391.663,
 'clat_ms': 52.353557109316,
 'clat_stdev': 73.905269468548,
 'iodepth': '64',
 'jobname': 'write',
 'sys_cpu': 0.579767,
 'timestamp': '1751042980',
 'total_ios': 6523774,
 'usr_cpu': 2.568516}
Num jobs: 1
== fio_sea_1osd_16reactor_32fio_bal_osd_rc_1job_64io_64k_seqwrite_p0.json ==
{'bw': 1391.663,
 'clat_ms': 52.353557109316,
 'clat_stdev': 73.905269468548,
 'iodepth': '64',
 'jobname': 'write',
 'sys_cpu': 0.579767,
 'timestamp': '1751042980',
 'total_ios': 6523774,
 'usr_cpu': 2.568516}
Note: clat_ns has been converted to milliseconds
Note: bw has been converted to MiBs
 avg_cpu list has: 1 items
Table (after aggregating OSD CPU avg data):
{'OSD_cpu': [1304.4033333333348,
             1371.1600000000005,
             1376.313333333335,
             1384.1833333333357,
             1390.6466666666684,
             1402.95333333333,
             1424.2066666666656,
             1430.1166666666613,
             1433.2199999999982,
             1455.2033333333316,
             1446.8633333333314,
             1443.5933333333307,
             1480.310000000003,
             1439.9966666666683,
             1436.6666666666674,
             1475.4000000000008,
             1452.4266666666663,
             1447.3266666666625,
             1426.450000000003,
             1445.8433333333314,
             1305.9399999999985,
             1199.7000000000007,
             1428.2133333333368,
             1423.0900000000036],
 'OSD_mem': [835.4533333333181,
             868.7999999999818,
             868.7999999999818,
             868.7999999999818,
             868.7999999999818,
             868.7999999999818,
             868.7999999999818,
             868.7999999999818,
             868.7999999999818,
             868.7999999999818,
             868.7999999999818,
             868.7999999999818,
             868.7999999999818,
             868.7999999999818,
             868.7999999999818,
             868.7999999999818,
             868.7999999999818,
             868.7999999999818,
             868.7999999999818,
             868.7999999999818,
             868.7999999999818,
             868.7999999999818,
             868.7999999999818,
             868.7999999999818],
 'bw': [646.517, 661.644, 685.355,
        811.304, 913.744, 911.887,
        1369.318, 1362.79, 1265.769,
        1391.663],
 'clat_ms': [3.1469219754770004,
             6.170685832422,
             11.933111928123,
             20.173783173671,
             35.837747601798,
             53.874667453321,
             44.113726430133,
             50.458216154296004,
             39.521771888976,
             52.353557109316],
 'clat_stdev': [2.167979577244,
                4.23967415245,
                7.577811845284,
                13.80360056827,
                26.338874731237002,
                46.085992360285,
                54.254078057332,
                62.984137636052,
                65.184065630895,
                73.905269468548],
 'iodepth': ['1', '2', '4', '8', '16',
             '24', '32', '40', '52',
             '64'],
 'sys_cpu': [0.29282, 0.295756, 0.290076,
             0.307539, 0.309769,
             0.308107, 0.37052, 0.40474,
             0.640854, 0.579767],
 'total_ios': [3030642, 3101559, 3212666,
               3803097, 4283484, 4275120,
               6420341, 6388978, 5933325,
               6523774],
 'usr_cpu': [0.738337, 0.72473, 0.746544,
             0.915346, 1.150462, 1.19002,
             1.56492, 1.753448, 2.529714,
             2.568516]}
 avg_cpu list has: 1 items
Table (after aggregating FIO CPU avg data):
{'FIO_cpu': [159.68999999999826,
             188.09666666666774,
             192.69333333333446,
             183.59333333333387,
             191.743333333335,
             200.03666666666993,
             198.35333333333554,
             201.10000000000207,
             217.5366666666691,
             226.96666666666886,
             226.98000000000263,
             231.5733333333356,
             201.2233333333351,
             265.01000000000363,
             269.4900000000041,
             261.803333333337,
             272.7166666666714,
             265.13666666667035,
             253.9800000000024,
             265.2200000000026,
             301.47333333333387,
             226.23333333333412,
             256.01333333333497,
             259.87666666666803],
 'FIO_mem': [0.0, 0.0, 0.0,
             43.49999999999695,
             44.99999999999559,
             10.500000000000105,
             44.99999999999559,
             44.99999999999559,
             44.99999999999559,
             44.99999999999559,
             44.99999999999559,
             44.99999999999559,
             44.99999999999559,
             44.99999999999559,
             44.99999999999559,
             44.81333333332909,
             42.94666666666412,
             41.1733333333324,
             35.10666666667125,
             36.9266666666696,
             28.8133333333376,
             20.873333333335793,
             32.58666666667179,
             32.680000000005144],
 'OSD_cpu': [1304.4033333333348,
             1371.1600000000005,
             1376.313333333335,
             1384.1833333333357,
             1390.6466666666684,
             1402.95333333333,
             1424.2066666666656,
             1430.1166666666613,
             1433.2199999999982,
             1455.2033333333316,
             1446.8633333333314,
             1443.5933333333307,
             1480.310000000003,
             1439.9966666666683,
             1436.6666666666674,
             1475.4000000000008,
             1452.4266666666663,
             1447.3266666666625,
             1426.450000000003,
             1445.8433333333314,
             1305.9399999999985,
             1199.7000000000007,
             1428.2133333333368,
             1423.0900000000036],
 'OSD_mem': [835.4533333333181,
             868.7999999999818,
             868.7999999999818,
             868.7999999999818,
             868.7999999999818,
             868.7999999999818,
             868.7999999999818,
             868.7999999999818,
             868.7999999999818,
             868.7999999999818,
             868.7999999999818,
             868.7999999999818,
             868.7999999999818,
             868.7999999999818,
             868.7999999999818,
             868.7999999999818,
             868.7999999999818,
             868.7999999999818,
             868.7999999999818,
             868.7999999999818,
             868.7999999999818,
             868.7999999999818,
             868.7999999999818,
             868.7999999999818],
 'bw': [646.517, 661.644, 685.355,
        811.304, 913.744, 911.887,
        1369.318, 1362.79, 1265.769,
        1391.663],
 'clat_ms': [3.1469219754770004,
             6.170685832422,
             11.933111928123,
             20.173783173671,
             35.837747601798,
             53.874667453321,
             44.113726430133,
             50.458216154296004,
             39.521771888976,
             52.353557109316],
 'clat_stdev': [2.167979577244,
                4.23967415245,
                7.577811845284,
                13.80360056827,
                26.338874731237002,
                46.085992360285,
                54.254078057332,
                62.984137636052,
                65.184065630895,
                73.905269468548],
 'iodepth': ['1', '2', '4', '8', '16',
             '24', '32', '40', '52',
             '64'],
 'sys_cpu': [0.29282, 0.295756, 0.290076,
             0.307539, 0.309769,
             0.308107, 0.37052, 0.40474,
             0.640854, 0.579767],
 'total_ios': [3030642, 3101559, 3212666,
               3803097, 4283484, 4275120,
               6420341, 6388978, 5933325,
               6523774],
 'usr_cpu': [0.738337, 0.72473, 0.746544,
             0.915346, 1.150462, 1.19002,
             1.56492, 1.753448, 2.529714,
             2.568516]}
 Wiki table: sea_1osd_16reactor_32fio_bal_osd_rc_1procs_seqwrite
{| class="wikitable"
|- 
 ! colspan="11"  | 
        sea_1osd_16reactor_32fio_bal_osd_rc_1procs_seqwrite
|-
! iodepth !! bw !! total_ios !! clat_ms !! clat_stdev !! usr_cpu !! sys_cpu !! OSD_cpu !! OSD_mem !! FIO_cpu !! FIO_mem
|-
 | 1  || 646.52  || 3030642.00  || 3.15  || 2.17  || 0.74  || 0.29  || 1304.40  || 835.45  || 159.69  || 0.00 
|-
 | 2  || 661.64  || 3101559.00  || 6.17  || 4.24  || 0.72  || 0.30  || 1371.16  || 868.80  || 188.10  || 0.00 
|-
 | 4  || 685.36  || 3212666.00  || 11.93  || 7.58  || 0.75  || 0.29  || 1376.31  || 868.80  || 192.69  || 0.00 
|-
 | 8  || 811.30  || 3803097.00  || 20.17  || 13.80  || 0.92  || 0.31  || 1384.18  || 868.80  || 183.59  || 43.50 
|-
 | 16  || 913.74  || 4283484.00  || 35.84  || 26.34  || 1.15  || 0.31  || 1390.65  || 868.80  || 191.74  || 45.00 
|-
 | 24  || 911.89  || 4275120.00  || 53.87  || 46.09  || 1.19  || 0.31  || 1402.95  || 868.80  || 200.04  || 10.50 
|-
 | 32  || 1369.32  || 6420341.00  || 44.11  || 54.25  || 1.56  || 0.37  || 1424.21  || 868.80  || 198.35  || 45.00 
|-
 | 40  || 1362.79  || 6388978.00  || 50.46  || 62.98  || 1.75  || 0.40  || 1430.12  || 868.80  || 201.10  || 45.00 
|-
 | 52  || 1265.77  || 5933325.00  || 39.52  || 65.18  || 2.53  || 0.64  || 1433.22  || 868.80  || 217.54  || 45.00 
|-
 | 64  || 1391.66  || 6523774.00  || 52.35  || 73.91  || 2.57  || 0.58  || 1455.20  || 868.80  || 226.97  || 45.00 
|-
|}


\begin{table}[h!]
\centering
\begin{tabular}[t]{*{11 }{|c|}}
\hline 
iodepth & bw & total\_ios & clat\_ms & clat\_stdev & usr\_cpu & sys\_cpu & OSD\_cpu & OSD\_mem & FIO\_cpu & FIO\_mem\\
\hline
1  & 646.52  & 3030642.00  & 3.15  & 2.17  & 0.74  & 0.29  & 1304.40  & 835.45  & 159.69  & 0.00 \\
\hline
2  & 661.64  & 3101559.00  & 6.17  & 4.24  & 0.72  & 0.30  & 1371.16  & 868.80  & 188.10  & 0.00 \\
\hline
4  & 685.36  & 3212666.00  & 11.93  & 7.58  & 0.75  & 0.29  & 1376.31  & 868.80  & 192.69  & 0.00 \\
\hline
8  & 811.30  & 3803097.00  & 20.17  & 13.80  & 0.92  & 0.31  & 1384.18  & 868.80  & 183.59  & 43.50 \\
\hline
16  & 913.74  & 4283484.00  & 35.84  & 26.34  & 1.15  & 0.31  & 1390.65  & 868.80  & 191.74  & 45.00 \\
\hline
24  & 911.89  & 4275120.00  & 53.87  & 46.09  & 1.19  & 0.31  & 1402.95  & 868.80  & 200.04  & 10.50 \\
\hline
32  & 1369.32  & 6420341.00  & 44.11  & 54.25  & 1.56  & 0.37  & 1424.21  & 868.80  & 198.35  & 45.00 \\
\hline
40  & 1362.79  & 6388978.00  & 50.46  & 62.98  & 1.75  & 0.40  & 1430.12  & 868.80  & 201.10  & 45.00 \\
\hline
52  & 1265.77  & 5933325.00  & 39.52  & 65.18  & 2.53  & 0.64  & 1433.22  & 868.80  & 217.54  & 45.00 \\
\hline
64  & 1391.66  & 6523774.00  & 52.35  & 73.91  & 2.57  & 0.58  & 1455.20  & 868.80  & 226.97  & 45.00 \\
\hline

\hline
\end{tabular}
\caption{Performance Throughput vs Latency vs CPU util: sea_1osd_16reactor_32fio_bal_osd_rc_1procs_seqwrite.}
\label{table:iops-lat-cpu-sea_1osd_16reactor_32fio_bal_osd_rc_1procs_seqwrite}
\end{table}

Done
