   sec  depth      IOPS     MB/s  lat(ms)
1.00295   1904    422246   1649.4  4.13631 -- 94,93,
1.0036   1982    422765  1651.43  4.12904 -- 94,93,
1.00381   2044    422192  1649.19  4.16907 -- 94,93,
1.00259   1971    420996  1644.51  4.15953 -- 94,93,
1.00365   1833    421853  1647.86  4.15034 -- 93,93,
1.00263   1844    421393  1646.07  4.17883 -- 93,93,
1.00236   1313    421109  1644.96  4.15204 -- 93,93,
1.00372   1839    421588  1646.83  4.10971 -- 93,93,
1.0025   1940    421197   1645.3  4.16177 -- 93,93,
1.00341   1870    421537  1646.63  4.17858 -- 93,93,
-------------- summary --------------
10.0335     -  421680 1647.19 4.15243

1.00585   1923    420895  1644.12  4.15561 -- 93,93,
1.00242   2048    420679  1643.28  4.18392 -- 93,93,
1.00195   1837    421369  1645.97  4.18928 -- 93,92,
1.0023   2021    420783  1643.68  4.18272 -- 93,93,
1.00378   1760    421324   1645.8  4.18033 -- 93,93,
1.0033   1876    420621  1643.05  4.16572 -- 93,93,
1.00246   2048    421105  1644.94  4.14741 -- 93,93,
1.00064   2048    420924  1644.23  4.15089 -- 93,93,
1.00216   1983    420688  1643.31  4.15468 -- 93,93,
1.00237   2027    421943  1648.21  4.16971 -- 93,93,
-------------- summary --------------
20.0614     -  421374 1645.99  4.1602

1.0053   2048    421584  1646.81  4.19041 -- 93,93,
1.00217   2048    421138  1645.07  4.17717 -- 93,92,
1.00217   1984    421430  1646.21  4.16356 -- 93,92,
1.00175   2048    421131  1645.04  4.19757 -- 93,93,
1.00223   1892    421488  1646.44  4.16778 -- 93,92,
1.00285   1828    421068   1644.8  4.17244 -- 93,92,
1.00372   1695    421455  1646.31  4.15146 -- 93,93,
1.00216   1405    420780  1643.67  4.15379 -- 93,93,
1.00206   2025    420108  1641.05  4.19467 -- 93,93,
1.00126   2048    420637  1643.11  4.16837 -- 93,93,
-------------- summary --------------
30.0858     -  421270 1645.59 4.16481

1.00592   1953    421475  1646.39  4.16089 -- 93,93,
1.00277   1996    421530   1646.6  4.15488 -- 93,92,
1.0051   1642    420707  1643.39  4.15302 -- 93,92,
1.00294   1896    421310  1645.74  4.17455 -- 93,92,
1.00401   2048    420955  1644.35  4.17599 -- 93,92,
1.00411   1883    420945  1644.32  4.13856 -- 93,92,
1.00258   1607    421828  1647.76  4.13762 -- 93,92,
1.00239   2048    420658  1643.19  4.16287 -- 93,93,
1.00237   2048    421194  1645.29  4.18609 -- 93,93,
1.00158   1782    420908  1644.17  4.17238 -- 93,93,
-------------- summary --------------
40.1202     -  421233 1645.44 4.16399

1.00612   1912    421551  1646.68  4.17528 -- 93,93,
1.00262   1430    421851  1647.86  4.15325 -- 93,93,
1.00292   1755    420579  1642.89  4.17396 -- 93,93,
1.00325   1942    420595  1642.95  4.18943 -- 93,93,
1.00325   1882    421516  1646.55  4.17232 -- 93,92,
1.00305   1838    420523  1642.67  4.14116 -- 93,92,
1.00216   2048    421022  1644.62  4.14383 -- 93,92,
1.00438   1780    421462  1646.34  4.16172 -- 93,92,
1.00344   1835    420809  1643.79  4.19513 -- 93,92,
1.00275   2026    421016  1644.59  4.16401 -- 93,92,
-------------- summary --------------
50.1545     -  421213 1645.36 4.16461

1.00545   1719    420926  1644.24  4.13901 -- 93,93,
1.00479   1791    419966  1640.49  4.16356 -- 93,93,
1.00285   1900    420995  1644.51  4.15524 -- 93,93,
1.00267   2048    420988  1644.48  4.17791 -- 93,93,
1.00174   2032    421030  1644.65  4.19937 -- 93,93,
1.00226   2035    421450  1646.29  4.17599 -- 93,93,
1.00232   2021    421448  1646.28  4.15907 -- 93,93,
1.00303   2037    421372  1645.98  4.14201 -- 93,93,
1.00313   1827    421538  1646.63    4.141 -- 93,92,
1.0034   1986    421622  1646.96  4.16087 -- 93,93,
-------------- summary --------------
60.1853     -  421197  1645.3 4.16409

client0Conn0@0(depth=512):
  connect time: 0.000831s
  messages received: 6348457
  messaging time: 60.189509s
  latency: 4.151009ms
  IOPS: 105474.477022
  out throughput: 412.009676MB/s
client0Conn1@0(depth=512):
  connect time: 0.000716s
  messages received: 6364102
  messaging time: 60.189044s
  latency: 4.145562ms
  IOPS: 105735.223440
  out throughput: 413.028217MB/s
client1Conn0@1(depth=512):
  connect time: 0.000741s
  messages received: 6319181
  messaging time: 60.189222s
  latency: 4.184106ms
  IOPS: 104988.581479
  out throughput: 410.111646MB/s
client1Conn1@1(depth=512):
  connect time: 0.000714s
  messages received: 6320305
  messaging time: 60.189204s
  latency: 4.175825ms
  IOPS: 105007.287130
  out throughput: 410.184715MB/s

per client:
client0(depth=1024):
  connect time: 0.000773s
  messages received: 12712559
  messaging time: 60.189277s
  latency: 4.148285ms
  IOPS: 211209.700461
  out throughput: 825.037892MB/s
client1(depth=1024):
  connect time: 0.000727s
  messages received: 12639486
  messaging time: 60.189213s
  latency: 4.179965ms
  IOPS: 209995.868609
  out throughput: 820.296362MB/s

all(depth=2048):
  connect time: 0.000750s
  messages received: 25352045
  messaging time: 60.189245s
  latency: 4.164125ms
  IOPS: 421205.569071
  out throughput: 1645.334254MB/s
