2121070 2121070 crimson-osd       0	pid 2121070's current affinity list: 0
2121070 2121076 reactor-1         1	pid 2121076's current affinity list: 1
2121070 2121077 reactor-2         2	pid 2121077's current affinity list: 2
2121070 2121078 reactor-3         3	pid 2121078's current affinity list: 3
2121070 2121079 reactor-4         4	pid 2121079's current affinity list: 4
2121070 2121080 reactor-5         5	pid 2121080's current affinity list: 5
2121070 2121081 reactor-6         6	pid 2121081's current affinity list: 6
2121070 2121082 reactor-7         7	pid 2121082's current affinity list: 7
2121070 2121083 reactor-8         8	pid 2121083's current affinity list: 8
2121070 2121084 reactor-9         9	pid 2121084's current affinity list: 9
2121070 2121085 reactor-10       10	pid 2121085's current affinity list: 10
2121070 2121086 reactor-11       11	pid 2121086's current affinity list: 11
2121070 2121087 reactor-12       12	pid 2121087's current affinity list: 12
2121070 2121088 reactor-13       13	pid 2121088's current affinity list: 13
2121070 2121089 reactor-14       14	pid 2121089's current affinity list: 14
2121070 2121090 reactor-15       15	pid 2121090's current affinity list: 15
2121070 2121091 reactor-16       16	pid 2121091's current affinity list: 16
2121070 2121092 reactor-17       17	pid 2121092's current affinity list: 17
2121070 2121093 reactor-18       18	pid 2121093's current affinity list: 18
2121070 2121094 reactor-19       19	pid 2121094's current affinity list: 19
2121070 2121095 reactor-20       20	pid 2121095's current affinity list: 20
2121070 2121096 reactor-21       21	pid 2121096's current affinity list: 21
2121070 2121097 reactor-22       22	pid 2121097's current affinity list: 22
2121070 2121098 reactor-23       23	pid 2121098's current affinity list: 23
2121070 2121099 reactor-24       24	pid 2121099's current affinity list: 24
2121070 2121100 reactor-25       25	pid 2121100's current affinity list: 25
2121070 2121101 reactor-26       26	pid 2121101's current affinity list: 26
2121070 2121102 reactor-27       27	pid 2121102's current affinity list: 27
2121070 2121103 reactor-28       56	pid 2121103's current affinity list: 56
2121070 2121104 reactor-29       57	pid 2121104's current affinity list: 57
2121070 2121105 reactor-30       58	pid 2121105's current affinity list: 58
2121070 2121106 reactor-31       59	pid 2121106's current affinity list: 59
2121070 2121107 reactor-32       60	pid 2121107's current affinity list: 60
2121070 2121108 reactor-33       61	pid 2121108's current affinity list: 61
2121070 2121109 reactor-34       62	pid 2121109's current affinity list: 62
2121070 2121110 reactor-35       63	pid 2121110's current affinity list: 63
2121070 2121111 reactor-36       64	pid 2121111's current affinity list: 64
2121070 2121112 reactor-37       65	pid 2121112's current affinity list: 65
2121070 2121113 reactor-38       66	pid 2121113's current affinity list: 66
2121070 2121114 reactor-39       67	pid 2121114's current affinity list: 67
2121070 2121115 reactor-40       68	pid 2121115's current affinity list: 68
2121070 2121116 reactor-41       69	pid 2121116's current affinity list: 69
2121070 2121117 reactor-42       70	pid 2121117's current affinity list: 70
2121070 2121118 reactor-43       71	pid 2121118's current affinity list: 71
2121070 2121119 reactor-44       72	pid 2121119's current affinity list: 72
2121070 2121120 reactor-45       73	pid 2121120's current affinity list: 73
2121070 2121121 reactor-46       74	pid 2121121's current affinity list: 74
2121070 2121122 reactor-47       75	pid 2121122's current affinity list: 75
2121070 2121123 reactor-48       76	pid 2121123's current affinity list: 76
2121070 2121124 reactor-49       77	pid 2121124's current affinity list: 77
2121070 2121125 reactor-50       78	pid 2121125's current affinity list: 78
2121070 2121126 reactor-51       79	pid 2121126's current affinity list: 79
2121070 2121127 reactor-52       80	pid 2121127's current affinity list: 80
2121070 2121128 reactor-53       81	pid 2121128's current affinity list: 81
2121070 2121129 reactor-54       82	pid 2121129's current affinity list: 82
2121070 2121130 reactor-55       83	pid 2121130's current affinity list: 83
2121070 2121131 syscall-0         0	pid 2121131's current affinity list: 0
2121070 2121132 syscall-1         1	pid 2121132's current affinity list: 1
2121070 2121133 syscall-28       56	pid 2121133's current affinity list: 56
2121070 2121134 syscall-35       63	pid 2121134's current affinity list: 63
2121070 2121135 syscall-7         7	pid 2121135's current affinity list: 7
2121070 2121136 syscall-12       12	pid 2121136's current affinity list: 12
2121070 2121137 syscall-11       11	pid 2121137's current affinity list: 11
2121070 2121138 syscall-4         4	pid 2121138's current affinity list: 4
2121070 2121139 syscall-19       19	pid 2121139's current affinity list: 19
2121070 2121140 syscall-15       15	pid 2121140's current affinity list: 15
2121070 2121141 syscall-14       14	pid 2121141's current affinity list: 14
2121070 2121142 syscall-10       10	pid 2121142's current affinity list: 10
2121070 2121143 syscall-17       17	pid 2121143's current affinity list: 17
2121070 2121144 syscall-8         8	pid 2121144's current affinity list: 8
2121070 2121145 syscall-13       13	pid 2121145's current affinity list: 13
2121070 2121146 syscall-30       58	pid 2121146's current affinity list: 58
2121070 2121147 syscall-2         2	pid 2121147's current affinity list: 2
2121070 2121148 syscall-6         6	pid 2121148's current affinity list: 6
2121070 2121149 syscall-5         5	pid 2121149's current affinity list: 5
2121070 2121150 syscall-9         9	pid 2121150's current affinity list: 9
2121070 2121151 syscall-29       57	pid 2121151's current affinity list: 57
2121070 2121152 syscall-16       16	pid 2121152's current affinity list: 16
2121070 2121153 syscall-3         3	pid 2121153's current affinity list: 3
2121070 2121154 syscall-21       21	pid 2121154's current affinity list: 21
2121070 2121155 syscall-18       18	pid 2121155's current affinity list: 18
2121070 2121156 syscall-32       60	pid 2121156's current affinity list: 60
2121070 2121157 syscall-42       70	pid 2121157's current affinity list: 70
2121070 2121158 syscall-20       20	pid 2121158's current affinity list: 20
2121070 2121159 syscall-31       59	pid 2121159's current affinity list: 59
2121070 2121160 syscall-33       61	pid 2121160's current affinity list: 61
2121070 2121161 syscall-41       69	pid 2121161's current affinity list: 69
2121070 2121162 syscall-40       68	pid 2121162's current affinity list: 68
2121070 2121163 syscall-23       23	pid 2121163's current affinity list: 23
2121070 2121164 syscall-37       65	pid 2121164's current affinity list: 65
2121070 2121165 syscall-39       67	pid 2121165's current affinity list: 67
2121070 2121166 syscall-34       62	pid 2121166's current affinity list: 62
2121070 2121167 syscall-36       64	pid 2121167's current affinity list: 64
2121070 2121168 syscall-22       22	pid 2121168's current affinity list: 22
2121070 2121169 syscall-38       66	pid 2121169's current affinity list: 66
2121070 2121170 syscall-45       73	pid 2121170's current affinity list: 73
2121070 2121171 syscall-24       24	pid 2121171's current affinity list: 24
2121070 2121172 syscall-43       71	pid 2121172's current affinity list: 71
2121070 2121173 syscall-26       26	pid 2121173's current affinity list: 26
2121070 2121174 syscall-27       27	pid 2121174's current affinity list: 27
2121070 2121175 syscall-25       25	pid 2121175's current affinity list: 25
2121070 2121176 syscall-47       75	pid 2121176's current affinity list: 75
2121070 2121177 syscall-48       76	pid 2121177's current affinity list: 76
2121070 2121178 syscall-44       72	pid 2121178's current affinity list: 72
2121070 2121179 syscall-50       78	pid 2121179's current affinity list: 78
2121070 2121180 syscall-46       74	pid 2121180's current affinity list: 74
2121070 2121181 syscall-54       82	pid 2121181's current affinity list: 82
2121070 2121182 syscall-53       81	pid 2121182's current affinity list: 81
2121070 2121183 syscall-52       80	pid 2121183's current affinity list: 80
2121070 2121184 syscall-51       79	pid 2121184's current affinity list: 79
2121070 2121185 syscall-55       83	pid 2121185's current affinity list: 83
2121070 2121186 syscall-49       77	pid 2121186's current affinity list: 77
2121070 2121187 crimson-osd       0	pid 2121187's current affinity list: 0
2121070 2121188 reactor-23       23	pid 2121188's current affinity list: 23
2121070 2121189 reactor-34       62	pid 2121189's current affinity list: 62
2121070 2121190 reactor-55       83	pid 2121190's current affinity list: 83
2121070 2121191 reactor-25       25	pid 2121191's current affinity list: 25
2121070 2121192 reactor-20       20	pid 2121192's current affinity list: 20
2121070 2121193 reactor-28       56	pid 2121193's current affinity list: 56
2121070 2121194 reactor-42       70	pid 2121194's current affinity list: 70
2121070 2121195 reactor-6         6	pid 2121195's current affinity list: 6
2121070 2121196 reactor-10       10	pid 2121196's current affinity list: 10
2121070 2121197 reactor-27       27	pid 2121197's current affinity list: 27
2121070 2121198 reactor-7         7	pid 2121198's current affinity list: 7
2121070 2121199 reactor-26       26	pid 2121199's current affinity list: 26
2121070 2121200 reactor-24       24	pid 2121200's current affinity list: 24
2121070 2121201 reactor-33       61	pid 2121201's current affinity list: 61
2121070 2121202 reactor-15       15	pid 2121202's current affinity list: 15
2121070 2121203 reactor-16       16	pid 2121203's current affinity list: 16
2121070 2121204 reactor-29       57	pid 2121204's current affinity list: 57
2121070 2121205 reactor-44       72	pid 2121205's current affinity list: 72
2121070 2121206 reactor-4         4	pid 2121206's current affinity list: 4
2121070 2121207 reactor-18       18	pid 2121207's current affinity list: 18
2121070 2121208 reactor-35       63	pid 2121208's current affinity list: 63
2121070 2121209 reactor-37       65	pid 2121209's current affinity list: 65
2121070 2121210 reactor-1         1	pid 2121210's current affinity list: 1
2121070 2121211 reactor-5         5	pid 2121211's current affinity list: 5
2121070 2121212 reactor-41       69	pid 2121212's current affinity list: 69
2121070 2121213 reactor-40       68	pid 2121213's current affinity list: 68
2121070 2121214 reactor-46       74	pid 2121214's current affinity list: 74
2121070 2121215 reactor-38       66	pid 2121215's current affinity list: 66
2121070 2121216 reactor-52       80	pid 2121216's current affinity list: 80
2121070 2121217 reactor-43       71	pid 2121217's current affinity list: 71
2121070 2121218 reactor-39       67	pid 2121218's current affinity list: 67
2121070 2121219 reactor-2         2	pid 2121219's current affinity list: 2
2121070 2121220 reactor-54       82	pid 2121220's current affinity list: 82
2121070 2121221 reactor-31       59	pid 2121221's current affinity list: 59
2121070 2121222 reactor-13       13	pid 2121222's current affinity list: 13
2121070 2121223 reactor-47       75	pid 2121223's current affinity list: 75
2121070 2121224 reactor-3         3	pid 2121224's current affinity list: 3
2121070 2121225 reactor-9         9	pid 2121225's current affinity list: 9
2121070 2121226 reactor-12       12	pid 2121226's current affinity list: 12
2121070 2121227 reactor-45       73	pid 2121227's current affinity list: 73
2121070 2121228 reactor-17       17	pid 2121228's current affinity list: 17
2121070 2121229 reactor-32       60	pid 2121229's current affinity list: 60
2121070 2121230 reactor-50       78	pid 2121230's current affinity list: 78
2121070 2121231 reactor-36       64	pid 2121231's current affinity list: 64
2121070 2121232 reactor-30       58	pid 2121232's current affinity list: 58
2121070 2121233 reactor-14       14	pid 2121233's current affinity list: 14
2121070 2121234 reactor-22       22	pid 2121234's current affinity list: 22
2121070 2121235 reactor-48       76	pid 2121235's current affinity list: 76
2121070 2121236 reactor-49       77	pid 2121236's current affinity list: 77
2121070 2121237 reactor-21       21	pid 2121237's current affinity list: 21
2121070 2121238 reactor-53       81	pid 2121238's current affinity list: 81
2121070 2121239 reactor-11       11	pid 2121239's current affinity list: 11
2121070 2121240 reactor-19       19	pid 2121240's current affinity list: 19
2121070 2121241 reactor-51       79	pid 2121241's current affinity list: 79
2121070 2121242 reactor-8         8	pid 2121242's current affinity list: 8
2121070 2121070 crimson-osd       0	pid 2121070's current affinity list: 0
2121070 2121076 reactor-1         1	pid 2121076's current affinity list: 1
2121070 2121077 reactor-2         2	pid 2121077's current affinity list: 2
2121070 2121078 reactor-3         3	pid 2121078's current affinity list: 3
2121070 2121079 reactor-4         4	pid 2121079's current affinity list: 4
2121070 2121080 reactor-5         5	pid 2121080's current affinity list: 5
2121070 2121081 reactor-6         6	pid 2121081's current affinity list: 6
2121070 2121082 reactor-7         7	pid 2121082's current affinity list: 7
2121070 2121083 reactor-8         8	pid 2121083's current affinity list: 8
2121070 2121084 reactor-9         9	pid 2121084's current affinity list: 9
2121070 2121085 reactor-10       10	pid 2121085's current affinity list: 10
2121070 2121086 reactor-11       11	pid 2121086's current affinity list: 11
2121070 2121087 reactor-12       12	pid 2121087's current affinity list: 12
2121070 2121088 reactor-13       13	pid 2121088's current affinity list: 13
2121070 2121089 reactor-14       14	pid 2121089's current affinity list: 14
2121070 2121090 reactor-15       15	pid 2121090's current affinity list: 15
2121070 2121091 reactor-16       16	pid 2121091's current affinity list: 16
2121070 2121092 reactor-17       17	pid 2121092's current affinity list: 17
2121070 2121093 reactor-18       18	pid 2121093's current affinity list: 18
2121070 2121094 reactor-19       19	pid 2121094's current affinity list: 19
2121070 2121095 reactor-20       20	pid 2121095's current affinity list: 20
2121070 2121096 reactor-21       21	pid 2121096's current affinity list: 21
2121070 2121097 reactor-22       22	pid 2121097's current affinity list: 22
2121070 2121098 reactor-23       23	pid 2121098's current affinity list: 23
2121070 2121099 reactor-24       24	pid 2121099's current affinity list: 24
2121070 2121100 reactor-25       25	pid 2121100's current affinity list: 25
2121070 2121101 reactor-26       26	pid 2121101's current affinity list: 26
2121070 2121102 reactor-27       27	pid 2121102's current affinity list: 27
2121070 2121103 reactor-28       56	pid 2121103's current affinity list: 56
2121070 2121104 reactor-29       57	pid 2121104's current affinity list: 57
2121070 2121105 reactor-30       58	pid 2121105's current affinity list: 58
2121070 2121106 reactor-31       59	pid 2121106's current affinity list: 59
2121070 2121107 reactor-32       60	pid 2121107's current affinity list: 60
2121070 2121108 reactor-33       61	pid 2121108's current affinity list: 61
2121070 2121109 reactor-34       62	pid 2121109's current affinity list: 62
2121070 2121110 reactor-35       63	pid 2121110's current affinity list: 63
2121070 2121111 reactor-36       64	pid 2121111's current affinity list: 64
2121070 2121112 reactor-37       65	pid 2121112's current affinity list: 65
2121070 2121113 reactor-38       66	pid 2121113's current affinity list: 66
2121070 2121114 reactor-39       67	pid 2121114's current affinity list: 67
2121070 2121115 reactor-40       68	pid 2121115's current affinity list: 68
2121070 2121116 reactor-41       69	pid 2121116's current affinity list: 69
2121070 2121117 reactor-42       70	pid 2121117's current affinity list: 70
2121070 2121118 reactor-43       71	pid 2121118's current affinity list: 71
2121070 2121119 reactor-44       72	pid 2121119's current affinity list: 72
2121070 2121120 reactor-45       73	pid 2121120's current affinity list: 73
2121070 2121121 reactor-46       74	pid 2121121's current affinity list: 74
2121070 2121122 reactor-47       75	pid 2121122's current affinity list: 75
2121070 2121123 reactor-48       76	pid 2121123's current affinity list: 76
2121070 2121124 reactor-49       77	pid 2121124's current affinity list: 77
2121070 2121125 reactor-50       78	pid 2121125's current affinity list: 78
2121070 2121126 reactor-51       79	pid 2121126's current affinity list: 79
2121070 2121127 reactor-52       80	pid 2121127's current affinity list: 80
2121070 2121128 reactor-53       81	pid 2121128's current affinity list: 81
2121070 2121129 reactor-54       82	pid 2121129's current affinity list: 82
2121070 2121130 reactor-55       83	pid 2121130's current affinity list: 83
2121070 2121131 syscall-0         0	pid 2121131's current affinity list: 0
2121070 2121132 syscall-1         1	pid 2121132's current affinity list: 1
2121070 2121133 syscall-28       56	pid 2121133's current affinity list: 56
2121070 2121134 syscall-35       63	pid 2121134's current affinity list: 63
2121070 2121135 syscall-7         7	pid 2121135's current affinity list: 7
2121070 2121136 syscall-12       12	pid 2121136's current affinity list: 12
2121070 2121137 syscall-11       11	pid 2121137's current affinity list: 11
2121070 2121138 syscall-4         4	pid 2121138's current affinity list: 4
2121070 2121139 syscall-19       19	pid 2121139's current affinity list: 19
2121070 2121140 syscall-15       15	pid 2121140's current affinity list: 15
2121070 2121141 syscall-14       14	pid 2121141's current affinity list: 14
2121070 2121142 syscall-10       10	pid 2121142's current affinity list: 10
2121070 2121143 syscall-17       17	pid 2121143's current affinity list: 17
2121070 2121144 syscall-8         8	pid 2121144's current affinity list: 8
2121070 2121145 syscall-13       13	pid 2121145's current affinity list: 13
2121070 2121146 syscall-30       58	pid 2121146's current affinity list: 58
2121070 2121147 syscall-2         2	pid 2121147's current affinity list: 2
2121070 2121148 syscall-6         6	pid 2121148's current affinity list: 6
2121070 2121149 syscall-5         5	pid 2121149's current affinity list: 5
2121070 2121150 syscall-9         9	pid 2121150's current affinity list: 9
2121070 2121151 syscall-29       57	pid 2121151's current affinity list: 57
2121070 2121152 syscall-16       16	pid 2121152's current affinity list: 16
2121070 2121153 syscall-3         3	pid 2121153's current affinity list: 3
2121070 2121154 syscall-21       21	pid 2121154's current affinity list: 21
2121070 2121155 syscall-18       18	pid 2121155's current affinity list: 18
2121070 2121156 syscall-32       60	pid 2121156's current affinity list: 60
2121070 2121157 syscall-42       70	pid 2121157's current affinity list: 70
2121070 2121158 syscall-20       20	pid 2121158's current affinity list: 20
2121070 2121159 syscall-31       59	pid 2121159's current affinity list: 59
2121070 2121160 syscall-33       61	pid 2121160's current affinity list: 61
2121070 2121161 syscall-41       69	pid 2121161's current affinity list: 69
2121070 2121162 syscall-40       68	pid 2121162's current affinity list: 68
2121070 2121163 syscall-23       23	pid 2121163's current affinity list: 23
2121070 2121164 syscall-37       65	pid 2121164's current affinity list: 65
2121070 2121165 syscall-39       67	pid 2121165's current affinity list: 67
2121070 2121166 syscall-34       62	pid 2121166's current affinity list: 62
2121070 2121167 syscall-36       64	pid 2121167's current affinity list: 64
2121070 2121168 syscall-22       22	pid 2121168's current affinity list: 22
2121070 2121169 syscall-38       66	pid 2121169's current affinity list: 66
2121070 2121170 syscall-45       73	pid 2121170's current affinity list: 73
2121070 2121171 syscall-24       24	pid 2121171's current affinity list: 24
2121070 2121172 syscall-43       71	pid 2121172's current affinity list: 71
2121070 2121173 syscall-26       26	pid 2121173's current affinity list: 26
2121070 2121174 syscall-27       27	pid 2121174's current affinity list: 27
2121070 2121175 syscall-25       25	pid 2121175's current affinity list: 25
2121070 2121176 syscall-47       75	pid 2121176's current affinity list: 75
2121070 2121177 syscall-48       76	pid 2121177's current affinity list: 76
2121070 2121178 syscall-44       72	pid 2121178's current affinity list: 72
2121070 2121179 syscall-50       78	pid 2121179's current affinity list: 78
2121070 2121180 syscall-46       74	pid 2121180's current affinity list: 74
2121070 2121181 syscall-54       82	pid 2121181's current affinity list: 82
2121070 2121182 syscall-53       81	pid 2121182's current affinity list: 81
2121070 2121183 syscall-52       80	pid 2121183's current affinity list: 80
2121070 2121184 syscall-51       79	pid 2121184's current affinity list: 79
2121070 2121185 syscall-55       83	pid 2121185's current affinity list: 83
2121070 2121186 syscall-49       77	pid 2121186's current affinity list: 77
2121070 2121187 crimson-osd       0	pid 2121187's current affinity list: 0
2121070 2121188 reactor-23       23	pid 2121188's current affinity list: 23
2121070 2121189 reactor-34       62	pid 2121189's current affinity list: 62
2121070 2121190 reactor-55       83	pid 2121190's current affinity list: 83
2121070 2121191 reactor-25       25	pid 2121191's current affinity list: 25
2121070 2121192 reactor-20       20	pid 2121192's current affinity list: 20
2121070 2121193 reactor-28       56	pid 2121193's current affinity list: 56
2121070 2121194 reactor-42       70	pid 2121194's current affinity list: 70
2121070 2121195 reactor-6         6	pid 2121195's current affinity list: 6
2121070 2121196 reactor-10       10	pid 2121196's current affinity list: 10
2121070 2121197 reactor-27       27	pid 2121197's current affinity list: 27
2121070 2121198 reactor-7         7	pid 2121198's current affinity list: 7
2121070 2121199 reactor-26       26	pid 2121199's current affinity list: 26
2121070 2121200 reactor-24       24	pid 2121200's current affinity list: 24
2121070 2121201 reactor-33       61	pid 2121201's current affinity list: 61
2121070 2121202 reactor-15       15	pid 2121202's current affinity list: 15
2121070 2121203 reactor-16       16	pid 2121203's current affinity list: 16
2121070 2121204 reactor-29       57	pid 2121204's current affinity list: 57
2121070 2121205 reactor-44       72	pid 2121205's current affinity list: 72
2121070 2121206 reactor-4         4	pid 2121206's current affinity list: 4
2121070 2121207 reactor-18       18	pid 2121207's current affinity list: 18
2121070 2121208 reactor-35       63	pid 2121208's current affinity list: 63
2121070 2121209 reactor-37       65	pid 2121209's current affinity list: 65
2121070 2121210 reactor-1         1	pid 2121210's current affinity list: 1
2121070 2121211 reactor-5         5	pid 2121211's current affinity list: 5
2121070 2121212 reactor-41       69	pid 2121212's current affinity list: 69
2121070 2121213 reactor-40       68	pid 2121213's current affinity list: 68
2121070 2121214 reactor-46       74	pid 2121214's current affinity list: 74
2121070 2121215 reactor-38       66	pid 2121215's current affinity list: 66
2121070 2121216 reactor-52       80	pid 2121216's current affinity list: 80
2121070 2121217 reactor-43       71	pid 2121217's current affinity list: 71
2121070 2121218 reactor-39       67	pid 2121218's current affinity list: 67
2121070 2121219 reactor-2         2	pid 2121219's current affinity list: 2
2121070 2121220 reactor-54       82	pid 2121220's current affinity list: 82
2121070 2121221 reactor-31       59	pid 2121221's current affinity list: 59
2121070 2121222 reactor-13       13	pid 2121222's current affinity list: 13
2121070 2121223 reactor-47       75	pid 2121223's current affinity list: 75
2121070 2121224 reactor-3         3	pid 2121224's current affinity list: 3
2121070 2121225 reactor-9         9	pid 2121225's current affinity list: 9
2121070 2121226 reactor-12       12	pid 2121226's current affinity list: 12
2121070 2121227 reactor-45       73	pid 2121227's current affinity list: 73
2121070 2121228 reactor-17       17	pid 2121228's current affinity list: 17
2121070 2121229 reactor-32       60	pid 2121229's current affinity list: 60
2121070 2121230 reactor-50       78	pid 2121230's current affinity list: 78
2121070 2121231 reactor-36       64	pid 2121231's current affinity list: 64
2121070 2121232 reactor-30       58	pid 2121232's current affinity list: 58
2121070 2121233 reactor-14       14	pid 2121233's current affinity list: 14
2121070 2121234 reactor-22       22	pid 2121234's current affinity list: 22
2121070 2121235 reactor-48       76	pid 2121235's current affinity list: 76
2121070 2121236 reactor-49       77	pid 2121236's current affinity list: 77
2121070 2121237 reactor-21       21	pid 2121237's current affinity list: 21
2121070 2121238 reactor-53       81	pid 2121238's current affinity list: 81
2121070 2121239 reactor-11       11	pid 2121239's current affinity list: 11
2121070 2121240 reactor-19       19	pid 2121240's current affinity list: 19
2121070 2121241 reactor-51       79	pid 2121241's current affinity list: 79
2121070 2121242 reactor-8         8	pid 2121242's current affinity list: 8
