['fio_sea_1osd_56reactor_32fio_bal_osd_rc_1job_1io_4k_randread_p0.json', 'fio_sea_1osd_56reactor_32fio_bal_osd_rc_1job_2io_4k_randread_p0.json', 'fio_sea_1osd_56reactor_32fio_bal_osd_rc_1job_4io_4k_randread_p0.json', 'fio_sea_1osd_56reactor_32fio_bal_osd_rc_1job_8io_4k_randread_p0.json', 'fio_sea_1osd_56reactor_32fio_bal_osd_rc_1job_16io_4k_randread_p0.json', 'fio_sea_1osd_56reactor_32fio_bal_osd_rc_1job_24io_4k_randread_p0.json', 'fio_sea_1osd_56reactor_32fio_bal_osd_rc_1job_32io_4k_randread_p0.json', 'fio_sea_1osd_56reactor_32fio_bal_osd_rc_1job_40io_4k_randread_p0.json', 'fio_sea_1osd_56reactor_32fio_bal_osd_rc_1job_52io_4k_randread_p0.json', 'fio_sea_1osd_56reactor_32fio_bal_osd_rc_1job_64io_4k_randread_p0.json']
loading 10 .json files ...
Num jobs: 1
== fio_sea_1osd_56reactor_32fio_bal_osd_rc_1job_1io_4k_randread_p0.json ==
{'clat_ms': 0.24892640847,
 'clat_stdev': 0.064162713542,
 'iodepth': '1',
 'iops': 126347.944347,
 'jobname': 'randread',
 'sys_cpu': 1.655718,
 'timestamp': '1747152253',
 'total_ios': 37904636,
 'usr_cpu': 1.942979}
Num jobs: 1
== fio_sea_1osd_56reactor_32fio_bal_osd_rc_1job_2io_4k_randread_p0.json ==
{'clat_ms': 0.332198030491,
 'clat_stdev': 0.123666148323,
 'iodepth': '2',
 'iops': 190191.406029,
 'jobname': 'randread',
 'sys_cpu': 2.425937,
 'timestamp': '1747152608',
 'total_ios': 57057612,
 'usr_cpu': 2.830552}
Num jobs: 1
== fio_sea_1osd_56reactor_32fio_bal_osd_rc_1job_4io_4k_randread_p0.json ==
{'clat_ms': 0.454608581199,
 'clat_stdev': 0.194056860444,
 'iodepth': '4',
 'iops': 278786.244046,
 'jobname': 'randread',
 'sys_cpu': 3.373333,
 'timestamp': '1747152972',
 'total_ios': 83636152,
 'usr_cpu': 4.211542}
Num jobs: 1
== fio_sea_1osd_56reactor_32fio_bal_osd_rc_1job_8io_4k_randread_p0.json ==
{'clat_ms': 0.812397913458,
 'clat_stdev': 0.461017216089,
 'iodepth': '8',
 'iops': 313564.51957,
 'jobname': 'randread',
 'sys_cpu': 2.988164,
 'timestamp': '1747153341',
 'total_ios': 94069983,
 'usr_cpu': 3.990883}
Num jobs: 1
== fio_sea_1osd_56reactor_32fio_bal_osd_rc_1job_16io_4k_randread_p0.json ==
{'clat_ms': 1.281721190178,
 'clat_stdev': 1.909583226798,
 'iodepth': '16',
 'iops': 397880.946508,
 'jobname': 'randread',
 'sys_cpu': 3.599757,
 'timestamp': '1747153718',
 'total_ios': 119367467,
 'usr_cpu': 5.387375}
Num jobs: 1
== fio_sea_1osd_56reactor_32fio_bal_osd_rc_1job_24io_4k_randread_p0.json ==
{'clat_ms': 2.139232005177,
 'clat_stdev': 5.904441631371,
 'iodepth': '24',
 'iops': 357806.396347,
 'jobname': 'randread',
 'sys_cpu': 2.738288,
 'timestamp': '1747154092',
 'total_ios': 107347286,
 'usr_cpu': 4.156207}
Num jobs: 1
== fio_sea_1osd_56reactor_32fio_bal_osd_rc_1job_32io_4k_randread_p0.json ==
{'clat_ms': 2.5849707139599998,
 'clat_stdev': 12.861023971247,
 'iodepth': '32',
 'iops': 394166.019511,
 'jobname': 'randread',
 'sys_cpu': 3.477301,
 'timestamp': '1747154468',
 'total_ios': 118262025,
 'usr_cpu': 5.227743}
Num jobs: 1
== fio_sea_1osd_56reactor_32fio_bal_osd_rc_1job_40io_4k_randread_p0.json ==
{'clat_ms': 3.778051434111,
 'clat_stdev': 19.791374429336,
 'iodepth': '40',
 'iops': 336976.986172,
 'jobname': 'randread',
 'sys_cpu': 2.7659,
 'timestamp': '1747154838',
 'total_ios': 101105564,
 'usr_cpu': 3.981388}
Num jobs: 1
== fio_sea_1osd_56reactor_32fio_bal_osd_rc_1job_52io_4k_randread_p0.json ==
{'clat_ms': 4.669683119443,
 'clat_stdev': 26.14610761249,
 'iodepth': '52',
 'iops': 354364.59826,
 'jobname': 'randread',
 'sys_cpu': 3.388884,
 'timestamp': '1747155209',
 'total_ios': 106334185,
 'usr_cpu': 4.932426}
Num jobs: 1
== fio_sea_1osd_56reactor_32fio_bal_osd_rc_1job_64io_4k_randread_p0.json ==
{'clat_ms': 6.272317072563,
 'clat_stdev': 36.536503677075,
 'iodepth': '64',
 'iops': 323955.661905,
 'jobname': 'randread',
 'sys_cpu': 2.735818,
 'timestamp': '1747155578',
 'total_ios': 97205488,
 'usr_cpu': 3.856265}
Note: clat_ns has been converted to milliseconds
Note: bw has been converted to MiBs
 avg_cpu list has: 1 items
Table (after aggregating OSD CPU avg data):
{'OSD_cpu': [4308.149999999964,
             4776.946666666658,
             5163.696666666641,
             5251.899999999949,
             5340.683333333305,
             5349.3866666666145,
             5350.249999999982,
             5327.893333333287,
             5314.443333333297,
             5311.746666666618],
 'OSD_mem': [3491.5299999997046,
             3645.599999999684,
             3645.599999999684,
             3645.599999999684,
             3645.599999999684,
             3661.8400000003166,
             3662.400000000317,
             3662.400000000317,
             3662.400000000317,
             3662.400000000317],
 'clat_ms': [0.24892640847,
             0.332198030491,
             0.454608581199,
             0.812397913458,
             1.281721190178,
             2.139232005177,
             2.5849707139599998,
             3.778051434111,
             4.669683119443,
             6.272317072563],
 'clat_stdev': [0.064162713542,
                0.123666148323,
                0.194056860444,
                0.461017216089,
                1.909583226798,
                5.904441631371,
                12.861023971247,
                19.791374429336,
                26.14610761249,
                36.536503677075],
 'iodepth': ['1', '2', '4', '8', '16',
             '24', '32', '40', '52',
             '64'],
 'iops': [126347.944347, 190191.406029,
          278786.244046, 313564.51957,
          397880.946508, 357806.396347,
          394166.019511, 336976.986172,
          354364.59826, 323955.661905],
 'sys_cpu': [1.655718, 2.425937,
             3.373333, 2.988164,
             3.599757, 2.738288,
             3.477301, 2.7659, 3.388884,
             2.735818],
 'total_ios': [37904636, 57057612,
               83636152, 94069983,
               119367467, 107347286,
               118262025, 101105564,
               106334185, 97205488],
 'usr_cpu': [1.942979, 2.830552,
             4.211542, 3.990883,
             5.387375, 4.156207,
             5.227743, 3.981388,
             4.932426, 3.856265]}
 avg_cpu list has: 1 items
Table (after aggregating FIO CPU avg data):
{'FIO_cpu': [763.1199999999819,
             1183.183333333314,
             1688.3266666666784,
             1619.0299999999952,
             2031.0733333333196,
             1584.8700000000024,
             1966.9600000000005,
             1537.9133333333366,
             1857.7066666666685,
             1507.3366666666711],
 'FIO_mem': [196.49999999997496,
             277.49999999995396,
             409.50000000005747,
             442.4999999999537,
             559.5000000000722,
             535.499999999987,
             567.0000000000083,
             496.50000000002393,
             510.0000000000213,
             472.50000000001967],
 'OSD_cpu': [4308.149999999964,
             4776.946666666658,
             5163.696666666641,
             5251.899999999949,
             5340.683333333305,
             5349.3866666666145,
             5350.249999999982,
             5327.893333333287,
             5314.443333333297,
             5311.746666666618],
 'OSD_mem': [3491.5299999997046,
             3645.599999999684,
             3645.599999999684,
             3645.599999999684,
             3645.599999999684,
             3661.8400000003166,
             3662.400000000317,
             3662.400000000317,
             3662.400000000317,
             3662.400000000317],
 'clat_ms': [0.24892640847,
             0.332198030491,
             0.454608581199,
             0.812397913458,
             1.281721190178,
             2.139232005177,
             2.5849707139599998,
             3.778051434111,
             4.669683119443,
             6.272317072563],
 'clat_stdev': [0.064162713542,
                0.123666148323,
                0.194056860444,
                0.461017216089,
                1.909583226798,
                5.904441631371,
                12.861023971247,
                19.791374429336,
                26.14610761249,
                36.536503677075],
 'iodepth': ['1', '2', '4', '8', '16',
             '24', '32', '40', '52',
             '64'],
 'iops': [126347.944347, 190191.406029,
          278786.244046, 313564.51957,
          397880.946508, 357806.396347,
          394166.019511, 336976.986172,
          354364.59826, 323955.661905],
 'sys_cpu': [1.655718, 2.425937,
             3.373333, 2.988164,
             3.599757, 2.738288,
             3.477301, 2.7659, 3.388884,
             2.735818],
 'total_ios': [37904636, 57057612,
               83636152, 94069983,
               119367467, 107347286,
               118262025, 101105564,
               106334185, 97205488],
 'usr_cpu': [1.942979, 2.830552,
             4.211542, 3.990883,
             5.387375, 4.156207,
             5.227743, 3.981388,
             4.932426, 3.856265]}
 Wiki table: sea_1osd_56reactor_32fio_bal_osd_rc_1procs_randread
{| class="wikitable"
|- 
 ! colspan="11"  | 
        sea_1osd_56reactor_32fio_bal_osd_rc_1procs_randread
|-
! iodepth !! iops !! total_ios !! clat_ms !! clat_stdev !! usr_cpu !! sys_cpu !! OSD_cpu !! OSD_mem !! FIO_cpu !! FIO_mem
|-
 | 1  || 126347.94  || 37904636.00  || 0.25  || 0.06  || 1.94  || 1.66  || 4308.15  || 3491.53  || 763.12  || 196.50 
|-
 | 2  || 190191.41  || 57057612.00  || 0.33  || 0.12  || 2.83  || 2.43  || 4776.95  || 3645.60  || 1183.18  || 277.50 
|-
 | 4  || 278786.24  || 83636152.00  || 0.45  || 0.19  || 4.21  || 3.37  || 5163.70  || 3645.60  || 1688.33  || 409.50 
|-
 | 8  || 313564.52  || 94069983.00  || 0.81  || 0.46  || 3.99  || 2.99  || 5251.90  || 3645.60  || 1619.03  || 442.50 
|-
 | 16  || 397880.95  || 119367467.00  || 1.28  || 1.91  || 5.39  || 3.60  || 5340.68  || 3645.60  || 2031.07  || 559.50 
|-
 | 24  || 357806.40  || 107347286.00  || 2.14  || 5.90  || 4.16  || 2.74  || 5349.39  || 3661.84  || 1584.87  || 535.50 
|-
 | 32  || 394166.02  || 118262025.00  || 2.58  || 12.86  || 5.23  || 3.48  || 5350.25  || 3662.40  || 1966.96  || 567.00 
|-
 | 40  || 336976.99  || 101105564.00  || 3.78  || 19.79  || 3.98  || 2.77  || 5327.89  || 3662.40  || 1537.91  || 496.50 
|-
 | 52  || 354364.60  || 106334185.00  || 4.67  || 26.15  || 4.93  || 3.39  || 5314.44  || 3662.40  || 1857.71  || 510.00 
|-
 | 64  || 323955.66  || 97205488.00  || 6.27  || 36.54  || 3.86  || 2.74  || 5311.75  || 3662.40  || 1507.34  || 472.50 
|-
|}


\begin{table}[h!]
\centering
\begin{tabular}[t]{*{11 }{|c|}}
\hline 
iodepth & iops & total\_ios & clat\_ms & clat\_stdev & usr\_cpu & sys\_cpu & OSD\_cpu & OSD\_mem & FIO\_cpu & FIO\_mem\\
\hline
1  & 126347.94  & 37904636.00  & 0.25  & 0.06  & 1.94  & 1.66  & 4308.15  & 3491.53  & 763.12  & 196.50 \\
\hline
2  & 190191.41  & 57057612.00  & 0.33  & 0.12  & 2.83  & 2.43  & 4776.95  & 3645.60  & 1183.18  & 277.50 \\
\hline
4  & 278786.24  & 83636152.00  & 0.45  & 0.19  & 4.21  & 3.37  & 5163.70  & 3645.60  & 1688.33  & 409.50 \\
\hline
8  & 313564.52  & 94069983.00  & 0.81  & 0.46  & 3.99  & 2.99  & 5251.90  & 3645.60  & 1619.03  & 442.50 \\
\hline
16  & 397880.95  & 119367467.00  & 1.28  & 1.91  & 5.39  & 3.60  & 5340.68  & 3645.60  & 2031.07  & 559.50 \\
\hline
24  & 357806.40  & 107347286.00  & 2.14  & 5.90  & 4.16  & 2.74  & 5349.39  & 3661.84  & 1584.87  & 535.50 \\
\hline
32  & 394166.02  & 118262025.00  & 2.58  & 12.86  & 5.23  & 3.48  & 5350.25  & 3662.40  & 1966.96  & 567.00 \\
\hline
40  & 336976.99  & 101105564.00  & 3.78  & 19.79  & 3.98  & 2.77  & 5327.89  & 3662.40  & 1537.91  & 496.50 \\
\hline
52  & 354364.60  & 106334185.00  & 4.67  & 26.15  & 4.93  & 3.39  & 5314.44  & 3662.40  & 1857.71  & 510.00 \\
\hline
64  & 323955.66  & 97205488.00  & 6.27  & 36.54  & 3.86  & 2.74  & 5311.75  & 3662.40  & 1507.34  & 472.50 \\
\hline

\hline
\end{tabular}
\caption{Performance Throughput vs Latency vs CPU util: sea_1osd_56reactor_32fio_bal_osd_rc_1procs_randread.}
\label{table:iops-lat-cpu-sea_1osd_56reactor_32fio_bal_osd_rc_1procs_randread}
\end{table}

Done
