1270878 1270878 perf-crimson-ms   4	pid 1270878's current affinity list: 4
1270878 1270880 reactor-1         5	pid 1270880's current affinity list: 5
1270878 1270881 reactor-2         6	pid 1270881's current affinity list: 6
1270878 1270882 reactor-3         7	pid 1270882's current affinity list: 7
1270878 1270883 reactor-4        32	pid 1270883's current affinity list: 32
1270878 1270884 reactor-5        33	pid 1270884's current affinity list: 33
1270878 1270885 reactor-6        34	pid 1270885's current affinity list: 34
1270878 1270886 reactor-7        35	pid 1270886's current affinity list: 35
1270878 1270887 reactor-8        60	pid 1270887's current affinity list: 60
1270878 1270888 reactor-9        61	pid 1270888's current affinity list: 61
1270878 1270889 reactor-10       62	pid 1270889's current affinity list: 62
1270878 1270890 reactor-11       63	pid 1270890's current affinity list: 63
1270878 1270891 reactor-12       88	pid 1270891's current affinity list: 88
1270878 1270892 reactor-13       89	pid 1270892's current affinity list: 89
1270878 1270893 reactor-14       90	pid 1270893's current affinity list: 90
1270878 1270894 reactor-15       91	pid 1270894's current affinity list: 91
1270878 1270895 syscall-0         4	pid 1270895's current affinity list: 4
1270878 1270896 syscall-8        60	pid 1270896's current affinity list: 60
1270878 1270897 syscall-9        61	pid 1270897's current affinity list: 61
1270878 1270898 syscall-13       89	pid 1270898's current affinity list: 89
1270878 1270899 syscall-7        35	pid 1270899's current affinity list: 35
1270878 1270900 syscall-11       63	pid 1270900's current affinity list: 63
1270878 1270901 syscall-4        32	pid 1270901's current affinity list: 32
1270878 1270902 syscall-1         5	pid 1270902's current affinity list: 5
1270878 1270903 syscall-14       90	pid 1270903's current affinity list: 90
1270878 1270904 syscall-3         7	pid 1270904's current affinity list: 7
1270878 1270905 syscall-2         6	pid 1270905's current affinity list: 6
1270878 1270906 syscall-5        33	pid 1270906's current affinity list: 33
1270878 1270907 syscall-6        34	pid 1270907's current affinity list: 34
1270878 1270908 syscall-10       62	pid 1270908's current affinity list: 62
1270878 1270909 syscall-12       88	pid 1270909's current affinity list: 88
1270878 1270910 syscall-15       91	pid 1270910's current affinity list: 91
