1270846 1270846 perf-async-msgr  30	pid 1270846's current affinity list: 0-3,28-31,56-59,84-87
1270846 1270848 log              28	pid 1270848's current affinity list: 0-3,28-31,56-59,84-87
1270846 1270849 service          29	pid 1270849's current affinity list: 0-3,28-31,56-59,84-87
1270846 1270850 admin_socket     31	pid 1270850's current affinity list: 0-3,28-31,56-59,84-87
1270846 1270851 msgr-worker-0    28	pid 1270851's current affinity list: 0-3,28-31,56-59,84-87
1270846 1270852 msgr-worker-1    29	pid 1270852's current affinity list: 0-3,28-31,56-59,84-87
1270846 1270853 msgr-worker-2    31	pid 1270853's current affinity list: 0-3,28-31,56-59,84-87
1270846 1270854 msgr-worker-3    57	pid 1270854's current affinity list: 0-3,28-31,56-59,84-87
1270846 1270855 msgr-worker-4    29	pid 1270855's current affinity list: 0-3,28-31,56-59,84-87
1270846 1270856 msgr-worker-5    28	pid 1270856's current affinity list: 0-3,28-31,56-59,84-87
1270846 1270857 msgr-worker-6    31	pid 1270857's current affinity list: 0-3,28-31,56-59,84-87
1270846 1270858 msgr-worker-7    29	pid 1270858's current affinity list: 0-3,28-31,56-59,84-87
1270846 1270859 msgr-worker-8    28	pid 1270859's current affinity list: 0-3,28-31,56-59,84-87
1270846 1270860 msgr-worker-9    31	pid 1270860's current affinity list: 0-3,28-31,56-59,84-87
1270846 1270861 msgr-worker-10   28	pid 1270861's current affinity list: 0-3,28-31,56-59,84-87
1270846 1270862 msgr-worker-11   29	pid 1270862's current affinity list: 0-3,28-31,56-59,84-87
1270846 1270863 msgr-worker-12   31	pid 1270863's current affinity list: 0-3,28-31,56-59,84-87
1270846 1270864 msgr-worker-13   29	pid 1270864's current affinity list: 0-3,28-31,56-59,84-87
1270846 1270865 msgr-worker-14   28	pid 1270865's current affinity list: 0-3,28-31,56-59,84-87
1270846 1270866 msgr-worker-15   31	pid 1270866's current affinity list: 0-3,28-31,56-59,84-87
1270846 1270867 ms_dispatch      29	pid 1270867's current affinity list: 0-3,28-31,56-59,84-87
1270846 1270868 ms_local         28	pid 1270868's current affinity list: 0-3,28-31,56-59,84-87
