['fio_sea_1osd_56reactor_32fio_bal_osd_rc_1job_1io_64k_seqread_p0.json', 'fio_sea_1osd_56reactor_32fio_bal_osd_rc_1job_2io_64k_seqread_p0.json', 'fio_sea_1osd_56reactor_32fio_bal_osd_rc_1job_4io_64k_seqread_p0.json', 'fio_sea_1osd_56reactor_32fio_bal_osd_rc_1job_8io_64k_seqread_p0.json', 'fio_sea_1osd_56reactor_32fio_bal_osd_rc_1job_16io_64k_seqread_p0.json', 'fio_sea_1osd_56reactor_32fio_bal_osd_rc_1job_24io_64k_seqread_p0.json', 'fio_sea_1osd_56reactor_32fio_bal_osd_rc_1job_24io_64k_seqread_p0.json', 'fio_sea_1osd_56reactor_32fio_bal_osd_rc_1job_24io_64k_seqread_p0.json', 'fio_sea_1osd_56reactor_32fio_bal_osd_rc_1job_32io_64k_seqread_p0.json', 'fio_sea_1osd_56reactor_32fio_bal_osd_rc_1job_32io_64k_seqread_p0.json', 'fio_sea_1osd_56reactor_32fio_bal_osd_rc_1job_32io_64k_seqread_p0.json', 'fio_sea_1osd_56reactor_32fio_bal_osd_rc_1job_40io_64k_seqread_p0.json', 'fio_sea_1osd_56reactor_32fio_bal_osd_rc_1job_40io_64k_seqread_p0.json', 'fio_sea_1osd_56reactor_32fio_bal_osd_rc_1job_40io_64k_seqread_p0.json', 'fio_sea_1osd_56reactor_32fio_bal_osd_rc_1job_52io_64k_seqread_p0.json', 'fio_sea_1osd_56reactor_32fio_bal_osd_rc_1job_52io_64k_seqread_p0.json', 'fio_sea_1osd_56reactor_32fio_bal_osd_rc_1job_52io_64k_seqread_p0.json', 'fio_sea_1osd_56reactor_32fio_bal_osd_rc_1job_64io_64k_seqread_p0.json', 'fio_sea_1osd_56reactor_32fio_bal_osd_rc_1job_64io_64k_seqread_p0.json', 'fio_sea_1osd_56reactor_32fio_bal_osd_rc_1job_64io_64k_seqread_p0.json']
loading 20 .json files ...
Num jobs: 1
== fio_sea_1osd_56reactor_32fio_bal_osd_rc_1job_1io_64k_seqread_p0.json ==
{'bw': 1510.731,
 'clat_ms': 1.350845068596,
 'clat_stdev': 0.757302710856,
 'iodepth': '1',
 'jobname': 'read',
 'sys_cpu': 0.381458,
 'timestamp': '1750941700',
 'total_ios': 7081626,
 'usr_cpu': 0.423489}
Num jobs: 1
== fio_sea_1osd_56reactor_32fio_bal_osd_rc_1job_2io_64k_seqread_p0.json ==
{'bw': 1724.663,
 'clat_ms': 2.370538270217,
 'clat_stdev': 1.565071884909,
 'iodepth': '2',
 'jobname': 'read',
 'sys_cpu': 0.412623,
 'timestamp': '1750942032',
 'total_ios': 8084463,
 'usr_cpu': 0.442623}
Num jobs: 1
== fio_sea_1osd_56reactor_32fio_bal_osd_rc_1job_4io_64k_seqread_p0.json ==
{'bw': 1808.176,
 'clat_ms': 4.526288672775,
 'clat_stdev': 3.2571622538239997,
 'iodepth': '4',
 'jobname': 'read',
 'sys_cpu': 0.403974,
 'timestamp': '1750942364',
 'total_ios': 8476012,
 'usr_cpu': 0.443161}
Num jobs: 1
== fio_sea_1osd_56reactor_32fio_bal_osd_rc_1job_8io_64k_seqread_p0.json ==
{'bw': 1115.592,
 'clat_ms': 14.677258330218,
 'clat_stdev': 8.239211995875,
 'iodepth': '8',
 'jobname': 'read',
 'sys_cpu': 0.4003,
 'timestamp': '1750942707',
 'total_ios': 5229553,
 'usr_cpu': 0.50413}
Num jobs: 1
== fio_sea_1osd_56reactor_32fio_bal_osd_rc_1job_16io_64k_seqread_p0.json ==
{'bw': 2003.915,
 'clat_ms': 16.347327399412002,
 'clat_stdev': 16.591422865293,
 'iodepth': '16',
 'jobname': 'read',
 'sys_cpu': 0.426651,
 'timestamp': '1750943040',
 'total_ios': 9394189,
 'usr_cpu': 0.459086}
Num jobs: 1
== fio_sea_1osd_56reactor_32fio_bal_osd_rc_1job_24io_64k_seqread_p0.json ==
{'bw': 2097.545,
 'clat_ms': 23.426014027332002,
 'clat_stdev': 25.544217988487002,
 'iodepth': '24',
 'jobname': 'read',
 'sys_cpu': 0.467837,
 'timestamp': '1750944036',
 'total_ios': 9834721,
 'usr_cpu': 0.487834}
Num jobs: 1
== fio_sea_1osd_56reactor_32fio_bal_osd_rc_1job_24io_64k_seqread_p0.json ==
{'bw': 2097.545,
 'clat_ms': 23.426014027332002,
 'clat_stdev': 25.544217988487002,
 'iodepth': '24',
 'jobname': 'read',
 'sys_cpu': 0.467837,
 'timestamp': '1750944036',
 'total_ios': 9834721,
 'usr_cpu': 0.487834}
Num jobs: 1
== fio_sea_1osd_56reactor_32fio_bal_osd_rc_1job_24io_64k_seqread_p0.json ==
{'bw': 2097.545,
 'clat_ms': 23.426014027332002,
 'clat_stdev': 25.544217988487002,
 'iodepth': '24',
 'jobname': 'read',
 'sys_cpu': 0.467837,
 'timestamp': '1750944036',
 'total_ios': 9834721,
 'usr_cpu': 0.487834}
Num jobs: 1
== fio_sea_1osd_56reactor_32fio_bal_osd_rc_1job_32io_64k_seqread_p0.json ==
{'bw': 2191.218,
 'clat_ms': 29.902664255806,
 'clat_stdev': 35.234156119735005,
 'iodepth': '32',
 'jobname': 'read',
 'sys_cpu': 0.454639,
 'timestamp': '1750945034',
 'total_ios': 10273631,
 'usr_cpu': 0.473646}
Num jobs: 1
== fio_sea_1osd_56reactor_32fio_bal_osd_rc_1job_32io_64k_seqread_p0.json ==
{'bw': 2191.218,
 'clat_ms': 29.902664255806,
 'clat_stdev': 35.234156119735005,
 'iodepth': '32',
 'jobname': 'read',
 'sys_cpu': 0.454639,
 'timestamp': '1750945034',
 'total_ios': 10273631,
 'usr_cpu': 0.473646}
Num jobs: 1
== fio_sea_1osd_56reactor_32fio_bal_osd_rc_1job_32io_64k_seqread_p0.json ==
{'bw': 2191.218,
 'clat_ms': 29.902664255806,
 'clat_stdev': 35.234156119735005,
 'iodepth': '32',
 'jobname': 'read',
 'sys_cpu': 0.454639,
 'timestamp': '1750945034',
 'total_ios': 10273631,
 'usr_cpu': 0.473646}
Num jobs: 1
== fio_sea_1osd_56reactor_32fio_bal_osd_rc_1job_40io_64k_seqread_p0.json ==
{'bw': 2237.317,
 'clat_ms': 36.609293228168006,
 'clat_stdev': 49.373829834450994,
 'iodepth': '40',
 'jobname': 'read',
 'sys_cpu': 0.45954,
 'timestamp': '1750946031',
 'total_ios': 10490235,
 'usr_cpu': 0.47533}
Num jobs: 1
== fio_sea_1osd_56reactor_32fio_bal_osd_rc_1job_40io_64k_seqread_p0.json ==
{'bw': 2237.317,
 'clat_ms': 36.609293228168006,
 'clat_stdev': 49.373829834450994,
 'iodepth': '40',
 'jobname': 'read',
 'sys_cpu': 0.45954,
 'timestamp': '1750946031',
 'total_ios': 10490235,
 'usr_cpu': 0.47533}
Num jobs: 1
== fio_sea_1osd_56reactor_32fio_bal_osd_rc_1job_40io_64k_seqread_p0.json ==
{'bw': 2237.317,
 'clat_ms': 36.609293228168006,
 'clat_stdev': 49.373829834450994,
 'iodepth': '40',
 'jobname': 'read',
 'sys_cpu': 0.45954,
 'timestamp': '1750946031',
 'total_ios': 10490235,
 'usr_cpu': 0.47533}
Num jobs: 1
== fio_sea_1osd_56reactor_32fio_bal_osd_rc_1job_52io_64k_seqread_p0.json ==
{'bw': 2078.002,
 'clat_ms': 43.197111060687995,
 'clat_stdev': 63.360663623012,
 'iodepth': '52',
 'jobname': 'read',
 'sys_cpu': 0.575846,
 'timestamp': '1750947028',
 'total_ios': 9742412,
 'usr_cpu': 0.58577}
Num jobs: 1
== fio_sea_1osd_56reactor_32fio_bal_osd_rc_1job_52io_64k_seqread_p0.json ==
{'bw': 2078.002,
 'clat_ms': 43.197111060687995,
 'clat_stdev': 63.360663623012,
 'iodepth': '52',
 'jobname': 'read',
 'sys_cpu': 0.575846,
 'timestamp': '1750947028',
 'total_ios': 9742412,
 'usr_cpu': 0.58577}
Num jobs: 1
== fio_sea_1osd_56reactor_32fio_bal_osd_rc_1job_52io_64k_seqread_p0.json ==
{'bw': 2078.002,
 'clat_ms': 43.197111060687995,
 'clat_stdev': 63.360663623012,
 'iodepth': '52',
 'jobname': 'read',
 'sys_cpu': 0.575846,
 'timestamp': '1750947028',
 'total_ios': 9742412,
 'usr_cpu': 0.58577}
Num jobs: 1
== fio_sea_1osd_56reactor_32fio_bal_osd_rc_1job_64io_64k_seqread_p0.json ==
{'bw': 2231.634,
 'clat_ms': 34.486521986803005,
 'clat_stdev': 46.958115435390006,
 'iodepth': '64',
 'jobname': 'read',
 'sys_cpu': 0.79802,
 'timestamp': '1750948036',
 'total_ios': 10464103,
 'usr_cpu': 0.730827}
Num jobs: 1
== fio_sea_1osd_56reactor_32fio_bal_osd_rc_1job_64io_64k_seqread_p0.json ==
{'bw': 2231.634,
 'clat_ms': 34.486521986803005,
 'clat_stdev': 46.958115435390006,
 'iodepth': '64',
 'jobname': 'read',
 'sys_cpu': 0.79802,
 'timestamp': '1750948036',
 'total_ios': 10464103,
 'usr_cpu': 0.730827}
Num jobs: 1
== fio_sea_1osd_56reactor_32fio_bal_osd_rc_1job_64io_64k_seqread_p0.json ==
{'bw': 2231.634,
 'clat_ms': 34.486521986803005,
 'clat_stdev': 46.958115435390006,
 'iodepth': '64',
 'jobname': 'read',
 'sys_cpu': 0.79802,
 'timestamp': '1750948036',
 'total_ios': 10464103,
 'usr_cpu': 0.730827}
Note: clat_ns has been converted to milliseconds
Note: bw has been converted to MiBs
 avg_cpu list has: 1 items
Table (after aggregating OSD CPU avg data):
{'OSD_cpu': [2799.426666666662,
             3018.0866666666543,
             3050.9833333333236,
             2044.4566666666672,
             3168.163333333328,
             3299.1900000000023,
             3262.1800000000007,
             3344.7900000000013,
             3321.8700000000035,
             3420.150000000003,
             3427.3166666666743,
             3548.5899999999947,
             3541.7666666666755,
             3503.809999999997,
             3584.0266666666676,
             3927.61000000001,
             3202.7833333333297,
             2632.249999999995,
             3422.1733333333314,
             3180.82999999999],
 'OSD_mem': [5964.443333333866,
             6232.800000000574,
             6232.800000000574,
             6232.800000000574,
             6232.800000000574,
             6232.800000000574,
             6232.800000000574,
             6232.800000000574,
             6232.800000000574,
             6232.800000000574,
             6232.800000000574,
             6232.800000000574,
             6232.800000000574,
             6232.800000000574,
             6232.800000000574,
             6232.800000000574,
             6232.800000000574,
             6232.800000000574,
             6232.800000000574,
             6232.800000000574],
 'bw': [1510.731, 1724.663, 1808.176,
        1115.592, 2003.915, 2097.545,
        2191.218, 2237.317, 2078.002,
        2231.634],
 'clat_ms': [1.350845068596,
             2.370538270217,
             4.526288672775,
             14.677258330218,
             16.347327399412002,
             23.426014027332002,
             29.902664255806,
             36.609293228168006,
             43.197111060687995,
             34.486521986803005],
 'clat_stdev': [0.757302710856,
                1.565071884909,
                3.2571622538239997,
                8.239211995875,
                16.591422865293,
                25.544217988487002,
                35.234156119735005,
                49.373829834450994,
                63.360663623012,
                46.958115435390006],
 'iodepth': ['1', '2', '4', '8', '16',
             '24', '32', '40', '52',
             '64'],
 'sys_cpu': [0.381458, 0.412623,
             0.403974, 0.4003, 0.426651,
             0.467837, 0.454639, 0.45954,
             0.575846, 0.79802],
 'total_ios': [7081626, 8084463, 8476012,
               5229553, 9394189, 9834721,
               10273631, 10490235,
               9742412, 10464103],
 'usr_cpu': [0.423489, 0.442623,
             0.443161, 0.50413, 0.459086,
             0.487834, 0.473646, 0.47533,
             0.58577, 0.730827]}
 avg_cpu list has: 1 items
Table (after aggregating FIO CPU avg data):
{'FIO_cpu': [265.76000000000244,
             308.17000000000195,
             319.23000000000235,
             304.20666666667404,
             349.3600000000031,
             369.8533333333352,
             356.56000000000205,
             360.370000000003,
             371.8866666666689,
             359.4966666666691,
             355.0566666666685,
             369.2600000000038,
             366.92666666666827,
             362.5366666666684,
             373.826666666668,
             401.7599999999994,
             375.67333333333386,
             367.4700000000027,
             377.5366666666674,
             361.61333333333357],
 'FIO_mem': [0.0, 0.0, 0.0, 0.0,
             43.49999999999695,
             44.99999999999559,
             44.99999999999559,
             44.99999999999559,
             44.99999999999559,
             44.99999999999559,
             44.99999999999559,
             44.99999999999559,
             44.99999999999559,
             44.99999999999559,
             44.99999999999559,
             44.99999999999559,
             41.63999999999864,
             37.72000000000221,
             41.07999999999915,
             29.880000000004507],
 'OSD_cpu': [2799.426666666662,
             3018.0866666666543,
             3050.9833333333236,
             2044.4566666666672,
             3168.163333333328,
             3299.1900000000023,
             3262.1800000000007,
             3344.7900000000013,
             3321.8700000000035,
             3420.150000000003,
             3427.3166666666743,
             3548.5899999999947,
             3541.7666666666755,
             3503.809999999997,
             3584.0266666666676,
             3927.61000000001,
             3202.7833333333297,
             2632.249999999995,
             3422.1733333333314,
             3180.82999999999],
 'OSD_mem': [5964.443333333866,
             6232.800000000574,
             6232.800000000574,
             6232.800000000574,
             6232.800000000574,
             6232.800000000574,
             6232.800000000574,
             6232.800000000574,
             6232.800000000574,
             6232.800000000574,
             6232.800000000574,
             6232.800000000574,
             6232.800000000574,
             6232.800000000574,
             6232.800000000574,
             6232.800000000574,
             6232.800000000574,
             6232.800000000574,
             6232.800000000574,
             6232.800000000574],
 'bw': [1510.731, 1724.663, 1808.176,
        1115.592, 2003.915, 2097.545,
        2191.218, 2237.317, 2078.002,
        2231.634],
 'clat_ms': [1.350845068596,
             2.370538270217,
             4.526288672775,
             14.677258330218,
             16.347327399412002,
             23.426014027332002,
             29.902664255806,
             36.609293228168006,
             43.197111060687995,
             34.486521986803005],
 'clat_stdev': [0.757302710856,
                1.565071884909,
                3.2571622538239997,
                8.239211995875,
                16.591422865293,
                25.544217988487002,
                35.234156119735005,
                49.373829834450994,
                63.360663623012,
                46.958115435390006],
 'iodepth': ['1', '2', '4', '8', '16',
             '24', '32', '40', '52',
             '64'],
 'sys_cpu': [0.381458, 0.412623,
             0.403974, 0.4003, 0.426651,
             0.467837, 0.454639, 0.45954,
             0.575846, 0.79802],
 'total_ios': [7081626, 8084463, 8476012,
               5229553, 9394189, 9834721,
               10273631, 10490235,
               9742412, 10464103],
 'usr_cpu': [0.423489, 0.442623,
             0.443161, 0.50413, 0.459086,
             0.487834, 0.473646, 0.47533,
             0.58577, 0.730827]}
 Wiki table: sea_1osd_56reactor_32fio_bal_osd_rc_1procs_seqread
{| class="wikitable"
|- 
 ! colspan="11"  | 
        sea_1osd_56reactor_32fio_bal_osd_rc_1procs_seqread
|-
! iodepth !! bw !! total_ios !! clat_ms !! clat_stdev !! usr_cpu !! sys_cpu !! OSD_cpu !! OSD_mem !! FIO_cpu !! FIO_mem
|-
 | 1  || 1510.73  || 7081626.00  || 1.35  || 0.76  || 0.42  || 0.38  || 2799.43  || 5964.44  || 265.76  || 0.00 
|-
 | 2  || 1724.66  || 8084463.00  || 2.37  || 1.57  || 0.44  || 0.41  || 3018.09  || 6232.80  || 308.17  || 0.00 
|-
 | 4  || 1808.18  || 8476012.00  || 4.53  || 3.26  || 0.44  || 0.40  || 3050.98  || 6232.80  || 319.23  || 0.00 
|-
 | 8  || 1115.59  || 5229553.00  || 14.68  || 8.24  || 0.50  || 0.40  || 2044.46  || 6232.80  || 304.21  || 0.00 
|-
 | 16  || 2003.91  || 9394189.00  || 16.35  || 16.59  || 0.46  || 0.43  || 3168.16  || 6232.80  || 349.36  || 43.50 
|-
 | 24  || 2097.55  || 9834721.00  || 23.43  || 25.54  || 0.49  || 0.47  || 3299.19  || 6232.80  || 369.85  || 45.00 
|-
 | 32  || 2191.22  || 10273631.00  || 29.90  || 35.23  || 0.47  || 0.45  || 3262.18  || 6232.80  || 356.56  || 45.00 
|-
 | 40  || 2237.32  || 10490235.00  || 36.61  || 49.37  || 0.48  || 0.46  || 3344.79  || 6232.80  || 360.37  || 45.00 
|-
 | 52  || 2078.00  || 9742412.00  || 43.20  || 63.36  || 0.59  || 0.58  || 3321.87  || 6232.80  || 371.89  || 45.00 
|-
 | 64  || 2231.63  || 10464103.00  || 34.49  || 46.96  || 0.73  || 0.80  || 3420.15  || 6232.80  || 359.50  || 45.00 
|-
|}


\begin{table}[h!]
\centering
\begin{tabular}[t]{*{11 }{|c|}}
\hline 
iodepth & bw & total\_ios & clat\_ms & clat\_stdev & usr\_cpu & sys\_cpu & OSD\_cpu & OSD\_mem & FIO\_cpu & FIO\_mem\\
\hline
1  & 1510.73  & 7081626.00  & 1.35  & 0.76  & 0.42  & 0.38  & 2799.43  & 5964.44  & 265.76  & 0.00 \\
\hline
2  & 1724.66  & 8084463.00  & 2.37  & 1.57  & 0.44  & 0.41  & 3018.09  & 6232.80  & 308.17  & 0.00 \\
\hline
4  & 1808.18  & 8476012.00  & 4.53  & 3.26  & 0.44  & 0.40  & 3050.98  & 6232.80  & 319.23  & 0.00 \\
\hline
8  & 1115.59  & 5229553.00  & 14.68  & 8.24  & 0.50  & 0.40  & 2044.46  & 6232.80  & 304.21  & 0.00 \\
\hline
16  & 2003.91  & 9394189.00  & 16.35  & 16.59  & 0.46  & 0.43  & 3168.16  & 6232.80  & 349.36  & 43.50 \\
\hline
24  & 2097.55  & 9834721.00  & 23.43  & 25.54  & 0.49  & 0.47  & 3299.19  & 6232.80  & 369.85  & 45.00 \\
\hline
32  & 2191.22  & 10273631.00  & 29.90  & 35.23  & 0.47  & 0.45  & 3262.18  & 6232.80  & 356.56  & 45.00 \\
\hline
40  & 2237.32  & 10490235.00  & 36.61  & 49.37  & 0.48  & 0.46  & 3344.79  & 6232.80  & 360.37  & 45.00 \\
\hline
52  & 2078.00  & 9742412.00  & 43.20  & 63.36  & 0.59  & 0.58  & 3321.87  & 6232.80  & 371.89  & 45.00 \\
\hline
64  & 2231.63  & 10464103.00  & 34.49  & 46.96  & 0.73  & 0.80  & 3420.15  & 6232.80  & 359.50  & 45.00 \\
\hline

\hline
\end{tabular}
\caption{Performance Throughput vs Latency vs CPU util: sea_1osd_56reactor_32fio_bal_osd_rc_1procs_seqread.}
\label{table:iops-lat-cpu-sea_1osd_56reactor_32fio_bal_osd_rc_1procs_seqread}
\end{table}

Done
