1267781 1267781 perf-crimson-ms   7	pid 1267781's current affinity list: 7
1267781 1267783 reactor-1         8	pid 1267783's current affinity list: 8
1267781 1267784 reactor-2         9	pid 1267784's current affinity list: 9
1267781 1267785 reactor-3        10	pid 1267785's current affinity list: 10
1267781 1267786 reactor-4        11	pid 1267786's current affinity list: 11
1267781 1267787 reactor-5        12	pid 1267787's current affinity list: 12
1267781 1267788 reactor-6        13	pid 1267788's current affinity list: 13
1267781 1267789 reactor-7        35	pid 1267789's current affinity list: 35
1267781 1267790 reactor-8        36	pid 1267790's current affinity list: 36
1267781 1267791 reactor-9        37	pid 1267791's current affinity list: 37
1267781 1267792 reactor-10       38	pid 1267792's current affinity list: 38
1267781 1267793 reactor-11       39	pid 1267793's current affinity list: 39
1267781 1267794 reactor-12       40	pid 1267794's current affinity list: 40
1267781 1267795 reactor-13       41	pid 1267795's current affinity list: 41
1267781 1267796 reactor-14       63	pid 1267796's current affinity list: 63
1267781 1267797 reactor-15       64	pid 1267797's current affinity list: 64
1267781 1267798 reactor-16       65	pid 1267798's current affinity list: 65
1267781 1267799 reactor-17       66	pid 1267799's current affinity list: 66
1267781 1267800 reactor-18       67	pid 1267800's current affinity list: 67
1267781 1267801 reactor-19       68	pid 1267801's current affinity list: 68
1267781 1267802 reactor-20       69	pid 1267802's current affinity list: 69
1267781 1267803 reactor-21       91	pid 1267803's current affinity list: 91
1267781 1267804 reactor-22       92	pid 1267804's current affinity list: 92
1267781 1267805 reactor-23       93	pid 1267805's current affinity list: 93
1267781 1267806 reactor-24       94	pid 1267806's current affinity list: 94
1267781 1267807 reactor-25       95	pid 1267807's current affinity list: 95
1267781 1267808 reactor-26       96	pid 1267808's current affinity list: 96
1267781 1267809 reactor-27       97	pid 1267809's current affinity list: 97
1267781 1267810 syscall-0         7	pid 1267810's current affinity list: 7
1267781 1267811 syscall-14       63	pid 1267811's current affinity list: 63
1267781 1267812 syscall-7        35	pid 1267812's current affinity list: 35
1267781 1267813 syscall-25       95	pid 1267813's current affinity list: 95
1267781 1267814 syscall-1         8	pid 1267814's current affinity list: 8
1267781 1267815 syscall-11       39	pid 1267815's current affinity list: 39
1267781 1267816 syscall-24       94	pid 1267816's current affinity list: 94
1267781 1267817 syscall-21       91	pid 1267817's current affinity list: 91
1267781 1267818 syscall-13       41	pid 1267818's current affinity list: 41
1267781 1267819 syscall-23       93	pid 1267819's current affinity list: 93
1267781 1267820 syscall-5        12	pid 1267820's current affinity list: 12
1267781 1267821 syscall-16       65	pid 1267821's current affinity list: 65
1267781 1267822 syscall-8        36	pid 1267822's current affinity list: 36
1267781 1267823 syscall-4        11	pid 1267823's current affinity list: 11
1267781 1267824 syscall-10       38	pid 1267824's current affinity list: 38
1267781 1267825 syscall-27       97	pid 1267825's current affinity list: 97
1267781 1267826 syscall-15       64	pid 1267826's current affinity list: 64
1267781 1267827 syscall-22       92	pid 1267827's current affinity list: 92
1267781 1267828 syscall-9        37	pid 1267828's current affinity list: 37
1267781 1267829 syscall-2         9	pid 1267829's current affinity list: 9
1267781 1267830 syscall-17       66	pid 1267830's current affinity list: 66
1267781 1267831 syscall-12       40	pid 1267831's current affinity list: 40
1267781 1267832 syscall-26       96	pid 1267832's current affinity list: 96
1267781 1267833 syscall-19       68	pid 1267833's current affinity list: 68
1267781 1267834 syscall-18       67	pid 1267834's current affinity list: 67
1267781 1267835 syscall-20       69	pid 1267835's current affinity list: 69
1267781 1267836 syscall-6        13	pid 1267836's current affinity list: 13
1267781 1267837 syscall-3        10	pid 1267837's current affinity list: 10
