4(2.00005)         0IOPS       -1MiB/s 37(0) 20(0) 20(0) 26(0) 32(0) 31(0) 30(0) 23(0) 27(0) 22(0) 32(0) 34(0) 31(0) 28(0) 32(0) 23(0) 21(0) 20(0) 30(0) 30(0) 32(0) 24(0) 21(0) 20(0) 25(0) 30(0) 29(0) 26(0) 
6(2.00519)   42132.6IOPS   164.58MiB/s 0(2) 1(2) 1(2) 0(2) 0(2) 0(2) 0(2) 0(2) 0(2) 0(2) 0(2) 0(2) 0(2) 0(2) 0(2) 0(2) 0(2) 1(2) 0(2) 0(2) 0(2) 0(2) 0(2) 1(2) 0(2) 0(2) 0(2) 0(2) 
8(2.00399) 2.52854e+06IOPS  9877.11MiB/s 24(2) 41(2) 41(2) 35(2) 29(2) 30(2) 31(2) 38(2) 34(2) 39(2) 28(2) 27(2) 30(2) 33(2) 28(2) 38(2) 40(2) 41(2) 31(2) 31(2) 29(2) 37(2) 40(2) 41(2) 36(2) 31(2) 32(2) 35(2) 
10(2.00354) 2.52529e+06IOPS  9864.43MiB/s 64(2) 80(2) 81(2) 75(2) 69(2) 70(2) 71(2) 78(2) 74(2) 79(2) 68(2) 67(2) 70(2) 73(2) 68(2) 78(2) 80(2) 81(2) 71(2) 71(2) 69(2) 77(2) 80(2) 80(2) 76(2) 71(2) 72(2) 75(2) 
12(2.00548) 2.52561e+06IOPS  9865.68MiB/s 100(2) 100(2) 100(2) 100(2) 100(2) 100(2) 100(2) 100(2) 100(2) 100(2) 100(2) 100(2) 100(2) 100(2) 100(2) 100(2) 100(2) 100(2) 100(2) 100(2) 100(2) 100(2) 100(2) 100(2) 100(2) 100(2) 100(2) 100(2) 
14(2.00498) 2.52217e+06IOPS  9852.24MiB/s 100(2) 100(2) 100(2) 100(2) 100(2) 100(2) 100(2) 100(2) 100(2) 100(2) 100(2) 100(2) 100(2) 100(2) 100(2) 100(2) 100(2) 100(2) 100(2) 100(2) 100(2) 100(2) 100(2) 100(2) 100(2) 100(2) 100(2) 100(2) 
16(2.0055) 2.51983e+06IOPS   9843.1MiB/s 100(2) 100(2) 100(2) 100(2) 100(2) 100(2) 100(2) 100(2) 100(2) 100(2) 100(2) 100(2) 100(2) 100(2) 100(2) 100(2) 100(2) 100(2) 100(2) 100(2) 100(2) 100(2) 100(2) 100(2) 100(2) 100(2) 100(2) 100(2) 
18(2.0055) 2.52232e+06IOPS   9852.8MiB/s 100(2) 100(2) 100(2) 100(2) 100(2) 100(2) 100(2) 100(2) 100(2) 100(2) 100(2) 100(2) 100(2) 100(2) 100(2) 100(2) 100(2) 100(2) 100(2) 100(2) 100(2) 100(2) 100(2) 100(2) 100(2) 100(2) 100(2) 100(2) 
20(2.005) 2.52102e+06IOPS  9847.75MiB/s 100(2) 100(2) 100(2) 100(2) 100(2) 100(2) 100(2) 100(2) 100(2) 100(2) 100(2) 100(2) 100(2) 100(2) 100(2) 100(2) 100(2) 100(2) 100(2) 100(2) 100(2) 100(2) 100(2) 100(2) 100(2) 100(2) 100(2) 100(2) 
22(2.0055) 2.51958e+06IOPS   9842.1MiB/s 100(2) 100(2) 100(2) 100(2) 100(2) 100(2) 100(2) 100(2) 100(2) 100(2) 100(2) 100(2) 100(2) 100(2) 100(2) 100(2) 100(2) 100(2) 100(2) 100(2) 100(2) 100(2) 100(2) 100(2) 100(2) 100(2) 100(2) 100(2) 
24(2.00452) 2.53153e+06IOPS  9888.78MiB/s 100(2) 100(2) 100(2) 100(2) 100(2) 100(2) 100(2) 100(2) 100(2) 100(2) 100(2) 100(2) 100(2) 100(2) 100(2) 100(2) 100(2) 100(2) 100(2) 100(2) 100(2) 100(2) 100(2) 100(2) 100(2) 100(2) 100(2) 100(2) 
26(2.00597) 2.53008e+06IOPS  9883.14MiB/s 100(2) 100(2) 100(2) 100(2) 100(2) 100(2) 100(2) 100(2) 100(2) 100(2) 100(2) 100(2) 100(2) 100(2) 100(2) 100(2) 100(2) 100(2) 100(2) 100(2) 100(2) 100(2) 100(2) 100(2) 100(2) 100(2) 100(2) 100(2) 
28(2.00501) 2.53219e+06IOPS  9891.35MiB/s 100(2) 100(2) 100(2) 100(2) 100(2) 100(2) 100(2) 100(2) 100(2) 100(2) 100(2) 100(2) 100(2) 100(2) 100(2) 100(2) 100(2) 100(2) 100(2) 100(2) 100(2) 100(2) 100(2) 100(2) 100(2) 100(2) 100(2) 100(2) 
30(2.00399) 2.52971e+06IOPS  9881.67MiB/s 100(2) 100(2) 100(2) 100(2) 100(2) 100(2) 100(2) 100(2) 100(2) 100(2) 100(2) 100(2) 100(2) 100(2) 100(2) 100(2) 100(2) 100(2) 100(2) 100(2) 100(2) 100(2) 100(2) 100(2) 100(2) 100(2) 100(2) 100(2) 
32(2.00499) 2.52617e+06IOPS  9867.86MiB/s 100(2) 100(2) 100(2) 100(2) 100(2) 100(2) 100(2) 100(2) 100(2) 100(2) 100(2) 100(2) 100(2) 100(2) 100(2) 100(2) 100(2) 100(2) 100(2) 100(2) 100(2) 100(2) 100(2) 100(2) 100(2) 100(2) 100(2) 100(2) 
34(2.0055) 2.52781e+06IOPS  9874.28MiB/s 100(2) 100(2) 100(2) 100(2) 100(2) 100(2) 100(2) 100(2) 100(2) 100(2) 100(2) 100(2) 100(2) 100(2) 100(2) 100(2) 100(2) 100(2) 100(2) 100(2) 100(2) 100(2) 100(2) 100(2) 100(2) 100(2) 100(2) 100(2) 
36(2.00402) 2.52862e+06IOPS  9877.42MiB/s 100(2) 100(2) 100(2) 100(2) 100(2) 100(2) 100(2) 100(2) 100(2) 100(2) 100(2) 100(2) 100(2) 100(2) 100(2) 100(2) 100(2) 100(2) 100(2) 100(2) 100(2) 100(2) 100(2) 100(2) 100(2) 100(2) 100(2) 100(2) 
38(2.0045) 2.52573e+06IOPS  9866.12MiB/s 100(2) 100(2) 100(2) 100(2) 100(2) 100(2) 100(2) 100(2) 100(2) 100(2) 100(2) 100(2) 100(2) 100(2) 100(2) 100(2) 100(2) 100(2) 100(2) 100(2) 100(2) 100(2) 100(2) 100(2) 100(2) 100(2) 100(2) 100(2) 
40(2.00499) 2.53211e+06IOPS  9891.06MiB/s 100(2) 100(2) 100(2) 100(2) 100(2) 100(2) 100(2) 100(2) 100(2) 100(2) 100(2) 100(2) 100(2) 100(2) 100(2) 100(2) 100(2) 100(2) 100(2) 100(2) 100(2) 100(2) 100(2) 100(2) 100(2) 100(2) 100(2) 100(2) 
42(2.006) 2.52886e+06IOPS  9878.35MiB/s 100(2) 100(2) 100(2) 100(2) 100(2) 100(2) 100(2) 100(2) 100(2) 100(2) 100(2) 100(2) 100(2) 100(2) 100(2) 100(2) 100(2) 100(2) 100(2) 100(2) 100(2) 100(2) 100(2) 100(2) 100(2) 100(2) 100(2) 100(2) 
44(2.005) 2.53007e+06IOPS  9883.09MiB/s 100(2) 100(2) 100(2) 100(2) 100(2) 100(2) 100(2) 100(2) 100(2) 100(2) 100(2) 100(2) 100(2) 100(2) 100(2) 100(2) 100(2) 100(2) 100(2) 100(2) 100(2) 100(2) 100(2) 100(2) 100(2) 100(2) 100(2) 100(2) 
46(2.005) 2.52656e+06IOPS  9869.39MiB/s 100(2) 100(2) 100(2) 100(2) 100(2) 100(2) 100(2) 100(2) 100(2) 100(2) 100(2) 100(2) 100(2) 100(2) 100(2) 100(2) 100(2) 100(2) 100(2) 100(2) 100(2) 100(2) 100(2) 100(2) 100(2) 100(2) 100(2) 100(2) 
48(2.006) 2.52566e+06IOPS  9865.85MiB/s 100(2) 100(2) 100(2) 100(2) 100(2) 100(2) 100(2) 100(2) 100(2) 100(2) 100(2) 100(2) 100(2) 100(2) 100(2) 100(2) 100(2) 100(2) 100(2) 100(2) 100(2) 100(2) 100(2) 100(2) 100(2) 100(2) 100(2) 100(2) 
50(2.0055) 2.52973e+06IOPS  9881.75MiB/s 100(2) 100(2) 100(2) 100(2) 100(2) 100(2) 100(2) 100(2) 100(2) 100(2) 100(2) 100(2) 100(2) 100(2) 100(2) 100(2) 100(2) 100(2) 100(2) 100(2) 100(2) 100(2) 100(2) 100(2) 100(2) 100(2) 100(2) 100(2) 
52(2.00499) 2.53038e+06IOPS   9884.3MiB/s 100(2) 100(2) 100(2) 100(2) 100(2) 100(2) 100(2) 100(2) 100(2) 100(2) 100(2) 100(2) 100(2) 100(2) 100(2) 100(2) 100(2) 100(2) 100(2) 100(2) 100(2) 100(2) 100(2) 100(2) 100(2) 100(2) 100(2) 100(2) 
54(2.005) 2.52652e+06IOPS  9869.23MiB/s 100(2) 100(2) 100(2) 100(2) 100(2) 100(2) 100(2) 100(2) 100(2) 100(2) 100(2) 100(2) 100(2) 100(2) 100(2) 100(2) 100(2) 100(2) 100(2) 100(2) 100(2) 100(2) 100(2) 100(2) 100(2) 100(2) 100(2) 100(2) 
56(2.00501) 2.52635e+06IOPS  9868.56MiB/s 100(2) 100(2) 100(2) 100(2) 100(2) 100(2) 100(2) 100(2) 100(2) 100(2) 100(2) 100(2) 100(2) 100(2) 100(2) 100(2) 100(2) 100(2) 100(2) 100(2) 100(2) 100(2) 100(2) 100(2) 100(2) 100(2) 100(2) 100(2) 
58(2.00405) 2.53685e+06IOPS  9909.58MiB/s 100(2) 100(2) 100(2) 100(2) 100(2) 100(2) 100(2) 100(2) 100(2) 100(2) 100(2) 100(2) 100(2) 100(2) 100(2) 100(2) 100(2) 100(2) 100(2) 100(2) 100(2) 100(2) 100(2) 100(2) 100(2) 100(2) 100(2) 100(2) 
60(2.00494) 2.52278e+06IOPS  9854.62MiB/s 100(2) 100(2) 100(2) 100(2) 100(2) 100(2) 100(2) 100(2) 100(2) 100(2) 100(2) 100(2) 100(2) 100(2) 100(2) 100(2) 100(2) 100(2) 100(2) 100(2) 100(2) 100(2) 100(2) 100(2) 100(2) 100(2) 100(2) 100(2) 
62(2.00551) 2.52473e+06IOPS  9862.21MiB/s 100(2) 100(2) 100(2) 100(2) 100(2) 100(2) 100(2) 100(2) 100(2) 100(2) 100(2) 100(2) 100(2) 100(2) 100(2) 100(2) 100(2) 100(2) 100(2) 100(2) 100(2) 100(2) 100(2) 100(2) 100(2) 100(2) 100(2) 100(2) 
64(2.0045) 2.52921e+06IOPS  9879.74MiB/s 100(2) 100(2) 100(2) 100(2) 100(2) 100(2) 100(2) 100(2) 100(2) 100(2) 100(2) 100(2) 100(2) 100(2) 100(2) 100(2) 100(2) 100(2) 100(2) 100(2) 100(2) 100(2) 100(2) 100(2) 100(2) 100(2) 100(2) 100(2) 
66(2.0045) 2.52274e+06IOPS  9854.45MiB/s 100(2) 100(2) 100(2) 100(2) 100(2) 100(2) 100(2) 100(2) 100(2) 100(2) 100(2) 100(2) 100(2) 100(2) 100(2) 100(2) 100(2) 100(2) 100(2) 100(2) 100(2) 100(2) 100(2) 100(2) 100(2) 100(2) 100(2) 100(2) 
68(2.00399) 2.52416e+06IOPS  9859.98MiB/s 100(2) 100(2) 100(2) 100(2) 100(2) 100(2) 100(2) 100(2) 100(2) 100(2) 100(2) 100(2) 100(2) 100(2) 100(2) 100(2) 100(2) 100(2) 100(2) 100(2) 100(2) 100(2) 100(2) 100(2) 100(2) 100(2) 100(2) 100(2) 
70(2.00451) 2.52422e+06IOPS  9860.22MiB/s 100(2) 100(2) 100(2) 100(2) 100(2) 100(2) 100(2) 100(2) 100(2) 100(2) 100(2) 100(2) 100(2) 100(2) 100(2) 100(2) 100(2) 100(2) 100(2) 100(2) 100(2) 100(2) 100(2) 100(2) 100(2) 100(2) 100(2) 100(2) 
