1267715 1267715 perf-crimson-ms   0	pid 1267715's current affinity list: 0
1267715 1267717 reactor-1         1	pid 1267717's current affinity list: 1
1267715 1267718 reactor-2         2	pid 1267718's current affinity list: 2
1267715 1267719 reactor-3         3	pid 1267719's current affinity list: 3
1267715 1267720 reactor-4         4	pid 1267720's current affinity list: 4
1267715 1267721 reactor-5         5	pid 1267721's current affinity list: 5
1267715 1267722 reactor-6         6	pid 1267722's current affinity list: 6
1267715 1267723 reactor-7        28	pid 1267723's current affinity list: 28
1267715 1267724 reactor-8        29	pid 1267724's current affinity list: 29
1267715 1267725 reactor-9        30	pid 1267725's current affinity list: 30
1267715 1267726 reactor-10       31	pid 1267726's current affinity list: 31
1267715 1267727 reactor-11       32	pid 1267727's current affinity list: 32
1267715 1267728 reactor-12       33	pid 1267728's current affinity list: 33
1267715 1267729 reactor-13       34	pid 1267729's current affinity list: 34
1267715 1267730 reactor-14       56	pid 1267730's current affinity list: 56
1267715 1267731 reactor-15       57	pid 1267731's current affinity list: 57
1267715 1267732 reactor-16       58	pid 1267732's current affinity list: 58
1267715 1267733 reactor-17       59	pid 1267733's current affinity list: 59
1267715 1267734 reactor-18       60	pid 1267734's current affinity list: 60
1267715 1267735 reactor-19       61	pid 1267735's current affinity list: 61
1267715 1267736 reactor-20       62	pid 1267736's current affinity list: 62
1267715 1267737 reactor-21       84	pid 1267737's current affinity list: 84
1267715 1267738 reactor-22       85	pid 1267738's current affinity list: 85
1267715 1267739 reactor-23       86	pid 1267739's current affinity list: 86
1267715 1267740 reactor-24       87	pid 1267740's current affinity list: 87
1267715 1267741 reactor-25       88	pid 1267741's current affinity list: 88
1267715 1267742 reactor-26       89	pid 1267742's current affinity list: 89
1267715 1267743 reactor-27       90	pid 1267743's current affinity list: 90
1267715 1267744 syscall-0         0	pid 1267744's current affinity list: 0
1267715 1267745 syscall-11       32	pid 1267745's current affinity list: 32
1267715 1267746 syscall-10       31	pid 1267746's current affinity list: 31
1267715 1267747 syscall-14       56	pid 1267747's current affinity list: 56
1267715 1267748 syscall-4         4	pid 1267748's current affinity list: 4
1267715 1267749 syscall-12       33	pid 1267749's current affinity list: 33
1267715 1267750 syscall-20       62	pid 1267750's current affinity list: 62
1267715 1267751 syscall-5         5	pid 1267751's current affinity list: 5
1267715 1267752 syscall-25       88	pid 1267752's current affinity list: 88
1267715 1267753 syscall-18       60	pid 1267753's current affinity list: 60
1267715 1267754 syscall-6         6	pid 1267754's current affinity list: 6
1267715 1267755 syscall-19       61	pid 1267755's current affinity list: 61
1267715 1267756 syscall-26       89	pid 1267756's current affinity list: 89
1267715 1267757 syscall-13       34	pid 1267757's current affinity list: 34
1267715 1267758 syscall-8        29	pid 1267758's current affinity list: 29
1267715 1267759 syscall-27       90	pid 1267759's current affinity list: 90
1267715 1267760 syscall-3         3	pid 1267760's current affinity list: 3
1267715 1267761 syscall-24       87	pid 1267761's current affinity list: 87
1267715 1267762 syscall-21       84	pid 1267762's current affinity list: 84
1267715 1267763 syscall-7        28	pid 1267763's current affinity list: 28
1267715 1267764 syscall-15       57	pid 1267764's current affinity list: 57
1267715 1267765 syscall-9        30	pid 1267765's current affinity list: 30
1267715 1267766 syscall-22       85	pid 1267766's current affinity list: 85
1267715 1267767 syscall-16       58	pid 1267767's current affinity list: 58
1267715 1267768 syscall-1         1	pid 1267768's current affinity list: 1
1267715 1267769 syscall-23       86	pid 1267769's current affinity list: 86
1267715 1267770 syscall-2         2	pid 1267770's current affinity list: 2
1267715 1267771 syscall-17       59	pid 1267771's current affinity list: 59
