   sec  depth      IOPS     MB/s  lat(ms)
1.00268   4087    426294  1665.21  8.90215 -- 72,70,73,71,
1.00269   3843    433002  1691.41  8.79436 -- 73,70,74,71,
1.00195   4072    432859  1690.86  8.79943 -- 73,71,74,72,
1.00137   3892    434170  1695.98  8.84311 -- 74,71,75,72,
1.00242   3946    433089  1691.75  8.79743 -- 74,72,75,72,
1.00179   4050    432438  1689.21  8.80158 -- 74,72,75,72,
1.0012   3670    432361  1688.91  8.79194 -- 74,72,75,72,
1.00168   4083    433548  1693.55  8.79147 -- 74,72,75,72,
1.00163   3931    433157  1692.02  8.81064 -- 74,71,75,73,
1.00123   3874    432770  1690.51  8.80798 -- 74,72,75,72,
-------------- summary --------------
10.0198     -  432355 1688.89 8.81394

1.00342   3786    433273  1692.47  8.83679 -- 74,72,75,73,
1.00276   4096    431432  1685.28  8.80005 -- 74,72,75,73,
1.00103   4087    435799  1702.34  8.78729 -- 74,72,75,73,
1.00231   4058    434535   1697.4  8.74025 -- 74,72,75,72,
1.00247   3936    434713   1698.1  8.75734 -- 74,72,75,72,
1.00191   3947    432535  1689.59  8.77313 -- 74,72,75,72,
1.00335   4096    433173  1692.08  8.79383 -- 75,72,75,72,
1.00269   3669    434995   1699.2  8.80157 -- 75,72,75,72,
1.00222   3835    434176     1696   8.7855 -- 75,72,75,72,
1.00207   3928    434775  1698.34  8.78793 -- 75,71,75,72,
-------------- summary --------------
20.0446     -  433152    1692 8.80013

1.00403   3993    434682  1697.98  8.77118 -- 75,72,75,72,
1.00311   3879    435978  1703.04  8.79942 -- 75,72,76,72,
1.00137   4064    435816  1702.41  8.77242 -- 75,72,76,72,
1.00261   3795    434342  1696.65  8.79002 -- 75,72,76,72,
1.00179   4064    433275  1692.48  8.77421 -- 75,72,75,72,
1.00254   3842    433736  1694.28  8.78619 -- 75,72,75,72,
1.00256   3778    433848  1694.72  8.79902 -- 75,72,75,72,
1.00263   3710    433213  1692.24  8.76478 -- 75,72,75,72,
1.00413   3838    434093  1695.67  8.76237 -- 75,71,75,72,
1.00279   4040    435211  1700.04  8.78231 -- 75,71,75,72,
-------------- summary --------------
30.0715     -  433571 1693.64 8.79348

1.00407   3755    434672  1697.94   8.7786 -- 75,72,75,72,
1.00288   4096    433215  1692.25   8.7797 -- 75,72,75,72,
1.00272   4066    433371  1692.85  8.80787 -- 75,72,75,72,
1.00158   3685    434036  1695.45  8.80313 -- 75,72,75,72,
1.00252   3456    432002  1687.51  8.85842 -- 75,72,75,72,
1.00438   4031    434454  1697.09    8.754 -- 75,72,75,72,
1.00255   3886    433824  1694.62  8.81754 -- 75,72,75,72,
1.00204   3803    434475  1697.17  8.75964 -- 75,72,75,72,
1.00378   3737    434335  1696.62  8.80312 -- 74,72,75,72,
1.00177   3889    433721  1694.22  8.79753 -- 75,72,75,72,
-------------- summary --------------
40.1003     -  433638  1693.9 8.79401

1.00323   3979    433620  1693.83  8.78492 -- 75,72,75,72,
1.00168   4096    435051  1699.42  8.80955 -- 75,72,75,72,
1.00426   3489    434904  1698.84  8.79292 -- 75,72,75,73,
1.00255   4096    433946   1695.1  8.78891 -- 75,72,75,72,
1.00301   3164    435436  1700.92  8.79596 -- 74,72,75,72,
1.00197   4030    432933  1691.14  8.79113 -- 74,72,75,72,
1.00264   3751    433764  1694.39  8.83756 -- 74,72,75,72,
1.00267   3955    433388  1692.92  8.76844 -- 74,72,75,72,
1.00119   4031    433987  1695.26  8.79238 -- 74,72,75,72,
1.00237   4096    434476  1697.17  8.78846 -- 74,72,75,72,
-------------- summary --------------
50.1266     -  433743 1694.31  8.7942

1.00432   3935    433867  1694.79  8.78657 -- 74,71,75,72,
1.00325   3823    435169  1699.88  8.77419 -- 75,71,76,72,
1.00161   3958    434410  1696.91  8.78405 -- 75,72,75,72,
1.00214   3832    435905  1702.75  8.80271 -- 75,72,75,72,
1.00365   4063    434653  1697.86  8.82879 -- 75,72,75,72,
1.0036   4096    435133  1699.74  8.74385 -- 75,72,75,72,
1.00367   3746    435127  1699.71  8.76718 -- 75,72,75,72,
1.00199   3999    434227   1696.2  8.75436 -- 75,71,75,73,
1.00233   4046    432597  1689.83  8.76438 -- 75,71,75,73,
1.00119   3932    435517  1701.24  8.75473 -- 75,72,75,72,
-------------- summary --------------
60.1542     -  433886 1694.87 8.79126

client0Conn0@0(depth=512):
  connect time: 0.000681s
  messages received: 3237809
  messaging time: 60.156542s
  latency: 8.849926ms
  IOPS: 53823.057078
  out throughput: 210.246317MB/s
client0Conn1@0(depth=512):
  connect time: 0.000516s
  messages received: 3194475
  messaging time: 60.156571s
  latency: 8.978243ms
  IOPS: 53102.678050
  out throughput: 207.432336MB/s
client1Conn0@1(depth=512):
  connect time: 0.000598s
  messages received: 3253716
  messaging time: 60.155466s
  latency: 8.852914ms
  IOPS: 54088.451025
  out throughput: 211.283012MB/s
client1Conn1@1(depth=512):
  connect time: 0.000410s
  messages received: 3312143
  messaging time: 60.155484s
  latency: 8.650597ms
  IOPS: 55059.701192
  out throughput: 215.076958MB/s
client2Conn0@2(depth=512):
  connect time: 0.000426s
  messages received: 3250180
  messaging time: 60.155277s
  latency: 8.808963ms
  IOPS: 54029.839704
  out throughput: 211.054061MB/s
client2Conn1@2(depth=512):
  connect time: 0.000341s
  messages received: 3234570
  messaging time: 60.155330s
  latency: 8.844441ms
  IOPS: 53770.297901
  out throughput: 210.040226MB/s
client3Conn0@3(depth=512):
  connect time: 0.000560s
  messages received: 3293420
  messaging time: 60.156323s
  latency: 8.719169ms
  IOPS: 54747.694978
  out throughput: 213.858184MB/s
client3Conn1@3(depth=512):
  connect time: 0.000430s
  messages received: 3324386
  messaging time: 60.156335s
  latency: 8.636691ms
  IOPS: 55262.442126
  out throughput: 215.868915MB/s

per client:
client0(depth=1024):
  connect time: 0.000599s
  messages received: 6432284
  messaging time: 60.156556s
  latency: 8.914085ms
  IOPS: 106925.735128
  out throughput: 417.678653MB/s
client1(depth=1024):
  connect time: 0.000504s
  messages received: 6565859
  messaging time: 60.155475s
  latency: 8.751755ms
  IOPS: 109148.152217
  out throughput: 426.359970MB/s
client2(depth=1024):
  connect time: 0.000383s
  messages received: 6484750
  messaging time: 60.155304s
  latency: 8.826702ms
  IOPS: 107800.137605
  out throughput: 421.094288MB/s
client3(depth=1024):
  connect time: 0.000495s
  messages received: 6617806
  messaging time: 60.156329s
  latency: 8.677930ms
  IOPS: 110010.137104
  out throughput: 429.727098MB/s

all(depth=4096):
  connect time: 0.000495s
  messages received: 26100699
  messaging time: 60.155916s
  latency: 8.792618ms
  IOPS: 433884.162055
  out throughput: 1694.860008MB/s
