['fio_sea_1osd_56reactor_32fio_bal_osd_rc_1job_1io_64k_seqwrite_p0.json', 'fio_sea_1osd_56reactor_32fio_bal_osd_rc_1job_2io_64k_seqwrite_p0.json', 'fio_sea_1osd_56reactor_32fio_bal_osd_rc_1job_4io_64k_seqwrite_p0.json', 'fio_sea_1osd_56reactor_32fio_bal_osd_rc_1job_8io_64k_seqwrite_p0.json', 'fio_sea_1osd_56reactor_32fio_bal_osd_rc_1job_16io_64k_seqwrite_p0.json', 'fio_sea_1osd_56reactor_32fio_bal_osd_rc_1job_24io_64k_seqwrite_p0.json', 'fio_sea_1osd_56reactor_32fio_bal_osd_rc_1job_32io_64k_seqwrite_p0.json', 'fio_sea_1osd_56reactor_32fio_bal_osd_rc_1job_40io_64k_seqwrite_p0.json', 'fio_sea_1osd_56reactor_32fio_bal_osd_rc_1job_52io_64k_seqwrite_p0.json', 'fio_sea_1osd_56reactor_32fio_bal_osd_rc_1job_64io_64k_seqwrite_p0.json']
loading 10 .json files ...
Num jobs: 1
== fio_sea_1osd_56reactor_32fio_bal_osd_rc_1job_1io_64k_seqwrite_p0.json ==
{'bw': 1231.701,
 'clat_ms': 1.647360163438,
 'clat_stdev': 1.35953136732,
 'iodepth': '1',
 'jobname': 'write',
 'sys_cpu': 0.369719,
 'timestamp': '1747844989',
 'total_ios': 5773658,
 'usr_cpu': 1.01351}
Num jobs: 1
== fio_sea_1osd_56reactor_32fio_bal_osd_rc_1job_2io_64k_seqwrite_p0.json ==
{'bw': 1507.956,
 'clat_ms': 2.702918202066,
 'clat_stdev': 2.370497039226,
 'iodepth': '2',
 'jobname': 'write',
 'sys_cpu': 0.414728,
 'timestamp': '1747845324',
 'total_ios': 7068586,
 'usr_cpu': 1.060737}
Num jobs: 1
== fio_sea_1osd_56reactor_32fio_bal_osd_rc_1job_4io_64k_seqwrite_p0.json ==
{'bw': 1539.855,
 'clat_ms': 5.306423115763001,
 'clat_stdev': 4.127501067843,
 'iodepth': '4',
 'jobname': 'write',
 'sys_cpu': 0.415006,
 'timestamp': '1747845659',
 'total_ios': 7218239,
 'usr_cpu': 1.065581}
Num jobs: 1
== fio_sea_1osd_56reactor_32fio_bal_osd_rc_1job_8io_64k_seqwrite_p0.json ==
{'bw': 1475.044,
 'clat_ms': 11.089452906461,
 'clat_stdev': 8.108361515168,
 'iodepth': '8',
 'jobname': 'write',
 'sys_cpu': 0.408749,
 'timestamp': '1747845994',
 'total_ios': 6914372,
 'usr_cpu': 1.243872}
Num jobs: 1
== fio_sea_1osd_56reactor_32fio_bal_osd_rc_1job_16io_64k_seqwrite_p0.json ==
{'bw': 1305.342,
 'clat_ms': 25.072005663899002,
 'clat_stdev': 19.609831335552,
 'iodepth': '16',
 'jobname': 'write',
 'sys_cpu': 0.39985,
 'timestamp': '1747846329',
 'total_ios': 6118966,
 'usr_cpu': 1.515354}
Num jobs: 1
== fio_sea_1osd_56reactor_32fio_bal_osd_rc_1job_24io_64k_seqwrite_p0.json ==
{'bw': 1187.38,
 'clat_ms': 41.350410947907,
 'clat_stdev': 35.472805064025,
 'iodepth': '24',
 'jobname': 'write',
 'sys_cpu': 0.379144,
 'timestamp': '1747846664',
 'total_ios': 5566057,
 'usr_cpu': 1.517033}
Num jobs: 1
== fio_sea_1osd_56reactor_32fio_bal_osd_rc_1job_32io_64k_seqwrite_p0.json ==
{'bw': 754.912,
 'clat_ms': 86.692155638301,
 'clat_stdev': 72.518457545867,
 'iodepth': '32',
 'jobname': 'write',
 'sys_cpu': 0.304262,
 'timestamp': '1747846997',
 'total_ios': 3538887,
 'usr_cpu': 1.140942}
Num jobs: 1
== fio_sea_1osd_56reactor_32fio_bal_osd_rc_1job_40io_64k_seqwrite_p0.json ==
{'bw': 88.801,
 'clat_ms': 909.59919878276,
 'clat_stdev': 7596.586016422814,
 'iodepth': '40',
 'jobname': 'write',
 'sys_cpu': 0.033814,
 'timestamp': '1747847100',
 'total_ios': 96363,
 'usr_cpu': 0.106559}
Num jobs: 1
== fio_sea_1osd_56reactor_32fio_bal_osd_rc_1job_52io_64k_seqwrite_p0.json ==
{'bw': 522.381,
 'clat_ms': 193.176521246867,
 'clat_stdev': 2356.137464752934,
 'iodepth': '52',
 'jobname': 'write',
 'sys_cpu': 0.197523,
 'timestamp': '1747847399',
 'total_ios': 1180959,
 'usr_cpu': 0.771342}
Num jobs: 1
== fio_sea_1osd_56reactor_32fio_bal_osd_rc_1job_64io_64k_seqwrite_p0.json ==
{'bw': 113.501,
 'clat_ms': 1078.122965440627,
 'clat_stdev': 7259.168738308372,
 'iodepth': '64',
 'jobname': 'write',
 'sys_cpu': 0.041002,
 'timestamp': '1747847530',
 'total_ios': 96269,
 'usr_cpu': 0.147481}
Note: clat_ns has been converted to milliseconds
Note: bw has been converted to MiBs
 avg_cpu list has: 1 items
Table (after aggregating OSD CPU avg data):
{'OSD_cpu': [0.0, 0.0, 0.0, 0.0, 0.0,
             0.0, 0.0, 0.0, 0.0, 0.0],
 'OSD_mem': [0.0, 0.0, 0.0, 0.0, 0.0,
             0.0, 0.0, 0.0, 0.0, 0.0],
 'bw': [1231.701, 1507.956, 1539.855,
        1475.044, 1305.342, 1187.38,
        754.912, 88.801, 522.381,
        113.501],
 'clat_ms': [1.647360163438,
             2.702918202066,
             5.306423115763001,
             11.089452906461,
             25.072005663899002,
             41.350410947907,
             86.692155638301,
             909.59919878276,
             193.176521246867,
             1078.122965440627],
 'clat_stdev': [1.35953136732,
                2.370497039226,
                4.127501067843,
                8.108361515168,
                19.609831335552,
                35.472805064025,
                72.518457545867,
                7596.586016422814,
                2356.137464752934,
                7259.168738308372],
 'iodepth': ['1', '2', '4', '8', '16',
             '24', '32', '40', '52',
             '64'],
 'sys_cpu': [0.369719, 0.414728,
             0.415006, 0.408749, 0.39985,
             0.379144, 0.304262,
             0.033814, 0.197523,
             0.041002],
 'total_ios': [5773658, 7068586, 7218239,
               6914372, 6118966, 5566057,
               3538887, 96363, 1180959,
               96269],
 'usr_cpu': [1.01351, 1.060737, 1.065581,
             1.243872, 1.515354,
             1.517033, 1.140942,
             0.106559, 0.771342,
             0.147481]}
 avg_cpu list has: 1 items
Table (after aggregating FIO CPU avg data):
{'FIO_cpu': [215.82000000000298,
             276.0533333333373,
             267.38666666667143,
             279.10333333333654,
             287.8800000000034,
             298.3466666666685,
             222.58000000000186,
             27.649999999999928,
             219.90333333333498,
             20.833333333333314],
 'FIO_mem': [41.999999999998316,
             43.49999999999695,
             48.00000000000309,
             66.00000000001278,
             66.00000000001278,
             67.50000000001312,
             49.49999999999837,
             39.0000000000011,
             50.35333333334249,
             29.633333333337827],
 'OSD_cpu': [0.0, 0.0, 0.0, 0.0, 0.0,
             0.0, 0.0, 0.0, 0.0, 0.0],
 'OSD_mem': [0.0, 0.0, 0.0, 0.0, 0.0,
             0.0, 0.0, 0.0, 0.0, 0.0],
 'bw': [1231.701, 1507.956, 1539.855,
        1475.044, 1305.342, 1187.38,
        754.912, 88.801, 522.381,
        113.501],
 'clat_ms': [1.647360163438,
             2.702918202066,
             5.306423115763001,
             11.089452906461,
             25.072005663899002,
             41.350410947907,
             86.692155638301,
             909.59919878276,
             193.176521246867,
             1078.122965440627],
 'clat_stdev': [1.35953136732,
                2.370497039226,
                4.127501067843,
                8.108361515168,
                19.609831335552,
                35.472805064025,
                72.518457545867,
                7596.586016422814,
                2356.137464752934,
                7259.168738308372],
 'iodepth': ['1', '2', '4', '8', '16',
             '24', '32', '40', '52',
             '64'],
 'sys_cpu': [0.369719, 0.414728,
             0.415006, 0.408749, 0.39985,
             0.379144, 0.304262,
             0.033814, 0.197523,
             0.041002],
 'total_ios': [5773658, 7068586, 7218239,
               6914372, 6118966, 5566057,
               3538887, 96363, 1180959,
               96269],
 'usr_cpu': [1.01351, 1.060737, 1.065581,
             1.243872, 1.515354,
             1.517033, 1.140942,
             0.106559, 0.771342,
             0.147481]}
 Wiki table: sea_1osd_56reactor_32fio_bal_osd_rc_1procs_seqwrite
{| class="wikitable"
|- 
 ! colspan="11"  | 
        sea_1osd_56reactor_32fio_bal_osd_rc_1procs_seqwrite
|-
! iodepth !! bw !! total_ios !! clat_ms !! clat_stdev !! usr_cpu !! sys_cpu !! OSD_cpu !! OSD_mem !! FIO_cpu !! FIO_mem
|-
 | 1  || 1231.70  || 5773658.00  || 1.65  || 1.36  || 1.01  || 0.37  || 0.00  || 0.00  || 215.82  || 42.00 
|-
 | 2  || 1507.96  || 7068586.00  || 2.70  || 2.37  || 1.06  || 0.41  || 0.00  || 0.00  || 276.05  || 43.50 
|-
 | 4  || 1539.86  || 7218239.00  || 5.31  || 4.13  || 1.07  || 0.42  || 0.00  || 0.00  || 267.39  || 48.00 
|-
 | 8  || 1475.04  || 6914372.00  || 11.09  || 8.11  || 1.24  || 0.41  || 0.00  || 0.00  || 279.10  || 66.00 
|-
 | 16  || 1305.34  || 6118966.00  || 25.07  || 19.61  || 1.52  || 0.40  || 0.00  || 0.00  || 287.88  || 66.00 
|-
 | 24  || 1187.38  || 5566057.00  || 41.35  || 35.47  || 1.52  || 0.38  || 0.00  || 0.00  || 298.35  || 67.50 
|-
 | 32  || 754.91  || 3538887.00  || 86.69  || 72.52  || 1.14  || 0.30  || 0.00  || 0.00  || 222.58  || 49.50 
|-
 | 40  || 88.80  || 96363.00  || 909.60  || 7596.59  || 0.11  || 0.03  || 0.00  || 0.00  || 27.65  || 39.00 
|-
 | 52  || 522.38  || 1180959.00  || 193.18  || 2356.14  || 0.77  || 0.20  || 0.00  || 0.00  || 219.90  || 50.35 
|-
 | 64  || 113.50  || 96269.00  || 1078.12  || 7259.17  || 0.15  || 0.04  || 0.00  || 0.00  || 20.83  || 29.63 
|-
|}


\begin{table}[h!]
\centering
\begin{tabular}[t]{*{11 }{|c|}}
\hline 
iodepth & bw & total\_ios & clat\_ms & clat\_stdev & usr\_cpu & sys\_cpu & OSD\_cpu & OSD\_mem & FIO\_cpu & FIO\_mem\\
\hline
1  & 1231.70  & 5773658.00  & 1.65  & 1.36  & 1.01  & 0.37  & 0.00  & 0.00  & 215.82  & 42.00 \\
\hline
2  & 1507.96  & 7068586.00  & 2.70  & 2.37  & 1.06  & 0.41  & 0.00  & 0.00  & 276.05  & 43.50 \\
\hline
4  & 1539.86  & 7218239.00  & 5.31  & 4.13  & 1.07  & 0.42  & 0.00  & 0.00  & 267.39  & 48.00 \\
\hline
8  & 1475.04  & 6914372.00  & 11.09  & 8.11  & 1.24  & 0.41  & 0.00  & 0.00  & 279.10  & 66.00 \\
\hline
16  & 1305.34  & 6118966.00  & 25.07  & 19.61  & 1.52  & 0.40  & 0.00  & 0.00  & 287.88  & 66.00 \\
\hline
24  & 1187.38  & 5566057.00  & 41.35  & 35.47  & 1.52  & 0.38  & 0.00  & 0.00  & 298.35  & 67.50 \\
\hline
32  & 754.91  & 3538887.00  & 86.69  & 72.52  & 1.14  & 0.30  & 0.00  & 0.00  & 222.58  & 49.50 \\
\hline
40  & 88.80  & 96363.00  & 909.60  & 7596.59  & 0.11  & 0.03  & 0.00  & 0.00  & 27.65  & 39.00 \\
\hline
52  & 522.38  & 1180959.00  & 193.18  & 2356.14  & 0.77  & 0.20  & 0.00  & 0.00  & 219.90  & 50.35 \\
\hline
64  & 113.50  & 96269.00  & 1078.12  & 7259.17  & 0.15  & 0.04  & 0.00  & 0.00  & 20.83  & 29.63 \\
\hline

\hline
\end{tabular}
\caption{Performance Throughput vs Latency vs CPU util: sea_1osd_56reactor_32fio_bal_osd_rc_1procs_seqwrite.}
\label{table:iops-lat-cpu-sea_1osd_56reactor_32fio_bal_osd_rc_1procs_seqwrite}
\end{table}

Done
