   sec  depth      IOPS     MB/s  lat(ms)
1.00312   8116 1.0465e+06  4087.88   7.4227 -- 96,96,89,89,95,92,96,100,
1.00329   8102 1.04459e+06  4080.42  7.42484 -- 96,96,89,89,95,92,96,100,
1.00426   8070 1.04655e+06  4088.08  7.42409 -- 96,96,89,90,94,93,96,100,
1.00439   8019 1.04603e+06  4086.05  7.42221 -- 96,96,90,90,94,93,96,100,
1.00344   8021 1.04535e+06  4083.41  7.44653 -- 96,95,89,90,94,92,96,100,
1.00357   7871 1.04623e+06  4086.85  7.43475 -- 96,95,90,91,94,92,96,100,
1.00434   8192 1.04599e+06  4085.91  7.42347 -- 96,95,89,91,94,93,96,100,
1.00274   7598 1.04564e+06  4084.52  7.45997 -- 96,95,89,91,95,93,96,100,
1.0039   7950 1.04625e+06  4086.93  7.41787 -- 96,95,89,91,95,93,96,100,
1.00296   8103 1.04659e+06  4088.25  7.42698 -- 96,95,89,91,95,93,96,100,
-------------- summary --------------
10.0385     -1.04599e+06 4085.91 7.43046

1.00434   7874 1.04722e+06   4090.7  7.40851 -- 96,95,89,90,96,92,95,100,
1.00194   8019 1.0461e+06  4086.33  7.42554 -- 96,95,90,90,95,92,96,100,
1.00224   8042 1.0452e+06  4082.81  7.38272 -- 96,96,90,89,95,92,96,100,
1.00186   7923 1.04651e+06  4087.94  7.44375 -- 97,96,90,90,95,92,96,100,
1.00358   8048 1.04618e+06  4086.64  7.43882 -- 97,96,89,89,95,92,96,100,
1.00259   7961 1.04609e+06   4086.3  7.44562 -- 97,96,89,89,94,92,96,100,
1.00242   7993 1.04553e+06  4084.09  7.43573 -- 96,96,89,89,95,92,96,100,
1.0026   7701 1.04572e+06  4084.86  7.43899 -- 96,96,89,90,95,93,95,100,
1.00384   7885 1.04533e+06  4083.32  7.42806 -- 96,96,89,89,95,93,95,100,
1.00351   7879 1.04631e+06  4087.14  7.42484 -- 96,96,89,90,95,92,96,100,
-------------- summary --------------
20.0676     -1.04599e+06 4085.91 7.42881

1.00675   7578 1.04569e+06  4084.73  7.43874 -- 96,96,89,90,95,92,96,100,
1.00278   8106 1.046e+06  4085.95  7.42922 -- 96,95,89,90,95,92,96,100,
1.00308   7895 1.04616e+06  4086.57  7.43421 -- 96,95,89,90,95,92,96,100,
1.00282   7645 1.0465e+06  4087.88   7.4183 -- 96,95,89,90,95,92,96,100,
1.00295   8014 1.04675e+06  4088.86  7.41264 -- 96,95,89,90,95,92,96,100,
1.00286   8144 1.04664e+06  4088.43  7.40446 -- 96,96,89,89,95,92,96,100,
1.00217   8039 1.04637e+06  4087.38  7.42339 -- 96,96,89,89,95,92,96,100,
1.00268   8091 1.04791e+06  4093.41  7.42203 -- 96,97,89,88,96,92,96,100,
1.00403   7483 1.04624e+06  4086.89  7.42669 -- 96,97,89,89,96,92,96,100,
1.00336   8176 1.04655e+06  4088.08  7.41404 -- 96,97,89,88,96,92,96,100,
-------------- summary --------------
30.1025     -1.04616e+06 4086.56 7.42663

1.00683   7874 1.04656e+06  4088.13  7.41709 -- 97,97,89,88,96,92,96,100,
1.00262   8083 1.04533e+06  4083.31  7.44119 -- 97,97,89,89,95,92,95,100,
1.00225   7891 1.04618e+06  4086.64  7.45401 -- 97,96,89,89,95,92,95,100,
1.00295   7886 1.0466e+06  4088.29  7.40478 -- 97,96,89,89,95,92,95,100,
1.00464   7534 1.04585e+06  4085.35  7.40805 -- 97,97,89,89,95,92,95,100,
1.00286   8008 1.04596e+06  4085.79  7.43643 -- 97,96,89,89,95,92,95,100,
1.00338   7960 1.04571e+06  4084.81   7.4237 -- 96,96,89,89,95,92,96,100,
1.00351   7980 1.046e+06  4085.95  7.44207 -- 96,96,89,90,95,92,96,100,
1.00403   7902 1.04554e+06  4084.14  7.43164 -- 97,96,89,90,95,92,96,100,
1.00248   7957 1.04552e+06  4084.06  7.42622 -- 96,96,89,90,95,92,96,100,
-------------- summary --------------
40.1364     -1.0461e+06 4086.31 7.42714

1.0051   7823 1.04512e+06   4082.5  7.45207 -- 96,96,89,90,95,92,95,100,
1.00405   8022 1.04613e+06  4086.44  7.41342 -- 97,95,89,90,95,92,96,100,
1.00241   7888 1.0463e+06  4087.12  7.42692 -- 96,95,90,90,95,92,96,100,
1.00301   8044 1.04629e+06  4087.09  7.42192 -- 96,96,90,90,95,91,96,100,
1.00437   8192 1.04633e+06  4087.23  7.44545 -- 96,95,90,90,95,92,96,100,
1.00311   8071 1.0472e+06  4090.64  7.43672 -- 96,95,90,90,94,92,96,100,
1.00214   7400 1.04478e+06  4081.18  7.44146 -- 96,95,90,90,94,91,96,100,
1.00201   7885 1.04535e+06  4083.42  7.42224 -- 96,95,90,90,94,92,96,100,
1.0029   8094 1.04644e+06  4087.64  7.40503 -- 96,95,90,90,95,92,97,100,
1.00375   7847 1.04562e+06  4084.46   7.4404 -- 96,95,90,90,95,91,96,100,
-------------- summary --------------
50.1696     -1.04607e+06 4086.21 7.42784

1.00613   8009 1.04628e+06  4087.03  7.43255 -- 96,95,90,90,95,92,96,100,
1.00509   8152 1.04679e+06  4089.03  7.38432 -- 95,95,89,90,96,92,96,100,
1.00242   8154 1.04596e+06  4085.79  7.42856 -- 96,95,89,90,96,91,96,100,
1.00257   8165 1.04559e+06  4084.33   7.4285 -- 96,95,89,90,96,91,95,100,
1.00353   7683 1.04641e+06  4087.54  7.43683 -- 96,96,89,89,95,92,95,100,
1.00194   8146 1.04594e+06  4085.69  7.42732 -- 96,96,89,90,95,92,96,100,
1.00287   8092 1.04583e+06  4085.29  7.43387 -- 97,96,89,90,95,92,96,100,
1.00482   7662 1.04582e+06  4085.22  7.41273 -- 97,96,89,90,95,92,95,100,
1.00258   8107 1.04758e+06  4092.09   7.4013 -- 96,96,89,90,95,92,96,100,
1.0024   7846 1.04634e+06  4087.28  7.43607 -- 97,96,89,90,95,92,96,100,
-------------- summary --------------
60.2028     -1.0461e+06 4086.32  7.4269

client0Conn0@0(depth=512):
  connect time: 0.001569s
  messages received: 3791339
  messaging time: 60.205017s
  latency: 7.576708ms
  IOPS: 62973.805197
  out throughput: 245.991427MB/s
client0Conn1@0(depth=512):
  connect time: 0.000703s
  messages received: 4169900
  messaging time: 60.205035s
  latency: 6.849703ms
  IOPS: 69261.648952
  out throughput: 270.553316MB/s
client1Conn0@1(depth=512):
  connect time: 0.001648s
  messages received: 4294149
  messaging time: 60.205175s
  latency: 6.601982ms
  IOPS: 71325.246866
  out throughput: 278.614246MB/s
client1Conn1@1(depth=512):
  connect time: 0.001556s
  messages received: 3558080
  messaging time: 60.205192s
  latency: 8.108802ms
  IOPS: 59099.221443
  out throughput: 230.856334MB/s
client2Conn0@2(depth=512):
  connect time: 0.001524s
  messages received: 3758103
  messaging time: 60.204721s
  latency: 7.858990ms
  IOPS: 62422.064962
  out throughput: 243.836191MB/s
client2Conn1@2(depth=512):
  connect time: 0.001442s
  messages received: 3721079
  messaging time: 60.204713s
  latency: 7.991184ms
  IOPS: 61807.104837
  out throughput: 241.434003MB/s
client3Conn0@3(depth=512):
  connect time: 0.001629s
  messages received: 3901503
  messaging time: 60.204067s
  latency: 7.545549ms
  IOPS: 64804.642058
  out throughput: 253.143133MB/s
client3Conn1@3(depth=512):
  connect time: 0.001529s
  messages received: 3737980
  messaging time: 60.204081s
  latency: 7.895736ms
  IOPS: 62088.482132
  out throughput: 242.533133MB/s
client4Conn0@4(depth=512):
  connect time: 0.001696s
  messages received: 3598900
  messaging time: 60.204540s
  latency: 8.060481ms
  IOPS: 59777.883974
  out throughput: 233.507359MB/s
client4Conn1@4(depth=512):
  connect time: 0.001573s
  messages received: 4166944
  messaging time: 60.204580s
  latency: 6.873385ms
  IOPS: 69213.072749
  out throughput: 270.363565MB/s
client5Conn0@5(depth=512):
  connect time: 0.001608s
  messages received: 3738051
  messaging time: 60.204385s
  latency: 7.804743ms
  IOPS: 62089.347910
  out throughput: 242.536515MB/s
client5Conn1@5(depth=512):
  connect time: 0.001628s
  messages received: 3659092
  messaging time: 60.204408s
  latency: 8.006470ms
  IOPS: 60777.809038
  out throughput: 237.413317MB/s
client6Conn0@6(depth=512):
  connect time: 0.000846s
  messages received: 3713882
  messaging time: 60.204672s
  latency: 7.829181ms
  IOPS: 61687.604292
  out throughput: 240.967204MB/s
client6Conn1@6(depth=512):
  connect time: 0.001567s
  messages received: 4552928
  messaging time: 60.204689s
  latency: 6.292004ms
  IOPS: 75624.142594
  out throughput: 295.406807MB/s
client7Conn0@7(depth=512):
  connect time: 0.001617s
  messages received: 4343085
  messaging time: 60.204667s
  latency: 7.043919ms
  IOPS: 72138.677139
  out throughput: 281.791708MB/s
client7Conn1@7(depth=512):
  connect time: 0.001502s
  messages received: 4275240
  messaging time: 60.204680s
  latency: 7.156652ms
  IOPS: 71011.755497
  out throughput: 277.389670MB/s

per client:
client0(depth=1024):
  connect time: 0.001136s
  messages received: 7961239
  messaging time: 60.205026s
  latency: 7.213205ms
  IOPS: 132235.454149
  out throughput: 516.544743MB/s
client1(depth=1024):
  connect time: 0.001602s
  messages received: 7852229
  messaging time: 60.205184s
  latency: 7.355392ms
  IOPS: 130424.468308
  out throughput: 509.470579MB/s
client2(depth=1024):
  connect time: 0.001483s
  messages received: 7479182
  messaging time: 60.204717s
  latency: 7.925087ms
  IOPS: 124229.169800
  out throughput: 485.270195MB/s
client3(depth=1024):
  connect time: 0.001579s
  messages received: 7639483
  messaging time: 60.204074s
  latency: 7.720643ms
  IOPS: 126893.124190
  out throughput: 495.676266MB/s
client4(depth=1024):
  connect time: 0.001634s
  messages received: 7765844
  messaging time: 60.204560s
  latency: 7.466933ms
  IOPS: 128990.956723
  out throughput: 503.870925MB/s
client5(depth=1024):
  connect time: 0.001618s
  messages received: 7397143
  messaging time: 60.204396s
  latency: 7.905606ms
  IOPS: 122867.156947
  out throughput: 479.949832MB/s
client6(depth=1024):
  connect time: 0.001206s
  messages received: 8266810
  messaging time: 60.204681s
  latency: 7.060592ms
  IOPS: 137311.746886
  out throughput: 536.374011MB/s
client7(depth=1024):
  connect time: 0.001560s
  messages received: 8618325
  messaging time: 60.204673s
  latency: 7.100286ms
  IOPS: 143150.432636
  out throughput: 559.181377MB/s

all(depth=8192):
  connect time: 0.001477s
  messages received: 62980255
  messaging time: 60.204664s
  latency: 7.468468ms
  IOPS: 1046102.509640
  out throughput: 4086.337928MB/s
