4(2.00005)         0IOPS       -1MiB/s 37(0) 31(0) 20(0) 26(0) 31(0) 31(0) 23(0) 28(0) 
6(2.00439)   86414.2IOPS  337.555MiB/s 0(2) 0(2) 3(2) 0(2) 0(2) 0(2) 1(2) 0(2) 
8(2.00398) 1.04672e+06IOPS  4088.76MiB/s 27(2) 32(2) 43(2) 38(2) 32(2) 32(2) 41(2) 35(2) 
10(2.00452) 1.04496e+06IOPS  4081.88MiB/s 67(2) 72(2) 83(2) 78(2) 72(2) 72(2) 81(2) 75(2) 
12(2.00498) 1.04556e+06IOPS  4084.22MiB/s 100(2) 100(2) 100(2) 100(2) 100(2) 100(2) 100(2) 100(2) 
14(2.0035) 1.04667e+06IOPS  4088.54MiB/s 100(2) 100(2) 100(2) 100(2) 100(2) 100(2) 100(2) 100(2) 
16(2.004) 1.04551e+06IOPS  4084.01MiB/s 100(2) 100(2) 100(2) 100(2) 100(2) 100(2) 100(2) 100(2) 
18(2.0045) 1.04552e+06IOPS  4084.05MiB/s 100(2) 100(2) 100(2) 100(2) 100(2) 100(2) 100(2) 100(2) 
20(2.00301) 1.04686e+06IOPS   4089.3MiB/s 100(2) 100(2) 100(2) 100(2) 100(2) 100(2) 100(2) 100(2) 
22(2.00352) 1.04665e+06IOPS  4088.46MiB/s 100(2) 100(2) 100(2) 100(2) 100(2) 100(2) 100(2) 100(2) 
24(2.00397) 1.0456e+06IOPS  4084.37MiB/s 100(2) 100(2) 100(2) 100(2) 100(2) 100(2) 100(2) 100(2) 
26(2.005) 1.04629e+06IOPS  4087.06MiB/s 100(2) 100(2) 100(2) 100(2) 100(2) 100(2) 100(2) 100(2) 
28(2.0045) 1.04568e+06IOPS  4084.67MiB/s 100(2) 100(2) 100(2) 100(2) 100(2) 100(2) 100(2) 100(2) 
30(2.00401) 1.04595e+06IOPS  4085.76MiB/s 100(2) 100(2) 100(2) 100(2) 100(2) 100(2) 100(2) 100(2) 
32(2.00499) 1.04515e+06IOPS   4082.6MiB/s 100(2) 100(2) 100(2) 100(2) 100(2) 100(2) 100(2) 100(2) 
34(2.005) 1.04664e+06IOPS  4088.44MiB/s 100(2) 100(2) 100(2) 100(2) 100(2) 100(2) 100(2) 100(2) 
36(2.00451) 1.04657e+06IOPS  4088.16MiB/s 100(2) 100(2) 100(2) 100(2) 100(2) 100(2) 100(2) 100(2) 
38(2.00448) 1.04656e+06IOPS  4088.12MiB/s 100(2) 100(2) 100(2) 100(2) 100(2) 100(2) 100(2) 100(2) 
40(2.00551) 1.04638e+06IOPS  4087.43MiB/s 100(2) 100(2) 100(2) 100(2) 100(2) 100(2) 100(2) 100(2) 
42(2.00449) 1.04696e+06IOPS   4089.7MiB/s 100(2) 100(2) 100(2) 100(2) 100(2) 100(2) 100(2) 100(2) 
44(2.004) 1.0459e+06IOPS  4085.56MiB/s 100(2) 100(2) 100(2) 100(2) 100(2) 100(2) 100(2) 100(2) 
46(2.004) 1.04684e+06IOPS  4089.21MiB/s 100(2) 100(2) 100(2) 100(2) 100(2) 100(2) 100(2) 100(2) 
48(2.003) 1.04553e+06IOPS  4084.09MiB/s 100(2) 100(2) 100(2) 100(2) 100(2) 100(2) 100(2) 100(2) 
50(2.005) 1.04488e+06IOPS  4081.57MiB/s 100(2) 100(2) 100(2) 100(2) 100(2) 100(2) 100(2) 100(2) 
52(2.0065) 1.04518e+06IOPS  4082.73MiB/s 100(2) 100(2) 100(2) 100(2) 100(2) 100(2) 100(2) 100(2) 
54(2.005) 1.04713e+06IOPS  4090.34MiB/s 100(2) 100(2) 100(2) 100(2) 100(2) 100(2) 100(2) 100(2) 
56(2.0055) 1.04585e+06IOPS  4085.34MiB/s 100(2) 100(2) 100(2) 100(2) 100(2) 100(2) 100(2) 100(2) 
58(2.00549) 1.04578e+06IOPS  4085.08MiB/s 100(2) 100(2) 100(2) 100(2) 100(2) 100(2) 100(2) 100(2) 
60(2.00451) 1.04652e+06IOPS  4087.95MiB/s 100(2) 100(2) 100(2) 100(2) 100(2) 100(2) 100(2) 100(2) 
62(2.00449) 1.0455e+06IOPS     4084MiB/s 100(2) 100(2) 100(2) 100(2) 100(2) 100(2) 100(2) 100(2) 
64(2.0045) 1.04692e+06IOPS  4089.55MiB/s 100(2) 100(2) 100(2) 100(2) 100(2) 100(2) 100(2) 100(2) 
66(2.005) 1.04564e+06IOPS  4084.53MiB/s 100(2) 100(2) 100(2) 100(2) 100(2) 100(2) 100(2) 100(2) 
68(2.00499) 1.04605e+06IOPS  4086.12MiB/s 100(2) 100(2) 100(2) 100(2) 100(2) 100(2) 100(2) 100(2) 
70(2.0045) 1.04656e+06IOPS  4088.13MiB/s 100(2) 100(2) 100(2) 100(2) 100(2) 100(2) 100(2) 100(2) 
