2475855 2475855 crimson-osd       0	pid 2475855's current affinity list: 0
2475855 2475861 reactor-1        56	pid 2475861's current affinity list: 56
2475855 2475862 reactor-2         1	pid 2475862's current affinity list: 1
2475855 2475863 reactor-3        57	pid 2475863's current affinity list: 57
2475855 2475864 reactor-4         2	pid 2475864's current affinity list: 2
2475855 2475865 reactor-5        58	pid 2475865's current affinity list: 58
2475855 2475866 reactor-6         3	pid 2475866's current affinity list: 3
2475855 2475867 reactor-7        59	pid 2475867's current affinity list: 59
2475855 2475868 reactor-8         4	pid 2475868's current affinity list: 4
2475855 2475869 reactor-9        60	pid 2475869's current affinity list: 60
2475855 2475870 reactor-10        5	pid 2475870's current affinity list: 5
2475855 2475871 reactor-11       61	pid 2475871's current affinity list: 61
2475855 2475872 reactor-12        6	pid 2475872's current affinity list: 6
2475855 2475873 reactor-13       62	pid 2475873's current affinity list: 62
2475855 2475874 reactor-14        7	pid 2475874's current affinity list: 7
2475855 2475875 reactor-15       63	pid 2475875's current affinity list: 63
2475855 2475876 reactor-16        8	pid 2475876's current affinity list: 8
2475855 2475877 reactor-17       64	pid 2475877's current affinity list: 64
2475855 2475878 reactor-18        9	pid 2475878's current affinity list: 9
2475855 2475879 reactor-19       65	pid 2475879's current affinity list: 65
2475855 2475880 reactor-20       10	pid 2475880's current affinity list: 10
2475855 2475881 reactor-21       66	pid 2475881's current affinity list: 66
2475855 2475882 reactor-22       11	pid 2475882's current affinity list: 11
2475855 2475883 reactor-23       67	pid 2475883's current affinity list: 67
2475855 2475884 reactor-24       12	pid 2475884's current affinity list: 12
2475855 2475885 reactor-25       68	pid 2475885's current affinity list: 68
2475855 2475886 reactor-26       13	pid 2475886's current affinity list: 13
2475855 2475887 reactor-27       69	pid 2475887's current affinity list: 69
2475855 2475888 reactor-28       14	pid 2475888's current affinity list: 14
2475855 2475889 reactor-29       70	pid 2475889's current affinity list: 70
2475855 2475890 reactor-30       15	pid 2475890's current affinity list: 15
2475855 2475891 reactor-31       71	pid 2475891's current affinity list: 71
2475855 2475892 reactor-32       16	pid 2475892's current affinity list: 16
2475855 2475893 reactor-33       72	pid 2475893's current affinity list: 72
2475855 2475894 reactor-34       17	pid 2475894's current affinity list: 17
2475855 2475895 reactor-35       73	pid 2475895's current affinity list: 73
2475855 2475896 reactor-36       18	pid 2475896's current affinity list: 18
2475855 2475897 reactor-37       74	pid 2475897's current affinity list: 74
2475855 2475898 reactor-38       19	pid 2475898's current affinity list: 19
2475855 2475899 reactor-39       75	pid 2475899's current affinity list: 75
2475855 2475900 reactor-40       20	pid 2475900's current affinity list: 20
2475855 2475901 reactor-41       76	pid 2475901's current affinity list: 76
2475855 2475902 reactor-42       21	pid 2475902's current affinity list: 21
2475855 2475903 reactor-43       77	pid 2475903's current affinity list: 77
2475855 2475904 reactor-44       22	pid 2475904's current affinity list: 22
2475855 2475905 reactor-45       78	pid 2475905's current affinity list: 78
2475855 2475906 reactor-46       23	pid 2475906's current affinity list: 23
2475855 2475907 reactor-47       79	pid 2475907's current affinity list: 79
2475855 2475908 reactor-48       24	pid 2475908's current affinity list: 24
2475855 2475909 reactor-49       80	pid 2475909's current affinity list: 80
2475855 2475910 reactor-50       25	pid 2475910's current affinity list: 25
2475855 2475911 reactor-51       81	pid 2475911's current affinity list: 81
2475855 2475912 reactor-52       26	pid 2475912's current affinity list: 26
2475855 2475913 reactor-53       82	pid 2475913's current affinity list: 82
2475855 2475914 reactor-54       27	pid 2475914's current affinity list: 27
2475855 2475915 reactor-55       83	pid 2475915's current affinity list: 83
2475855 2475916 syscall-0         0	pid 2475916's current affinity list: 0
2475855 2475917 syscall-2         1	pid 2475917's current affinity list: 1
2475855 2475918 syscall-1        56	pid 2475918's current affinity list: 56
2475855 2475919 syscall-3        57	pid 2475919's current affinity list: 57
2475855 2475920 syscall-8         4	pid 2475920's current affinity list: 4
2475855 2475921 syscall-14        7	pid 2475921's current affinity list: 7
2475855 2475922 syscall-22       11	pid 2475922's current affinity list: 11
2475855 2475923 syscall-5        58	pid 2475923's current affinity list: 58
2475855 2475924 syscall-4         2	pid 2475924's current affinity list: 2
2475855 2475925 syscall-26       13	pid 2475925's current affinity list: 13
2475855 2475926 syscall-9        60	pid 2475926's current affinity list: 60
2475855 2475927 syscall-6         3	pid 2475927's current affinity list: 3
2475855 2475928 syscall-20       10	pid 2475928's current affinity list: 10
2475855 2475929 syscall-7        59	pid 2475929's current affinity list: 59
2475855 2475930 syscall-16        8	pid 2475930's current affinity list: 8
2475855 2475931 syscall-15       63	pid 2475931's current affinity list: 63
2475855 2475932 syscall-10        5	pid 2475932's current affinity list: 5
2475855 2475933 syscall-23       67	pid 2475933's current affinity list: 67
2475855 2475934 syscall-19       65	pid 2475934's current affinity list: 65
2475855 2475935 syscall-12        6	pid 2475935's current affinity list: 6
2475855 2475936 syscall-13       62	pid 2475936's current affinity list: 62
2475855 2475937 syscall-24       12	pid 2475937's current affinity list: 12
2475855 2475938 syscall-18        9	pid 2475938's current affinity list: 9
2475855 2475939 syscall-17       64	pid 2475939's current affinity list: 64
2475855 2475940 syscall-28       14	pid 2475940's current affinity list: 14
2475855 2475941 syscall-40       20	pid 2475941's current affinity list: 20
2475855 2475942 syscall-29       70	pid 2475942's current affinity list: 70
2475855 2475943 syscall-21       66	pid 2475943's current affinity list: 66
2475855 2475944 syscall-11       61	pid 2475944's current affinity list: 61
2475855 2475945 syscall-30       15	pid 2475945's current affinity list: 15
2475855 2475946 syscall-25       68	pid 2475946's current affinity list: 68
2475855 2475947 syscall-38       19	pid 2475947's current affinity list: 19
2475855 2475948 syscall-34       17	pid 2475948's current affinity list: 17
2475855 2475949 syscall-32       16	pid 2475949's current affinity list: 16
2475855 2475950 syscall-27       69	pid 2475950's current affinity list: 69
2475855 2475951 syscall-33       72	pid 2475951's current affinity list: 72
2475855 2475952 syscall-36       18	pid 2475952's current affinity list: 18
2475855 2475953 syscall-31       71	pid 2475953's current affinity list: 71
2475855 2475954 syscall-35       73	pid 2475954's current affinity list: 73
2475855 2475955 syscall-37       74	pid 2475955's current affinity list: 74
2475855 2475956 syscall-39       75	pid 2475956's current affinity list: 75
2475855 2475957 syscall-43       77	pid 2475957's current affinity list: 77
2475855 2475958 syscall-50       25	pid 2475958's current affinity list: 25
2475855 2475959 syscall-41       76	pid 2475959's current affinity list: 76
2475855 2475960 syscall-42       21	pid 2475960's current affinity list: 21
2475855 2475961 syscall-48       24	pid 2475961's current affinity list: 24
2475855 2475962 syscall-44       22	pid 2475962's current affinity list: 22
2475855 2475963 syscall-54       27	pid 2475963's current affinity list: 27
2475855 2475964 syscall-46       23	pid 2475964's current affinity list: 23
2475855 2475965 syscall-51       81	pid 2475965's current affinity list: 81
2475855 2475966 syscall-45       78	pid 2475966's current affinity list: 78
2475855 2475967 syscall-49       80	pid 2475967's current affinity list: 80
2475855 2475968 syscall-47       79	pid 2475968's current affinity list: 79
2475855 2475969 syscall-55       83	pid 2475969's current affinity list: 83
2475855 2475970 syscall-53       82	pid 2475970's current affinity list: 82
2475855 2475971 syscall-52       26	pid 2475971's current affinity list: 26
2475855 2475972 crimson-osd       0	pid 2475972's current affinity list: 0
2475855 2475973 reactor-8         4	pid 2475973's current affinity list: 4
2475855 2475974 reactor-53       82	pid 2475974's current affinity list: 82
2475855 2475975 reactor-27       69	pid 2475975's current affinity list: 69
2475855 2475976 reactor-9        60	pid 2475976's current affinity list: 60
2475855 2475977 reactor-54       27	pid 2475977's current affinity list: 27
2475855 2475978 reactor-12        6	pid 2475978's current affinity list: 6
2475855 2475979 reactor-11       61	pid 2475979's current affinity list: 61
2475855 2475980 reactor-10        5	pid 2475980's current affinity list: 5
2475855 2475981 reactor-25       68	pid 2475981's current affinity list: 68
2475855 2475982 reactor-22       11	pid 2475982's current affinity list: 11
2475855 2475983 reactor-51       81	pid 2475983's current affinity list: 81
2475855 2475984 reactor-16        8	pid 2475984's current affinity list: 8
2475855 2475985 reactor-15       63	pid 2475985's current affinity list: 63
2475855 2475986 reactor-24       12	pid 2475986's current affinity list: 12
2475855 2475987 reactor-5        58	pid 2475987's current affinity list: 58
2475855 2475988 reactor-4         2	pid 2475988's current affinity list: 2
2475855 2475989 reactor-33       72	pid 2475989's current affinity list: 72
2475855 2475990 reactor-28       14	pid 2475990's current affinity list: 14
2475855 2475991 reactor-32       16	pid 2475991's current affinity list: 16
2475855 2475992 reactor-19       65	pid 2475992's current affinity list: 65
2475855 2475993 reactor-14        7	pid 2475993's current affinity list: 7
2475855 2475994 reactor-36       18	pid 2475994's current affinity list: 18
2475855 2475995 reactor-1        56	pid 2475995's current affinity list: 56
2475855 2475996 reactor-31       71	pid 2475996's current affinity list: 71
2475855 2475997 reactor-7        59	pid 2475997's current affinity list: 59
2475855 2475998 reactor-18        9	pid 2475998's current affinity list: 9
2475855 2475999 reactor-35       73	pid 2475999's current affinity list: 73
2475855 2476000 reactor-44       22	pid 2476000's current affinity list: 22
2475855 2476001 reactor-47       79	pid 2476001's current affinity list: 79
2475855 2476002 reactor-55       83	pid 2476002's current affinity list: 83
2475855 2476003 reactor-17       64	pid 2476003's current affinity list: 64
2475855 2476004 reactor-34       17	pid 2476004's current affinity list: 17
2475855 2476005 reactor-37       74	pid 2476005's current affinity list: 74
2475855 2476006 reactor-26       13	pid 2476006's current affinity list: 13
2475855 2476007 reactor-49       80	pid 2476007's current affinity list: 80
2475855 2476008 reactor-46       23	pid 2476008's current affinity list: 23
2475855 2476009 reactor-45       78	pid 2476009's current affinity list: 78
2475855 2476010 reactor-6         3	pid 2476010's current affinity list: 3
2475855 2476011 reactor-43       77	pid 2476011's current affinity list: 77
2475855 2476012 reactor-42       21	pid 2476012's current affinity list: 21
2475855 2476013 reactor-52       26	pid 2476013's current affinity list: 26
2475855 2476014 reactor-13       62	pid 2476014's current affinity list: 62
2475855 2476015 reactor-48       24	pid 2476015's current affinity list: 24
2475855 2476016 reactor-30       15	pid 2476016's current affinity list: 15
2475855 2476017 reactor-3        57	pid 2476017's current affinity list: 57
2475855 2476018 reactor-38       19	pid 2476018's current affinity list: 19
2475855 2476019 reactor-39       75	pid 2476019's current affinity list: 75
2475855 2476020 reactor-50       25	pid 2476020's current affinity list: 25
2475855 2476021 reactor-23       67	pid 2476021's current affinity list: 67
2475855 2476022 reactor-41       76	pid 2476022's current affinity list: 76
2475855 2476023 reactor-29       70	pid 2476023's current affinity list: 70
2475855 2476024 reactor-40       20	pid 2476024's current affinity list: 20
2475855 2476025 reactor-20       10	pid 2476025's current affinity list: 10
2475855 2476026 reactor-2         1	pid 2476026's current affinity list: 1
2475855 2476027 reactor-21       66	pid 2476027's current affinity list: 66
2475855 2475855 crimson-osd       0	pid 2475855's current affinity list: 0
2475855 2475861 reactor-1        56	pid 2475861's current affinity list: 56
2475855 2475862 reactor-2         1	pid 2475862's current affinity list: 1
2475855 2475863 reactor-3        57	pid 2475863's current affinity list: 57
2475855 2475864 reactor-4         2	pid 2475864's current affinity list: 2
2475855 2475865 reactor-5        58	pid 2475865's current affinity list: 58
2475855 2475866 reactor-6         3	pid 2475866's current affinity list: 3
2475855 2475867 reactor-7        59	pid 2475867's current affinity list: 59
2475855 2475868 reactor-8         4	pid 2475868's current affinity list: 4
2475855 2475869 reactor-9        60	pid 2475869's current affinity list: 60
2475855 2475870 reactor-10        5	pid 2475870's current affinity list: 5
2475855 2475871 reactor-11       61	pid 2475871's current affinity list: 61
2475855 2475872 reactor-12        6	pid 2475872's current affinity list: 6
2475855 2475873 reactor-13       62	pid 2475873's current affinity list: 62
2475855 2475874 reactor-14        7	pid 2475874's current affinity list: 7
2475855 2475875 reactor-15       63	pid 2475875's current affinity list: 63
2475855 2475876 reactor-16        8	pid 2475876's current affinity list: 8
2475855 2475877 reactor-17       64	pid 2475877's current affinity list: 64
2475855 2475878 reactor-18        9	pid 2475878's current affinity list: 9
2475855 2475879 reactor-19       65	pid 2475879's current affinity list: 65
2475855 2475880 reactor-20       10	pid 2475880's current affinity list: 10
2475855 2475881 reactor-21       66	pid 2475881's current affinity list: 66
2475855 2475882 reactor-22       11	pid 2475882's current affinity list: 11
2475855 2475883 reactor-23       67	pid 2475883's current affinity list: 67
2475855 2475884 reactor-24       12	pid 2475884's current affinity list: 12
2475855 2475885 reactor-25       68	pid 2475885's current affinity list: 68
2475855 2475886 reactor-26       13	pid 2475886's current affinity list: 13
2475855 2475887 reactor-27       69	pid 2475887's current affinity list: 69
2475855 2475888 reactor-28       14	pid 2475888's current affinity list: 14
2475855 2475889 reactor-29       70	pid 2475889's current affinity list: 70
2475855 2475890 reactor-30       15	pid 2475890's current affinity list: 15
2475855 2475891 reactor-31       71	pid 2475891's current affinity list: 71
2475855 2475892 reactor-32       16	pid 2475892's current affinity list: 16
2475855 2475893 reactor-33       72	pid 2475893's current affinity list: 72
2475855 2475894 reactor-34       17	pid 2475894's current affinity list: 17
2475855 2475895 reactor-35       73	pid 2475895's current affinity list: 73
2475855 2475896 reactor-36       18	pid 2475896's current affinity list: 18
2475855 2475897 reactor-37       74	pid 2475897's current affinity list: 74
2475855 2475898 reactor-38       19	pid 2475898's current affinity list: 19
2475855 2475899 reactor-39       75	pid 2475899's current affinity list: 75
2475855 2475900 reactor-40       20	pid 2475900's current affinity list: 20
2475855 2475901 reactor-41       76	pid 2475901's current affinity list: 76
2475855 2475902 reactor-42       21	pid 2475902's current affinity list: 21
2475855 2475903 reactor-43       77	pid 2475903's current affinity list: 77
2475855 2475904 reactor-44       22	pid 2475904's current affinity list: 22
2475855 2475905 reactor-45       78	pid 2475905's current affinity list: 78
2475855 2475906 reactor-46       23	pid 2475906's current affinity list: 23
2475855 2475907 reactor-47       79	pid 2475907's current affinity list: 79
2475855 2475908 reactor-48       24	pid 2475908's current affinity list: 24
2475855 2475909 reactor-49       80	pid 2475909's current affinity list: 80
2475855 2475910 reactor-50       25	pid 2475910's current affinity list: 25
2475855 2475911 reactor-51       81	pid 2475911's current affinity list: 81
2475855 2475912 reactor-52       26	pid 2475912's current affinity list: 26
2475855 2475913 reactor-53       82	pid 2475913's current affinity list: 82
2475855 2475914 reactor-54       27	pid 2475914's current affinity list: 27
2475855 2475915 reactor-55       83	pid 2475915's current affinity list: 83
2475855 2475916 syscall-0         0	pid 2475916's current affinity list: 0
2475855 2475917 syscall-2         1	pid 2475917's current affinity list: 1
2475855 2475918 syscall-1        56	pid 2475918's current affinity list: 56
2475855 2475919 syscall-3        57	pid 2475919's current affinity list: 57
2475855 2475920 syscall-8         4	pid 2475920's current affinity list: 4
2475855 2475921 syscall-14        7	pid 2475921's current affinity list: 7
2475855 2475922 syscall-22       11	pid 2475922's current affinity list: 11
2475855 2475923 syscall-5        58	pid 2475923's current affinity list: 58
2475855 2475924 syscall-4         2	pid 2475924's current affinity list: 2
2475855 2475925 syscall-26       13	pid 2475925's current affinity list: 13
2475855 2475926 syscall-9        60	pid 2475926's current affinity list: 60
2475855 2475927 syscall-6         3	pid 2475927's current affinity list: 3
2475855 2475928 syscall-20       10	pid 2475928's current affinity list: 10
2475855 2475929 syscall-7        59	pid 2475929's current affinity list: 59
2475855 2475930 syscall-16        8	pid 2475930's current affinity list: 8
2475855 2475931 syscall-15       63	pid 2475931's current affinity list: 63
2475855 2475932 syscall-10        5	pid 2475932's current affinity list: 5
2475855 2475933 syscall-23       67	pid 2475933's current affinity list: 67
2475855 2475934 syscall-19       65	pid 2475934's current affinity list: 65
2475855 2475935 syscall-12        6	pid 2475935's current affinity list: 6
2475855 2475936 syscall-13       62	pid 2475936's current affinity list: 62
2475855 2475937 syscall-24       12	pid 2475937's current affinity list: 12
2475855 2475938 syscall-18        9	pid 2475938's current affinity list: 9
2475855 2475939 syscall-17       64	pid 2475939's current affinity list: 64
2475855 2475940 syscall-28       14	pid 2475940's current affinity list: 14
2475855 2475941 syscall-40       20	pid 2475941's current affinity list: 20
2475855 2475942 syscall-29       70	pid 2475942's current affinity list: 70
2475855 2475943 syscall-21       66	pid 2475943's current affinity list: 66
2475855 2475944 syscall-11       61	pid 2475944's current affinity list: 61
2475855 2475945 syscall-30       15	pid 2475945's current affinity list: 15
2475855 2475946 syscall-25       68	pid 2475946's current affinity list: 68
2475855 2475947 syscall-38       19	pid 2475947's current affinity list: 19
2475855 2475948 syscall-34       17	pid 2475948's current affinity list: 17
2475855 2475949 syscall-32       16	pid 2475949's current affinity list: 16
2475855 2475950 syscall-27       69	pid 2475950's current affinity list: 69
2475855 2475951 syscall-33       72	pid 2475951's current affinity list: 72
2475855 2475952 syscall-36       18	pid 2475952's current affinity list: 18
2475855 2475953 syscall-31       71	pid 2475953's current affinity list: 71
2475855 2475954 syscall-35       73	pid 2475954's current affinity list: 73
2475855 2475955 syscall-37       74	pid 2475955's current affinity list: 74
2475855 2475956 syscall-39       75	pid 2475956's current affinity list: 75
2475855 2475957 syscall-43       77	pid 2475957's current affinity list: 77
2475855 2475958 syscall-50       25	pid 2475958's current affinity list: 25
2475855 2475959 syscall-41       76	pid 2475959's current affinity list: 76
2475855 2475960 syscall-42       21	pid 2475960's current affinity list: 21
2475855 2475961 syscall-48       24	pid 2475961's current affinity list: 24
2475855 2475962 syscall-44       22	pid 2475962's current affinity list: 22
2475855 2475963 syscall-54       27	pid 2475963's current affinity list: 27
2475855 2475964 syscall-46       23	pid 2475964's current affinity list: 23
2475855 2475965 syscall-51       81	pid 2475965's current affinity list: 81
2475855 2475966 syscall-45       78	pid 2475966's current affinity list: 78
2475855 2475967 syscall-49       80	pid 2475967's current affinity list: 80
2475855 2475968 syscall-47       79	pid 2475968's current affinity list: 79
2475855 2475969 syscall-55       83	pid 2475969's current affinity list: 83
2475855 2475970 syscall-53       82	pid 2475970's current affinity list: 82
2475855 2475971 syscall-52       26	pid 2475971's current affinity list: 26
2475855 2475972 crimson-osd       0	pid 2475972's current affinity list: 0
2475855 2475973 reactor-8         4	pid 2475973's current affinity list: 4
2475855 2475974 reactor-53       82	pid 2475974's current affinity list: 82
2475855 2475975 reactor-27       69	pid 2475975's current affinity list: 69
2475855 2475976 reactor-9        60	pid 2475976's current affinity list: 60
2475855 2475977 reactor-54       27	pid 2475977's current affinity list: 27
2475855 2475978 reactor-12        6	pid 2475978's current affinity list: 6
2475855 2475979 reactor-11       61	pid 2475979's current affinity list: 61
2475855 2475980 reactor-10        5	pid 2475980's current affinity list: 5
2475855 2475981 reactor-25       68	pid 2475981's current affinity list: 68
2475855 2475982 reactor-22       11	pid 2475982's current affinity list: 11
2475855 2475983 reactor-51       81	pid 2475983's current affinity list: 81
2475855 2475984 reactor-16        8	pid 2475984's current affinity list: 8
2475855 2475985 reactor-15       63	pid 2475985's current affinity list: 63
2475855 2475986 reactor-24       12	pid 2475986's current affinity list: 12
2475855 2475987 reactor-5        58	pid 2475987's current affinity list: 58
2475855 2475988 reactor-4         2	pid 2475988's current affinity list: 2
2475855 2475989 reactor-33       72	pid 2475989's current affinity list: 72
2475855 2475990 reactor-28       14	pid 2475990's current affinity list: 14
2475855 2475991 reactor-32       16	pid 2475991's current affinity list: 16
2475855 2475992 reactor-19       65	pid 2475992's current affinity list: 65
2475855 2475993 reactor-14        7	pid 2475993's current affinity list: 7
2475855 2475994 reactor-36       18	pid 2475994's current affinity list: 18
2475855 2475995 reactor-1        56	pid 2475995's current affinity list: 56
2475855 2475996 reactor-31       71	pid 2475996's current affinity list: 71
2475855 2475997 reactor-7        59	pid 2475997's current affinity list: 59
2475855 2475998 reactor-18        9	pid 2475998's current affinity list: 9
2475855 2475999 reactor-35       73	pid 2475999's current affinity list: 73
2475855 2476000 reactor-44       22	pid 2476000's current affinity list: 22
2475855 2476001 reactor-47       79	pid 2476001's current affinity list: 79
2475855 2476002 reactor-55       83	pid 2476002's current affinity list: 83
2475855 2476003 reactor-17       64	pid 2476003's current affinity list: 64
2475855 2476004 reactor-34       17	pid 2476004's current affinity list: 17
2475855 2476005 reactor-37       74	pid 2476005's current affinity list: 74
2475855 2476006 reactor-26       13	pid 2476006's current affinity list: 13
2475855 2476007 reactor-49       80	pid 2476007's current affinity list: 80
2475855 2476008 reactor-46       23	pid 2476008's current affinity list: 23
2475855 2476009 reactor-45       78	pid 2476009's current affinity list: 78
2475855 2476010 reactor-6         3	pid 2476010's current affinity list: 3
2475855 2476011 reactor-43       77	pid 2476011's current affinity list: 77
2475855 2476012 reactor-42       21	pid 2476012's current affinity list: 21
2475855 2476013 reactor-52       26	pid 2476013's current affinity list: 26
2475855 2476014 reactor-13       62	pid 2476014's current affinity list: 62
2475855 2476015 reactor-48       24	pid 2476015's current affinity list: 24
2475855 2476016 reactor-30       15	pid 2476016's current affinity list: 15
2475855 2476017 reactor-3        57	pid 2476017's current affinity list: 57
2475855 2476018 reactor-38       19	pid 2476018's current affinity list: 19
2475855 2476019 reactor-39       75	pid 2476019's current affinity list: 75
2475855 2476020 reactor-50       25	pid 2476020's current affinity list: 25
2475855 2476021 reactor-23       67	pid 2476021's current affinity list: 67
2475855 2476022 reactor-41       76	pid 2476022's current affinity list: 76
2475855 2476023 reactor-29       70	pid 2476023's current affinity list: 70
2475855 2476024 reactor-40       20	pid 2476024's current affinity list: 20
2475855 2476025 reactor-20       10	pid 2476025's current affinity list: 10
2475855 2476026 reactor-2         1	pid 2476026's current affinity list: 1
2475855 2476027 reactor-21       66	pid 2476027's current affinity list: 66
