['fio_sea_1osd_56reactor_32fio_bal_osd_rc_1job_1io_4k_randread_p0.json', 'fio_sea_1osd_56reactor_32fio_bal_osd_rc_1job_2io_4k_randread_p0.json', 'fio_sea_1osd_56reactor_32fio_bal_osd_rc_1job_4io_4k_randread_p0.json', 'fio_sea_1osd_56reactor_32fio_bal_osd_rc_1job_8io_4k_randread_p0.json', 'fio_sea_1osd_56reactor_32fio_bal_osd_rc_1job_16io_4k_randread_p0.json', 'fio_sea_1osd_56reactor_32fio_bal_osd_rc_1job_24io_4k_randread_p0.json', 'fio_sea_1osd_56reactor_32fio_bal_osd_rc_1job_32io_4k_randread_p0.json', 'fio_sea_1osd_56reactor_32fio_bal_osd_rc_1job_40io_4k_randread_p0.json', 'fio_sea_1osd_56reactor_32fio_bal_osd_rc_1job_52io_4k_randread_p0.json', 'fio_sea_1osd_56reactor_32fio_bal_osd_rc_1job_64io_4k_randread_p0.json']
loading 10 .json files ...
Num jobs: 1
== fio_sea_1osd_56reactor_32fio_bal_osd_rc_1job_1io_4k_randread_p0.json ==
{'clat_ms': 0.564129462023,
 'clat_stdev': 87.704009416519,
 'iodepth': '1',
 'iops': 55970.62298,
 'jobname': 'randread',
 'sys_cpu': 0.747266,
 'timestamp': '1747743902',
 'total_ios': 2511122,
 'usr_cpu': 0.883973}
Num jobs: 1
== fio_sea_1osd_56reactor_32fio_bal_osd_rc_1job_2io_4k_randread_p0.json ==
{'clat_ms': 0.368284444112,
 'clat_stdev': 0.26941265106900003,
 'iodepth': '2',
 'iops': 171762.527458,
 'jobname': 'randread',
 'sys_cpu': 2.17975,
 'timestamp': '1747744354',
 'total_ios': 51528930,
 'usr_cpu': 2.552812}
Num jobs: 1
== fio_sea_1osd_56reactor_32fio_bal_osd_rc_1job_4io_4k_randread_p0.json ==
{'clat_ms': 0.505644781004,
 'clat_stdev': 0.239924580917,
 'iodepth': '4',
 'iops': 250964.026787,
 'jobname': 'randread',
 'sys_cpu': 2.901844,
 'timestamp': '1747744715',
 'total_ios': 75289459,
 'usr_cpu': 3.594042}
Num jobs: 1
== fio_sea_1osd_56reactor_32fio_bal_osd_rc_1job_8io_4k_randread_p0.json ==
{'clat_ms': 0.7480199916600001,
 'clat_stdev': 0.38106995032900004,
 'iodepth': '8',
 'iops': 340044.623036,
 'jobname': 'randread',
 'sys_cpu': 3.520874,
 'timestamp': '1747745084',
 'total_ios': 102014067,
 'usr_cpu': 4.858728}
Num jobs: 1
== fio_sea_1osd_56reactor_32fio_bal_osd_rc_1job_16io_4k_randread_p0.json ==
{'clat_ms': 1.424322011153,
 'clat_stdev': 0.934893179366,
 'iodepth': '16',
 'iops': 358281.056253,
 'jobname': 'randread',
 'sys_cpu': 2.793815,
 'timestamp': '1747745459',
 'total_ios': 107485750,
 'usr_cpu': 4.20179}
Num jobs: 1
== fio_sea_1osd_56reactor_32fio_bal_osd_rc_1job_24io_4k_randread_p0.json ==
{'clat_ms': 2.006430294472,
 'clat_stdev': 6.3040536591,
 'iodepth': '24',
 'iops': 381161.732551,
 'jobname': 'randread',
 'sys_cpu': 3.280179,
 'timestamp': '1747745831',
 'total_ios': 114356143,
 'usr_cpu': 4.997556}
Num jobs: 1
== fio_sea_1osd_56reactor_32fio_bal_osd_rc_1job_32io_4k_randread_p0.json ==
{'clat_ms': 2.997003071344,
 'clat_stdev': 12.580057841371,
 'iodepth': '32',
 'iops': 340130.217412,
 'jobname': 'randread',
 'sys_cpu': 2.763453,
 'timestamp': '1747746203',
 'total_ios': 102048929,
 'usr_cpu': 4.107453}
Num jobs: 1
== fio_sea_1osd_56reactor_32fio_bal_osd_rc_1job_40io_4k_randread_p0.json ==
{'clat_ms': 3.454556485326,
 'clat_stdev': 16.523369545297,
 'iodepth': '40',
 'iops': 368624.983756,
 'jobname': 'randread',
 'sys_cpu': 3.352521,
 'timestamp': '1747746575',
 'total_ios': 110626938,
 'usr_cpu': 4.830122}
Num jobs: 1
== fio_sea_1osd_56reactor_32fio_bal_osd_rc_1job_52io_4k_randread_p0.json ==
{'clat_ms': 4.635469630674,
 'clat_stdev': 21.447195950014,
 'iodepth': '52',
 'iops': 356978.810693,
 'jobname': 'randread',
 'sys_cpu': 2.834285,
 'timestamp': '1747746949',
 'total_ios': 107113991,
 'usr_cpu': 4.285974}
Num jobs: 1
== fio_sea_1osd_56reactor_32fio_bal_osd_rc_1job_64io_4k_randread_p0.json ==
{'clat_ms': 5.4918113979820005,
 'clat_stdev': 31.189347465093,
 'iodepth': '64',
 'iops': 370527.955692,
 'jobname': 'randread',
 'sys_cpu': 3.381375,
 'timestamp': '1747747321',
 'total_ios': 111188770,
 'usr_cpu': 4.91049}
Note: clat_ns has been converted to milliseconds
Note: bw has been converted to MiBs
 avg_cpu list has: 1 items
Table (after aggregating OSD CPU avg data):
{'OSD_cpu': [1064.3066666666673, 0.0,
             0.0, 0.0, 0.0, 0.0, 0.0,
             0.0, 0.0, 0.0],
 'OSD_mem': [1343.9466666666744, 0.0,
             0.0, 0.0, 0.0, 0.0, 0.0,
             0.0, 0.0, 0.0],
 'clat_ms': [0.564129462023,
             0.368284444112,
             0.505644781004,
             0.7480199916600001,
             1.424322011153,
             2.006430294472,
             2.997003071344,
             3.454556485326,
             4.635469630674,
             5.4918113979820005],
 'clat_stdev': [87.704009416519,
                0.26941265106900003,
                0.239924580917,
                0.38106995032900004,
                0.934893179366,
                6.3040536591,
                12.580057841371,
                16.523369545297,
                21.447195950014,
                31.189347465093],
 'iodepth': ['1', '2', '4', '8', '16',
             '24', '32', '40', '52',
             '64'],
 'iops': [55970.62298, 171762.527458,
          250964.026787, 340044.623036,
          358281.056253, 381161.732551,
          340130.217412, 368624.983756,
          356978.810693, 370527.955692],
 'sys_cpu': [0.747266, 2.17975, 2.901844,
             3.520874, 2.793815,
             3.280179, 2.763453,
             3.352521, 2.834285,
             3.381375],
 'total_ios': [2511122, 51528930,
               75289459, 102014067,
               107485750, 114356143,
               102048929, 110626938,
               107113991, 111188770],
 'usr_cpu': [0.883973, 2.552812,
             3.594042, 4.858728, 4.20179,
             4.997556, 4.107453,
             4.830122, 4.285974,
             4.91049]}
 avg_cpu list has: 1 items
Table (after aggregating FIO CPU avg data):
{'FIO_cpu': [186.44666666666765,
             810.6166666666567,
             1455.76333333333,
             1887.4700000000073,
             1597.2333333333338,
             1860.1366666666747,
             1568.3700000000074,
             1830.6033333333326,
             1630.556666666664,
             1837.0000000000082],
 'FIO_mem': [52.079999999994776,
             211.49999999997277,
             363.00000000000887,
             478.5000000000961,
             523.4999999999435,
             538.5000000000532,
             496.50000000001336,
             528.0000000000458,
             516.0000000000181,
             528.0000000000542],
 'OSD_cpu': [1064.3066666666673, 0.0,
             0.0, 0.0, 0.0, 0.0, 0.0,
             0.0, 0.0, 0.0],
 'OSD_mem': [1343.9466666666744, 0.0,
             0.0, 0.0, 0.0, 0.0, 0.0,
             0.0, 0.0, 0.0],
 'clat_ms': [0.564129462023,
             0.368284444112,
             0.505644781004,
             0.7480199916600001,
             1.424322011153,
             2.006430294472,
             2.997003071344,
             3.454556485326,
             4.635469630674,
             5.4918113979820005],
 'clat_stdev': [87.704009416519,
                0.26941265106900003,
                0.239924580917,
                0.38106995032900004,
                0.934893179366,
                6.3040536591,
                12.580057841371,
                16.523369545297,
                21.447195950014,
                31.189347465093],
 'iodepth': ['1', '2', '4', '8', '16',
             '24', '32', '40', '52',
             '64'],
 'iops': [55970.62298, 171762.527458,
          250964.026787, 340044.623036,
          358281.056253, 381161.732551,
          340130.217412, 368624.983756,
          356978.810693, 370527.955692],
 'sys_cpu': [0.747266, 2.17975, 2.901844,
             3.520874, 2.793815,
             3.280179, 2.763453,
             3.352521, 2.834285,
             3.381375],
 'total_ios': [2511122, 51528930,
               75289459, 102014067,
               107485750, 114356143,
               102048929, 110626938,
               107113991, 111188770],
 'usr_cpu': [0.883973, 2.552812,
             3.594042, 4.858728, 4.20179,
             4.997556, 4.107453,
             4.830122, 4.285974,
             4.91049]}
 Wiki table: sea_1osd_56reactor_32fio_bal_osd_rc_1procs_randread
{| class="wikitable"
|- 
 ! colspan="11"  | 
        sea_1osd_56reactor_32fio_bal_osd_rc_1procs_randread
|-
! iodepth !! iops !! total_ios !! clat_ms !! clat_stdev !! usr_cpu !! sys_cpu !! OSD_cpu !! OSD_mem !! FIO_cpu !! FIO_mem
|-
 | 1  || 55970.62  || 2511122.00  || 0.56  || 87.70  || 0.88  || 0.75  || 1064.31  || 1343.95  || 186.45  || 52.08 
|-
 | 2  || 171762.53  || 51528930.00  || 0.37  || 0.27  || 2.55  || 2.18  || 0.00  || 0.00  || 810.62  || 211.50 
|-
 | 4  || 250964.03  || 75289459.00  || 0.51  || 0.24  || 3.59  || 2.90  || 0.00  || 0.00  || 1455.76  || 363.00 
|-
 | 8  || 340044.62  || 102014067.00  || 0.75  || 0.38  || 4.86  || 3.52  || 0.00  || 0.00  || 1887.47  || 478.50 
|-
 | 16  || 358281.06  || 107485750.00  || 1.42  || 0.93  || 4.20  || 2.79  || 0.00  || 0.00  || 1597.23  || 523.50 
|-
 | 24  || 381161.73  || 114356143.00  || 2.01  || 6.30  || 5.00  || 3.28  || 0.00  || 0.00  || 1860.14  || 538.50 
|-
 | 32  || 340130.22  || 102048929.00  || 3.00  || 12.58  || 4.11  || 2.76  || 0.00  || 0.00  || 1568.37  || 496.50 
|-
 | 40  || 368624.98  || 110626938.00  || 3.45  || 16.52  || 4.83  || 3.35  || 0.00  || 0.00  || 1830.60  || 528.00 
|-
 | 52  || 356978.81  || 107113991.00  || 4.64  || 21.45  || 4.29  || 2.83  || 0.00  || 0.00  || 1630.56  || 516.00 
|-
 | 64  || 370527.96  || 111188770.00  || 5.49  || 31.19  || 4.91  || 3.38  || 0.00  || 0.00  || 1837.00  || 528.00 
|-
|}


\begin{table}[h!]
\centering
\begin{tabular}[t]{*{11 }{|c|}}
\hline 
iodepth & iops & total\_ios & clat\_ms & clat\_stdev & usr\_cpu & sys\_cpu & OSD\_cpu & OSD\_mem & FIO\_cpu & FIO\_mem\\
\hline
1  & 55970.62  & 2511122.00  & 0.56  & 87.70  & 0.88  & 0.75  & 1064.31  & 1343.95  & 186.45  & 52.08 \\
\hline
2  & 171762.53  & 51528930.00  & 0.37  & 0.27  & 2.55  & 2.18  & 0.00  & 0.00  & 810.62  & 211.50 \\
\hline
4  & 250964.03  & 75289459.00  & 0.51  & 0.24  & 3.59  & 2.90  & 0.00  & 0.00  & 1455.76  & 363.00 \\
\hline
8  & 340044.62  & 102014067.00  & 0.75  & 0.38  & 4.86  & 3.52  & 0.00  & 0.00  & 1887.47  & 478.50 \\
\hline
16  & 358281.06  & 107485750.00  & 1.42  & 0.93  & 4.20  & 2.79  & 0.00  & 0.00  & 1597.23  & 523.50 \\
\hline
24  & 381161.73  & 114356143.00  & 2.01  & 6.30  & 5.00  & 3.28  & 0.00  & 0.00  & 1860.14  & 538.50 \\
\hline
32  & 340130.22  & 102048929.00  & 3.00  & 12.58  & 4.11  & 2.76  & 0.00  & 0.00  & 1568.37  & 496.50 \\
\hline
40  & 368624.98  & 110626938.00  & 3.45  & 16.52  & 4.83  & 3.35  & 0.00  & 0.00  & 1830.60  & 528.00 \\
\hline
52  & 356978.81  & 107113991.00  & 4.64  & 21.45  & 4.29  & 2.83  & 0.00  & 0.00  & 1630.56  & 516.00 \\
\hline
64  & 370527.96  & 111188770.00  & 5.49  & 31.19  & 4.91  & 3.38  & 0.00  & 0.00  & 1837.00  & 528.00 \\
\hline

\hline
\end{tabular}
\caption{Performance Throughput vs Latency vs CPU util: sea_1osd_56reactor_32fio_bal_osd_rc_1procs_randread.}
\label{table:iops-lat-cpu-sea_1osd_56reactor_32fio_bal_osd_rc_1procs_randread}
\end{table}

Done
