                  nvme7n1p2  nvme1n1p2  ...  nvme3n1p2  nvme8n1p2
reads_completed           0          0  ...          0          0
writes_completed          0          0  ...          0          0

[2 rows x 10 columns]
               nvme7n1p2  nvme1n1p2  nvme2n1p2  ...  nvme9n1p2  nvme3n1p2  nvme8n1p2
read_time_ms           0          0          0  ...      57463          0          0
write_time_ms          0          0          0  ...         32          0          0

[2 rows x 10 columns]
                  nvme7n1p2  nvme1n1p2  ...  nvme3n1p2  nvme8n1p2
reads_completed           0          0  ...          0          0
writes_completed          0          0  ...          0          0

[2 rows x 10 columns]
               nvme7n1p2  nvme1n1p2  nvme2n1p2  ...  nvme9n1p2  nvme3n1p2  nvme8n1p2
read_time_ms           0          0          0  ...    1349516          0          0
write_time_ms          0          0          0  ...          3          0          0

[2 rows x 10 columns]
                  nvme7n1p2  nvme1n1p2  ...  nvme3n1p2  nvme8n1p2
reads_completed           0          0  ...          0          0
writes_completed          0          0  ...          0          0

[2 rows x 10 columns]
               nvme7n1p2  nvme1n1p2  nvme2n1p2  ...  nvme9n1p2  nvme3n1p2  nvme8n1p2
read_time_ms           0          0          0  ...          0          0          0
write_time_ms          0          0          0  ...          3          0          0

[2 rows x 10 columns]
                  nvme7n1p2  nvme1n1p2  ...  nvme3n1p2  nvme8n1p2
reads_completed           0          0  ...          0          0
writes_completed          0          0  ...          0          0

[2 rows x 10 columns]
               nvme7n1p2  nvme1n1p2  nvme2n1p2  ...  nvme9n1p2  nvme3n1p2  nvme8n1p2
read_time_ms           0          0          0  ...          0          0          0
write_time_ms          0          0          0  ...          4          0          0

[2 rows x 10 columns]
                  nvme7n1p2  nvme1n1p2  ...  nvme3n1p2  nvme8n1p2
reads_completed           0          0  ...          0          0
writes_completed          0          0  ...          0          0

[2 rows x 10 columns]
               nvme7n1p2  nvme1n1p2  nvme2n1p2  ...  nvme9n1p2  nvme3n1p2  nvme8n1p2
read_time_ms           0          0          0  ...          0          0          0
write_time_ms          0          0          0  ...          3          0          0

[2 rows x 10 columns]
                  nvme7n1p2  nvme1n1p2  ...  nvme3n1p2  nvme8n1p2
reads_completed           0          0  ...          0          0
writes_completed          0          0  ...          0          0

[2 rows x 10 columns]
               nvme7n1p2  nvme1n1p2  nvme2n1p2  ...  nvme9n1p2  nvme3n1p2  nvme8n1p2
read_time_ms           0          0          0  ...          0          0          0
write_time_ms          0          0          0  ...          4          0          0

[2 rows x 10 columns]
                  nvme7n1p2  nvme1n1p2  ...  nvme3n1p2  nvme8n1p2
reads_completed           0          0  ...          0          0
writes_completed          0          0  ...          0          0

[2 rows x 10 columns]
               nvme7n1p2  nvme1n1p2  nvme2n1p2  ...  nvme9n1p2  nvme3n1p2  nvme8n1p2
read_time_ms           0          0          0  ...          0          0          0
write_time_ms          0          0          0  ...          4          0          0

[2 rows x 10 columns]
                  nvme7n1p2  nvme1n1p2  ...  nvme3n1p2  nvme8n1p2
reads_completed           0          0  ...          0          0
writes_completed          0          0  ...          0          0

[2 rows x 10 columns]
               nvme7n1p2  nvme1n1p2  nvme2n1p2  ...  nvme9n1p2  nvme3n1p2  nvme8n1p2
read_time_ms           0          0          0  ...          0          0          0
write_time_ms          0          0          0  ...          3          0          0

[2 rows x 10 columns]
                  nvme7n1p2  nvme1n1p2  ...  nvme3n1p2  nvme8n1p2
reads_completed           0          0  ...          0          0
writes_completed          0          0  ...          0          0

[2 rows x 10 columns]
               nvme7n1p2  nvme1n1p2  nvme2n1p2  ...  nvme9n1p2  nvme3n1p2  nvme8n1p2
read_time_ms           0          0          0  ...          0          0          0
write_time_ms          0          0          0  ...          4          0          0

[2 rows x 10 columns]
                  nvme7n1p2  nvme1n1p2  ...  nvme3n1p2  nvme8n1p2
reads_completed           0          0  ...          0          0
writes_completed          0          0  ...          0          0

[2 rows x 10 columns]
               nvme7n1p2  nvme1n1p2  nvme2n1p2  ...  nvme9n1p2  nvme3n1p2  nvme8n1p2
read_time_ms           0          0          0  ...          0          0          0
write_time_ms          0          0          0  ...          3          0          0

[2 rows x 10 columns]
