['fio_sea_1osd_56reactor_32fio_bal_osd_rc_1job_16io_64k_seqread_p0.json']
loading 1 .json files ...
Num jobs: 1
== fio_sea_1osd_56reactor_32fio_bal_osd_rc_1job_16io_64k_seqread_p0.json ==
{'bw': 3333.563,
 'clat_ms': 0.533571416617,
 'clat_stdev': 0.25928535838600003,
 'iodepth': '128',
 'jobname': 'read',
 'sys_cpu': 0.791131,
 'timestamp': '1747738055',
 'total_ios': 15626184,
 'usr_cpu': 0.869357}
Note: clat_ns has been converted to milliseconds
Note: bw has been converted to MiBs
 avg_cpu list has: 1 items
Table (after aggregating OSD CPU avg data):
{'OSD_cpu': [0.0],
 'OSD_mem': [0.0],
 'bw': [3333.563],
 'clat_ms': [0.533571416617],
 'clat_stdev': [0.25928535838600003],
 'iodepth': ['128'],
 'sys_cpu': [0.791131],
 'total_ios': [15626184],
 'usr_cpu': [0.869357]}
 avg_cpu list has: 1 items
Table (after aggregating FIO CPU avg data):
{'FIO_cpu': [476.41666666667174],
 'FIO_mem': [37.97333333333531],
 'OSD_cpu': [0.0],
 'OSD_mem': [0.0],
 'bw': [3333.563],
 'clat_ms': [0.533571416617],
 'clat_stdev': [0.25928535838600003],
 'iodepth': ['128'],
 'sys_cpu': [0.791131],
 'total_ios': [15626184],
 'usr_cpu': [0.869357]}
 Wiki table: sea_1osd_56reactor_32fio_bal_osd_rc_1procs_seqread
{| class="wikitable"
|- 
 ! colspan="11"  | 
        sea_1osd_56reactor_32fio_bal_osd_rc_1procs_seqread
|-
! iodepth !! bw !! total_ios !! clat_ms !! clat_stdev !! usr_cpu !! sys_cpu !! OSD_cpu !! OSD_mem !! FIO_cpu !! FIO_mem
|-
 | 128  || 3333.56  || 15626184.00  || 0.53  || 0.26  || 0.87  || 0.79  || 0.00  || 0.00  || 476.42  || 37.97 
|-
|}


\begin{table}[h!]
\centering
\begin{tabular}[t]{*{11 }{|c|}}
\hline 
iodepth & bw & total\_ios & clat\_ms & clat\_stdev & usr\_cpu & sys\_cpu & OSD\_cpu & OSD\_mem & FIO\_cpu & FIO\_mem\\
\hline
128  & 3333.56  & 15626184.00  & 0.53  & 0.26  & 0.87  & 0.79  & 0.00  & 0.00  & 476.42  & 37.97 \\
\hline

\hline
\end{tabular}
\caption{Performance Throughput vs Latency vs CPU util: sea_1osd_56reactor_32fio_bal_osd_rc_1procs_seqread.}
\label{table:iops-lat-cpu-sea_1osd_56reactor_32fio_bal_osd_rc_1procs_seqread}
\end{table}

Done
