['fio_sea_1osd_28reactor_32fio_bal_osd_rc_1job_1io_64k_seqread_p0.json', 'fio_sea_1osd_28reactor_32fio_bal_osd_rc_1job_2io_64k_seqread_p0.json', 'fio_sea_1osd_28reactor_32fio_bal_osd_rc_1job_4io_64k_seqread_p0.json', 'fio_sea_1osd_28reactor_32fio_bal_osd_rc_1job_8io_64k_seqread_p0.json', 'fio_sea_1osd_28reactor_32fio_bal_osd_rc_1job_16io_64k_seqread_p0.json', 'fio_sea_1osd_28reactor_32fio_bal_osd_rc_1job_24io_64k_seqread_p0.json', 'fio_sea_1osd_28reactor_32fio_bal_osd_rc_1job_32io_64k_seqread_p0.json', 'fio_sea_1osd_28reactor_32fio_bal_osd_rc_1job_40io_64k_seqread_p0.json', 'fio_sea_1osd_28reactor_32fio_bal_osd_rc_1job_52io_64k_seqread_p0.json', 'fio_sea_1osd_28reactor_32fio_bal_osd_rc_1job_64io_64k_seqread_p0.json']
loading 10 .json files ...
Num jobs: 1
== fio_sea_1osd_28reactor_32fio_bal_osd_rc_1job_1io_64k_seqread_p0.json ==
{'bw': 176.757,
 'clat_ms': 11.519898011621,
 'clat_stdev': 623.3710650278961,
 'iodepth': '1',
 'jobname': 'read',
 'sys_cpu': 0.048103,
 'timestamp': '1747133469',
 'total_ios': 123918,
 'usr_cpu': 0.056085}
Num jobs: 1
== fio_sea_1osd_28reactor_32fio_bal_osd_rc_1job_2io_64k_seqread_p0.json ==
{'bw': 11.583,
 'clat_ms': 313.318891984893,
 'clat_stdev': 3461.301321999653,
 'iodepth': '2',
 'jobname': 'read',
 'sys_cpu': 0.003938,
 'timestamp': '1747133658',
 'total_ios': 7183,
 'usr_cpu': 0.004543}
Num jobs: 1
== fio_sea_1osd_28reactor_32fio_bal_osd_rc_1job_4io_64k_seqread_p0.json ==
{'bw': 413.818,
 'clat_ms': 19.722158081034,
 'clat_stdev': 901.8615640070869,
 'iodepth': '4',
 'jobname': 'read',
 'sys_cpu': 0.100086,
 'timestamp': '1747133878',
 'total_ios': 451651,
 'usr_cpu': 0.116244}
Num jobs: 1
== fio_sea_1osd_28reactor_32fio_bal_osd_rc_1job_8io_64k_seqread_p0.json ==
{'bw': 49.716,
 'clat_ms': 316.168581041952,
 'clat_stdev': 4025.283076755794,
 'iodepth': '8',
 'jobname': 'read',
 'sys_cpu': 0.027124,
 'timestamp': '1747134067',
 'total_ios': 42396,
 'usr_cpu': 0.027207}
Num jobs: 1
== fio_sea_1osd_28reactor_32fio_bal_osd_rc_1job_16io_64k_seqread_p0.json ==
{'bw': 205.822,
 'clat_ms': 158.19759223919098,
 'clat_stdev': 2136.506308606362,
 'iodepth': '16',
 'jobname': 'read',
 'sys_cpu': 0.051892,
 'timestamp': '1747134256',
 'total_ios': 127744,
 'usr_cpu': 0.057807}
Num jobs: 1
== fio_sea_1osd_28reactor_32fio_bal_osd_rc_1job_24io_64k_seqread_p0.json ==
{'bw': 24.795,
 'clat_ms': 1971.7331159851228,
 'clat_stdev': 7829.849384510621,
 'iodepth': '24',
 'jobname': 'read',
 'sys_cpu': 0.0067,
 'timestamp': '1747134440',
 'total_ios': 12775,
 'usr_cpu': 0.008658}
Num jobs: 1
== fio_sea_1osd_28reactor_32fio_bal_osd_rc_1job_32io_64k_seqread_p0.json ==
{'bw': 45.892,
 'clat_ms': 1413.6897986487752,
 'clat_stdev': 8086.522422810299,
 'iodepth': '32',
 'jobname': 'read',
 'sys_cpu': 0.016839,
 'timestamp': '1747134640',
 'total_ios': 34797,
 'usr_cpu': 0.01692}
Num jobs: 1
== fio_sea_1osd_28reactor_32fio_bal_osd_rc_1job_40io_64k_seqread_p0.json ==
{'bw': 775.156,
 'clat_ms': 105.206323285268,
 'clat_stdev': 1883.882174911613,
 'iodepth': '40',
 'jobname': 'read',
 'sys_cpu': 0.16393,
 'timestamp': '1747134865',
 'total_ios': 852914,
 'usr_cpu': 0.18211}
Num jobs: 1
== fio_sea_1osd_28reactor_32fio_bal_osd_rc_1job_52io_64k_seqread_p0.json ==
{'bw': 1455.315,
 'clat_ms': 72.69877146697,
 'clat_stdev': 1246.4287980404501,
 'iodepth': '52',
 'jobname': 'read',
 'sys_cpu': 0.296946,
 'timestamp': '1747135090',
 'total_ios': 2063347,
 'usr_cpu': 0.322622}
Num jobs: 1
== fio_sea_1osd_28reactor_32fio_bal_osd_rc_1job_64io_64k_seqread_p0.json ==
{'bw': 1497.579,
 'clat_ms': 82.74750356610299,
 'clat_stdev': 1307.896430289097,
 'iodepth': '64',
 'jobname': 'read',
 'sys_cpu': 0.318395,
 'timestamp': '1747135288',
 'total_ios': 2109407,
 'usr_cpu': 0.340241}
Note: clat_ns has been converted to milliseconds
Note: bw has been converted to MiBs
 avg_cpu list has: 1 items
Table (after aggregating OSD CPU avg data):
{'OSD_cpu': [0.0, 0.0, 0.0, 0.0, 0.0,
             0.0, 0.0, 0.0, 0.0, 0.0],
 'OSD_mem': [0.0, 0.0, 0.0, 0.0, 0.0,
             0.0, 0.0, 0.0, 0.0, 0.0],
 'bw': [176.757, 11.583, 413.818, 49.716,
        205.822, 24.795, 45.892, 775.156,
        1455.315, 1497.579],
 'clat_ms': [11.519898011621,
             313.318891984893,
             19.722158081034,
             316.168581041952,
             158.19759223919098,
             1971.7331159851228,
             1413.6897986487752,
             105.206323285268,
             72.69877146697,
             82.74750356610299],
 'clat_stdev': [623.3710650278961,
                3461.301321999653,
                901.8615640070869,
                4025.283076755794,
                2136.506308606362,
                7829.849384510621,
                8086.522422810299,
                1883.882174911613,
                1246.4287980404501,
                1307.896430289097],
 'iodepth': ['1', '2', '4', '8', '16',
             '24', '32', '40', '52',
             '64'],
 'sys_cpu': [0.048103, 0.003938,
             0.100086, 0.027124,
             0.051892, 0.0067, 0.016839,
             0.16393, 0.296946,
             0.318395],
 'total_ios': [123918, 7183, 451651,
               42396, 127744, 12775,
               34797, 852914, 2063347,
               2109407],
 'usr_cpu': [0.056085, 0.004543,
             0.116244, 0.027207,
             0.057807, 0.008658, 0.01692,
             0.18211, 0.322622,
             0.340241]}
 avg_cpu list has: 1 items
Table (after aggregating FIO CPU avg data):
{'FIO_cpu': [19.32999999999998,
             8.766666666666675,
             64.48666666666657,
             13.670000000000012,
             28.509999999999955,
             9.126666666666674,
             15.400000000000007,
             110.62333333333358,
             237.54333333333508,
             241.70000000000198],
 'FIO_mem': [20.580000000002393, 0.0,
             34.50000000000514,
             28.500000000004196,
             21.00000000000249,
             18.00000000000181,
             25.500000000003514,
             36.00000000000377,
             73.50000000000746,
             74.08000000000742],
 'OSD_cpu': [0.0, 0.0, 0.0, 0.0, 0.0,
             0.0, 0.0, 0.0, 0.0, 0.0],
 'OSD_mem': [0.0, 0.0, 0.0, 0.0, 0.0,
             0.0, 0.0, 0.0, 0.0, 0.0],
 'bw': [176.757, 11.583, 413.818, 49.716,
        205.822, 24.795, 45.892, 775.156,
        1455.315, 1497.579],
 'clat_ms': [11.519898011621,
             313.318891984893,
             19.722158081034,
             316.168581041952,
             158.19759223919098,
             1971.7331159851228,
             1413.6897986487752,
             105.206323285268,
             72.69877146697,
             82.74750356610299],
 'clat_stdev': [623.3710650278961,
                3461.301321999653,
                901.8615640070869,
                4025.283076755794,
                2136.506308606362,
                7829.849384510621,
                8086.522422810299,
                1883.882174911613,
                1246.4287980404501,
                1307.896430289097],
 'iodepth': ['1', '2', '4', '8', '16',
             '24', '32', '40', '52',
             '64'],
 'sys_cpu': [0.048103, 0.003938,
             0.100086, 0.027124,
             0.051892, 0.0067, 0.016839,
             0.16393, 0.296946,
             0.318395],
 'total_ios': [123918, 7183, 451651,
               42396, 127744, 12775,
               34797, 852914, 2063347,
               2109407],
 'usr_cpu': [0.056085, 0.004543,
             0.116244, 0.027207,
             0.057807, 0.008658, 0.01692,
             0.18211, 0.322622,
             0.340241]}
 Wiki table: sea_1osd_28reactor_32fio_bal_osd_rc_1procs_seqread
{| class="wikitable"
|- 
 ! colspan="11"  | 
        sea_1osd_28reactor_32fio_bal_osd_rc_1procs_seqread
|-
! iodepth !! bw !! total_ios !! clat_ms !! clat_stdev !! usr_cpu !! sys_cpu !! OSD_cpu !! OSD_mem !! FIO_cpu !! FIO_mem
|-
 | 1  || 176.76  || 123918.00  || 11.52  || 623.37  || 0.06  || 0.05  || 0.00  || 0.00  || 19.33  || 20.58 
|-
 | 2  || 11.58  || 7183.00  || 313.32  || 3461.30  || 0.00  || 0.00  || 0.00  || 0.00  || 8.77  || 0.00 
|-
 | 4  || 413.82  || 451651.00  || 19.72  || 901.86  || 0.12  || 0.10  || 0.00  || 0.00  || 64.49  || 34.50 
|-
 | 8  || 49.72  || 42396.00  || 316.17  || 4025.28  || 0.03  || 0.03  || 0.00  || 0.00  || 13.67  || 28.50 
|-
 | 16  || 205.82  || 127744.00  || 158.20  || 2136.51  || 0.06  || 0.05  || 0.00  || 0.00  || 28.51  || 21.00 
|-
 | 24  || 24.80  || 12775.00  || 1971.73  || 7829.85  || 0.01  || 0.01  || 0.00  || 0.00  || 9.13  || 18.00 
|-
 | 32  || 45.89  || 34797.00  || 1413.69  || 8086.52  || 0.02  || 0.02  || 0.00  || 0.00  || 15.40  || 25.50 
|-
 | 40  || 775.16  || 852914.00  || 105.21  || 1883.88  || 0.18  || 0.16  || 0.00  || 0.00  || 110.62  || 36.00 
|-
 | 52  || 1455.32  || 2063347.00  || 72.70  || 1246.43  || 0.32  || 0.30  || 0.00  || 0.00  || 237.54  || 73.50 
|-
 | 64  || 1497.58  || 2109407.00  || 82.75  || 1307.90  || 0.34  || 0.32  || 0.00  || 0.00  || 241.70  || 74.08 
|-
|}


\begin{table}[h!]
\centering
\begin{tabular}[t]{*{11 }{|c|}}
\hline 
iodepth & bw & total\_ios & clat\_ms & clat\_stdev & usr\_cpu & sys\_cpu & OSD\_cpu & OSD\_mem & FIO\_cpu & FIO\_mem\\
\hline
1  & 176.76  & 123918.00  & 11.52  & 623.37  & 0.06  & 0.05  & 0.00  & 0.00  & 19.33  & 20.58 \\
\hline
2  & 11.58  & 7183.00  & 313.32  & 3461.30  & 0.00  & 0.00  & 0.00  & 0.00  & 8.77  & 0.00 \\
\hline
4  & 413.82  & 451651.00  & 19.72  & 901.86  & 0.12  & 0.10  & 0.00  & 0.00  & 64.49  & 34.50 \\
\hline
8  & 49.72  & 42396.00  & 316.17  & 4025.28  & 0.03  & 0.03  & 0.00  & 0.00  & 13.67  & 28.50 \\
\hline
16  & 205.82  & 127744.00  & 158.20  & 2136.51  & 0.06  & 0.05  & 0.00  & 0.00  & 28.51  & 21.00 \\
\hline
24  & 24.80  & 12775.00  & 1971.73  & 7829.85  & 0.01  & 0.01  & 0.00  & 0.00  & 9.13  & 18.00 \\
\hline
32  & 45.89  & 34797.00  & 1413.69  & 8086.52  & 0.02  & 0.02  & 0.00  & 0.00  & 15.40  & 25.50 \\
\hline
40  & 775.16  & 852914.00  & 105.21  & 1883.88  & 0.18  & 0.16  & 0.00  & 0.00  & 110.62  & 36.00 \\
\hline
52  & 1455.32  & 2063347.00  & 72.70  & 1246.43  & 0.32  & 0.30  & 0.00  & 0.00  & 237.54  & 73.50 \\
\hline
64  & 1497.58  & 2109407.00  & 82.75  & 1307.90  & 0.34  & 0.32  & 0.00  & 0.00  & 241.70  & 74.08 \\
\hline

\hline
\end{tabular}
\caption{Performance Throughput vs Latency vs CPU util: sea_1osd_28reactor_32fio_bal_osd_rc_1procs_seqread.}
\label{table:iops-lat-cpu-sea_1osd_28reactor_32fio_bal_osd_rc_1procs_seqread}
\end{table}

Done
