['fio_classic_1osd_32fio_rc_1job_1io_4k_randread_p0.json', 'fio_classic_1osd_32fio_rc_1job_2io_4k_randread_p0.json', 'fio_classic_1osd_32fio_rc_1job_4io_4k_randread_p0.json', 'fio_classic_1osd_32fio_rc_1job_8io_4k_randread_p0.json', 'fio_classic_1osd_32fio_rc_1job_16io_4k_randread_p0.json', 'fio_classic_1osd_32fio_rc_1job_24io_4k_randread_p0.json', 'fio_classic_1osd_32fio_rc_1job_32io_4k_randread_p0.json', 'fio_classic_1osd_32fio_rc_1job_40io_4k_randread_p0.json', 'fio_classic_1osd_32fio_rc_1job_52io_4k_randread_p0.json', 'fio_classic_1osd_32fio_rc_1job_64io_4k_randread_p0.json']
loading 10 .json files ...
Num jobs: 1
== fio_classic_1osd_32fio_rc_1job_1io_4k_randread_p0.json ==
{'clat_ms': 1.213291940821,
 'clat_stdev': 51.946990043700005,
 'iodepth': '1',
 'iops': 26257.406024,
 'jobname': 'randread',
 'sys_cpu': 0.330228,
 'timestamp': '1747197050',
 'total_ios': 105476,
 'usr_cpu': 0.360603}
Num jobs: 1
== fio_classic_1osd_32fio_rc_1job_2io_4k_randread_p0.json ==
{'clat_ms': 0.7962603176280001,
 'clat_stdev': 27.172321733005,
 'iodepth': '2',
 'iops': 79918.086635,
 'jobname': 'randread',
 'sys_cpu': 0.943599,
 'timestamp': '1747197210',
 'total_ios': 778562,
 'usr_cpu': 1.101828}
Num jobs: 1
== fio_classic_1osd_32fio_rc_1job_4io_4k_randread_p0.json ==
{'clat_ms': 1659.334892563218,
 'clat_stdev': 1496.58016896852,
 'iodepth': '4',
 'iops': 4588.235294,
 'jobname': 'randread',
 'sys_cpu': 0.0,
 'timestamp': '1747197354',
 'total_ios': 78,
 'usr_cpu': 0.0}
Num jobs: 1
== fio_classic_1osd_32fio_rc_1job_8io_4k_randread_p0.json ==
{'clat_ms': 3.386119672396,
 'clat_stdev': 59.123078281547,
 'iodepth': '8',
 'iops': 75149.456832,
 'jobname': 'randread',
 'sys_cpu': 0.885469,
 'timestamp': '1747197516',
 'total_ios': 657182,
 'usr_cpu': 0.976057}
Num jobs: 1
== fio_classic_1osd_32fio_rc_1job_16io_4k_randread_p0.json ==
{'clat_ms': 4.435685263039001,
 'clat_stdev': 9.224368316601002,
 'iodepth': '16',
 'iops': 115190.979965,
 'jobname': 'randread',
 'sys_cpu': 1.226209,
 'timestamp': '1747197971',
 'total_ios': 34559713,
 'usr_cpu': 1.368068}
Num jobs: 1
== fio_classic_1osd_32fio_rc_1job_24io_4k_randread_p0.json ==
{'clat_ms': 6.570803268324,
 'clat_stdev': 20.711451978436,
 'iodepth': '24',
 'iops': 116494.670533,
 'jobname': 'randread',
 'sys_cpu': 1.207982,
 'timestamp': '1747198313',
 'total_ios': 34951896,
 'usr_cpu': 1.281176}
Num jobs: 1
== fio_classic_1osd_32fio_rc_1job_32io_4k_randread_p0.json ==
{'clat_ms': 7.66124479777,
 'clat_stdev': 28.108066227511998,
 'iodepth': '32',
 'iops': 115984.879993,
 'jobname': 'randread',
 'sys_cpu': 1.324983,
 'timestamp': '1747198655',
 'total_ios': 34803119,
 'usr_cpu': 1.389071}
Num jobs: 1
== fio_classic_1osd_32fio_rc_1job_40io_4k_randread_p0.json ==
{'clat_ms': 6.68234820382,
 'clat_stdev': 23.331651585942,
 'iodepth': '40',
 'iops': 117424.645298,
 'jobname': 'randread',
 'sys_cpu': 1.818186,
 'timestamp': '1747198998',
 'total_ios': 35232208,
 'usr_cpu': 1.904241}
Num jobs: 1
== fio_classic_1osd_32fio_rc_1job_52io_4k_randread_p0.json ==
{'clat_ms': 6.15253923406,
 'clat_stdev': 22.403678076856,
 'iodepth': '52',
 'iops': 115990.3476,
 'jobname': 'randread',
 'sys_cpu': 2.447268,
 'timestamp': '1747199340',
 'total_ios': 34800468,
 'usr_cpu': 2.573691}
Num jobs: 1
== fio_classic_1osd_32fio_rc_1job_64io_4k_randread_p0.json ==
{'clat_ms': 4.909827731456001,
 'clat_stdev': 15.762943469451,
 'iodepth': '64',
 'iops': 117129.051395,
 'jobname': 'randread',
 'sys_cpu': 3.534598,
 'timestamp': '1747199684',
 'total_ios': 35144689,
 'usr_cpu': 3.693033}
Note: clat_ns has been converted to milliseconds
Note: bw has been converted to MiBs
 avg_cpu list has: 1 items
Table (after aggregating OSD CPU avg data):
{'OSD_cpu': [5.166666666666687,
             33.813333333333254,
             1.1100000000000003,
             43.68333333333326,
             413.88666666666614,
             415.7066666666663,
             415.7399999999999,
             409.0099999999993,
             399.83333333333286,
             391.6233333333324],
 'OSD_mem': [42.91999999999958,
             58.706666666664475,
             59.19999999999778,
             59.19999999999778,
             59.19999999999778,
             59.19999999999778,
             59.19999999999778,
             66.35333333333598,
             66.60000000000268,
             66.60000000000268],
 'clat_ms': [1.213291940821,
             0.7962603176280001,
             1659.334892563218,
             3.386119672396,
             4.435685263039001,
             6.570803268324,
             7.66124479777,
             6.68234820382,
             6.15253923406,
             4.909827731456001],
 'clat_stdev': [51.946990043700005,
                27.172321733005,
                1496.58016896852,
                59.123078281547,
                9.224368316601002,
                20.711451978436,
                28.108066227511998,
                23.331651585942,
                22.403678076856,
                15.762943469451],
 'iodepth': ['1', '2', '4', '8', '16',
             '24', '32', '40', '52',
             '64'],
 'iops': [26257.406024, 79918.086635,
          4588.235294, 75149.456832,
          115190.979965, 116494.670533,
          115984.879993, 117424.645298,
          115990.3476, 117129.051395],
 'sys_cpu': [0.330228, 0.943599, 0.0,
             0.885469, 1.226209,
             1.207982, 1.324983,
             1.818186, 2.447268,
             3.534598],
 'total_ios': [105476, 778562, 78,
               657182, 34559713,
               34951896, 34803119,
               35232208, 34800468,
               35144689],
 'usr_cpu': [0.360603, 1.101828, 0.0,
             0.976057, 1.368068,
             1.281176, 1.389071,
             1.904241, 2.573691,
             3.693033]}
 avg_cpu list has: 1 items
Table (after aggregating FIO CPU avg data):
{'FIO_cpu': [7.220000000000024,
             53.49333333333334, 0.0,
             68.14666666666636,
             587.7399999999897,
             582.1166666666603,
             573.4566666666625,
             551.9266666666658,
             530.1266666666658,
             499.68333333333356],
 'FIO_mem': [1.5000000000000122,
             4.646666666666546, 0.0,
             4.499999999999887,
             181.4999999999817,
             188.9999999999909,
             182.94666666667771,
             131.96666666665962,
             91.27333333333375,
             61.01333333332912],
 'OSD_cpu': [5.166666666666687,
             33.813333333333254,
             1.1100000000000003,
             43.68333333333326,
             413.88666666666614,
             415.7066666666663,
             415.7399999999999,
             409.0099999999993,
             399.83333333333286,
             391.6233333333324],
 'OSD_mem': [42.91999999999958,
             58.706666666664475,
             59.19999999999778,
             59.19999999999778,
             59.19999999999778,
             59.19999999999778,
             59.19999999999778,
             66.35333333333598,
             66.60000000000268,
             66.60000000000268],
 'clat_ms': [1.213291940821,
             0.7962603176280001,
             1659.334892563218,
             3.386119672396,
             4.435685263039001,
             6.570803268324,
             7.66124479777,
             6.68234820382,
             6.15253923406,
             4.909827731456001],
 'clat_stdev': [51.946990043700005,
                27.172321733005,
                1496.58016896852,
                59.123078281547,
                9.224368316601002,
                20.711451978436,
                28.108066227511998,
                23.331651585942,
                22.403678076856,
                15.762943469451],
 'iodepth': ['1', '2', '4', '8', '16',
             '24', '32', '40', '52',
             '64'],
 'iops': [26257.406024, 79918.086635,
          4588.235294, 75149.456832,
          115190.979965, 116494.670533,
          115984.879993, 117424.645298,
          115990.3476, 117129.051395],
 'sys_cpu': [0.330228, 0.943599, 0.0,
             0.885469, 1.226209,
             1.207982, 1.324983,
             1.818186, 2.447268,
             3.534598],
 'total_ios': [105476, 778562, 78,
               657182, 34559713,
               34951896, 34803119,
               35232208, 34800468,
               35144689],
 'usr_cpu': [0.360603, 1.101828, 0.0,
             0.976057, 1.368068,
             1.281176, 1.389071,
             1.904241, 2.573691,
             3.693033]}
 Wiki table: classic_1osd_32fio_rc_1procs_randread
{| class="wikitable"
|- 
 ! colspan="11"  | 
        classic_1osd_32fio_rc_1procs_randread
|-
! iodepth !! iops !! total_ios !! clat_ms !! clat_stdev !! usr_cpu !! sys_cpu !! OSD_cpu !! OSD_mem !! FIO_cpu !! FIO_mem
|-
 | 1  || 26257.41  || 105476.00  || 1.21  || 51.95  || 0.36  || 0.33  || 5.17  || 42.92  || 7.22  || 1.50 
|-
 | 2  || 79918.09  || 778562.00  || 0.80  || 27.17  || 1.10  || 0.94  || 33.81  || 58.71  || 53.49  || 4.65 
|-
 | 4  || 4588.24  || 78.00  || 1659.33  || 1496.58  || 0.00  || 0.00  || 1.11  || 59.20  || 0.00  || 0.00 
|-
 | 8  || 75149.46  || 657182.00  || 3.39  || 59.12  || 0.98  || 0.89  || 43.68  || 59.20  || 68.15  || 4.50 
|-
 | 16  || 115190.98  || 34559713.00  || 4.44  || 9.22  || 1.37  || 1.23  || 413.89  || 59.20  || 587.74  || 181.50 
|-
 | 24  || 116494.67  || 34951896.00  || 6.57  || 20.71  || 1.28  || 1.21  || 415.71  || 59.20  || 582.12  || 189.00 
|-
 | 32  || 115984.88  || 34803119.00  || 7.66  || 28.11  || 1.39  || 1.32  || 415.74  || 59.20  || 573.46  || 182.95 
|-
 | 40  || 117424.65  || 35232208.00  || 6.68  || 23.33  || 1.90  || 1.82  || 409.01  || 66.35  || 551.93  || 131.97 
|-
 | 52  || 115990.35  || 34800468.00  || 6.15  || 22.40  || 2.57  || 2.45  || 399.83  || 66.60  || 530.13  || 91.27 
|-
 | 64  || 117129.05  || 35144689.00  || 4.91  || 15.76  || 3.69  || 3.53  || 391.62  || 66.60  || 499.68  || 61.01 
|-
|}


\begin{table}[h!]
\centering
\begin{tabular}[t]{*{11 }{|c|}}
\hline 
iodepth & iops & total\_ios & clat\_ms & clat\_stdev & usr\_cpu & sys\_cpu & OSD\_cpu & OSD\_mem & FIO\_cpu & FIO\_mem\\
\hline
1  & 26257.41  & 105476.00  & 1.21  & 51.95  & 0.36  & 0.33  & 5.17  & 42.92  & 7.22  & 1.50 \\
\hline
2  & 79918.09  & 778562.00  & 0.80  & 27.17  & 1.10  & 0.94  & 33.81  & 58.71  & 53.49  & 4.65 \\
\hline
4  & 4588.24  & 78.00  & 1659.33  & 1496.58  & 0.00  & 0.00  & 1.11  & 59.20  & 0.00  & 0.00 \\
\hline
8  & 75149.46  & 657182.00  & 3.39  & 59.12  & 0.98  & 0.89  & 43.68  & 59.20  & 68.15  & 4.50 \\
\hline
16  & 115190.98  & 34559713.00  & 4.44  & 9.22  & 1.37  & 1.23  & 413.89  & 59.20  & 587.74  & 181.50 \\
\hline
24  & 116494.67  & 34951896.00  & 6.57  & 20.71  & 1.28  & 1.21  & 415.71  & 59.20  & 582.12  & 189.00 \\
\hline
32  & 115984.88  & 34803119.00  & 7.66  & 28.11  & 1.39  & 1.32  & 415.74  & 59.20  & 573.46  & 182.95 \\
\hline
40  & 117424.65  & 35232208.00  & 6.68  & 23.33  & 1.90  & 1.82  & 409.01  & 66.35  & 551.93  & 131.97 \\
\hline
52  & 115990.35  & 34800468.00  & 6.15  & 22.40  & 2.57  & 2.45  & 399.83  & 66.60  & 530.13  & 91.27 \\
\hline
64  & 117129.05  & 35144689.00  & 4.91  & 15.76  & 3.69  & 3.53  & 391.62  & 66.60  & 499.68  & 61.01 \\
\hline

\hline
\end{tabular}
\caption{Performance Throughput vs Latency vs CPU util: classic_1osd_32fio_rc_1procs_randread.}
\label{table:iops-lat-cpu-classic_1osd_32fio_rc_1procs_randread}
\end{table}

Done
