2299889 2299889 ceph-osd         61	pid 2299889's current affinity list: 0-27,56-83
2299889 2299891 log              13	pid 2299891's current affinity list: 0-27,56-83
2299889 2299892 service          14	pid 2299892's current affinity list: 0-27,56-83
2299889 2299893 admin_socket     15	pid 2299893's current affinity list: 0-27,56-83
2299889 2299901 msgr-worker-0    72	pid 2299901's current affinity list: 0-27,56-83
2299889 2299902 msgr-worker-1    17	pid 2299902's current affinity list: 0-27,56-83
2299889 2299903 msgr-worker-2    21	pid 2299903's current affinity list: 0-27,56-83
2299889 2299904 signal_handler   77	pid 2299904's current affinity list: 0-27,56-83
2299889 2299905 io_context_pool  22	pid 2299905's current affinity list: 0-27,56-83
2299889 2299906 io_context_pool  23	pid 2299906's current affinity list: 0-27,56-83
2299889 2299908 OpHistorySvc     19	pid 2299908's current affinity list: 0-27,56-83
2299889 2299909 ceph_timer       24	pid 2299909's current affinity list: 0-27,56-83
2299889 2299910 ceph-osd         25	pid 2299910's current affinity list: 0-27,56-83
2299889 2299912 ceph-osd         82	pid 2299912's current affinity list: 0-27,56-83
2299889 2299914 ceph-osd         83	pid 2299914's current affinity list: 0-27,56-83
2299889 2299916 ceph-osd          0	pid 2299916's current affinity list: 0-27,56-83
2299889 2299918 ceph-osd         18	pid 2299918's current affinity list: 0-27,56-83
2299889 2299920 ceph-osd          1	pid 2299920's current affinity list: 0-27,56-83
2299889 2299922 ceph-osd         58	pid 2299922's current affinity list: 0-27,56-83
2299889 2299924 ceph-osd         59	pid 2299924's current affinity list: 0-27,56-83
2299889 2299926 ceph-osd         68	pid 2299926's current affinity list: 0-27,56-83
2299889 2299927 ceph-osd         14	pid 2299927's current affinity list: 0-27,56-83
2299889 2299928 safe_timer       15	pid 2299928's current affinity list: 0-27,56-83
2299889 2299929 safe_timer        5	pid 2299929's current affinity list: 0-27,56-83
2299889 2299930 safe_timer        6	pid 2299930's current affinity list: 0-27,56-83
2299889 2299931 safe_timer       63	pid 2299931's current affinity list: 0-27,56-83
2299889 2299932 fn_anonymous     64	pid 2299932's current affinity list: 0-27,56-83
2299889 2299936 bstore_aio        9	pid 2299936's current affinity list: 0-27,56-83
2299889 2299938 rocksdb:low      72	pid 2299938's current affinity list: 0-27,56-83
2299889 2299939 rocksdb:low      17	pid 2299939's current affinity list: 0-27,56-83
2299889 2299940 rocksdb:low      19	pid 2299940's current affinity list: 0-27,56-83
2299889 2299941 rocksdb:high     20	pid 2299941's current affinity list: 0-27,56-83
2299889 2300122 bstore_aio       68	pid 2300122's current affinity list: 0-27,56-83
2299889 2300303 ceph-osd         18	pid 2300303's current affinity list: 0-27,56-83
2299889 2300304 cfin             68	pid 2300304's current affinity list: 0-27,56-83
2299889 2300305 bstore_kv_sync   22	pid 2300305's current affinity list: 0-27,56-83
2299889 2300306 bstore_kv_final  11	pid 2300306's current affinity list: 0-27,56-83
2299889 2300307 bstore_mempool   83	pid 2300307's current affinity list: 0-27,56-83
2299889 2300308 ms_dispatch      11	pid 2300308's current affinity list: 0-27,56-83
2299889 2300309 ms_local         17	pid 2300309's current affinity list: 0-27,56-83
2299889 2300310 safe_timer       23	pid 2300310's current affinity list: 0-27,56-83
2299889 2300311 safe_timer       24	pid 2300311's current affinity list: 0-27,56-83
2299889 2300312 ms_dispatch       0	pid 2300312's current affinity list: 0-27,56-83
2299889 2300313 ms_local          1	pid 2300313's current affinity list: 0-27,56-83
2299889 2300314 ms_dispatch      58	pid 2300314's current affinity list: 0-27,56-83
2299889 2300315 ms_local         59	pid 2300315's current affinity list: 0-27,56-83
2299889 2300316 ms_dispatch      60	pid 2300316's current affinity list: 0-27,56-83
2299889 2300317 ms_local         61	pid 2300317's current affinity list: 0-27,56-83
2299889 2300318 ms_dispatch      63	pid 2300318's current affinity list: 0-27,56-83
2299889 2300319 ms_local         64	pid 2300319's current affinity list: 0-27,56-83
2299889 2300320 ms_dispatch       9	pid 2300320's current affinity list: 0-27,56-83
2299889 2300321 ms_local         10	pid 2300321's current affinity list: 0-27,56-83
2299889 2300322 ms_dispatch      71	pid 2300322's current affinity list: 0-27,56-83
2299889 2300323 ms_local         75	pid 2300323's current affinity list: 0-27,56-83
2299889 2300324 fn_anonymous     77	pid 2300324's current affinity list: 0-27,56-83
2299889 2300325 finisher         82	pid 2300325's current affinity list: 0-27,56-83
2299889 2300326 safe_timer       62	pid 2300326's current affinity list: 0-27,56-83
2299889 2300327 safe_timer       14	pid 2300327's current affinity list: 0-27,56-83
2299889 2300328 ceph_timer       13	pid 2300328's current affinity list: 0-27,56-83
2299889 2300329 osd_srv_agent    68	pid 2300329's current affinity list: 0-27,56-83
2299889 2300330 tp_osd_tp        12	pid 2300330's current affinity list: 0-27,56-83
2299889 2300331 tp_osd_tp        25	pid 2300331's current affinity list: 0-27,56-83
2299889 2300332 tp_osd_tp        22	pid 2300332's current affinity list: 0-27,56-83
2299889 2300333 tp_osd_tp        18	pid 2300333's current affinity list: 0-27,56-83
2299889 2300334 tp_osd_tp        59	pid 2300334's current affinity list: 0-27,56-83
2299889 2300335 tp_osd_tp        72	pid 2300335's current affinity list: 0-27,56-83
2299889 2300336 tp_osd_tp        75	pid 2300336's current affinity list: 0-27,56-83
2299889 2300337 tp_osd_tp        24	pid 2300337's current affinity list: 0-27,56-83
2299889 2300338 tp_osd_tp        17	pid 2300338's current affinity list: 0-27,56-83
2299889 2300339 tp_osd_tp        23	pid 2300339's current affinity list: 0-27,56-83
2299889 2300340 tp_osd_tp        82	pid 2300340's current affinity list: 0-27,56-83
2299889 2300341 tp_osd_tp         0	pid 2300341's current affinity list: 0-27,56-83
2299889 2300342 tp_osd_tp         1	pid 2300342's current affinity list: 0-27,56-83
2299889 2300343 tp_osd_tp        58	pid 2300343's current affinity list: 0-27,56-83
2299889 2300344 tp_osd_tp        60	pid 2300344's current affinity list: 0-27,56-83
2299889 2300345 tp_osd_tp        61	pid 2300345's current affinity list: 0-27,56-83
2299889 2300346 osd_srv_heartbt  62	pid 2300346's current affinity list: 0-27,56-83
2299889 2299889 ceph-osd         61	pid 2299889's current affinity list: 0-27,56-83
2299889 2299891 log              13	pid 2299891's current affinity list: 0-27,56-83
2299889 2299892 service          14	pid 2299892's current affinity list: 0-27,56-83
2299889 2299893 admin_socket     15	pid 2299893's current affinity list: 0-27,56-83
2299889 2299901 msgr-worker-0    72	pid 2299901's current affinity list: 0-27,56-83
2299889 2299902 msgr-worker-1    16	pid 2299902's current affinity list: 0-27,56-83
2299889 2299903 msgr-worker-2    20	pid 2299903's current affinity list: 0-27,56-83
2299889 2299904 signal_handler   77	pid 2299904's current affinity list: 0-27,56-83
2299889 2299905 io_context_pool  22	pid 2299905's current affinity list: 0-27,56-83
2299889 2299906 io_context_pool  23	pid 2299906's current affinity list: 0-27,56-83
2299889 2299908 OpHistorySvc     13	pid 2299908's current affinity list: 0-27,56-83
2299889 2299909 ceph_timer       24	pid 2299909's current affinity list: 0-27,56-83
2299889 2299910 ceph-osd         25	pid 2299910's current affinity list: 0-27,56-83
2299889 2299912 ceph-osd         82	pid 2299912's current affinity list: 0-27,56-83
2299889 2299914 ceph-osd         83	pid 2299914's current affinity list: 0-27,56-83
2299889 2299916 ceph-osd          0	pid 2299916's current affinity list: 0-27,56-83
2299889 2299918 ceph-osd         18	pid 2299918's current affinity list: 0-27,56-83
2299889 2299920 ceph-osd          1	pid 2299920's current affinity list: 0-27,56-83
2299889 2299922 ceph-osd         58	pid 2299922's current affinity list: 0-27,56-83
2299889 2299924 ceph-osd         59	pid 2299924's current affinity list: 0-27,56-83
2299889 2299926 ceph-osd         68	pid 2299926's current affinity list: 0-27,56-83
2299889 2299927 ceph-osd         14	pid 2299927's current affinity list: 0-27,56-83
2299889 2299928 safe_timer       11	pid 2299928's current affinity list: 0-27,56-83
2299889 2299929 safe_timer       11	pid 2299929's current affinity list: 0-27,56-83
2299889 2299930 safe_timer        6	pid 2299930's current affinity list: 0-27,56-83
2299889 2299931 safe_timer       63	pid 2299931's current affinity list: 0-27,56-83
2299889 2299932 fn_anonymous     64	pid 2299932's current affinity list: 0-27,56-83
2299889 2299936 bstore_aio       64	pid 2299936's current affinity list: 0-27,56-83
2299889 2299938 rocksdb:low      72	pid 2299938's current affinity list: 0-27,56-83
2299889 2299939 rocksdb:low      17	pid 2299939's current affinity list: 0-27,56-83
2299889 2299940 rocksdb:low      19	pid 2299940's current affinity list: 0-27,56-83
2299889 2299941 rocksdb:high     20	pid 2299941's current affinity list: 0-27,56-83
2299889 2300122 bstore_aio       68	pid 2300122's current affinity list: 0-27,56-83
2299889 2300303 ceph-osd         18	pid 2300303's current affinity list: 0-27,56-83
2299889 2300304 cfin             68	pid 2300304's current affinity list: 0-27,56-83
2299889 2300305 bstore_kv_sync   14	pid 2300305's current affinity list: 0-27,56-83
2299889 2300306 bstore_kv_final  19	pid 2300306's current affinity list: 0-27,56-83
2299889 2300307 bstore_mempool   83	pid 2300307's current affinity list: 0-27,56-83
2299889 2300308 ms_dispatch      17	pid 2300308's current affinity list: 0-27,56-83
2299889 2300309 ms_local         17	pid 2300309's current affinity list: 0-27,56-83
2299889 2300310 safe_timer       11	pid 2300310's current affinity list: 0-27,56-83
2299889 2300311 safe_timer       24	pid 2300311's current affinity list: 0-27,56-83
2299889 2300312 ms_dispatch       0	pid 2300312's current affinity list: 0-27,56-83
2299889 2300313 ms_local          1	pid 2300313's current affinity list: 0-27,56-83
2299889 2300314 ms_dispatch      58	pid 2300314's current affinity list: 0-27,56-83
2299889 2300315 ms_local         59	pid 2300315's current affinity list: 0-27,56-83
2299889 2300316 ms_dispatch      60	pid 2300316's current affinity list: 0-27,56-83
2299889 2300317 ms_local         61	pid 2300317's current affinity list: 0-27,56-83
2299889 2300318 ms_dispatch      63	pid 2300318's current affinity list: 0-27,56-83
2299889 2300319 ms_local         64	pid 2300319's current affinity list: 0-27,56-83
2299889 2300320 ms_dispatch       9	pid 2300320's current affinity list: 0-27,56-83
2299889 2300321 ms_local         10	pid 2300321's current affinity list: 0-27,56-83
2299889 2300322 ms_dispatch      71	pid 2300322's current affinity list: 0-27,56-83
2299889 2300323 ms_local         75	pid 2300323's current affinity list: 0-27,56-83
2299889 2300324 fn_anonymous     77	pid 2300324's current affinity list: 0-27,56-83
2299889 2300325 finisher         82	pid 2300325's current affinity list: 0-27,56-83
2299889 2300326 safe_timer       62	pid 2300326's current affinity list: 0-27,56-83
2299889 2300327 safe_timer       14	pid 2300327's current affinity list: 0-27,56-83
2299889 2300328 ceph_timer       13	pid 2300328's current affinity list: 0-27,56-83
2299889 2300329 osd_srv_agent    70	pid 2300329's current affinity list: 0-27,56-83
2299889 2300330 tp_osd_tp        15	pid 2300330's current affinity list: 0-27,56-83
2299889 2300331 tp_osd_tp        25	pid 2300331's current affinity list: 0-27,56-83
2299889 2300332 tp_osd_tp        22	pid 2300332's current affinity list: 0-27,56-83
2299889 2300333 tp_osd_tp        20	pid 2300333's current affinity list: 0-27,56-83
2299889 2300334 tp_osd_tp        18	pid 2300334's current affinity list: 0-27,56-83
2299889 2300335 tp_osd_tp        12	pid 2300335's current affinity list: 0-27,56-83
2299889 2300336 tp_osd_tp        19	pid 2300336's current affinity list: 0-27,56-83
2299889 2300337 tp_osd_tp        24	pid 2300337's current affinity list: 0-27,56-83
2299889 2300338 tp_osd_tp        21	pid 2300338's current affinity list: 0-27,56-83
2299889 2300339 tp_osd_tp        56	pid 2300339's current affinity list: 0-27,56-83
2299889 2300340 tp_osd_tp        82	pid 2300340's current affinity list: 0-27,56-83
2299889 2300341 tp_osd_tp         2	pid 2300341's current affinity list: 0-27,56-83
2299889 2300342 tp_osd_tp         3	pid 2300342's current affinity list: 0-27,56-83
2299889 2300343 tp_osd_tp         4	pid 2300343's current affinity list: 0-27,56-83
2299889 2300344 tp_osd_tp        11	pid 2300344's current affinity list: 0-27,56-83
2299889 2300345 tp_osd_tp        63	pid 2300345's current affinity list: 0-27,56-83
2299889 2300346 osd_srv_heartbt  62	pid 2300346's current affinity list: 0-27,56-83
