1167084 1167084 crimson-osd       0	pid 1167084's current affinity list: 0
1167084 1167091 reactor-1        56	pid 1167091's current affinity list: 56
1167084 1167092 reactor-2         1	pid 1167092's current affinity list: 1
1167084 1167093 reactor-3        57	pid 1167093's current affinity list: 57
1167084 1167094 reactor-4         2	pid 1167094's current affinity list: 2
1167084 1167095 reactor-5        58	pid 1167095's current affinity list: 58
1167084 1167096 reactor-6         3	pid 1167096's current affinity list: 3
1167084 1167097 reactor-7        59	pid 1167097's current affinity list: 59
1167084 1167098 syscall-0         0	pid 1167098's current affinity list: 0
1167084 1167099 syscall-1        56	pid 1167099's current affinity list: 56
1167084 1167100 syscall-7        59	pid 1167100's current affinity list: 59
1167084 1167101 syscall-3        57	pid 1167101's current affinity list: 57
1167084 1167102 syscall-6         3	pid 1167102's current affinity list: 3
1167084 1167103 syscall-5        58	pid 1167103's current affinity list: 58
1167084 1167104 syscall-2         1	pid 1167104's current affinity list: 1
1167084 1167105 syscall-4         2	pid 1167105's current affinity list: 2
1167084 1167106 crimson-osd       0	pid 1167106's current affinity list: 0
1167084 1167107 reactor-1        56	pid 1167107's current affinity list: 56
1167084 1167108 reactor-6         3	pid 1167108's current affinity list: 3
1167084 1167109 reactor-2         1	pid 1167109's current affinity list: 1
1167084 1167110 reactor-7        59	pid 1167110's current affinity list: 59
1167084 1167111 reactor-5        58	pid 1167111's current affinity list: 58
1167084 1167112 reactor-4         2	pid 1167112's current affinity list: 2
1167084 1167113 reactor-3        57	pid 1167113's current affinity list: 57
1167084 1167084 crimson-osd       0	pid 1167084's current affinity list: 0
1167084 1167091 reactor-1        56	pid 1167091's current affinity list: 56
1167084 1167092 reactor-2         1	pid 1167092's current affinity list: 1
1167084 1167093 reactor-3        57	pid 1167093's current affinity list: 57
1167084 1167094 reactor-4         2	pid 1167094's current affinity list: 2
1167084 1167095 reactor-5        58	pid 1167095's current affinity list: 58
1167084 1167096 reactor-6         3	pid 1167096's current affinity list: 3
1167084 1167097 reactor-7        59	pid 1167097's current affinity list: 59
1167084 1167098 syscall-0         0	pid 1167098's current affinity list: 0
1167084 1167099 syscall-1        56	pid 1167099's current affinity list: 56
1167084 1167100 syscall-7        59	pid 1167100's current affinity list: 59
1167084 1167101 syscall-3        57	pid 1167101's current affinity list: 57
1167084 1167102 syscall-6         3	pid 1167102's current affinity list: 3
1167084 1167103 syscall-5        58	pid 1167103's current affinity list: 58
1167084 1167104 syscall-2         1	pid 1167104's current affinity list: 1
1167084 1167105 syscall-4         2	pid 1167105's current affinity list: 2
1167084 1167106 crimson-osd       0	pid 1167106's current affinity list: 0
1167084 1167107 reactor-1        56	pid 1167107's current affinity list: 56
1167084 1167108 reactor-6         3	pid 1167108's current affinity list: 3
1167084 1167109 reactor-2         1	pid 1167109's current affinity list: 1
1167084 1167110 reactor-7        59	pid 1167110's current affinity list: 59
1167084 1167111 reactor-5        58	pid 1167111's current affinity list: 58
1167084 1167112 reactor-4         2	pid 1167112's current affinity list: 2
1167084 1167113 reactor-3        57	pid 1167113's current affinity list: 57
